<?xml version="1.0" encoding="utf-8"?>
<TestRun id="5c18b649-888b-4bf1-aa2c-34d445910e95" name="xuant@TAMJEE 2025-11-30 02:51:38" runUser="TAMJEE\xuant" xmlns="http://microsoft.com/schemas/VisualStudio/TeamTest/2010">
  <Times creation="2025-11-30T02:51:38.9848128+07:00" queuing="2025-11-30T02:51:38.9848133+07:00" start="2025-11-30T02:51:38.2941367+07:00" finish="2025-11-30T02:51:40.0926790+07:00" />
  <TestSettings name="default" id="3b4c34dd-3fe1-4c80-a7ea-369564f8ee5a">
    <Deployment runDeploymentRoot="xuant_TAMJEE_2025-11-30_02_51_38" />
  </TestSettings>
  <Results>
    <UnitTestResult executionId="f836ca1a-4692-4a84-818a-ddd3faea8dd2" testId="bd2235db-c0db-294c-bbae-61d2ccca741f" testName="ServiceUnitTest.Services.ChatServiceTests.GetMessageHistoryAsync_KhiGoi_NenTraVeTinNhanVaMarkRead" computerName="TAMJEE" duration="00:00:00.0293993" startTime="2025-11-30T02:51:39.8090994+07:00" endTime="2025-11-30T02:51:39.8090997+07:00" testType="13cdc9d9-ddb5-4fa4-a97d-d965ccfc6d4b" outcome="Failed" testListId="8c84fa94-04c1-424b-9868-57a2d4851a1d" relativeResultsDirectory="f836ca1a-4692-4a84-818a-ddd3faea8dd2">
      <Output>
        <ErrorInfo>
          <Message>Expected result to contain 1 item(s), but found 0: {empty}.</Message>
          <StackTrace>   at FluentAssertions.Execution.LateBoundTestFramework.Throw(String message)&#xD;
   at FluentAssertions.Execution.DefaultAssertionStrategy.HandleFailure(String message)&#xD;
   at FluentAssertions.Execution.AssertionScope.AddPreFormattedFailure(String formattedFailureMessage)&#xD;
   at FluentAssertions.Execution.AssertionChain.FailWith(Func`1 getFailureReason)&#xD;
   at FluentAssertions.Execution.AssertionChain.FailWith(Func`1 getFailureReason)&#xD;
   at FluentAssertions.Execution.AssertionChain.FailWith(String message, Object[] args)&#xD;
   at FluentAssertions.Collections.GenericCollectionAssertions`3.HaveCount(Int32 expected, String because, Object[] becauseArgs)&#xD;
   at ServiceUnitTest.Services.ChatServiceTests.GetMessageHistoryAsync_KhiGoi_NenTraVeTinNhanVaMarkRead() in D:\K17_KTPM\Git_Repo\Team_Repo\aparta-backend-api\ServiceUnitTest\Services\ChatServiceTests.cs:line 133&#xD;
--- End of stack trace from previous location ---</StackTrace>
        </ErrorInfo>
      </Output>
    </UnitTestResult>
    <UnitTestResult executionId="4fce89b4-b517-4802-a945-6b73263a1c92" testId="693c0e12-dd23-289c-9d1a-9a3390e477c5" testName="ServiceUnitTest.Services.ProposalServiceTests.GetProposalDetailAsync_KhiUserLaOwner_NenTraVeChiTiet" computerName="TAMJEE" duration="00:00:01.0526239" startTime="2025-11-30T02:51:39.8689498+07:00" endTime="2025-11-30T02:51:39.8689505+07:00" testType="13cdc9d9-ddb5-4fa4-a97d-d965ccfc6d4b" outcome="Passed" testListId="8c84fa94-04c1-424b-9868-57a2d4851a1d" relativeResultsDirectory="4fce89b4-b517-4802-a945-6b73263a1c92" />
    <UnitTestResult executionId="0104953f-7078-4bbc-a363-a3ec3e374403" testId="a8237466-6f07-fd63-96fc-399dcff6fd24" testName="ServiceUnitTest.TestAsset.AssetServiceTests.UpdateAsync_WhenAssetExists_ShouldUpdateAndReturnTrue" computerName="TAMJEE" duration="00:00:00.0046707" startTime="2025-11-30T02:51:39.0502595+07:00" endTime="2025-11-30T02:51:39.0502598+07:00" testType="13cdc9d9-ddb5-4fa4-a97d-d965ccfc6d4b" outcome="Passed" testListId="8c84fa94-04c1-424b-9868-57a2d4851a1d" relativeResultsDirectory="0104953f-7078-4bbc-a363-a3ec3e374403" />
    <UnitTestResult executionId="26f0b8d8-c584-4301-8e33-d3b05f73f651" testId="7bedae29-8133-d91c-62c4-4d8b50302804" testName="ServiceUnitTest.TestAsset.AssetServiceTests.GetByIdAsync_WhenAssetNotFound_ShouldReturnNull" computerName="TAMJEE" duration="00:00:00.0016132" startTime="2025-11-30T02:51:38.9645729+07:00" endTime="2025-11-30T02:51:38.9645729+07:00" testType="13cdc9d9-ddb5-4fa4-a97d-d965ccfc6d4b" outcome="Passed" testListId="8c84fa94-04c1-424b-9868-57a2d4851a1d" relativeResultsDirectory="26f0b8d8-c584-4301-8e33-d3b05f73f651" />
    <UnitTestResult executionId="3aabb2df-bbe8-4f05-932b-71be202f4b53" testId="bfb37e57-bf81-8cb9-c5bb-a2d33d19a539" testName="ServiceUnitTest.TestAsset.AssetServiceTests.GetAllAsync_WithSortByQuantity_Descending_ShouldReturnSortedAssets" computerName="TAMJEE" duration="00:00:00.0018637" startTime="2025-11-30T02:51:38.9836841+07:00" endTime="2025-11-30T02:51:38.9836842+07:00" testType="13cdc9d9-ddb5-4fa4-a97d-d965ccfc6d4b" outcome="Passed" testListId="8c84fa94-04c1-424b-9868-57a2d4851a1d" relativeResultsDirectory="3aabb2df-bbe8-4f05-932b-71be202f4b53" />
    <UnitTestResult executionId="b4f1b541-f0ab-4c59-8cc1-69f54e2c9f26" testId="42bcaf26-66c5-c773-531b-93730cdb4585" testName="ServiceUnitTest.Repositories.MessageRepositoryTests.MarkAsReadAsync_KhiCoTinNhanChuaDoc_NenCapNhatIsRead" computerName="TAMJEE" duration="00:00:00.0091226" startTime="2025-11-30T02:51:39.8698597+07:00" endTime="2025-11-30T02:51:39.8698599+07:00" testType="13cdc9d9-ddb5-4fa4-a97d-d965ccfc6d4b" outcome="Passed" testListId="8c84fa94-04c1-424b-9868-57a2d4851a1d" relativeResultsDirectory="b4f1b541-f0ab-4c59-8cc1-69f54e2c9f26" />
    <UnitTestResult executionId="9a0cdab6-3c1f-48dd-bbf4-172bbe8d20dc" testId="1e3254d3-d7be-138d-5284-b29f981e6d3b" testName="ServiceUnitTest.Repositories.ProposalRepositoryTests.GetResidentProposalsAsync_KhiResidentIdTonTai_NenTraVeDanhSachProposal" computerName="TAMJEE" duration="00:00:00.0473097" startTime="2025-11-30T02:51:39.9317587+07:00" endTime="2025-11-30T02:51:39.9317592+07:00" testType="13cdc9d9-ddb5-4fa4-a97d-d965ccfc6d4b" outcome="Passed" testListId="8c84fa94-04c1-424b-9868-57a2d4851a1d" relativeResultsDirectory="9a0cdab6-3c1f-48dd-bbf4-172bbe8d20dc" />
    <UnitTestResult executionId="90374e70-3992-48cb-af4b-bafae3b47f7f" testId="2cd8b322-1838-bcb1-72c9-dcce59774f81" testName="ServiceUnitTest.TestVehicle.VehicleServiceTests.GetAllAsync_WithSearchTerm_Info_ShouldReturnMatchingVehicles" computerName="TAMJEE" duration="00:00:00.0026931" startTime="2025-11-30T02:51:39.0058744+07:00" endTime="2025-11-30T02:51:39.0058747+07:00" testType="13cdc9d9-ddb5-4fa4-a97d-d965ccfc6d4b" outcome="Passed" testListId="8c84fa94-04c1-424b-9868-57a2d4851a1d" relativeResultsDirectory="90374e70-3992-48cb-af4b-bafae3b47f7f" />
    <UnitTestResult executionId="e3988aa3-e538-42e6-919a-4300c6805641" testId="072847d6-3f2a-27a5-2155-061911f38c04" testName="ServiceUnitTest.TestAsset.AssetServiceTests.GetAllAsync_WithSortByInfo_Ascending_ShouldReturnSortedAssets" computerName="TAMJEE" duration="00:00:00.0018094" startTime="2025-11-30T02:51:38.9681623+07:00" endTime="2025-11-30T02:51:38.9681627+07:00" testType="13cdc9d9-ddb5-4fa4-a97d-d965ccfc6d4b" outcome="Passed" testListId="8c84fa94-04c1-424b-9868-57a2d4851a1d" relativeResultsDirectory="e3988aa3-e538-42e6-919a-4300c6805641" />
    <UnitTestResult executionId="e0ca04a1-7384-4376-928e-27302f2c61af" testId="4de74439-69c3-3bb4-25e5-a067c379881b" testName="ServiceUnitTest.TestAsset.AssetServiceTests.GetAllAsync_WithBuildingIdFilter_ShouldReturnFilteredAssets" computerName="TAMJEE" duration="00:00:00.0087496" startTime="2025-11-30T02:51:39.0380048+07:00" endTime="2025-11-30T02:51:39.0380050+07:00" testType="13cdc9d9-ddb5-4fa4-a97d-d965ccfc6d4b" outcome="Passed" testListId="8c84fa94-04c1-424b-9868-57a2d4851a1d" relativeResultsDirectory="e0ca04a1-7384-4376-928e-27302f2c61af" />
    <UnitTestResult executionId="8670a4eb-8ad8-4d5b-a9e3-2461028fc718" testId="737fddb8-8f79-cfc6-8636-3ed8d5812bd0" testName="ServiceUnitTest.Services.ProposalServiceTests.GetProposalsByResidentAsync_KhiGoi_NenTraVeDanhSach" computerName="TAMJEE" duration="00:00:00.0037267" startTime="2025-11-30T02:51:39.8733807+07:00" endTime="2025-11-30T02:51:39.8733811+07:00" testType="13cdc9d9-ddb5-4fa4-a97d-d965ccfc6d4b" outcome="Passed" testListId="8c84fa94-04c1-424b-9868-57a2d4851a1d" relativeResultsDirectory="8670a4eb-8ad8-4d5b-a9e3-2461028fc718" />
    <UnitTestResult executionId="fb443e0b-4b22-4001-8e0b-0b6d39bf290f" testId="0389a713-5d92-9c60-198f-d1b5279ca2f3" testName="ServiceUnitTest.TestAsset.AssetServiceTests.GetAllAsync_WithSortByQuantity_Ascending_ShouldReturnSortedAssets" computerName="TAMJEE" duration="00:00:00.0063699" startTime="2025-11-30T02:51:38.9490912+07:00" endTime="2025-11-30T02:51:38.9490913+07:00" testType="13cdc9d9-ddb5-4fa4-a97d-d965ccfc6d4b" outcome="Passed" testListId="8c84fa94-04c1-424b-9868-57a2d4851a1d" relativeResultsDirectory="fb443e0b-4b22-4001-8e0b-0b6d39bf290f" />
    <UnitTestResult executionId="2d3ec77e-897e-404f-927a-17e2144172d8" testId="f9a53155-5872-c0bf-db68-209d756a7939" testName="ServiceUnitTest.TestVehicle.VehicleServiceTests.UpdateAsync_WhenSaveChangesFails_ShouldReturnFalse" computerName="TAMJEE" duration="00:00:00.0046662" startTime="2025-11-30T02:51:39.0688627+07:00" endTime="2025-11-30T02:51:39.0688632+07:00" testType="13cdc9d9-ddb5-4fa4-a97d-d965ccfc6d4b" outcome="Passed" testListId="8c84fa94-04c1-424b-9868-57a2d4851a1d" relativeResultsDirectory="2d3ec77e-897e-404f-927a-17e2144172d8" />
    <UnitTestResult executionId="80380249-3dd4-456a-848a-09ae723922fa" testId="45dc0510-45c7-0f82-e9a5-2b3e8c2b6a75" testName="ServiceUnitTest.Services.UserManagementServiceTests.UpdateStaffAssignmentAsync_KhiStaffTonTai_NenCapNhatAssignment" computerName="TAMJEE" duration="00:00:00.4647211" startTime="2025-11-30T02:51:39.8663658+07:00" endTime="2025-11-30T02:51:39.8663662+07:00" testType="13cdc9d9-ddb5-4fa4-a97d-d965ccfc6d4b" outcome="Passed" testListId="8c84fa94-04c1-424b-9868-57a2d4851a1d" relativeResultsDirectory="80380249-3dd4-456a-848a-09ae723922fa" />
    <UnitTestResult executionId="fb165dd2-9c8b-408a-8eb9-f9302fb92b99" testId="c339059c-7eca-3d7d-2953-bc1dc8249cf6" testName="ServiceUnitTest.TestAsset.AssetServiceTests.DeleteAsync_WhenAssetNotFound_ShouldReturnFalse" computerName="TAMJEE" duration="00:00:00.0036641" startTime="2025-11-30T02:51:39.0142038+07:00" endTime="2025-11-30T02:51:39.0142039+07:00" testType="13cdc9d9-ddb5-4fa4-a97d-d965ccfc6d4b" outcome="Passed" testListId="8c84fa94-04c1-424b-9868-57a2d4851a1d" relativeResultsDirectory="fb165dd2-9c8b-408a-8eb9-f9302fb92b99" />
    <UnitTestResult executionId="4a9de716-5dbf-406f-aa91-26f785dd3e0f" testId="e5eabe51-0797-622d-457e-603958d0e266" testName="ServiceUnitTest.TestAsset.AssetServiceTests.GetAllAsync_WithNoSortBy_ShouldSortByCreatedAtDescending" computerName="TAMJEE" duration="00:00:00.0124428" startTime="2025-11-30T02:51:38.9963130+07:00" endTime="2025-11-30T02:51:38.9963131+07:00" testType="13cdc9d9-ddb5-4fa4-a97d-d965ccfc6d4b" outcome="Passed" testListId="8c84fa94-04c1-424b-9868-57a2d4851a1d" relativeResultsDirectory="4a9de716-5dbf-406f-aa91-26f785dd3e0f" />
    <UnitTestResult executionId="fd1d91d8-94b0-443d-94b8-66f526ec9c10" testId="2d2f25e7-f720-1c73-4398-d20510497121" testName="ServiceUnitTest.TestVehicle.VehicleServiceTests.GetAllAsync_WithSearchTerm_ApartmentId_ShouldReturnMatchingVehicles" computerName="TAMJEE" duration="00:00:00.0021820" startTime="2025-11-30T02:51:38.9792856+07:00" endTime="2025-11-30T02:51:38.9792858+07:00" testType="13cdc9d9-ddb5-4fa4-a97d-d965ccfc6d4b" outcome="Passed" testListId="8c84fa94-04c1-424b-9868-57a2d4851a1d" relativeResultsDirectory="fd1d91d8-94b0-443d-94b8-66f526ec9c10" />
    <UnitTestResult executionId="03e81908-98f0-476a-8d3e-7d3d2bd9eec7" testId="82546d9e-1536-3fe3-2613-5f48b519c06b" testName="ServiceUnitTest.Services.PriceQuotationServiceTests.GetPriceQuotationsByBuildingIdAsync_KhiBuildingTonTai_NenTraVeDanhSach" computerName="TAMJEE" duration="00:00:00.0108223" startTime="2025-11-30T02:51:38.9782170+07:00" endTime="2025-11-30T02:51:38.9782172+07:00" testType="13cdc9d9-ddb5-4fa4-a97d-d965ccfc6d4b" outcome="Passed" testListId="8c84fa94-04c1-424b-9868-57a2d4851a1d" relativeResultsDirectory="03e81908-98f0-476a-8d3e-7d3d2bd9eec7" />
    <UnitTestResult executionId="e2648ead-aa5f-4cb2-a322-58ade3544661" testId="0f8ad43d-e87a-9b86-c2b0-3d64246500ad" testName="ServiceUnitTest.TestAsset.AssetServiceTests.CreateAsync_ShouldGenerateUniqueAssetId" computerName="TAMJEE" duration="00:00:00.0051978" startTime="2025-11-30T02:51:39.0038110+07:00" endTime="2025-11-30T02:51:39.0038114+07:00" testType="13cdc9d9-ddb5-4fa4-a97d-d965ccfc6d4b" outcome="Passed" testListId="8c84fa94-04c1-424b-9868-57a2d4851a1d" relativeResultsDirectory="e2648ead-aa5f-4cb2-a322-58ade3544661" />
    <UnitTestResult executionId="741ad929-e8a7-4625-8f39-eb90c8660084" testId="c894807d-700d-0069-56c9-8bf5b738462e" testName="ServiceUnitTest.Services.ChatServiceTests.GetInteractionListAsync_KhiGoi_NenTraVeDanhSach" computerName="TAMJEE" duration="00:00:00.0093991" startTime="2025-11-30T02:51:39.8180137+07:00" endTime="2025-11-30T02:51:39.8180145+07:00" testType="13cdc9d9-ddb5-4fa4-a97d-d965ccfc6d4b" outcome="Passed" testListId="8c84fa94-04c1-424b-9868-57a2d4851a1d" relativeResultsDirectory="741ad929-e8a7-4625-8f39-eb90c8660084" />
    <UnitTestResult executionId="5f18bf05-eeb2-478b-9658-700b7bf185ba" testId="525103e1-1565-6986-20da-151232c788eb" testName="ServiceUnitTest.Services.VisitorServiceTests.CreateVisitAsync_KhiCanHoKhongTonTai_NenNemValidationException" computerName="TAMJEE" duration="00:00:00.0024159" startTime="2025-11-30T02:51:38.9756389+07:00" endTime="2025-11-30T02:51:38.9756393+07:00" testType="13cdc9d9-ddb5-4fa4-a97d-d965ccfc6d4b" outcome="Passed" testListId="8c84fa94-04c1-424b-9868-57a2d4851a1d" relativeResultsDirectory="5f18bf05-eeb2-478b-9658-700b7bf185ba" />
    <UnitTestResult executionId="80b9be78-4207-4002-83e6-ce5a8e375ecc" testId="54bf5aff-8ed2-b789-a163-4d3516dc03f3" testName="ServiceUnitTest.TestVehicle.VehicleServiceTests.GetAllAsync_WhenRepositoryReturnsNull_ShouldReturnEmptyList" computerName="TAMJEE" duration="00:00:00.0020527" startTime="2025-11-30T02:51:39.0585460+07:00" endTime="2025-11-30T02:51:39.0585462+07:00" testType="13cdc9d9-ddb5-4fa4-a97d-d965ccfc6d4b" outcome="Passed" testListId="8c84fa94-04c1-424b-9868-57a2d4851a1d" relativeResultsDirectory="80b9be78-4207-4002-83e6-ce5a8e375ecc" />
    <UnitTestResult executionId="63fadfb8-d10a-4f77-814e-a6a324e08e12" testId="7e0cd22e-99e3-635a-9d96-1163b3dbbdc9" testName="ServiceUnitTest.Services.ChatServiceTests.SearchPotentialPartnersAsync_KhiLaResident_NenTraVeStaff" computerName="TAMJEE" duration="00:00:00.1432084" startTime="2025-11-30T02:51:39.9754358+07:00" endTime="2025-11-30T02:51:39.9754366+07:00" testType="13cdc9d9-ddb5-4fa4-a97d-d965ccfc6d4b" outcome="Passed" testListId="8c84fa94-04c1-424b-9868-57a2d4851a1d" relativeResultsDirectory="63fadfb8-d10a-4f77-814e-a6a324e08e12" />
    <UnitTestResult executionId="09646d20-5710-4d60-a381-5602459cc33e" testId="633347c3-9dc4-6161-2f9b-94196326037b" testName="ServiceUnitTest.Services.ChatServiceTests.CreateAdHocInteractionAsync_KhiInteractionTonTai_NenTraVeExisting" computerName="TAMJEE" duration="00:00:00.0138276" startTime="2025-11-30T02:51:39.8320611+07:00" endTime="2025-11-30T02:51:39.8320614+07:00" testType="13cdc9d9-ddb5-4fa4-a97d-d965ccfc6d4b" outcome="Passed" testListId="8c84fa94-04c1-424b-9868-57a2d4851a1d" relativeResultsDirectory="09646d20-5710-4d60-a381-5602459cc33e" />
    <UnitTestResult executionId="badbfcc2-7554-41a1-971a-39c80c29ea85" testId="899c7332-4cad-7d4c-129a-77ce0d580ecf" testName="ServiceUnitTest.Services.PriceQuotationServiceTests.CreatePriceQuotationAsync_KhiFeeTypeTrung_NenNemInvalidOperationException" computerName="TAMJEE" duration="00:00:00.0102378" startTime="2025-11-30T02:51:38.9627710+07:00" endTime="2025-11-30T02:51:38.9627710+07:00" testType="13cdc9d9-ddb5-4fa4-a97d-d965ccfc6d4b" outcome="Passed" testListId="8c84fa94-04c1-424b-9868-57a2d4851a1d" relativeResultsDirectory="badbfcc2-7554-41a1-971a-39c80c29ea85" />
    <UnitTestResult executionId="e47b0fda-67d4-490a-9098-2410c3be08c1" testId="5da4d1e3-fb19-664f-2de3-214ea4028a46" testName="ServiceUnitTest.Repositories.ProposalRepositoryTests.GetStaffProposalsQuery_KhiGoi_NenTraVeQuery" computerName="TAMJEE" duration="00:00:00.0284921" startTime="2025-11-30T02:51:40.0102307+07:00" endTime="2025-11-30T02:51:40.0102318+07:00" testType="13cdc9d9-ddb5-4fa4-a97d-d965ccfc6d4b" outcome="Passed" testListId="8c84fa94-04c1-424b-9868-57a2d4851a1d" relativeResultsDirectory="e47b0fda-67d4-490a-9098-2410c3be08c1" />
    <UnitTestResult executionId="fc045d3a-fff9-448d-bac6-1a391867daee" testId="fc824589-f86f-30d9-44b3-01b69a2cf960" testName="ServiceUnitTest.TestVehicle.VehicleServiceTests.GetAllAsync_WhenNoVehiclesFound_ShouldReturnEmptyListWithNoResultsMessage" computerName="TAMJEE" duration="00:00:00.0069090" startTime="2025-11-30T02:51:38.9501209+07:00" endTime="2025-11-30T02:51:38.9501214+07:00" testType="13cdc9d9-ddb5-4fa4-a97d-d965ccfc6d4b" outcome="Passed" testListId="8c84fa94-04c1-424b-9868-57a2d4851a1d" relativeResultsDirectory="fc045d3a-fff9-448d-bac6-1a391867daee" />
    <UnitTestResult executionId="011b25cf-3a4a-4444-bff6-99a7e0467d8a" testId="4039c936-b2b0-b86b-45b5-fd9281a4e305" testName="ServiceUnitTest.TestVehicle.VehicleServiceTests.GetAllAsync_WithNoSortBy_ShouldSortByCreatedAtDescending" computerName="TAMJEE" duration="00:00:00.0038589" startTime="2025-11-30T02:51:38.9594058+07:00" endTime="2025-11-30T02:51:38.9594058+07:00" testType="13cdc9d9-ddb5-4fa4-a97d-d965ccfc6d4b" outcome="Passed" testListId="8c84fa94-04c1-424b-9868-57a2d4851a1d" relativeResultsDirectory="011b25cf-3a4a-4444-bff6-99a7e0467d8a" />
    <UnitTestResult executionId="2f23902f-2d75-4f6a-a8a0-c4e0acb8b738" testId="818acf3c-9a31-0f6f-6b2d-676bcbb6f648" testName="ServiceUnitTest.Services.VisitLogServiceTests.CheckOutAsync_KhiStatusCheckedIn_NenCapNhatThanhCheckedOut" computerName="TAMJEE" duration="00:00:00.1949828" startTime="2025-11-30T02:51:39.0112647+07:00" endTime="2025-11-30T02:51:39.0112649+07:00" testType="13cdc9d9-ddb5-4fa4-a97d-d965ccfc6d4b" outcome="Passed" testListId="8c84fa94-04c1-424b-9868-57a2d4851a1d" relativeResultsDirectory="2f23902f-2d75-4f6a-a8a0-c4e0acb8b738" />
    <UnitTestResult executionId="6e01432e-3503-4ee7-9de5-625de440fb43" testId="e00880e5-4a59-a258-b187-79b95cf19a84" testName="ServiceUnitTest.TestVehicle.VehicleServiceTests.DeleteAsync_WhenVehicleNotFound_ShouldReturnFalse" computerName="TAMJEE" duration="00:00:00.0021836" startTime="2025-11-30T02:51:38.9989603+07:00" endTime="2025-11-30T02:51:38.9989604+07:00" testType="13cdc9d9-ddb5-4fa4-a97d-d965ccfc6d4b" outcome="Passed" testListId="8c84fa94-04c1-424b-9868-57a2d4851a1d" relativeResultsDirectory="6e01432e-3503-4ee7-9de5-625de440fb43" />
    <UnitTestResult executionId="07fce1b9-f90f-4844-8025-b8c71e77d82a" testId="27416949-758f-1c46-9f40-ca30ceee51c0" testName="ServiceUnitTest.Services.VisitLogServiceTests.GetStaffViewLogsAsync_KhiCoThamSo_NenTraVePagedList" computerName="TAMJEE" duration="00:00:00.0604113" startTime="2025-11-30T02:51:39.0754010+07:00" endTime="2025-11-30T02:51:39.0754023+07:00" testType="13cdc9d9-ddb5-4fa4-a97d-d965ccfc6d4b" outcome="Failed" testListId="8c84fa94-04c1-424b-9868-57a2d4851a1d" relativeResultsDirectory="07fce1b9-f90f-4844-8025-b8c71e77d82a">
      <Output>
        <ErrorInfo>
          <Message>System.InvalidCastException : Unable to cast object of type 'ServiceUnitTest.Helpers.TestAsyncEnumerable`1[ApartaAPI.Models.VisitLog]' to type 'System.Linq.IQueryable`1[ApartaAPI.DTOs.VisitLogs.VisitLogStaffViewDto]'.</Message>
          <StackTrace>   at AutoMapper.QueryableExtensions.Extensions.ToCore[TResult](IQueryable source, IConfigurationProvider configuration, Object parameters, IEnumerable`1 memberPathsToExpand)&#xD;
   at AutoMapper.QueryableExtensions.Extensions.ProjectTo[TDestination](IQueryable source, IConfigurationProvider configuration, Object parameters, Expression`1[] membersToExpand)&#xD;
   at AutoMapper.QueryableExtensions.Extensions.ProjectTo[TDestination](IQueryable source, IConfigurationProvider configuration, Expression`1[] membersToExpand)&#xD;
   at ApartaAPI.Services.VisitLogService.GetStaffViewLogsAsync(VisitorQueryParameters queryParams) in D:\K17_KTPM\Git_Repo\Team_Repo\aparta-backend-api\ApartaAPI\Services\VisitLogService.cs:line 62&#xD;
   at ServiceUnitTest.Services.VisitLogServiceTests.GetStaffViewLogsAsync_KhiCoThamSo_NenTraVePagedList() in D:\K17_KTPM\Git_Repo\Team_Repo\aparta-backend-api\ServiceUnitTest\Services\VisitLogServiceTests.cs:line 51&#xD;
--- End of stack trace from previous location ---</StackTrace>
        </ErrorInfo>
      </Output>
    </UnitTestResult>
    <UnitTestResult executionId="1cc98dc1-7a75-4df4-aff0-5b4dd4e56edd" testId="8302768d-b368-ab33-03e7-a3f621506771" testName="ServiceUnitTest.TestVehicle.VehicleServiceTests.GetAllAsync_WithSearchTerm_VehicleNumber_ShouldReturnMatchingVehicles" computerName="TAMJEE" duration="00:00:00.0028793" startTime="2025-11-30T02:51:39.0615679+07:00" endTime="2025-11-30T02:51:39.0615684+07:00" testType="13cdc9d9-ddb5-4fa4-a97d-d965ccfc6d4b" outcome="Passed" testListId="8c84fa94-04c1-424b-9868-57a2d4851a1d" relativeResultsDirectory="1cc98dc1-7a75-4df4-aff0-5b4dd4e56edd" />
    <UnitTestResult executionId="5c9ed83d-a3ff-4a10-8961-9571c51ff1c6" testId="d87af088-a468-8b81-2ad3-1f045d0f6530" testName="ServiceUnitTest.TestVehicle.VehicleServiceTests.UpdateAsync_WhenVehicleNotFound_ShouldReturnFalse" computerName="TAMJEE" duration="00:00:00.0018493" startTime="2025-11-30T02:51:38.9595008+07:00" endTime="2025-11-30T02:51:38.9595008+07:00" testType="13cdc9d9-ddb5-4fa4-a97d-d965ccfc6d4b" outcome="Passed" testListId="8c84fa94-04c1-424b-9868-57a2d4851a1d" relativeResultsDirectory="5c9ed83d-a3ff-4a10-8961-9571c51ff1c6" />
    <UnitTestResult executionId="0dca60d4-c730-4c14-8604-df4eaa55e7c7" testId="e08dbe78-d415-605e-bcbc-7cd78acd4499" testName="ServiceUnitTest.Repositories.PriceQuotationRepositoryTests.GetAllWithBuildingAsync_KhiGoi_NenTraVeDanhSachVoiBuilding" computerName="TAMJEE" duration="00:00:00.0280312" startTime="2025-11-30T02:51:39.9165187+07:00" endTime="2025-11-30T02:51:39.9165191+07:00" testType="13cdc9d9-ddb5-4fa4-a97d-d965ccfc6d4b" outcome="Passed" testListId="8c84fa94-04c1-424b-9868-57a2d4851a1d" relativeResultsDirectory="0dca60d4-c730-4c14-8604-df4eaa55e7c7" />
    <UnitTestResult executionId="efa7368e-51f3-49c7-9dea-639e04b5c2e3" testId="99f7114f-f099-c11f-e6c6-b99479bebb6b" testName="ServiceUnitTest.Services.VisitorServiceTests.CreateVisitAsync_KhiCheckInTuongLai_NenSetStatusPending" computerName="TAMJEE" duration="00:00:00.1233958" startTime="2025-11-30T02:51:38.9465360+07:00" endTime="2025-11-30T02:51:38.9465360+07:00" testType="13cdc9d9-ddb5-4fa4-a97d-d965ccfc6d4b" outcome="Passed" testListId="8c84fa94-04c1-424b-9868-57a2d4851a1d" relativeResultsDirectory="efa7368e-51f3-49c7-9dea-639e04b5c2e3" />
    <UnitTestResult executionId="6475b6c5-255a-4f96-9404-6f7aef4aa2ae" testId="982ab276-0e37-116d-36cf-e86d702be447" testName="ServiceUnitTest.Services.UserManagementServiceTests.CreateStaffAccountAsync_KhiHopLe_NenTaoStaff" computerName="TAMJEE" duration="00:00:00.5794888" startTime="2025-11-30T02:51:39.3990267+07:00" endTime="2025-11-30T02:51:39.3990272+07:00" testType="13cdc9d9-ddb5-4fa4-a97d-d965ccfc6d4b" outcome="Failed" testListId="8c84fa94-04c1-424b-9868-57a2d4851a1d" relativeResultsDirectory="6475b6c5-255a-4f96-9404-6f7aef4aa2ae">
      <Output>
        <ErrorInfo>
          <Message>System.ArgumentNullException : Value cannot be null. (Parameter 'source')</Message>
          <StackTrace>   at System.Linq.ThrowHelper.ThrowArgumentNullException(ExceptionArgument argument)&#xD;
   at System.Linq.Enumerable.Select[TSource,TResult](IEnumerable`1 source, Func`2 selector)&#xD;
   at ApartaAPI.Services.UserManagementService.GetAccountsByRoleInternalAsync(UserQueryParams queryParams, List`1 roles) in D:\K17_KTPM\Git_Repo\Team_Repo\aparta-backend-api\ApartaAPI\Services\UserManagementService.cs:line 86&#xD;
   at ApartaAPI.Services.UserManagementService.CreateStaffAccountAsync(StaffCreateDto createDto) in D:\K17_KTPM\Git_Repo\Team_Repo\aparta-backend-api\ApartaAPI\Services\UserManagementService.cs:line 159&#xD;
   at ServiceUnitTest.Services.UserManagementServiceTests.CreateStaffAccountAsync_KhiHopLe_NenTaoStaff() in D:\K17_KTPM\Git_Repo\Team_Repo\aparta-backend-api\ServiceUnitTest\Services\UserManagementServiceTests.cs:line 110&#xD;
--- End of stack trace from previous location ---</StackTrace>
        </ErrorInfo>
      </Output>
    </UnitTestResult>
    <UnitTestResult executionId="de7f1831-0694-4c26-a46d-75a311aab21b" testId="76b2a201-13ea-e704-56dc-65b72af68dad" testName="ServiceUnitTest.Services.PriceQuotationServiceTests.GetPriceQuotationsAsync_KhiGoi_NenTraVeDanhSach" computerName="TAMJEE" duration="00:00:00.0024514" startTime="2025-11-30T02:51:38.9823889+07:00" endTime="2025-11-30T02:51:38.9823890+07:00" testType="13cdc9d9-ddb5-4fa4-a97d-d965ccfc6d4b" outcome="Passed" testListId="8c84fa94-04c1-424b-9868-57a2d4851a1d" relativeResultsDirectory="de7f1831-0694-4c26-a46d-75a311aab21b" />
    <UnitTestResult executionId="165064a3-dde4-4796-aa87-964a70f550ea" testId="17de93e8-22b4-7da6-b4cd-4e81bdf62818" testName="ServiceUnitTest.Repositories.VisitLogRepositoryTests.GetStaffViewLogsQuery_KhiGoi_NenTraVeQueryVoiIncludes" computerName="TAMJEE" duration="00:00:01.0590057" startTime="2025-11-30T02:51:39.8754567+07:00" endTime="2025-11-30T02:51:39.8754571+07:00" testType="13cdc9d9-ddb5-4fa4-a97d-d965ccfc6d4b" outcome="Passed" testListId="8c84fa94-04c1-424b-9868-57a2d4851a1d" relativeResultsDirectory="165064a3-dde4-4796-aa87-964a70f550ea" />
    <UnitTestResult executionId="7ba67aa2-7a4d-4fd7-8713-39a739a0c48f" testId="6f81a2f5-f182-cf4c-03a9-1b537caa53a3" testName="ServiceUnitTest.Services.PriceQuotationServiceTests.DeleteAsync_KhiIdTonTai_NenXoa" computerName="TAMJEE" duration="00:00:00.1234395" startTime="2025-11-30T02:51:38.9478414+07:00" endTime="2025-11-30T02:51:38.9478418+07:00" testType="13cdc9d9-ddb5-4fa4-a97d-d965ccfc6d4b" outcome="Passed" testListId="8c84fa94-04c1-424b-9868-57a2d4851a1d" relativeResultsDirectory="7ba67aa2-7a4d-4fd7-8713-39a739a0c48f" />
    <UnitTestResult executionId="a08aa280-73d3-4c56-b924-fd40c6e28f9f" testId="31d982e3-1c92-bd7a-3a91-2ad4d0e36b03" testName="ServiceUnitTest.TestVehicle.VehicleServiceTests.GetAllAsync_WithCombinedFilters_ShouldReturnFilteredAndSortedVehicles" computerName="TAMJEE" duration="00:00:00.0068908" startTime="2025-11-30T02:51:38.9644568+07:00" endTime="2025-11-30T02:51:38.9644570+07:00" testType="13cdc9d9-ddb5-4fa4-a97d-d965ccfc6d4b" outcome="Passed" testListId="8c84fa94-04c1-424b-9868-57a2d4851a1d" relativeResultsDirectory="a08aa280-73d3-4c56-b924-fd40c6e28f9f" />
    <UnitTestResult executionId="8aa5b932-7d39-44b6-b0c0-3054ad8b21d2" testId="24879c2b-0bf9-2f01-3597-a11e2989f376" testName="ServiceUnitTest.TestVehicle.VehicleServiceTests.GetAllAsync_WithSortByVehicleNumber_Ascending_ShouldReturnSortedVehicles" computerName="TAMJEE" duration="00:00:00.0051598" startTime="2025-11-30T02:51:39.0209776+07:00" endTime="2025-11-30T02:51:39.0209785+07:00" testType="13cdc9d9-ddb5-4fa4-a97d-d965ccfc6d4b" outcome="Passed" testListId="8c84fa94-04c1-424b-9868-57a2d4851a1d" relativeResultsDirectory="8aa5b932-7d39-44b6-b0c0-3054ad8b21d2" />
    <UnitTestResult executionId="d5e9edce-56a4-4bab-bc01-f794714524c4" testId="da870282-613e-d781-3428-a9ab276047f4" testName="ServiceUnitTest.TestAsset.AssetServiceTests.GetByIdAsync_WhenAssetExists_ShouldReturnAssetDto" computerName="TAMJEE" duration="00:00:00.0041514" startTime="2025-11-30T02:51:38.9593549+07:00" endTime="2025-11-30T02:51:38.9593550+07:00" testType="13cdc9d9-ddb5-4fa4-a97d-d965ccfc6d4b" outcome="Passed" testListId="8c84fa94-04c1-424b-9868-57a2d4851a1d" relativeResultsDirectory="d5e9edce-56a4-4bab-bc01-f794714524c4" />
    <UnitTestResult executionId="eb2c34d7-7aaf-4b8b-b904-6edb8f71dc0d" testId="a6d84dd5-241f-d59d-c5a4-e108491d4fba" testName="ServiceUnitTest.TestVehicle.VehicleServiceTests.GetAllAsync_WithNullQuery_ShouldReturnAllVehicles" computerName="TAMJEE" duration="00:00:00.0022543" startTime="2025-11-30T02:51:39.0639712+07:00" endTime="2025-11-30T02:51:39.0639722+07:00" testType="13cdc9d9-ddb5-4fa4-a97d-d965ccfc6d4b" outcome="Passed" testListId="8c84fa94-04c1-424b-9868-57a2d4851a1d" relativeResultsDirectory="eb2c34d7-7aaf-4b8b-b904-6edb8f71dc0d" />
    <UnitTestResult executionId="0a1424e1-1078-46f3-917c-4cfd92df98c9" testId="46634805-6294-e98f-e437-f89a4939bcb6" testName="ServiceUnitTest.TestAsset.AssetServiceTests.UpdateAsync_WhenAssetNotFound_ShouldReturnFalse" computerName="TAMJEE" duration="00:00:00.0017990" startTime="2025-11-30T02:51:39.0103980+07:00" endTime="2025-11-30T02:51:39.0103984+07:00" testType="13cdc9d9-ddb5-4fa4-a97d-d965ccfc6d4b" outcome="Passed" testListId="8c84fa94-04c1-424b-9868-57a2d4851a1d" relativeResultsDirectory="0a1424e1-1078-46f3-917c-4cfd92df98c9" />
    <UnitTestResult executionId="bdd0dcce-c7bc-4ed3-a9eb-050db0928853" testId="bd447c2c-874e-e154-d781-68b4b1f9d7d9" testName="ServiceUnitTest.Services.PriceQuotationServiceTests.CreatePriceQuotationAsync_KhiHopLe_NenTaoMoi" computerName="TAMJEE" duration="00:00:00.0044641" startTime="2025-11-30T02:51:38.9682879+07:00" endTime="2025-11-30T02:51:38.9682880+07:00" testType="13cdc9d9-ddb5-4fa4-a97d-d965ccfc6d4b" outcome="Passed" testListId="8c84fa94-04c1-424b-9868-57a2d4851a1d" relativeResultsDirectory="bdd0dcce-c7bc-4ed3-a9eb-050db0928853" />
    <UnitTestResult executionId="5dc8c9ef-7dee-41fb-9b5d-086bba41e8a8" testId="35119fbf-8466-bd08-a442-d805dc9918fa" testName="ServiceUnitTest.TestVehicle.VehicleServiceTests.CreateAsync_WithDuplicateVehicleNumber_ShouldThrowException" computerName="TAMJEE" duration="00:00:00.0054507" startTime="2025-11-30T02:51:39.0135906+07:00" endTime="2025-11-30T02:51:39.0135912+07:00" testType="13cdc9d9-ddb5-4fa4-a97d-d965ccfc6d4b" outcome="Passed" testListId="8c84fa94-04c1-424b-9868-57a2d4851a1d" relativeResultsDirectory="5dc8c9ef-7dee-41fb-9b5d-086bba41e8a8" />
    <UnitTestResult executionId="24777344-0cae-4ef1-9017-a5c980615ae5" testId="08d305fb-58bd-dc09-c915-c28ca17deab3" testName="ServiceUnitTest.TestVehicle.VehicleServiceTests.GetAllAsync_WithStatusFilter_ShouldReturnFilteredVehicles" computerName="TAMJEE" duration="00:00:00.0130528" startTime="2025-11-30T02:51:38.9976184+07:00" endTime="2025-11-30T02:51:38.9976184+07:00" testType="13cdc9d9-ddb5-4fa4-a97d-d965ccfc6d4b" outcome="Passed" testListId="8c84fa94-04c1-424b-9868-57a2d4851a1d" relativeResultsDirectory="24777344-0cae-4ef1-9017-a5c980615ae5" />
    <UnitTestResult executionId="66f64868-b30a-4707-aa79-93ffce011078" testId="33903387-4a17-8f06-d9b2-aa69aab48ab5" testName="ServiceUnitTest.TestVehicle.VehicleServiceTests.UpdateAsync_WhenVehicleExists_ShouldUpdateAndReturnTrue" computerName="TAMJEE" duration="00:00:00.1237395" startTime="2025-11-30T02:51:38.9481003+07:00" endTime="2025-11-30T02:51:38.9481004+07:00" testType="13cdc9d9-ddb5-4fa4-a97d-d965ccfc6d4b" outcome="Passed" testListId="8c84fa94-04c1-424b-9868-57a2d4851a1d" relativeResultsDirectory="66f64868-b30a-4707-aa79-93ffce011078" />
    <UnitTestResult executionId="1d6fb5a8-01b5-42a4-8183-b1eca15b8c79" testId="fbcbf036-afaf-1e6a-23ff-2e86e00e2c2c" testName="ServiceUnitTest.TestAsset.AssetServiceTests.GetAllAsync_WhenRepositoryReturnsNull_ShouldReturnEmptyList" computerName="TAMJEE" duration="00:00:00.0020152" startTime="2025-11-30T02:51:38.9984211+07:00" endTime="2025-11-30T02:51:38.9984212+07:00" testType="13cdc9d9-ddb5-4fa4-a97d-d965ccfc6d4b" outcome="Passed" testListId="8c84fa94-04c1-424b-9868-57a2d4851a1d" relativeResultsDirectory="1d6fb5a8-01b5-42a4-8183-b1eca15b8c79" />
    <UnitTestResult executionId="b08d07e3-77ec-42a7-ae01-84d6093dbdc3" testId="53ac88c5-172e-9619-25b7-03988178fb6a" testName="ServiceUnitTest.TestVehicle.VehicleServiceTests.GetByIdAsync_WhenVehicleExists_ShouldReturnVehicleDto" computerName="TAMJEE" duration="00:00:00.0033794" startTime="2025-11-30T02:51:38.9770236+07:00" endTime="2025-11-30T02:51:38.9770238+07:00" testType="13cdc9d9-ddb5-4fa4-a97d-d965ccfc6d4b" outcome="Passed" testListId="8c84fa94-04c1-424b-9868-57a2d4851a1d" relativeResultsDirectory="b08d07e3-77ec-42a7-ae01-84d6093dbdc3" />
    <UnitTestResult executionId="0dc22343-d049-4111-9c32-f38923ff5b4e" testId="6fb57b80-8976-077d-22ab-aab3f921c039" testName="ServiceUnitTest.Services.UserManagementServiceTests.ToggleUserStatusAsync_KhiIdTonTai_NenCapNhatStatus" computerName="TAMJEE" duration="00:00:00.0220891" startTime="2025-11-30T02:51:39.8950917+07:00" endTime="2025-11-30T02:51:39.8950919+07:00" testType="13cdc9d9-ddb5-4fa4-a97d-d965ccfc6d4b" outcome="Passed" testListId="8c84fa94-04c1-424b-9868-57a2d4851a1d" relativeResultsDirectory="0dc22343-d049-4111-9c32-f38923ff5b4e" />
    <UnitTestResult executionId="8b5a8388-674a-464c-a9f1-6cca3dc53a02" testId="65caf143-6045-4f93-1352-84bf06cb1c6c" testName="ServiceUnitTest.TestVehicle.VehicleServiceTests.CreateAsync_ShouldGenerateUniqueVehicleIdAndSetStatusToChoDuyet" computerName="TAMJEE" duration="00:00:00.0105210" startTime="2025-11-30T02:51:38.9736708+07:00" endTime="2025-11-30T02:51:38.9736711+07:00" testType="13cdc9d9-ddb5-4fa4-a97d-d965ccfc6d4b" outcome="Passed" testListId="8c84fa94-04c1-424b-9868-57a2d4851a1d" relativeResultsDirectory="8b5a8388-674a-464c-a9f1-6cca3dc53a02" />
    <UnitTestResult executionId="4d6d3e80-2506-44fd-a16c-ac0e6275a52d" testId="47717fdc-378e-e103-ea9c-b5e0672bed9c" testName="ServiceUnitTest.TestAsset.AssetServiceTests.UpdateAsync_WhenAssetExists_ShouldUpdateUpdatedAt" computerName="TAMJEE" duration="00:00:00.0043076" startTime="2025-11-30T02:51:38.9817623+07:00" endTime="2025-11-30T02:51:38.9817624+07:00" testType="13cdc9d9-ddb5-4fa4-a97d-d965ccfc6d4b" outcome="Passed" testListId="8c84fa94-04c1-424b-9868-57a2d4851a1d" relativeResultsDirectory="4d6d3e80-2506-44fd-a16c-ac0e6275a52d" />
    <UnitTestResult executionId="32f3f80a-3008-4fe2-b74d-adee945d1883" testId="0c0e3132-92a1-6f03-925c-35ea497d935e" testName="ServiceUnitTest.TestVehicle.VehicleServiceTests.DeleteAsync_WhenVehicleExists_ShouldDeleteAndReturnTrue" computerName="TAMJEE" duration="00:00:00.0042348" startTime="2025-11-30T02:51:38.9835958+07:00" endTime="2025-11-30T02:51:38.9835959+07:00" testType="13cdc9d9-ddb5-4fa4-a97d-d965ccfc6d4b" outcome="Passed" testListId="8c84fa94-04c1-424b-9868-57a2d4851a1d" relativeResultsDirectory="32f3f80a-3008-4fe2-b74d-adee945d1883" />
    <UnitTestResult executionId="2ab3739d-843e-488d-b9bb-157be5d9820d" testId="01d67411-1a81-aa6d-ffd0-a0f57b383a5d" testName="ServiceUnitTest.TestAsset.AssetServiceTests.GetAllAsync_WithSortByInfo_Descending_ShouldReturnSortedAssets" computerName="TAMJEE" duration="00:00:00.0043612" startTime="2025-11-30T02:51:39.0548887+07:00" endTime="2025-11-30T02:51:39.0548889+07:00" testType="13cdc9d9-ddb5-4fa4-a97d-d965ccfc6d4b" outcome="Passed" testListId="8c84fa94-04c1-424b-9868-57a2d4851a1d" relativeResultsDirectory="2ab3739d-843e-488d-b9bb-157be5d9820d" />
    <UnitTestResult executionId="906f072d-b320-42f6-9c33-f05011cea7de" testId="d7703cc6-772a-7efe-2362-8131da471502" testName="ServiceUnitTest.TestAsset.AssetServiceTests.CreateAsync_ShouldSetCreatedAtAndUpdatedAt" computerName="TAMJEE" duration="00:00:00.0045398" startTime="2025-11-30T02:51:39.0084306+07:00" endTime="2025-11-30T02:51:39.0084308+07:00" testType="13cdc9d9-ddb5-4fa4-a97d-d965ccfc6d4b" outcome="Passed" testListId="8c84fa94-04c1-424b-9868-57a2d4851a1d" relativeResultsDirectory="906f072d-b320-42f6-9c33-f05011cea7de" />
    <UnitTestResult executionId="51253f0a-c737-4484-b0f2-4bc662015485" testId="ac0685fb-6cbe-a8b2-576a-f893283cc375" testName="ServiceUnitTest.TestVehicle.VehicleServiceTests.GetByIdAsync_WhenVehicleNotFound_ShouldReturnNull" computerName="TAMJEE" duration="00:00:00.0018365" startTime="2025-11-30T02:51:39.0155504+07:00" endTime="2025-11-30T02:51:39.0155507+07:00" testType="13cdc9d9-ddb5-4fa4-a97d-d965ccfc6d4b" outcome="Passed" testListId="8c84fa94-04c1-424b-9868-57a2d4851a1d" relativeResultsDirectory="51253f0a-c737-4484-b0f2-4bc662015485" />
    <UnitTestResult executionId="f745df2d-7e53-4eb9-bc06-65d5994c00f2" testId="828ef680-936f-cda8-5b9e-824b89eb4bb8" testName="ServiceUnitTest.TestVehicle.VehicleServiceTests.GetAllAsync_WithSortByVehicleNumber_Descending_ShouldReturnSortedVehicles" computerName="TAMJEE" duration="00:00:00.0024383" startTime="2025-11-30T02:51:39.0563467+07:00" endTime="2025-11-30T02:51:39.0563468+07:00" testType="13cdc9d9-ddb5-4fa4-a97d-d965ccfc6d4b" outcome="Passed" testListId="8c84fa94-04c1-424b-9868-57a2d4851a1d" relativeResultsDirectory="f745df2d-7e53-4eb9-bc06-65d5994c00f2" />
    <UnitTestResult executionId="7b96f5ce-97c1-4a2e-bae8-ce43e89759ed" testId="d9ac2201-89bd-4b5e-ebd1-4cb57fb79fa8" testName="ServiceUnitTest.TestVehicle.VehicleServiceTests.DeleteAsync_WhenSaveChangesFails_ShouldReturnFalse" computerName="TAMJEE" duration="00:00:00.0021140" startTime="2025-11-30T02:51:39.0079729+07:00" endTime="2025-11-30T02:51:39.0079730+07:00" testType="13cdc9d9-ddb5-4fa4-a97d-d965ccfc6d4b" outcome="Passed" testListId="8c84fa94-04c1-424b-9868-57a2d4851a1d" relativeResultsDirectory="7b96f5ce-97c1-4a2e-bae8-ce43e89759ed" />
    <UnitTestResult executionId="a1c3b73e-613c-4f7b-80c4-a2ed0030803e" testId="ba22531b-e808-4f29-290a-03eaaed3cb1e" testName="ServiceUnitTest.TestAsset.AssetServiceTests.UpdateAsync_WhenSaveChangesFails_ShouldReturnFalse" computerName="TAMJEE" duration="00:00:00.0106348" startTime="2025-11-30T02:51:38.9772443+07:00" endTime="2025-11-30T02:51:38.9772444+07:00" testType="13cdc9d9-ddb5-4fa4-a97d-d965ccfc6d4b" outcome="Passed" testListId="8c84fa94-04c1-424b-9868-57a2d4851a1d" relativeResultsDirectory="a1c3b73e-613c-4f7b-80c4-a2ed0030803e" />
    <UnitTestResult executionId="6da3bb35-3fe1-41f5-95b6-e3677eeb602a" testId="2fc4a7d0-c1e8-e7e4-9526-83a588dffa18" testName="ServiceUnitTest.Repositories.ProposalRepositoryTests.GetStaffAssignedProposalsAsync_KhiStaffIdTonTai_NenTraVeProposalDuocGanVaPending" computerName="TAMJEE" duration="00:00:00.0496932" startTime="2025-11-30T02:51:39.9815932+07:00" endTime="2025-11-30T02:51:39.9815937+07:00" testType="13cdc9d9-ddb5-4fa4-a97d-d965ccfc6d4b" outcome="Passed" testListId="8c84fa94-04c1-424b-9868-57a2d4851a1d" relativeResultsDirectory="6da3bb35-3fe1-41f5-95b6-e3677eeb602a" />
    <UnitTestResult executionId="01f51d61-1ea3-40dd-897f-b727328a18d9" testId="938b8379-f5ce-a109-e6da-f9811e1cdef0" testName="ServiceUnitTest.Repositories.VisitorRepositoryTests.UpdateAsync_KhiVisitorHopLe_NenCapNhatThanhCong" computerName="TAMJEE" duration="00:00:00.0044454" startTime="2025-11-30T02:51:39.7928615+07:00" endTime="2025-11-30T02:51:39.7928618+07:00" testType="13cdc9d9-ddb5-4fa4-a97d-d965ccfc6d4b" outcome="Passed" testListId="8c84fa94-04c1-424b-9868-57a2d4851a1d" relativeResultsDirectory="01f51d61-1ea3-40dd-897f-b727328a18d9" />
    <UnitTestResult executionId="83fe5931-93c3-4328-abe3-5d3b94793d97" testId="b9e2e70c-65f5-8502-5796-f8a87fac9fe2" testName="ServiceUnitTest.Services.ChatServiceTests.SendMessageAsync_KhiThongTinHopLe_NenGuiTinNhan" computerName="TAMJEE" duration="00:00:00.2065958" startTime="2025-11-30T02:51:39.0375611+07:00" endTime="2025-11-30T02:51:39.0375631+07:00" testType="13cdc9d9-ddb5-4fa4-a97d-d965ccfc6d4b" outcome="Failed" testListId="8c84fa94-04c1-424b-9868-57a2d4851a1d" relativeResultsDirectory="83fe5931-93c3-4328-abe3-5d3b94793d97">
      <Output>
        <ErrorInfo>
          <Message>Expected result.Message not to be &lt;null&gt;.</Message>
          <StackTrace>   at FluentAssertions.Execution.LateBoundTestFramework.Throw(String message)&#xD;
   at FluentAssertions.Execution.DefaultAssertionStrategy.HandleFailure(String message)&#xD;
   at FluentAssertions.Execution.AssertionScope.AddPreFormattedFailure(String formattedFailureMessage)&#xD;
   at FluentAssertions.Execution.AssertionChain.FailWith(Func`1 getFailureReason)&#xD;
   at FluentAssertions.Execution.AssertionChain.FailWith(Func`1 getFailureReason)&#xD;
   at FluentAssertions.Execution.AssertionChain.FailWith(String message)&#xD;
   at FluentAssertions.Primitives.ReferenceTypeAssertions`2.NotBeNull(String because, Object[] becauseArgs)&#xD;
   at ServiceUnitTest.Services.ChatServiceTests.SendMessageAsync_KhiThongTinHopLe_NenGuiTinNhan() in D:\K17_KTPM\Git_Repo\Team_Repo\aparta-backend-api\ServiceUnitTest\Services\ChatServiceTests.cs:line 152&#xD;
--- End of stack trace from previous location ---</StackTrace>
        </ErrorInfo>
      </Output>
    </UnitTestResult>
    <UnitTestResult executionId="66dd44d6-54df-4d5e-a4d8-cc39bda650b1" testId="bc4baa34-206b-564e-8b71-3dc6d66b5332" testName="ServiceUnitTest.Services.PriceQuotationServiceTests.GetPriceQuotationByIdAsync_KhiIdTonTai_NenTraVeChiTiet" computerName="TAMJEE" duration="00:00:00.0138065" startTime="2025-11-30T02:51:38.9962612+07:00" endTime="2025-11-30T02:51:38.9962614+07:00" testType="13cdc9d9-ddb5-4fa4-a97d-d965ccfc6d4b" outcome="Passed" testListId="8c84fa94-04c1-424b-9868-57a2d4851a1d" relativeResultsDirectory="66dd44d6-54df-4d5e-a4d8-cc39bda650b1" />
    <UnitTestResult executionId="60c78976-8e86-44e0-9ab4-de38beaa0abc" testId="08903901-081e-4aee-a83a-a1681061ed19" testName="ServiceUnitTest.Repositories.PriceQuotationRepositoryTests.GetByIdWithBuildingAsync_KhiIdTonTai_NenTraVeChiTiet" computerName="TAMJEE" duration="00:00:00.0184060" startTime="2025-11-30T02:51:39.8871145+07:00" endTime="2025-11-30T02:51:39.8871151+07:00" testType="13cdc9d9-ddb5-4fa4-a97d-d965ccfc6d4b" outcome="Passed" testListId="8c84fa94-04c1-424b-9868-57a2d4851a1d" relativeResultsDirectory="60c78976-8e86-44e0-9ab4-de38beaa0abc" />
    <UnitTestResult executionId="c1aba670-fd5c-4446-bdc0-087bd6c61b1e" testId="66da7052-acd2-95c3-8103-1777b06650b3" testName="ServiceUnitTest.Services.UserManagementServiceTests.CreateStaffAccountAsync_KhiEmailTrung_NenNemInvalidOperationException" computerName="TAMJEE" duration="00:00:00.0035115" startTime="2025-11-30T02:51:39.8699502+07:00" endTime="2025-11-30T02:51:39.8699502+07:00" testType="13cdc9d9-ddb5-4fa4-a97d-d965ccfc6d4b" outcome="Passed" testListId="8c84fa94-04c1-424b-9868-57a2d4851a1d" relativeResultsDirectory="c1aba670-fd5c-4446-bdc0-087bd6c61b1e" />
    <UnitTestResult executionId="68b355e6-a06e-4580-a3b4-96a4e5e0e76a" testId="785cc6f3-cb4e-88c9-0ab5-82497f6469e3" testName="ServiceUnitTest.Repositories.VisitorRepositoryTests.AddAsync_KhiVisitorHopLe_NenThemThanhCong" computerName="TAMJEE" duration="00:00:00.0028157" startTime="2025-11-30T02:51:39.7882869+07:00" endTime="2025-11-30T02:51:39.7882874+07:00" testType="13cdc9d9-ddb5-4fa4-a97d-d965ccfc6d4b" outcome="Passed" testListId="8c84fa94-04c1-424b-9868-57a2d4851a1d" relativeResultsDirectory="68b355e6-a06e-4580-a3b4-96a4e5e0e76a" />
    <UnitTestResult executionId="d3e2332b-f45f-4830-ae7c-d4031c12bbdc" testId="f39a078b-b5cb-8596-274a-9522ff1e951d" testName="ServiceUnitTest.TestAsset.AssetServiceTests.GetAllAsync_WhenNoAssetsFound_ShouldReturnEmptyListWithNoResultsMessage" computerName="TAMJEE" duration="00:00:00.1231338" startTime="2025-11-30T02:51:38.9433140+07:00" endTime="2025-11-30T02:51:38.9433360+07:00" testType="13cdc9d9-ddb5-4fa4-a97d-d965ccfc6d4b" outcome="Passed" testListId="8c84fa94-04c1-424b-9868-57a2d4851a1d" relativeResultsDirectory="d3e2332b-f45f-4830-ae7c-d4031c12bbdc" />
    <UnitTestResult executionId="b75fef6d-5a8a-4041-b36b-ab1c34511fff" testId="a596a705-2c09-c671-491a-1aa3004e7fb5" testName="ServiceUnitTest.Services.UserManagementServiceTests.GetResidentAccountsAsync_KhiGoi_NenTraVeDanhSachResident" computerName="TAMJEE" duration="00:00:00.0036270" startTime="2025-11-30T02:51:39.4013903+07:00" endTime="2025-11-30T02:51:39.4013905+07:00" testType="13cdc9d9-ddb5-4fa4-a97d-d965ccfc6d4b" outcome="Passed" testListId="8c84fa94-04c1-424b-9868-57a2d4851a1d" relativeResultsDirectory="b75fef6d-5a8a-4041-b36b-ab1c34511fff" />
    <UnitTestResult executionId="1cd05a33-9f63-47bf-89bd-fd1dd828ab4e" testId="8b0768ee-f92c-1597-dc16-e9e9b3a9780c" testName="ServiceUnitTest.Repositories.VisitorRepositoryTests.GetByIdAsync_KhiIdTonTai_NenTraVeVisitor" computerName="TAMJEE" duration="00:00:00.9690206" startTime="2025-11-30T02:51:39.7853419+07:00" endTime="2025-11-30T02:51:39.7853423+07:00" testType="13cdc9d9-ddb5-4fa4-a97d-d965ccfc6d4b" outcome="Passed" testListId="8c84fa94-04c1-424b-9868-57a2d4851a1d" relativeResultsDirectory="1cd05a33-9f63-47bf-89bd-fd1dd828ab4e" />
    <UnitTestResult executionId="9e890a10-2005-4b27-910f-a79a9eaac10a" testId="e583f6af-2510-31bd-3647-03513ba1bba5" testName="ServiceUnitTest.Services.VisitorServiceTests.CreateVisitAsync_KhiThongTinHopLe_NenTaoVisitorVaLog" computerName="TAMJEE" duration="00:00:00.0097097" startTime="2025-11-30T02:51:38.9727148+07:00" endTime="2025-11-30T02:51:38.9727159+07:00" testType="13cdc9d9-ddb5-4fa4-a97d-d965ccfc6d4b" outcome="Passed" testListId="8c84fa94-04c1-424b-9868-57a2d4851a1d" relativeResultsDirectory="9e890a10-2005-4b27-910f-a79a9eaac10a" />
    <UnitTestResult executionId="91ba6349-23d2-458f-871f-d6d7560842e0" testId="e138f28c-54c2-8099-fb61-170bde14e566" testName="ServiceUnitTest.Services.VisitorServiceTests.CreateVisitAsync_KhiVisitorDaTonTai_NenNemValidationException" computerName="TAMJEE" duration="00:00:00.0200063" startTime="2025-11-30T02:51:38.9627300+07:00" endTime="2025-11-30T02:51:38.9627302+07:00" testType="13cdc9d9-ddb5-4fa4-a97d-d965ccfc6d4b" outcome="Passed" testListId="8c84fa94-04c1-424b-9868-57a2d4851a1d" relativeResultsDirectory="91ba6349-23d2-458f-871f-d6d7560842e0" />
    <UnitTestResult executionId="0cc84fa4-a374-40e9-a794-940e69d0fab3" testId="7c330c24-b8a5-d704-93ae-65f327fde930" testName="ServiceUnitTest.Services.ChatServiceTests.CreateAdHocInteractionAsync_KhiChuaTonTai_NenTaoMoi" computerName="TAMJEE" duration="00:00:00.7471688" startTime="2025-11-30T02:51:39.7794380+07:00" endTime="2025-11-30T02:51:39.7794384+07:00" testType="13cdc9d9-ddb5-4fa4-a97d-d965ccfc6d4b" outcome="Failed" testListId="8c84fa94-04c1-424b-9868-57a2d4851a1d" relativeResultsDirectory="0cc84fa4-a374-40e9-a794-940e69d0fab3">
      <Output>
        <ErrorInfo>
          <Message>System.InvalidOperationException : Unable to track an entity of type 'Role' because its primary key property 'RoleId' is null.</Message>
          <StackTrace>   at Microsoft.EntityFrameworkCore.ChangeTracking.Internal.NullableKeyIdentityMap`1.Add(InternalEntityEntry entry)&#xD;
   at Microsoft.EntityFrameworkCore.ChangeTracking.Internal.StateManager.StartTracking(InternalEntityEntry entry)&#xD;
   at Microsoft.EntityFrameworkCore.ChangeTracking.Internal.InternalEntityEntry.SetEntityState(EntityState oldState, EntityState newState, Boolean acceptChanges, Boolean modifyProperties)&#xD;
   at Microsoft.EntityFrameworkCore.ChangeTracking.Internal.InternalEntityEntry.SetEntityStateAsync(EntityState entityState, Boolean acceptChanges, Boolean modifyProperties, Nullable`1 forceStateWhenUnknownKey, Nullable`1 fallbackState, CancellationToken cancellationToken)&#xD;
   at Microsoft.EntityFrameworkCore.ChangeTracking.Internal.EntityGraphAttacher.PaintActionAsync(EntityEntryGraphNode`1 node, CancellationToken cancellationToken)&#xD;
   at Microsoft.EntityFrameworkCore.ChangeTracking.Internal.EntityEntryGraphIterator.TraverseGraphAsync[TState](EntityEntryGraphNode`1 node, Func`3 handleNode, CancellationToken cancellationToken)&#xD;
   at Microsoft.EntityFrameworkCore.ChangeTracking.Internal.EntityEntryGraphIterator.TraverseGraphAsync[TState](EntityEntryGraphNode`1 node, Func`3 handleNode, CancellationToken cancellationToken)&#xD;
   at Microsoft.EntityFrameworkCore.ChangeTracking.Internal.EntityGraphAttacher.AttachGraphAsync(InternalEntityEntry rootEntry, EntityState targetState, EntityState storeGeneratedWithKeySetTargetState, Boolean forceStateWhenUnknownKey, CancellationToken cancellationToken)&#xD;
   at Microsoft.EntityFrameworkCore.Internal.InternalDbSet`1.AddRangeAsync(TEntity[] entities)&#xD;
   at ServiceUnitTest.Services.ChatServiceTests.CreateAdHocInteractionAsync_KhiChuaTonTai_NenTaoMoi() in D:\K17_KTPM\Git_Repo\Team_Repo\aparta-backend-api\ServiceUnitTest\Services\ChatServiceTests.cs:line 73&#xD;
--- End of stack trace from previous location ---</StackTrace>
        </ErrorInfo>
      </Output>
    </UnitTestResult>
    <UnitTestResult executionId="4507a242-c416-47f9-9e2b-47cf3b395e28" testId="606e350c-500a-bec5-2bb6-5ec6bf75fb0a" testName="ServiceUnitTest.Repositories.UserManagementRepositoryTests.GetStaffAssignmentsAsync_KhiUserIdTonTai_NenTraVeDanhSachAssignment" computerName="TAMJEE" duration="00:00:00.0373389" startTime="2025-11-30T02:51:39.9114378+07:00" endTime="2025-11-30T02:51:39.9114380+07:00" testType="13cdc9d9-ddb5-4fa4-a97d-d965ccfc6d4b" outcome="Passed" testListId="8c84fa94-04c1-424b-9868-57a2d4851a1d" relativeResultsDirectory="4507a242-c416-47f9-9e2b-47cf3b395e28" />
    <UnitTestResult executionId="2bd1fd86-a53a-4593-8768-e4b03ff3676b" testId="690eee46-5bb0-2017-8434-f8bfad3c8eb4" testName="ServiceUnitTest.Services.UserManagementServiceTests.GetStaffAccountsAsync_KhiGoi_NenTraVeDanhSachStaff" computerName="TAMJEE" duration="00:00:00.0028534" startTime="2025-11-30T02:51:39.8740035+07:00" endTime="2025-11-30T02:51:39.8740035+07:00" testType="13cdc9d9-ddb5-4fa4-a97d-d965ccfc6d4b" outcome="Passed" testListId="8c84fa94-04c1-424b-9868-57a2d4851a1d" relativeResultsDirectory="2bd1fd86-a53a-4593-8768-e4b03ff3676b" />
    <UnitTestResult executionId="21bc95a0-0491-4803-8adc-a6f2641c7547" testId="f8acbb5f-d745-6ba2-3a63-97b5a9edcf98" testName="ServiceUnitTest.TestAsset.AssetServiceTests.CreateAsync_WithValidDto_ShouldCreateAsset" computerName="TAMJEE" duration="00:00:00.0068525" startTime="2025-11-30T02:51:39.0418752+07:00" endTime="2025-11-30T02:51:39.0418757+07:00" testType="13cdc9d9-ddb5-4fa4-a97d-d965ccfc6d4b" outcome="Passed" testListId="8c84fa94-04c1-424b-9868-57a2d4851a1d" relativeResultsDirectory="21bc95a0-0491-4803-8adc-a6f2641c7547" />
    <UnitTestResult executionId="122a3d1b-2f87-4bb2-8307-1b9b08f63047" testId="8bd405ab-80aa-497d-244c-cce12385a01f" testName="ServiceUnitTest.Repositories.MessageRepositoryTests.GetTotalUnreadCountAsync_KhiGoi_NenTraVeTongSoLuongChuaDoc" computerName="TAMJEE" duration="00:00:00.0474141" startTime="2025-11-30T02:51:39.8488783+07:00" endTime="2025-11-30T02:51:39.8488790+07:00" testType="13cdc9d9-ddb5-4fa4-a97d-d965ccfc6d4b" outcome="Passed" testListId="8c84fa94-04c1-424b-9868-57a2d4851a1d" relativeResultsDirectory="122a3d1b-2f87-4bb2-8307-1b9b08f63047" />
    <UnitTestResult executionId="3c55d906-b0aa-4416-ba41-2656a1d27b06" testId="0a411339-16d1-8d54-b087-c1ec9094d0e7" testName="ServiceUnitTest.Services.PriceQuotationServiceTests.UpdateAsync_KhiIdTonTaiVaHopLe_NenCapNhat" computerName="TAMJEE" duration="00:00:00.0096918" startTime="2025-11-30T02:51:38.9592891+07:00" endTime="2025-11-30T02:51:38.9592893+07:00" testType="13cdc9d9-ddb5-4fa4-a97d-d965ccfc6d4b" outcome="Passed" testListId="8c84fa94-04c1-424b-9868-57a2d4851a1d" relativeResultsDirectory="3c55d906-b0aa-4416-ba41-2656a1d27b06" />
    <UnitTestResult executionId="92d1ce5c-638e-4108-867e-463fb6cbd4ae" testId="17054e1d-b925-6aa1-e9e8-b2c350d7d955" testName="ServiceUnitTest.Repositories.MessageRepositoryTests.GetMessagesAsync_KhiGoi_NenTraVeTinNhanPhanTrang" computerName="TAMJEE" duration="00:00:00.0122908" startTime="2025-11-30T02:51:39.8823088+07:00" endTime="2025-11-30T02:51:39.8823094+07:00" testType="13cdc9d9-ddb5-4fa4-a97d-d965ccfc6d4b" outcome="Passed" testListId="8c84fa94-04c1-424b-9868-57a2d4851a1d" relativeResultsDirectory="92d1ce5c-638e-4108-867e-463fb6cbd4ae" />
    <UnitTestResult executionId="4ee42338-1f9b-4bfd-b8b3-a6f8d1f99a19" testId="21cdc907-8860-bcc1-3525-833b57f14188" testName="ServiceUnitTest.Repositories.MessageRepositoryTests.GetUnreadCountForInteractionAsync_KhiGoi_NenTraVeSoLuongChuaDoc" computerName="TAMJEE" duration="00:00:00.0116408" startTime="2025-11-30T02:51:39.8606334+07:00" endTime="2025-11-30T02:51:39.8606336+07:00" testType="13cdc9d9-ddb5-4fa4-a97d-d965ccfc6d4b" outcome="Passed" testListId="8c84fa94-04c1-424b-9868-57a2d4851a1d" relativeResultsDirectory="4ee42338-1f9b-4bfd-b8b3-a6f8d1f99a19" />
    <UnitTestResult executionId="2c149bf1-8ee7-4809-92d8-ba85adb888f7" testId="eacb5974-faae-2d81-9116-ad2db1f71cf0" testName="ServiceUnitTest.TestAsset.AssetServiceTests.DeleteAsync_WhenSaveChangesFails_ShouldReturnFalse" computerName="TAMJEE" duration="00:00:00.0113220" startTime="2025-11-30T02:51:39.0258479+07:00" endTime="2025-11-30T02:51:39.0258492+07:00" testType="13cdc9d9-ddb5-4fa4-a97d-d965ccfc6d4b" outcome="Passed" testListId="8c84fa94-04c1-424b-9868-57a2d4851a1d" relativeResultsDirectory="2c149bf1-8ee7-4809-92d8-ba85adb888f7" />
    <UnitTestResult executionId="2daa1736-85a6-446c-8195-fced078cf7ed" testId="d7bc34c8-3a15-85f7-e780-5f2e5ffe7cec" testName="ServiceUnitTest.TestAsset.AssetServiceTests.GetAllAsync_WithSearchTerm_ShouldReturnMatchingAssets" computerName="TAMJEE" duration="00:00:00.0030824" startTime="2025-11-30T02:51:39.0451644+07:00" endTime="2025-11-30T02:51:39.0451650+07:00" testType="13cdc9d9-ddb5-4fa4-a97d-d965ccfc6d4b" outcome="Passed" testListId="8c84fa94-04c1-424b-9868-57a2d4851a1d" relativeResultsDirectory="2daa1736-85a6-446c-8195-fced078cf7ed" />
    <UnitTestResult executionId="59f52bb0-5b5d-458e-a4ef-c5ce121790d7" testId="0964f890-4273-8f6b-0908-6f11902c3ae8" testName="ServiceUnitTest.Repositories.UserManagementRepositoryTests.GetPagedUsersAsync_KhiCoThamSo_NenTraVePagedList" computerName="TAMJEE" duration="00:00:00.8772757" startTime="2025-11-30T02:51:39.8740619+07:00" endTime="2025-11-30T02:51:39.8740619+07:00" testType="13cdc9d9-ddb5-4fa4-a97d-d965ccfc6d4b" outcome="Passed" testListId="8c84fa94-04c1-424b-9868-57a2d4851a1d" relativeResultsDirectory="59f52bb0-5b5d-458e-a4ef-c5ce121790d7" />
    <UnitTestResult executionId="753a7d97-eac2-4f3e-8352-7b9cd8a001cf" testId="2ad1b383-3fa3-733f-16ce-aacd035893fb" testName="ServiceUnitTest.Services.VisitLogServiceTests.CheckInAsync_KhiStatusPending_NenCapNhatThanhCheckedIn" computerName="TAMJEE" duration="00:00:00.0339746" startTime="2025-11-30T02:51:39.1299614+07:00" endTime="2025-11-30T02:51:39.1299618+07:00" testType="13cdc9d9-ddb5-4fa4-a97d-d965ccfc6d4b" outcome="Passed" testListId="8c84fa94-04c1-424b-9868-57a2d4851a1d" relativeResultsDirectory="753a7d97-eac2-4f3e-8352-7b9cd8a001cf" />
    <UnitTestResult executionId="45c18eae-133a-4450-89f0-6a32072471a7" testId="e298a3fe-58fb-6a3a-753b-a81a74204e34" testName="ServiceUnitTest.Services.ProposalServiceTests.GetProposalsForStaffAsync_KhiGoi_NenTraVePagedList" computerName="TAMJEE" duration="00:00:00.0370938" startTime="2025-11-30T02:51:39.9100509+07:00" endTime="2025-11-30T02:51:39.9100513+07:00" testType="13cdc9d9-ddb5-4fa4-a97d-d965ccfc6d4b" outcome="Passed" testListId="8c84fa94-04c1-424b-9868-57a2d4851a1d" relativeResultsDirectory="45c18eae-133a-4450-89f0-6a32072471a7" />
    <UnitTestResult executionId="41e8ffcf-5e7c-46d8-a31a-963992cf826f" testId="18ea6aaa-8759-1127-338b-c07fffca5745" testName="ServiceUnitTest.Services.PriceQuotationServiceTests.CreatePriceQuotationAsync_KhiBuildingKhongTonTai_NenTraVeNull" computerName="TAMJEE" duration="00:00:00.0013691" startTime="2025-11-30T02:51:38.9802520+07:00" endTime="2025-11-30T02:51:38.9802521+07:00" testType="13cdc9d9-ddb5-4fa4-a97d-d965ccfc6d4b" outcome="Passed" testListId="8c84fa94-04c1-424b-9868-57a2d4851a1d" relativeResultsDirectory="41e8ffcf-5e7c-46d8-a31a-963992cf826f" />
    <UnitTestResult executionId="229875b1-dcc5-48f4-9b7a-1e240507ad8e" testId="e529748a-bb58-6278-13e1-dc90e4c03e41" testName="ServiceUnitTest.TestVehicle.VehicleServiceTests.CreateAsync_ShouldSetCreatedAtAndUpdatedAt" computerName="TAMJEE" duration="00:00:00.0262058" startTime="2025-11-30T02:51:39.0474183+07:00" endTime="2025-11-30T02:51:39.0474189+07:00" testType="13cdc9d9-ddb5-4fa4-a97d-d965ccfc6d4b" outcome="Passed" testListId="8c84fa94-04c1-424b-9868-57a2d4851a1d" relativeResultsDirectory="229875b1-dcc5-48f4-9b7a-1e240507ad8e" />
    <UnitTestResult executionId="3109107d-a2fe-4180-bb6e-04a40fc7b9a5" testId="6e89261e-8129-cc5d-6a50-bf1ef3ddec7c" testName="ServiceUnitTest.Repositories.PriceQuotationRepositoryTests.GetQuotationsQueryable_KhiGoi_NenTraVeQueryable" computerName="TAMJEE" duration="00:00:00.6897558" startTime="2025-11-30T02:51:39.6688720+07:00" endTime="2025-11-30T02:51:39.6688728+07:00" testType="13cdc9d9-ddb5-4fa4-a97d-d965ccfc6d4b" outcome="Passed" testListId="8c84fa94-04c1-424b-9868-57a2d4851a1d" relativeResultsDirectory="3109107d-a2fe-4180-bb6e-04a40fc7b9a5" />
    <UnitTestResult executionId="c90793af-caea-4358-addc-bff33ff13b85" testId="0ee5cfe1-27c2-2bdd-baea-7434f0357835" testName="ServiceUnitTest.TestAsset.AssetServiceTests.GetAllAsync_WithCombinedFilters_ShouldReturnFilteredAndSortedAssets" computerName="TAMJEE" duration="00:00:00.0078559" startTime="2025-11-30T02:51:38.9644899+07:00" endTime="2025-11-30T02:51:38.9644899+07:00" testType="13cdc9d9-ddb5-4fa4-a97d-d965ccfc6d4b" outcome="Passed" testListId="8c84fa94-04c1-424b-9868-57a2d4851a1d" relativeResultsDirectory="c90793af-caea-4358-addc-bff33ff13b85" />
    <UnitTestResult executionId="0c25cc77-8a09-480a-a61d-92a2e5f81f05" testId="4f4a9432-580f-50c0-4d55-79a8b9699def" testName="ServiceUnitTest.TestAsset.AssetServiceTests.DeleteAsync_WhenAssetExists_ShouldDeleteAndReturnTrue" computerName="TAMJEE" duration="00:00:00.0053633" startTime="2025-11-30T02:51:39.0605853+07:00" endTime="2025-11-30T02:51:39.0605858+07:00" testType="13cdc9d9-ddb5-4fa4-a97d-d965ccfc6d4b" outcome="Passed" testListId="8c84fa94-04c1-424b-9868-57a2d4851a1d" relativeResultsDirectory="0c25cc77-8a09-480a-a61d-92a2e5f81f05" />
    <UnitTestResult executionId="28206f0e-76c7-4478-8548-bfcccc729fbc" testId="c33989d6-500a-c0b6-0057-da1ebf6e21a8" testName="ServiceUnitTest.TestVehicle.VehicleServiceTests.CreateAsync_WithValidDto_ShouldCreateVehicle" computerName="TAMJEE" duration="00:00:00.0060225" startTime="2025-11-30T02:51:39.0537397+07:00" endTime="2025-11-30T02:51:39.0537402+07:00" testType="13cdc9d9-ddb5-4fa4-a97d-d965ccfc6d4b" outcome="Passed" testListId="8c84fa94-04c1-424b-9868-57a2d4851a1d" relativeResultsDirectory="28206f0e-76c7-4478-8548-bfcccc729fbc" />
    <UnitTestResult executionId="116a5e7d-75db-43b7-a63d-911ccd8f7eb8" testId="de73053c-e28c-9cf8-0aeb-566f9b88f360" testName="ServiceUnitTest.Repositories.MessageRepositoryTests.AddMessageAsync_KhiMessageHopLe_NenThemVaCapNhatInteraction" computerName="TAMJEE" duration="00:00:00.9846954" startTime="2025-11-30T02:51:39.8012692+07:00" endTime="2025-11-30T02:51:39.8012702+07:00" testType="13cdc9d9-ddb5-4fa4-a97d-d965ccfc6d4b" outcome="Passed" testListId="8c84fa94-04c1-424b-9868-57a2d4851a1d" relativeResultsDirectory="116a5e7d-75db-43b7-a63d-911ccd8f7eb8" />
    <UnitTestResult executionId="0ede2bbb-11a3-4aba-b8e1-3261df1e77e2" testId="43e0e8e9-6ba6-e05a-d59e-c20c5a40777e" testName="ServiceUnitTest.TestVehicle.VehicleServiceTests.UpdateAsync_WhenVehicleExists_ShouldUpdateUpdatedAt" computerName="TAMJEE" duration="00:00:00.0037526" startTime="2025-11-30T02:51:39.0028755+07:00" endTime="2025-11-30T02:51:39.0028758+07:00" testType="13cdc9d9-ddb5-4fa4-a97d-d965ccfc6d4b" outcome="Passed" testListId="8c84fa94-04c1-424b-9868-57a2d4851a1d" relativeResultsDirectory="0ede2bbb-11a3-4aba-b8e1-3261df1e77e2" />
    <UnitTestResult executionId="13324911-8dab-4743-952a-1e8316e78561" testId="98c4f1ac-88ae-f049-40df-f37dad0fc4f9" testName="ServiceUnitTest.Repositories.ProposalRepositoryTests.GetProposalDetailsAsync_KhiIdTonTai_NenTraVeChiTietVoiIncludes" computerName="TAMJEE" duration="00:00:01.0678666" startTime="2025-11-30T02:51:39.8843311+07:00" endTime="2025-11-30T02:51:39.8843313+07:00" testType="13cdc9d9-ddb5-4fa4-a97d-d965ccfc6d4b" outcome="Passed" testListId="8c84fa94-04c1-424b-9868-57a2d4851a1d" relativeResultsDirectory="13324911-8dab-4743-952a-1e8316e78561" />
    <UnitTestResult executionId="eecaac63-0e77-4865-896a-19bbb976e37a" testId="f44431fb-5b17-ee96-7ed8-a2fafd85620f" testName="ServiceUnitTest.Repositories.PriceQuotationRepositoryTests.GetByBuildingIdWithBuildingAsync_KhiBuildingIdTonTai_NenTraVeDanhSach" computerName="TAMJEE" duration="00:00:00.1993364" startTime="2025-11-30T02:51:39.8683352+07:00" endTime="2025-11-30T02:51:39.8683358+07:00" testType="13cdc9d9-ddb5-4fa4-a97d-d965ccfc6d4b" outcome="Passed" testListId="8c84fa94-04c1-424b-9868-57a2d4851a1d" relativeResultsDirectory="eecaac63-0e77-4865-896a-19bbb976e37a" />
    <UnitTestResult executionId="d6bce604-880f-4953-9bac-1d21ce6aab51" testId="ffc1cc8f-2b4d-f450-c3a6-a2b7509a95fb" testName="ServiceUnitTest.TestAsset.AssetServiceTests.GetAllAsync_WithNullQuery_ShouldReturnAllAssets" computerName="TAMJEE" duration="00:00:00.0015696" startTime="2025-11-30T02:51:38.9594586+07:00" endTime="2025-11-30T02:51:38.9594587+07:00" testType="13cdc9d9-ddb5-4fa4-a97d-d965ccfc6d4b" outcome="Passed" testListId="8c84fa94-04c1-424b-9868-57a2d4851a1d" relativeResultsDirectory="d6bce604-880f-4953-9bac-1d21ce6aab51" />
    <UnitTestResult executionId="de3fd521-c0d1-43dd-8082-0e1d43f3e8db" testId="2fd907ea-09be-2e75-f7f0-6e1643a0f3ad" testName="ServiceUnitTest.Services.VisitLogServiceTests.CheckOutAsync_KhiStatusKhongPhaiCheckedIn_NenTraVeFalse" computerName="TAMJEE" duration="00:00:00.0210087" startTime="2025-11-30T02:51:39.0957110+07:00" endTime="2025-11-30T02:51:39.0957138+07:00" testType="13cdc9d9-ddb5-4fa4-a97d-d965ccfc6d4b" outcome="Passed" testListId="8c84fa94-04c1-424b-9868-57a2d4851a1d" relativeResultsDirectory="de3fd521-c0d1-43dd-8082-0e1d43f3e8db" />
    <UnitTestResult executionId="45301750-2a98-4a41-bb7c-956f81a0491a" testId="f8d24f85-f662-71c0-33fe-3ae31a753dec" testName="ServiceUnitTest.Services.ProposalServiceTests.CreateProposalAsync_KhiThongTinHopLe_NenTaoProposal" computerName="TAMJEE" duration="00:00:00.0049084" startTime="2025-11-30T02:51:39.9384843+07:00" endTime="2025-11-30T02:51:39.9384847+07:00" testType="13cdc9d9-ddb5-4fa4-a97d-d965ccfc6d4b" outcome="Passed" testListId="8c84fa94-04c1-424b-9868-57a2d4851a1d" relativeResultsDirectory="45301750-2a98-4a41-bb7c-956f81a0491a" />
    <UnitTestResult executionId="c3e798ff-648c-4283-986f-9e31c457b99a" testId="6034d841-d46e-8426-eef5-f1caf730f81d" testName="ServiceUnitTest.Services.ProposalServiceTests.ReplyProposalAsync_KhiUserLaStaff_NenTaoReplyVaCapNhatStatus" computerName="TAMJEE" duration="00:00:00.0232538" startTime="2025-11-30T02:51:39.9334054+07:00" endTime="2025-11-30T02:51:39.9334059+07:00" testType="13cdc9d9-ddb5-4fa4-a97d-d965ccfc6d4b" outcome="Passed" testListId="8c84fa94-04c1-424b-9868-57a2d4851a1d" relativeResultsDirectory="c3e798ff-648c-4283-986f-9e31c457b99a" />
  </Results>
  <TestDefinitions>
    <UnitTest name="ServiceUnitTest.Repositories.VisitorRepositoryTests.UpdateAsync_KhiVisitorHopLe_NenCapNhatThanhCong" storage="d:\k17_ktpm\git_repo\team_repo\aparta-backend-api\serviceunittest\bin\debug\net8.0\serviceunittest.dll" id="938b8379-f5ce-a109-e6da-f9811e1cdef0">
      <Execution id="01f51d61-1ea3-40dd-897f-b727328a18d9" />
      <TestMethod codeBase="D:\K17_KTPM\Git_Repo\Team_Repo\aparta-backend-api\ServiceUnitTest\bin\Debug\net8.0\ServiceUnitTest.dll" adapterTypeName="executor://xunit/VsTestRunner2/netcoreapp" className="ServiceUnitTest.Repositories.VisitorRepositoryTests" name="UpdateAsync_KhiVisitorHopLe_NenCapNhatThanhCong" />
    </UnitTest>
    <UnitTest name="ServiceUnitTest.TestAsset.AssetServiceTests.GetAllAsync_WithSortByQuantity_Descending_ShouldReturnSortedAssets" storage="d:\k17_ktpm\git_repo\team_repo\aparta-backend-api\serviceunittest\bin\debug\net8.0\serviceunittest.dll" id="bfb37e57-bf81-8cb9-c5bb-a2d33d19a539">
      <Execution id="3aabb2df-bbe8-4f05-932b-71be202f4b53" />
      <TestMethod codeBase="D:\K17_KTPM\Git_Repo\Team_Repo\aparta-backend-api\ServiceUnitTest\bin\Debug\net8.0\ServiceUnitTest.dll" adapterTypeName="executor://xunit/VsTestRunner2/netcoreapp" className="ServiceUnitTest.TestAsset.AssetServiceTests" name="GetAllAsync_WithSortByQuantity_Descending_ShouldReturnSortedAssets" />
    </UnitTest>
    <UnitTest name="ServiceUnitTest.TestVehicle.VehicleServiceTests.GetByIdAsync_WhenVehicleExists_ShouldReturnVehicleDto" storage="d:\k17_ktpm\git_repo\team_repo\aparta-backend-api\serviceunittest\bin\debug\net8.0\serviceunittest.dll" id="53ac88c5-172e-9619-25b7-03988178fb6a">
      <Execution id="b08d07e3-77ec-42a7-ae01-84d6093dbdc3" />
      <TestMethod codeBase="D:\K17_KTPM\Git_Repo\Team_Repo\aparta-backend-api\ServiceUnitTest\bin\Debug\net8.0\ServiceUnitTest.dll" adapterTypeName="executor://xunit/VsTestRunner2/netcoreapp" className="ServiceUnitTest.TestVehicle.VehicleServiceTests" name="GetByIdAsync_WhenVehicleExists_ShouldReturnVehicleDto" />
    </UnitTest>
    <UnitTest name="ServiceUnitTest.Services.ProposalServiceTests.ReplyProposalAsync_KhiUserLaStaff_NenTaoReplyVaCapNhatStatus" storage="d:\k17_ktpm\git_repo\team_repo\aparta-backend-api\serviceunittest\bin\debug\net8.0\serviceunittest.dll" id="6034d841-d46e-8426-eef5-f1caf730f81d">
      <Execution id="c3e798ff-648c-4283-986f-9e31c457b99a" />
      <TestMethod codeBase="D:\K17_KTPM\Git_Repo\Team_Repo\aparta-backend-api\ServiceUnitTest\bin\Debug\net8.0\ServiceUnitTest.dll" adapterTypeName="executor://xunit/VsTestRunner2/netcoreapp" className="ServiceUnitTest.Services.ProposalServiceTests" name="ReplyProposalAsync_KhiUserLaStaff_NenTaoReplyVaCapNhatStatus" />
    </UnitTest>
    <UnitTest name="ServiceUnitTest.TestVehicle.VehicleServiceTests.GetAllAsync_WhenRepositoryReturnsNull_ShouldReturnEmptyList" storage="d:\k17_ktpm\git_repo\team_repo\aparta-backend-api\serviceunittest\bin\debug\net8.0\serviceunittest.dll" id="54bf5aff-8ed2-b789-a163-4d3516dc03f3">
      <Execution id="80b9be78-4207-4002-83e6-ce5a8e375ecc" />
      <TestMethod codeBase="D:\K17_KTPM\Git_Repo\Team_Repo\aparta-backend-api\ServiceUnitTest\bin\Debug\net8.0\ServiceUnitTest.dll" adapterTypeName="executor://xunit/VsTestRunner2/netcoreapp" className="ServiceUnitTest.TestVehicle.VehicleServiceTests" name="GetAllAsync_WhenRepositoryReturnsNull_ShouldReturnEmptyList" />
    </UnitTest>
    <UnitTest name="ServiceUnitTest.TestVehicle.VehicleServiceTests.GetAllAsync_WhenNoVehiclesFound_ShouldReturnEmptyListWithNoResultsMessage" storage="d:\k17_ktpm\git_repo\team_repo\aparta-backend-api\serviceunittest\bin\debug\net8.0\serviceunittest.dll" id="fc824589-f86f-30d9-44b3-01b69a2cf960">
      <Execution id="fc045d3a-fff9-448d-bac6-1a391867daee" />
      <TestMethod codeBase="D:\K17_KTPM\Git_Repo\Team_Repo\aparta-backend-api\ServiceUnitTest\bin\Debug\net8.0\ServiceUnitTest.dll" adapterTypeName="executor://xunit/VsTestRunner2/netcoreapp" className="ServiceUnitTest.TestVehicle.VehicleServiceTests" name="GetAllAsync_WhenNoVehiclesFound_ShouldReturnEmptyListWithNoResultsMessage" />
    </UnitTest>
    <UnitTest name="ServiceUnitTest.TestVehicle.VehicleServiceTests.GetAllAsync_WithStatusFilter_ShouldReturnFilteredVehicles" storage="d:\k17_ktpm\git_repo\team_repo\aparta-backend-api\serviceunittest\bin\debug\net8.0\serviceunittest.dll" id="08d305fb-58bd-dc09-c915-c28ca17deab3">
      <Execution id="24777344-0cae-4ef1-9017-a5c980615ae5" />
      <TestMethod codeBase="D:\K17_KTPM\Git_Repo\Team_Repo\aparta-backend-api\ServiceUnitTest\bin\Debug\net8.0\ServiceUnitTest.dll" adapterTypeName="executor://xunit/VsTestRunner2/netcoreapp" className="ServiceUnitTest.TestVehicle.VehicleServiceTests" name="GetAllAsync_WithStatusFilter_ShouldReturnFilteredVehicles" />
    </UnitTest>
    <UnitTest name="ServiceUnitTest.TestVehicle.VehicleServiceTests.GetAllAsync_WithNullQuery_ShouldReturnAllVehicles" storage="d:\k17_ktpm\git_repo\team_repo\aparta-backend-api\serviceunittest\bin\debug\net8.0\serviceunittest.dll" id="a6d84dd5-241f-d59d-c5a4-e108491d4fba">
      <Execution id="eb2c34d7-7aaf-4b8b-b904-6edb8f71dc0d" />
      <TestMethod codeBase="D:\K17_KTPM\Git_Repo\Team_Repo\aparta-backend-api\ServiceUnitTest\bin\Debug\net8.0\ServiceUnitTest.dll" adapterTypeName="executor://xunit/VsTestRunner2/netcoreapp" className="ServiceUnitTest.TestVehicle.VehicleServiceTests" name="GetAllAsync_WithNullQuery_ShouldReturnAllVehicles" />
    </UnitTest>
    <UnitTest name="ServiceUnitTest.Services.UserManagementServiceTests.CreateStaffAccountAsync_KhiHopLe_NenTaoStaff" storage="d:\k17_ktpm\git_repo\team_repo\aparta-backend-api\serviceunittest\bin\debug\net8.0\serviceunittest.dll" id="982ab276-0e37-116d-36cf-e86d702be447">
      <Execution id="6475b6c5-255a-4f96-9404-6f7aef4aa2ae" />
      <TestMethod codeBase="D:\K17_KTPM\Git_Repo\Team_Repo\aparta-backend-api\ServiceUnitTest\bin\Debug\net8.0\ServiceUnitTest.dll" adapterTypeName="executor://xunit/VsTestRunner2/netcoreapp" className="ServiceUnitTest.Services.UserManagementServiceTests" name="CreateStaffAccountAsync_KhiHopLe_NenTaoStaff" />
    </UnitTest>
    <UnitTest name="ServiceUnitTest.Services.PriceQuotationServiceTests.CreatePriceQuotationAsync_KhiHopLe_NenTaoMoi" storage="d:\k17_ktpm\git_repo\team_repo\aparta-backend-api\serviceunittest\bin\debug\net8.0\serviceunittest.dll" id="bd447c2c-874e-e154-d781-68b4b1f9d7d9">
      <Execution id="bdd0dcce-c7bc-4ed3-a9eb-050db0928853" />
      <TestMethod codeBase="D:\K17_KTPM\Git_Repo\Team_Repo\aparta-backend-api\ServiceUnitTest\bin\Debug\net8.0\ServiceUnitTest.dll" adapterTypeName="executor://xunit/VsTestRunner2/netcoreapp" className="ServiceUnitTest.Services.PriceQuotationServiceTests" name="CreatePriceQuotationAsync_KhiHopLe_NenTaoMoi" />
    </UnitTest>
    <UnitTest name="ServiceUnitTest.Services.UserManagementServiceTests.ToggleUserStatusAsync_KhiIdTonTai_NenCapNhatStatus" storage="d:\k17_ktpm\git_repo\team_repo\aparta-backend-api\serviceunittest\bin\debug\net8.0\serviceunittest.dll" id="6fb57b80-8976-077d-22ab-aab3f921c039">
      <Execution id="0dc22343-d049-4111-9c32-f38923ff5b4e" />
      <TestMethod codeBase="D:\K17_KTPM\Git_Repo\Team_Repo\aparta-backend-api\ServiceUnitTest\bin\Debug\net8.0\ServiceUnitTest.dll" adapterTypeName="executor://xunit/VsTestRunner2/netcoreapp" className="ServiceUnitTest.Services.UserManagementServiceTests" name="ToggleUserStatusAsync_KhiIdTonTai_NenCapNhatStatus" />
    </UnitTest>
    <UnitTest name="ServiceUnitTest.TestVehicle.VehicleServiceTests.CreateAsync_ShouldGenerateUniqueVehicleIdAndSetStatusToChoDuyet" storage="d:\k17_ktpm\git_repo\team_repo\aparta-backend-api\serviceunittest\bin\debug\net8.0\serviceunittest.dll" id="65caf143-6045-4f93-1352-84bf06cb1c6c">
      <Execution id="8b5a8388-674a-464c-a9f1-6cca3dc53a02" />
      <TestMethod codeBase="D:\K17_KTPM\Git_Repo\Team_Repo\aparta-backend-api\ServiceUnitTest\bin\Debug\net8.0\ServiceUnitTest.dll" adapterTypeName="executor://xunit/VsTestRunner2/netcoreapp" className="ServiceUnitTest.TestVehicle.VehicleServiceTests" name="CreateAsync_ShouldGenerateUniqueVehicleIdAndSetStatusToChoDuyet" />
    </UnitTest>
    <UnitTest name="ServiceUnitTest.Repositories.VisitorRepositoryTests.AddAsync_KhiVisitorHopLe_NenThemThanhCong" storage="d:\k17_ktpm\git_repo\team_repo\aparta-backend-api\serviceunittest\bin\debug\net8.0\serviceunittest.dll" id="785cc6f3-cb4e-88c9-0ab5-82497f6469e3">
      <Execution id="68b355e6-a06e-4580-a3b4-96a4e5e0e76a" />
      <TestMethod codeBase="D:\K17_KTPM\Git_Repo\Team_Repo\aparta-backend-api\ServiceUnitTest\bin\Debug\net8.0\ServiceUnitTest.dll" adapterTypeName="executor://xunit/VsTestRunner2/netcoreapp" className="ServiceUnitTest.Repositories.VisitorRepositoryTests" name="AddAsync_KhiVisitorHopLe_NenThemThanhCong" />
    </UnitTest>
    <UnitTest name="ServiceUnitTest.Services.PriceQuotationServiceTests.GetPriceQuotationsAsync_KhiGoi_NenTraVeDanhSach" storage="d:\k17_ktpm\git_repo\team_repo\aparta-backend-api\serviceunittest\bin\debug\net8.0\serviceunittest.dll" id="76b2a201-13ea-e704-56dc-65b72af68dad">
      <Execution id="de7f1831-0694-4c26-a46d-75a311aab21b" />
      <TestMethod codeBase="D:\K17_KTPM\Git_Repo\Team_Repo\aparta-backend-api\ServiceUnitTest\bin\Debug\net8.0\ServiceUnitTest.dll" adapterTypeName="executor://xunit/VsTestRunner2/netcoreapp" className="ServiceUnitTest.Services.PriceQuotationServiceTests" name="GetPriceQuotationsAsync_KhiGoi_NenTraVeDanhSach" />
    </UnitTest>
    <UnitTest name="ServiceUnitTest.TestAsset.AssetServiceTests.CreateAsync_ShouldSetCreatedAtAndUpdatedAt" storage="d:\k17_ktpm\git_repo\team_repo\aparta-backend-api\serviceunittest\bin\debug\net8.0\serviceunittest.dll" id="d7703cc6-772a-7efe-2362-8131da471502">
      <Execution id="906f072d-b320-42f6-9c33-f05011cea7de" />
      <TestMethod codeBase="D:\K17_KTPM\Git_Repo\Team_Repo\aparta-backend-api\ServiceUnitTest\bin\Debug\net8.0\ServiceUnitTest.dll" adapterTypeName="executor://xunit/VsTestRunner2/netcoreapp" className="ServiceUnitTest.TestAsset.AssetServiceTests" name="CreateAsync_ShouldSetCreatedAtAndUpdatedAt" />
    </UnitTest>
    <UnitTest name="ServiceUnitTest.TestAsset.AssetServiceTests.GetAllAsync_WithNoSortBy_ShouldSortByCreatedAtDescending" storage="d:\k17_ktpm\git_repo\team_repo\aparta-backend-api\serviceunittest\bin\debug\net8.0\serviceunittest.dll" id="e5eabe51-0797-622d-457e-603958d0e266">
      <Execution id="4a9de716-5dbf-406f-aa91-26f785dd3e0f" />
      <TestMethod codeBase="D:\K17_KTPM\Git_Repo\Team_Repo\aparta-backend-api\ServiceUnitTest\bin\Debug\net8.0\ServiceUnitTest.dll" adapterTypeName="executor://xunit/VsTestRunner2/netcoreapp" className="ServiceUnitTest.TestAsset.AssetServiceTests" name="GetAllAsync_WithNoSortBy_ShouldSortByCreatedAtDescending" />
    </UnitTest>
    <UnitTest name="ServiceUnitTest.Repositories.PriceQuotationRepositoryTests.GetByIdWithBuildingAsync_KhiIdTonTai_NenTraVeChiTiet" storage="d:\k17_ktpm\git_repo\team_repo\aparta-backend-api\serviceunittest\bin\debug\net8.0\serviceunittest.dll" id="08903901-081e-4aee-a83a-a1681061ed19">
      <Execution id="60c78976-8e86-44e0-9ab4-de38beaa0abc" />
      <TestMethod codeBase="D:\K17_KTPM\Git_Repo\Team_Repo\aparta-backend-api\ServiceUnitTest\bin\Debug\net8.0\ServiceUnitTest.dll" adapterTypeName="executor://xunit/VsTestRunner2/netcoreapp" className="ServiceUnitTest.Repositories.PriceQuotationRepositoryTests" name="GetByIdWithBuildingAsync_KhiIdTonTai_NenTraVeChiTiet" />
    </UnitTest>
    <UnitTest name="ServiceUnitTest.Services.PriceQuotationServiceTests.GetPriceQuotationByIdAsync_KhiIdTonTai_NenTraVeChiTiet" storage="d:\k17_ktpm\git_repo\team_repo\aparta-backend-api\serviceunittest\bin\debug\net8.0\serviceunittest.dll" id="bc4baa34-206b-564e-8b71-3dc6d66b5332">
      <Execution id="66dd44d6-54df-4d5e-a4d8-cc39bda650b1" />
      <TestMethod codeBase="D:\K17_KTPM\Git_Repo\Team_Repo\aparta-backend-api\ServiceUnitTest\bin\Debug\net8.0\ServiceUnitTest.dll" adapterTypeName="executor://xunit/VsTestRunner2/netcoreapp" className="ServiceUnitTest.Services.PriceQuotationServiceTests" name="GetPriceQuotationByIdAsync_KhiIdTonTai_NenTraVeChiTiet" />
    </UnitTest>
    <UnitTest name="ServiceUnitTest.Repositories.VisitorRepositoryTests.GetByIdAsync_KhiIdTonTai_NenTraVeVisitor" storage="d:\k17_ktpm\git_repo\team_repo\aparta-backend-api\serviceunittest\bin\debug\net8.0\serviceunittest.dll" id="8b0768ee-f92c-1597-dc16-e9e9b3a9780c">
      <Execution id="1cd05a33-9f63-47bf-89bd-fd1dd828ab4e" />
      <TestMethod codeBase="D:\K17_KTPM\Git_Repo\Team_Repo\aparta-backend-api\ServiceUnitTest\bin\Debug\net8.0\ServiceUnitTest.dll" adapterTypeName="executor://xunit/VsTestRunner2/netcoreapp" className="ServiceUnitTest.Repositories.VisitorRepositoryTests" name="GetByIdAsync_KhiIdTonTai_NenTraVeVisitor" />
    </UnitTest>
    <UnitTest name="ServiceUnitTest.TestVehicle.VehicleServiceTests.DeleteAsync_WhenSaveChangesFails_ShouldReturnFalse" storage="d:\k17_ktpm\git_repo\team_repo\aparta-backend-api\serviceunittest\bin\debug\net8.0\serviceunittest.dll" id="d9ac2201-89bd-4b5e-ebd1-4cb57fb79fa8">
      <Execution id="7b96f5ce-97c1-4a2e-bae8-ce43e89759ed" />
      <TestMethod codeBase="D:\K17_KTPM\Git_Repo\Team_Repo\aparta-backend-api\ServiceUnitTest\bin\Debug\net8.0\ServiceUnitTest.dll" adapterTypeName="executor://xunit/VsTestRunner2/netcoreapp" className="ServiceUnitTest.TestVehicle.VehicleServiceTests" name="DeleteAsync_WhenSaveChangesFails_ShouldReturnFalse" />
    </UnitTest>
    <UnitTest name="ServiceUnitTest.Services.ProposalServiceTests.GetProposalsForStaffAsync_KhiGoi_NenTraVePagedList" storage="d:\k17_ktpm\git_repo\team_repo\aparta-backend-api\serviceunittest\bin\debug\net8.0\serviceunittest.dll" id="e298a3fe-58fb-6a3a-753b-a81a74204e34">
      <Execution id="45c18eae-133a-4450-89f0-6a32072471a7" />
      <TestMethod codeBase="D:\K17_KTPM\Git_Repo\Team_Repo\aparta-backend-api\ServiceUnitTest\bin\Debug\net8.0\ServiceUnitTest.dll" adapterTypeName="executor://xunit/VsTestRunner2/netcoreapp" className="ServiceUnitTest.Services.ProposalServiceTests" name="GetProposalsForStaffAsync_KhiGoi_NenTraVePagedList" />
    </UnitTest>
    <UnitTest name="ServiceUnitTest.TestVehicle.VehicleServiceTests.GetByIdAsync_WhenVehicleNotFound_ShouldReturnNull" storage="d:\k17_ktpm\git_repo\team_repo\aparta-backend-api\serviceunittest\bin\debug\net8.0\serviceunittest.dll" id="ac0685fb-6cbe-a8b2-576a-f893283cc375">
      <Execution id="51253f0a-c737-4484-b0f2-4bc662015485" />
      <TestMethod codeBase="D:\K17_KTPM\Git_Repo\Team_Repo\aparta-backend-api\ServiceUnitTest\bin\Debug\net8.0\ServiceUnitTest.dll" adapterTypeName="executor://xunit/VsTestRunner2/netcoreapp" className="ServiceUnitTest.TestVehicle.VehicleServiceTests" name="GetByIdAsync_WhenVehicleNotFound_ShouldReturnNull" />
    </UnitTest>
    <UnitTest name="ServiceUnitTest.TestAsset.AssetServiceTests.CreateAsync_ShouldGenerateUniqueAssetId" storage="d:\k17_ktpm\git_repo\team_repo\aparta-backend-api\serviceunittest\bin\debug\net8.0\serviceunittest.dll" id="0f8ad43d-e87a-9b86-c2b0-3d64246500ad">
      <Execution id="e2648ead-aa5f-4cb2-a322-58ade3544661" />
      <TestMethod codeBase="D:\K17_KTPM\Git_Repo\Team_Repo\aparta-backend-api\ServiceUnitTest\bin\Debug\net8.0\ServiceUnitTest.dll" adapterTypeName="executor://xunit/VsTestRunner2/netcoreapp" className="ServiceUnitTest.TestAsset.AssetServiceTests" name="CreateAsync_ShouldGenerateUniqueAssetId" />
    </UnitTest>
    <UnitTest name="ServiceUnitTest.TestVehicle.VehicleServiceTests.DeleteAsync_WhenVehicleNotFound_ShouldReturnFalse" storage="d:\k17_ktpm\git_repo\team_repo\aparta-backend-api\serviceunittest\bin\debug\net8.0\serviceunittest.dll" id="e00880e5-4a59-a258-b187-79b95cf19a84">
      <Execution id="6e01432e-3503-4ee7-9de5-625de440fb43" />
      <TestMethod codeBase="D:\K17_KTPM\Git_Repo\Team_Repo\aparta-backend-api\ServiceUnitTest\bin\Debug\net8.0\ServiceUnitTest.dll" adapterTypeName="executor://xunit/VsTestRunner2/netcoreapp" className="ServiceUnitTest.TestVehicle.VehicleServiceTests" name="DeleteAsync_WhenVehicleNotFound_ShouldReturnFalse" />
    </UnitTest>
    <UnitTest name="ServiceUnitTest.TestAsset.AssetServiceTests.GetAllAsync_WithSortByInfo_Descending_ShouldReturnSortedAssets" storage="d:\k17_ktpm\git_repo\team_repo\aparta-backend-api\serviceunittest\bin\debug\net8.0\serviceunittest.dll" id="01d67411-1a81-aa6d-ffd0-a0f57b383a5d">
      <Execution id="2ab3739d-843e-488d-b9bb-157be5d9820d" />
      <TestMethod codeBase="D:\K17_KTPM\Git_Repo\Team_Repo\aparta-backend-api\ServiceUnitTest\bin\Debug\net8.0\ServiceUnitTest.dll" adapterTypeName="executor://xunit/VsTestRunner2/netcoreapp" className="ServiceUnitTest.TestAsset.AssetServiceTests" name="GetAllAsync_WithSortByInfo_Descending_ShouldReturnSortedAssets" />
    </UnitTest>
    <UnitTest name="ServiceUnitTest.Services.VisitorServiceTests.CreateVisitAsync_KhiVisitorDaTonTai_NenNemValidationException" storage="d:\k17_ktpm\git_repo\team_repo\aparta-backend-api\serviceunittest\bin\debug\net8.0\serviceunittest.dll" id="e138f28c-54c2-8099-fb61-170bde14e566">
      <Execution id="91ba6349-23d2-458f-871f-d6d7560842e0" />
      <TestMethod codeBase="D:\K17_KTPM\Git_Repo\Team_Repo\aparta-backend-api\ServiceUnitTest\bin\Debug\net8.0\ServiceUnitTest.dll" adapterTypeName="executor://xunit/VsTestRunner2/netcoreapp" className="ServiceUnitTest.Services.VisitorServiceTests" name="CreateVisitAsync_KhiVisitorDaTonTai_NenNemValidationException" />
    </UnitTest>
[...]
    <TestEntry testId="35119fbf-8466-bd08-a442-d805dc9918fa" executionId="5dc8c9ef-7dee-41fb-9b5d-086bba41e8a8" testListId="8c84fa94-04c1-424b-9868-57a2d4851a1d" />
    <TestEntry testId="08d305fb-58bd-dc09-c915-c28ca17deab3" executionId="24777344-0cae-4ef1-9017-a5c980615ae5" testListId="8c84fa94-04c1-424b-9868-57a2d4851a1d" />
    <TestEntry testId="33903387-4a17-8f06-d9b2-aa69aab48ab5" executionId="66f64868-b30a-4707-aa79-93ffce011078" testListId="8c84fa94-04c1-424b-9868-57a2d4851a1d" />
    <TestEntry testId="fbcbf036-afaf-1e6a-23ff-2e86e00e2c2c" executionId="1d6fb5a8-01b5-42a4-8183-b1eca15b8c79" testListId="8c84fa94-04c1-424b-9868-57a2d4851a1d" />
    <TestEntry testId="53ac88c5-172e-9619-25b7-03988178fb6a" executionId="b08d07e3-77ec-42a7-ae01-84d6093dbdc3" testListId="8c84fa94-04c1-424b-9868-57a2d4851a1d" />
    <TestEntry testId="6fb57b80-8976-077d-22ab-aab3f921c039" executionId="0dc22343-d049-4111-9c32-f38923ff5b4e" testListId="8c84fa94-04c1-424b-9868-57a2d4851a1d" />
    <TestEntry testId="65caf143-6045-4f93-1352-84bf06cb1c6c" executionId="8b5a8388-674a-464c-a9f1-6cca3dc53a02" testListId="8c84fa94-04c1-424b-9868-57a2d4851a1d" />
    <TestEntry testId="47717fdc-378e-e103-ea9c-b5e0672bed9c" executionId="4d6d3e80-2506-44fd-a16c-ac0e6275a52d" testListId="8c84fa94-04c1-424b-9868-57a2d4851a1d" />
    <TestEntry testId="0c0e3132-92a1-6f03-925c-35ea497d935e" executionId="32f3f80a-3008-4fe2-b74d-adee945d1883" testListId="8c84fa94-04c1-424b-9868-57a2d4851a1d" />
    <TestEntry testId="01d67411-1a81-aa6d-ffd0-a0f57b383a5d" executionId="2ab3739d-843e-488d-b9bb-157be5d9820d" testListId="8c84fa94-04c1-424b-9868-57a2d4851a1d" />
    <TestEntry testId="d7703cc6-772a-7efe-2362-8131da471502" executionId="906f072d-b320-42f6-9c33-f05011cea7de" testListId="8c84fa94-04c1-424b-9868-57a2d4851a1d" />
    <TestEntry testId="ac0685fb-6cbe-a8b2-576a-f893283cc375" executionId="51253f0a-c737-4484-b0f2-4bc662015485" testListId="8c84fa94-04c1-424b-9868-57a2d4851a1d" />
    <TestEntry testId="828ef680-936f-cda8-5b9e-824b89eb4bb8" executionId="f745df2d-7e53-4eb9-bc06-65d5994c00f2" testListId="8c84fa94-04c1-424b-9868-57a2d4851a1d" />
    <TestEntry testId="d9ac2201-89bd-4b5e-ebd1-4cb57fb79fa8" executionId="7b96f5ce-97c1-4a2e-bae8-ce43e89759ed" testListId="8c84fa94-04c1-424b-9868-57a2d4851a1d" />
    <TestEntry testId="ba22531b-e808-4f29-290a-03eaaed3cb1e" executionId="a1c3b73e-613c-4f7b-80c4-a2ed0030803e" testListId="8c84fa94-04c1-424b-9868-57a2d4851a1d" />
    <TestEntry testId="2fc4a7d0-c1e8-e7e4-9526-83a588dffa18" executionId="6da3bb35-3fe1-41f5-95b6-e3677eeb602a" testListId="8c84fa94-04c1-424b-9868-57a2d4851a1d" />
    <TestEntry testId="938b8379-f5ce-a109-e6da-f9811e1cdef0" executionId="01f51d61-1ea3-40dd-897f-b727328a18d9" testListId="8c84fa94-04c1-424b-9868-57a2d4851a1d" />
    <TestEntry testId="b9e2e70c-65f5-8502-5796-f8a87fac9fe2" executionId="83fe5931-93c3-4328-abe3-5d3b94793d97" testListId="8c84fa94-04c1-424b-9868-57a2d4851a1d" />
    <TestEntry testId="bc4baa34-206b-564e-8b71-3dc6d66b5332" executionId="66dd44d6-54df-4d5e-a4d8-cc39bda650b1" testListId="8c84fa94-04c1-424b-9868-57a2d4851a1d" />
    <TestEntry testId="08903901-081e-4aee-a83a-a1681061ed19" executionId="60c78976-8e86-44e0-9ab4-de38beaa0abc" testListId="8c84fa94-04c1-424b-9868-57a2d4851a1d" />
    <TestEntry testId="66da7052-acd2-95c3-8103-1777b06650b3" executionId="c1aba670-fd5c-4446-bdc0-087bd6c61b1e" testListId="8c84fa94-04c1-424b-9868-57a2d4851a1d" />
    <TestEntry testId="785cc6f3-cb4e-88c9-0ab5-82497f6469e3" executionId="68b355e6-a06e-4580-a3b4-96a4e5e0e76a" testListId="8c84fa94-04c1-424b-9868-57a2d4851a1d" />
    <TestEntry testId="f39a078b-b5cb-8596-274a-9522ff1e951d" executionId="d3e2332b-f45f-4830-ae7c-d4031c12bbdc" testListId="8c84fa94-04c1-424b-9868-57a2d4851a1d" />
    <TestEntry testId="a596a705-2c09-c671-491a-1aa3004e7fb5" executionId="b75fef6d-5a8a-4041-b36b-ab1c34511fff" testListId="8c84fa94-04c1-424b-9868-57a2d4851a1d" />
    <TestEntry testId="8b0768ee-f92c-1597-dc16-e9e9b3a9780c" executionId="1cd05a33-9f63-47bf-89bd-fd1dd828ab4e" testListId="8c84fa94-04c1-424b-9868-57a2d4851a1d" />
    <TestEntry testId="e583f6af-2510-31bd-3647-03513ba1bba5" executionId="9e890a10-2005-4b27-910f-a79a9eaac10a" testListId="8c84fa94-04c1-424b-9868-57a2d4851a1d" />
    <TestEntry testId="e138f28c-54c2-8099-fb61-170bde14e566" executionId="91ba6349-23d2-458f-871f-d6d7560842e0" testListId="8c84fa94-04c1-424b-9868-57a2d4851a1d" />
    <TestEntry testId="7c330c24-b8a5-d704-93ae-65f327fde930" executionId="0cc84fa4-a374-40e9-a794-940e69d0fab3" testListId="8c84fa94-04c1-424b-9868-57a2d4851a1d" />
    <TestEntry testId="606e350c-500a-bec5-2bb6-5ec6bf75fb0a" executionId="4507a242-c416-47f9-9e2b-47cf3b395e28" testListId="8c84fa94-04c1-424b-9868-57a2d4851a1d" />
    <TestEntry testId="690eee46-5bb0-2017-8434-f8bfad3c8eb4" executionId="2bd1fd86-a53a-4593-8768-e4b03ff3676b" testListId="8c84fa94-04c1-424b-9868-57a2d4851a1d" />
    <TestEntry testId="f8acbb5f-d745-6ba2-3a63-97b5a9edcf98" executionId="21bc95a0-0491-4803-8adc-a6f2641c7547" testListId="8c84fa94-04c1-424b-9868-57a2d4851a1d" />
    <TestEntry testId="8bd405ab-80aa-497d-244c-cce12385a01f" executionId="122a3d1b-2f87-4bb2-8307-1b9b08f63047" testListId="8c84fa94-04c1-424b-9868-57a2d4851a1d" />
    <TestEntry testId="0a411339-16d1-8d54-b087-c1ec9094d0e7" executionId="3c55d906-b0aa-4416-ba41-2656a1d27b06" testListId="8c84fa94-04c1-424b-9868-57a2d4851a1d" />
    <TestEntry testId="17054e1d-b925-6aa1-e9e8-b2c350d7d955" executionId="92d1ce5c-638e-4108-867e-463fb6cbd4ae" testListId="8c84fa94-04c1-424b-9868-57a2d4851a1d" />
    <TestEntry testId="21cdc907-8860-bcc1-3525-833b57f14188" executionId="4ee42338-1f9b-4bfd-b8b3-a6f8d1f99a19" testListId="8c84fa94-04c1-424b-9868-57a2d4851a1d" />
    <TestEntry testId="eacb5974-faae-2d81-9116-ad2db1f71cf0" executionId="2c149bf1-8ee7-4809-92d8-ba85adb888f7" testListId="8c84fa94-04c1-424b-9868-57a2d4851a1d" />
    <TestEntry testId="d7bc34c8-3a15-85f7-e780-5f2e5ffe7cec" executionId="2daa1736-85a6-446c-8195-fced078cf7ed" testListId="8c84fa94-04c1-424b-9868-57a2d4851a1d" />
    <TestEntry testId="0964f890-4273-8f6b-0908-6f11902c3ae8" executionId="59f52bb0-5b5d-458e-a4ef-c5ce121790d7" testListId="8c84fa94-04c1-424b-9868-57a2d4851a1d" />
    <TestEntry testId="2ad1b383-3fa3-733f-16ce-aacd035893fb" executionId="753a7d97-eac2-4f3e-8352-7b9cd8a001cf" testListId="8c84fa94-04c1-424b-9868-57a2d4851a1d" />
    <TestEntry testId="e298a3fe-58fb-6a3a-753b-a81a74204e34" executionId="45c18eae-133a-4450-89f0-6a32072471a7" testListId="8c84fa94-04c1-424b-9868-57a2d4851a1d" />
    <TestEntry testId="18ea6aaa-8759-1127-338b-c07fffca5745" executionId="41e8ffcf-5e7c-46d8-a31a-963992cf826f" testListId="8c84fa94-04c1-424b-9868-57a2d4851a1d" />
    <TestEntry testId="e529748a-bb58-6278-13e1-dc90e4c03e41" executionId="229875b1-dcc5-48f4-9b7a-1e240507ad8e" testListId="8c84fa94-04c1-424b-9868-57a2d4851a1d" />
    <TestEntry testId="6e89261e-8129-cc5d-6a50-bf1ef3ddec7c" executionId="3109107d-a2fe-4180-bb6e-04a40fc7b9a5" testListId="8c84fa94-04c1-424b-9868-57a2d4851a1d" />
    <TestEntry testId="0ee5cfe1-27c2-2bdd-baea-7434f0357835" executionId="c90793af-caea-4358-addc-bff33ff13b85" testListId="8c84fa94-04c1-424b-9868-57a2d4851a1d" />
    <TestEntry testId="4f4a9432-580f-50c0-4d55-79a8b9699def" executionId="0c25cc77-8a09-480a-a61d-92a2e5f81f05" testListId="8c84fa94-04c1-424b-9868-57a2d4851a1d" />
    <TestEntry testId="c33989d6-500a-c0b6-0057-da1ebf6e21a8" executionId="28206f0e-76c7-4478-8548-bfcccc729fbc" testListId="8c84fa94-04c1-424b-9868-57a2d4851a1d" />
    <TestEntry testId="de73053c-e28c-9cf8-0aeb-566f9b88f360" executionId="116a5e7d-75db-43b7-a63d-911ccd8f7eb8" testListId="8c84fa94-04c1-424b-9868-57a2d4851a1d" />
    <TestEntry testId="43e0e8e9-6ba6-e05a-d59e-c20c5a40777e" executionId="0ede2bbb-11a3-4aba-b8e1-3261df1e77e2" testListId="8c84fa94-04c1-424b-9868-57a2d4851a1d" />
    <TestEntry testId="98c4f1ac-88ae-f049-40df-f37dad0fc4f9" executionId="13324911-8dab-4743-952a-1e8316e78561" testListId="8c84fa94-04c1-424b-9868-57a2d4851a1d" />
    <TestEntry testId="f44431fb-5b17-ee96-7ed8-a2fafd85620f" executionId="eecaac63-0e77-4865-896a-19bbb976e37a" testListId="8c84fa94-04c1-424b-9868-57a2d4851a1d" />
    <TestEntry testId="ffc1cc8f-2b4d-f450-c3a6-a2b7509a95fb" executionId="d6bce604-880f-4953-9bac-1d21ce6aab51" testListId="8c84fa94-04c1-424b-9868-57a2d4851a1d" />
    <TestEntry testId="2fd907ea-09be-2e75-f7f0-6e1643a0f3ad" executionId="de3fd521-c0d1-43dd-8082-0e1d43f3e8db" testListId="8c84fa94-04c1-424b-9868-57a2d4851a1d" />
    <TestEntry testId="f8d24f85-f662-71c0-33fe-3ae31a753dec" executionId="45301750-2a98-4a41-bb7c-956f81a0491a" testListId="8c84fa94-04c1-424b-9868-57a2d4851a1d" />
    <TestEntry testId="6034d841-d46e-8426-eef5-f1caf730f81d" executionId="c3e798ff-648c-4283-986f-9e31c457b99a" testListId="8c84fa94-04c1-424b-9868-57a2d4851a1d" />
  </TestEntries>
  <TestLists>
    <TestList name="Results Not in a List" id="8c84fa94-04c1-424b-9868-57a2d4851a1d" />
    <TestList name="All Loaded Results" id="19431567-8539-422a-85d7-44ee4e166bda" />
  </TestLists>
  <ResultSummary outcome="Failed">
    <Counters total="99" executed="99" passed="94" failed="5" error="0" timeout="0" aborted="0" inconclusive="0" passedButRunAborted="0" notRunnable="0" notExecuted="0" disconnected="0" warning="0" completed="0" inProgress="0" pending="0" />
    <Output>
      <StdOut>[xUnit.net 00:00:00.00] xUnit.net VSTest Adapter v2.5.3.1+6b60a9e56a (64-bit .NET 8.0.18)&#xD;
[xUnit.net 00:00:00.08]   Discovering: ServiceUnitTest&#xD;
[xUnit.net 00:00:00.12]   Discovered:  ServiceUnitTest&#xD;
[xUnit.net 00:00:00.12]   Starting:    ServiceUnitTest&#xD;
     Warning:&#xD;
     The component "Fluent Assertions" is governed by the rules defined in the Xceed License Agreement and&#xD;
     the Xceed Fluent Assertions Community License. You may use Fluent Assertions free of charge for&#xD;
     non-commercial use only. An active subscription is required to use Fluent Assertions for commercial use.&#xD;
     Please contact Xceed Sales mailto:sales@xceed.com to acquire a subscription at a very low cost.&#xD;
     A paid commercial license supports the development and continued increasing support of&#xD;
     Fluent Assertions users under both commercial and community licenses. Help us&#xD;
     keep Fluent Assertions at the forefront of unit testing.&#xD;
     For more information, visit https://xceed.com/products/unit-testing/fluent-assertions/&#xD;
[xUnit.net 00:00:00.38]       Expected result.Message not to be &lt;null&gt;.&#xD;
[xUnit.net 00:00:00.38]       Stack Trace:&#xD;
[xUnit.net 00:00:00.38]            at FluentAssertions.Execution.LateBoundTestFramework.Throw(String message)&#xD;
[xUnit.net 00:00:00.38]            at FluentAssertions.Execution.DefaultAssertionStrategy.HandleFailure(String message)&#xD;
[xUnit.net 00:00:00.38]            at FluentAssertions.Execution.AssertionScope.AddPreFormattedFailure(String formattedFailureMessage)&#xD;
[xUnit.net 00:00:00.38]            at FluentAssertions.Execution.AssertionChain.FailWith(Func`1 getFailureReason)&#xD;
[xUnit.net 00:00:00.38]            at FluentAssertions.Execution.AssertionChain.FailWith(Func`1 getFailureReason)&#xD;
[xUnit.net 00:00:00.38]            at FluentAssertions.Execution.AssertionChain.FailWith(String message)&#xD;
[xUnit.net 00:00:00.38]            at FluentAssertions.Primitives.ReferenceTypeAssertions`2.NotBeNull(String because, Object[] becauseArgs)&#xD;
[xUnit.net 00:00:00.38]         D:\K17_KTPM\Git_Repo\Team_Repo\aparta-backend-api\ServiceUnitTest\Services\ChatServiceTests.cs(152,0): at ServiceUnitTest.Services.ChatServiceTests.SendMessageAsync_KhiThongTinHopLe_NenGuiTinNhan()&#xD;
[xUnit.net 00:00:00.38]         --- End of stack trace from previous location ---&#xD;
[xUnit.net 00:00:00.42]       System.InvalidCastException : Unable to cast object of type 'ServiceUnitTest.Helpers.TestAsyncEnumerable`1[ApartaAPI.Models.VisitLog]' to type 'System.Linq.IQueryable`1[ApartaAPI.DTOs.VisitLogs.VisitLogStaffViewDto]'.&#xD;
[xUnit.net 00:00:00.42]       Stack Trace:&#xD;
[xUnit.net 00:00:00.42]            at AutoMapper.QueryableExtensions.Extensions.ToCore[TResult](IQueryable source, IConfigurationProvider configuration, Object parameters, IEnumerable`1 memberPathsToExpand)&#xD;
[xUnit.net 00:00:00.42]            at AutoMapper.QueryableExtensions.Extensions.ProjectTo[TDestination](IQueryable source, IConfigurationProvider configuration, Object parameters, Expression`1[] membersToExpand)&#xD;
[xUnit.net 00:00:00.42]            at AutoMapper.QueryableExtensions.Extensions.ProjectTo[TDestination](IQueryable source, IConfigurationProvider configuration, Expression`1[] membersToExpand)&#xD;
[xUnit.net 00:00:00.42]         D:\K17_KTPM\Git_Repo\Team_Repo\aparta-backend-api\ApartaAPI\Services\VisitLogService.cs(62,0): at ApartaAPI.Services.VisitLogService.GetStaffViewLogsAsync(VisitorQueryParameters queryParams)&#xD;
[xUnit.net 00:00:00.42]         D:\K17_KTPM\Git_Repo\Team_Repo\aparta-backend-api\ServiceUnitTest\Services\VisitLogServiceTests.cs(51,0): at ServiceUnitTest.Services.VisitLogServiceTests.GetStaffViewLogsAsync_KhiCoThamSo_NenTraVePagedList()&#xD;
[xUnit.net 00:00:00.42]         --- End of stack trace from previous location ---&#xD;
[xUnit.net 00:00:00.74]       System.ArgumentNullException : Value cannot be null. (Parameter 'source')&#xD;
[xUnit.net 00:00:00.74]       Stack Trace:&#xD;
[xUnit.net 00:00:00.74]            at System.Linq.ThrowHelper.ThrowArgumentNullException(ExceptionArgument argument)&#xD;
[xUnit.net 00:00:00.74]            at System.Linq.Enumerable.Select[TSource,TResult](IEnumerable`1 source, Func`2 selector)&#xD;
[xUnit.net 00:00:00.74]         D:\K17_KTPM\Git_Repo\Team_Repo\aparta-backend-api\ApartaAPI\Services\UserManagementService.cs(86,0): at ApartaAPI.Services.UserManagementService.GetAccountsByRoleInternalAsync(UserQueryParams queryParams, List`1 roles)&#xD;
[xUnit.net 00:00:00.74]         D:\K17_KTPM\Git_Repo\Team_Repo\aparta-backend-api\ApartaAPI\Services\UserManagementService.cs(159,0): at ApartaAPI.Services.UserManagementService.CreateStaffAccountAsync(StaffCreateDto createDto)&#xD;
[xUnit.net 00:00:00.74]         D:\K17_KTPM\Git_Repo\Team_Repo\aparta-backend-api\ServiceUnitTest\Services\UserManagementServiceTests.cs(110,0): at ServiceUnitTest.Services.UserManagementServiceTests.CreateStaffAccountAsync_KhiHopLe_NenTaoStaff()&#xD;
[xUnit.net 00:00:00.74]         --- End of stack trace from previous location ---&#xD;
[xUnit.net 00:00:01.12]       System.InvalidOperationException : Unable to track an entity of type 'Role' because its primary key property 'RoleId' is null.&#xD;
[xUnit.net 00:00:01.12]       Stack Trace:&#xD;
[xUnit.net 00:00:01.12]            at Microsoft.EntityFrameworkCore.ChangeTracking.Internal.NullableKeyIdentityMap`1.Add(InternalEntityEntry entry)&#xD;
[xUnit.net 00:00:01.12]            at Microsoft.EntityFrameworkCore.ChangeTracking.Internal.StateManager.StartTracking(InternalEntityEntry entry)&#xD;
[xUnit.net 00:00:01.12]            at Microsoft.EntityFrameworkCore.ChangeTracking.Internal.InternalEntityEntry.SetEntityState(EntityState oldState, EntityState newState, Boolean acceptChanges, Boolean modifyProperties)&#xD;
[xUnit.net 00:00:01.12]            at Microsoft.EntityFrameworkCore.ChangeTracking.Internal.InternalEntityEntry.SetEntityStateAsync(EntityState entityState, Boolean acceptChanges, Boolean modifyProperties, Nullable`1 forceStateWhenUnknownKey, Nullable`1 fallbackState, CancellationToken cancellationToken)&#xD;
[xUnit.net 00:00:01.12]            at Microsoft.EntityFrameworkCore.ChangeTracking.Internal.EntityGraphAttacher.PaintActionAsync(EntityEntryGraphNode`1 node, CancellationToken cancellationToken)&#xD;
[xUnit.net 00:00:01.12]            at Microsoft.EntityFrameworkCore.ChangeTracking.Internal.EntityEntryGraphIterator.TraverseGraphAsync[TState](EntityEntryGraphNode`1 node, Func`3 handleNode, CancellationToken cancellationToken)&#xD;
[xUnit.net 00:00:01.12]            at Microsoft.EntityFrameworkCore.ChangeTracking.Internal.EntityEntryGraphIterator.TraverseGraphAsync[TState](EntityEntryGraphNode`1 node, Func`3 handleNode, CancellationToken cancellationToken)&#xD;
[xUnit.net 00:00:01.12]            at Microsoft.EntityFrameworkCore.ChangeTracking.Internal.EntityGraphAttacher.AttachGraphAsync(InternalEntityEntry rootEntry, EntityState targetState, EntityState storeGeneratedWithKeySetTargetState, Boolean forceStateWhenUnknownKey, CancellationToken cancellationToken)&#xD;
[xUnit.net 00:00:01.12]            at Microsoft.EntityFrameworkCore.Internal.InternalDbSet`1.AddRangeAsync(TEntity[] entities)&#xD;
[xUnit.net 00:00:01.12]         D:\K17_KTPM\Git_Repo\Team_Repo\aparta-backend-api\ServiceUnitTest\Services\ChatServiceTests.cs(73,0): at ServiceUnitTest.Services.ChatServiceTests.CreateAdHocInteractionAsync_KhiChuaTonTai_NenTaoMoi()&#xD;
[xUnit.net 00:00:01.12]         --- End of stack trace from previous location ---&#xD;
[xUnit.net 00:00:01.15]       Expected result to contain 1 item(s), but found 0: {empty}.&#xD;
[xUnit.net 00:00:01.15]       Stack Trace:&#xD;
[xUnit.net 00:00:01.15]            at FluentAssertions.Execution.LateBoundTestFramework.Throw(String message)&#xD;
[xUnit.net 00:00:01.15]            at FluentAssertions.Execution.DefaultAssertionStrategy.HandleFailure(String message)&#xD;
[xUnit.net 00:00:01.15]            at FluentAssertions.Execution.AssertionScope.AddPreFormattedFailure(String formattedFailureMessage)&#xD;
[xUnit.net 00:00:01.15]            at FluentAssertions.Execution.AssertionChain.FailWith(Func`1 getFailureReason)&#xD;
[xUnit.net 00:00:01.15]            at FluentAssertions.Execution.AssertionChain.FailWith(Func`1 getFailureReason)&#xD;
[xUnit.net 00:00:01.15]            at FluentAssertions.Execution.AssertionChain.FailWith(String message, Object[] args)&#xD;
[xUnit.net 00:00:01.15]            at FluentAssertions.Collections.GenericCollectionAssertions`3.HaveCount(Int32 expected, String because, Object[] becauseArgs)&#xD;
[xUnit.net 00:00:01.15]         D:\K17_KTPM\Git_Repo\Team_Repo\aparta-backend-api\ServiceUnitTest\Services\ChatServiceTests.cs(133,0): at ServiceUnitTest.Services.ChatServiceTests.GetMessageHistoryAsync_KhiGoi_NenTraVeTinNhanVaMarkRead()&#xD;
[xUnit.net 00:00:01.15]         --- End of stack trace from previous location ---&#xD;
[xUnit.net 00:00:01.36]   Finished:    ServiceUnitTest&#xD;
</StdOut>
    </Output>
    <RunInfos>
      <RunInfo computerName="TAMJEE" outcome="Error" timestamp="2025-11-30T02:51:39.0347938+07:00">
        <Text>[xUnit.net 00:00:00.37]     ServiceUnitTest.Services.ChatServiceTests.SendMessageAsync_KhiThongTinHopLe_NenGuiTinNhan [FAIL]</Text>
      </RunInfo>
      <RunInfo computerName="TAMJEE" outcome="Error" timestamp="2025-11-30T02:51:39.0815250+07:00">
        <Text>[xUnit.net 00:00:00.42]     ServiceUnitTest.Services.VisitLogServiceTests.GetStaffViewLogsAsync_KhiCoThamSo_NenTraVePagedList [FAIL]</Text>
      </RunInfo>
      <RunInfo computerName="TAMJEE" outcome="Error" timestamp="2025-11-30T02:51:39.3984978+07:00">
        <Text>[xUnit.net 00:00:00.74]     ServiceUnitTest.Services.UserManagementServiceTests.CreateStaffAccountAsync_KhiHopLe_NenTaoStaff [FAIL]</Text>
      </RunInfo>
      <RunInfo computerName="TAMJEE" outcome="Error" timestamp="2025-11-30T02:51:39.7794597+07:00">
        <Text>[xUnit.net 00:00:01.12]     ServiceUnitTest.Services.ChatServiceTests.CreateAdHocInteractionAsync_KhiChuaTonTai_NenTaoMoi [FAIL]</Text>
      </RunInfo>
      <RunInfo computerName="TAMJEE" outcome="Error" timestamp="2025-11-30T02:51:39.8090227+07:00">
        <Text>[xUnit.net 00:00:01.15]     ServiceUnitTest.Services.ChatServiceTests.GetMessageHistoryAsync_KhiGoi_NenTraVeTinNhanVaMarkRead [FAIL]</Text>
      </RunInfo>
    </RunInfos>
  </ResultSummary>
</TestRun>