<?xml version="1.0" encoding="utf-8"?>
<TestRun id="f000099f-fe4c-4423-9a18-0eb33fa0f1fe" name="xuant@TAMJEE 2025-11-30 02:52:20" runUser="TAMJEE\xuant" xmlns="http://microsoft.com/schemas/VisualStudio/TeamTest/2010">
  <Times creation="2025-11-30T02:52:20.8766923+07:00" queuing="2025-11-30T02:52:20.8766930+07:00" start="2025-11-30T02:52:20.0485855+07:00" finish="2025-11-30T02:52:21.7895160+07:00" />
  <TestSettings name="default" id="7d94ea8f-d0ca-4cca-ba08-8a094e00e9ed">
    <Deployment runDeploymentRoot="xuant_TAMJEE_2025-11-30_02_52_20" />
  </TestSettings>
  <Results>
    <UnitTestResult executionId="79d339be-ecc2-4322-a394-ffa5b114ce3d" testId="ac0685fb-6cbe-a8b2-576a-f893283cc375" testName="ServiceUnitTest.TestVehicle.VehicleServiceTests.GetByIdAsync_WhenVehicleNotFound_ShouldReturnNull" computerName="TAMJEE" duration="00:00:00.0018487" startTime="2025-11-30T02:52:20.9638400+07:00" endTime="2025-11-30T02:52:20.9638404+07:00" testType="13cdc9d9-ddb5-4fa4-a97d-d965ccfc6d4b" outcome="Passed" testListId="8c84fa94-04c1-424b-9868-57a2d4851a1d" relativeResultsDirectory="79d339be-ecc2-4322-a394-ffa5b114ce3d" />
    <UnitTestResult executionId="32b937a8-f0be-4685-8e76-43cf9386d976" testId="737fddb8-8f79-cfc6-8636-3ed8d5812bd0" testName="ServiceUnitTest.Services.ProposalServiceTests.GetProposalsByResidentAsync_KhiGoi_NenTraVeDanhSach" computerName="TAMJEE" duration="00:00:00.0044307" startTime="2025-11-30T02:52:21.6132750+07:00" endTime="2025-11-30T02:52:21.6132752+07:00" testType="13cdc9d9-ddb5-4fa4-a97d-d965ccfc6d4b" outcome="Passed" testListId="8c84fa94-04c1-424b-9868-57a2d4851a1d" relativeResultsDirectory="32b937a8-f0be-4685-8e76-43cf9386d976" />
    <UnitTestResult executionId="d49e4e87-6d24-40c5-bc1d-02935f0379c2" testId="8bd405ab-80aa-497d-244c-cce12385a01f" testName="ServiceUnitTest.Repositories.MessageRepositoryTests.GetTotalUnreadCountAsync_KhiGoi_NenTraVeTongSoLuongChuaDoc" computerName="TAMJEE" duration="00:00:00.0512939" startTime="2025-11-30T02:52:21.6004630+07:00" endTime="2025-11-30T02:52:21.6004632+07:00" testType="13cdc9d9-ddb5-4fa4-a97d-d965ccfc6d4b" outcome="Passed" testListId="8c84fa94-04c1-424b-9868-57a2d4851a1d" relativeResultsDirectory="d49e4e87-6d24-40c5-bc1d-02935f0379c2" />
    <UnitTestResult executionId="ffcfe9a2-be5a-4e87-81f0-75d16bf0afa7" testId="1e3254d3-d7be-138d-5284-b29f981e6d3b" testName="ServiceUnitTest.Repositories.ProposalRepositoryTests.GetResidentProposalsAsync_KhiResidentIdTonTai_NenTraVeDanhSachProposal" computerName="TAMJEE" duration="00:00:00.0429794" startTime="2025-11-30T02:52:21.6674847+07:00" endTime="2025-11-30T02:52:21.6674855+07:00" testType="13cdc9d9-ddb5-4fa4-a97d-d965ccfc6d4b" outcome="Passed" testListId="8c84fa94-04c1-424b-9868-57a2d4851a1d" relativeResultsDirectory="ffcfe9a2-be5a-4e87-81f0-75d16bf0afa7" />
    <UnitTestResult executionId="a9f732cb-0f3f-438a-b0f3-8de07dec05b9" testId="785cc6f3-cb4e-88c9-0ab5-82497f6469e3" testName="ServiceUnitTest.Repositories.VisitorRepositoryTests.AddAsync_KhiVisitorHopLe_NenThemThanhCong" computerName="TAMJEE" duration="00:00:00.0028203" startTime="2025-11-30T02:52:21.5372512+07:00" endTime="2025-11-30T02:52:21.5372513+07:00" testType="13cdc9d9-ddb5-4fa4-a97d-d965ccfc6d4b" outcome="Passed" testListId="8c84fa94-04c1-424b-9868-57a2d4851a1d" relativeResultsDirectory="a9f732cb-0f3f-438a-b0f3-8de07dec05b9" />
    <UnitTestResult executionId="e549d283-89e2-4e16-887d-9ea7dbe8dc09" testId="606e350c-500a-bec5-2bb6-5ec6bf75fb0a" testName="ServiceUnitTest.Repositories.UserManagementRepositoryTests.GetStaffAssignmentsAsync_KhiUserIdTonTai_NenTraVeDanhSachAssignment" computerName="TAMJEE" duration="00:00:00.0351210" startTime="2025-11-30T02:52:21.6596304+07:00" endTime="2025-11-30T02:52:21.6596308+07:00" testType="13cdc9d9-ddb5-4fa4-a97d-d965ccfc6d4b" outcome="Passed" testListId="8c84fa94-04c1-424b-9868-57a2d4851a1d" relativeResultsDirectory="e549d283-89e2-4e16-887d-9ea7dbe8dc09" />
    <UnitTestResult executionId="ae1f26a5-5447-4667-81ef-9a09968d45a1" testId="47717fdc-378e-e103-ea9c-b5e0672bed9c" testName="ServiceUnitTest.TestAsset.AssetServiceTests.UpdateAsync_WhenAssetExists_ShouldUpdateUpdatedAt" computerName="TAMJEE" duration="00:00:00.0056580" startTime="2025-11-30T02:52:20.8866843+07:00" endTime="2025-11-30T02:52:20.8866869+07:00" testType="13cdc9d9-ddb5-4fa4-a97d-d965ccfc6d4b" outcome="Passed" testListId="8c84fa94-04c1-424b-9868-57a2d4851a1d" relativeResultsDirectory="ae1f26a5-5447-4667-81ef-9a09968d45a1" />
    <UnitTestResult executionId="ad34d3cd-4f11-492c-bb26-e391b2e8ecc3" testId="98c4f1ac-88ae-f049-40df-f37dad0fc4f9" testName="ServiceUnitTest.Repositories.ProposalRepositoryTests.GetProposalDetailsAsync_KhiIdTonTai_NenTraVeChiTietVoiIncludes" computerName="TAMJEE" duration="00:00:00.9216924" startTime="2025-11-30T02:52:21.6243267+07:00" endTime="2025-11-30T02:52:21.6243270+07:00" testType="13cdc9d9-ddb5-4fa4-a97d-d965ccfc6d4b" outcome="Passed" testListId="8c84fa94-04c1-424b-9868-57a2d4851a1d" relativeResultsDirectory="ad34d3cd-4f11-492c-bb26-e391b2e8ecc3" />
    <UnitTestResult executionId="25077d5d-3a4c-43d1-9023-d9c5c1d77e98" testId="938b8379-f5ce-a109-e6da-f9811e1cdef0" testName="ServiceUnitTest.Repositories.VisitorRepositoryTests.UpdateAsync_KhiVisitorHopLe_NenCapNhatThanhCong" computerName="TAMJEE" duration="00:00:00.0054821" startTime="2025-11-30T02:52:21.5429880+07:00" endTime="2025-11-30T02:52:21.5429886+07:00" testType="13cdc9d9-ddb5-4fa4-a97d-d965ccfc6d4b" outcome="Passed" testListId="8c84fa94-04c1-424b-9868-57a2d4851a1d" relativeResultsDirectory="25077d5d-3a4c-43d1-9023-d9c5c1d77e98" />
    <UnitTestResult executionId="cb7f663b-fc0a-4982-a904-61e083201398" testId="4f4a9432-580f-50c0-4d55-79a8b9699def" testName="ServiceUnitTest.TestAsset.AssetServiceTests.DeleteAsync_WhenAssetExists_ShouldDeleteAndReturnTrue" computerName="TAMJEE" duration="00:00:00.0025628" startTime="2025-11-30T02:52:20.9492760+07:00" endTime="2025-11-30T02:52:20.9492761+07:00" testType="13cdc9d9-ddb5-4fa4-a97d-d965ccfc6d4b" outcome="Passed" testListId="8c84fa94-04c1-424b-9868-57a2d4851a1d" relativeResultsDirectory="cb7f663b-fc0a-4982-a904-61e083201398" />
    <UnitTestResult executionId="9514ebd5-fa1b-4c18-baf2-f4c1bf11466b" testId="5da4d1e3-fb19-664f-2de3-214ea4028a46" testName="ServiceUnitTest.Repositories.ProposalRepositoryTests.GetStaffProposalsQuery_KhiGoi_NenTraVeQuery" computerName="TAMJEE" duration="00:00:00.0222545" startTime="2025-11-30T02:52:21.7305052+07:00" endTime="2025-11-30T02:52:21.7305062+07:00" testType="13cdc9d9-ddb5-4fa4-a97d-d965ccfc6d4b" outcome="Passed" testListId="8c84fa94-04c1-424b-9868-57a2d4851a1d" relativeResultsDirectory="9514ebd5-fa1b-4c18-baf2-f4c1bf11466b" />
    <UnitTestResult executionId="5f1a8cad-d75d-48d5-86d1-9f08d6d33f9d" testId="bfb37e57-bf81-8cb9-c5bb-a2d33d19a539" testName="ServiceUnitTest.TestAsset.AssetServiceTests.GetAllAsync_WithSortByQuantity_Descending_ShouldReturnSortedAssets" computerName="TAMJEE" duration="00:00:00.0211665" startTime="2025-11-30T02:52:20.9080780+07:00" endTime="2025-11-30T02:52:20.9080784+07:00" testType="13cdc9d9-ddb5-4fa4-a97d-d965ccfc6d4b" outcome="Passed" testListId="8c84fa94-04c1-424b-9868-57a2d4851a1d" relativeResultsDirectory="5f1a8cad-d75d-48d5-86d1-9f08d6d33f9d" />
    <UnitTestResult executionId="b06d1be3-d110-4174-ae8c-581202924645" testId="a6d84dd5-241f-d59d-c5a4-e108491d4fba" testName="ServiceUnitTest.TestVehicle.VehicleServiceTests.GetAllAsync_WithNullQuery_ShouldReturnAllVehicles" computerName="TAMJEE" duration="00:00:00.0011354" startTime="2025-11-30T02:52:20.9914871+07:00" endTime="2025-11-30T02:52:20.9914875+07:00" testType="13cdc9d9-ddb5-4fa4-a97d-d965ccfc6d4b" outcome="Passed" testListId="8c84fa94-04c1-424b-9868-57a2d4851a1d" relativeResultsDirectory="b06d1be3-d110-4174-ae8c-581202924645" />
    <UnitTestResult executionId="c7398e84-0a05-427c-b7c9-191b0aaa77a6" testId="a596a705-2c09-c671-491a-1aa3004e7fb5" testName="ServiceUnitTest.Services.UserManagementServiceTests.GetResidentAccountsAsync_KhiGoi_NenTraVeDanhSachResident" computerName="TAMJEE" duration="00:00:00.0039065" startTime="2025-11-30T02:52:21.2417858+07:00" endTime="2025-11-30T02:52:21.2417860+07:00" testType="13cdc9d9-ddb5-4fa4-a97d-d965ccfc6d4b" outcome="Passed" testListId="8c84fa94-04c1-424b-9868-57a2d4851a1d" relativeResultsDirectory="c7398e84-0a05-427c-b7c9-191b0aaa77a6" />
    <UnitTestResult executionId="ce30b4d9-ac01-47e0-9d88-e1c87d5f5d7c" testId="8b0768ee-f92c-1597-dc16-e9e9b3a9780c" testName="ServiceUnitTest.Repositories.VisitorRepositoryTests.GetByIdAsync_KhiIdTonTai_NenTraVeVisitor" computerName="TAMJEE" duration="00:00:00.8315382" startTime="2025-11-30T02:52:21.5342667+07:00" endTime="2025-11-30T02:52:21.5342669+07:00" testType="13cdc9d9-ddb5-4fa4-a97d-d965ccfc6d4b" outcome="Passed" testListId="8c84fa94-04c1-424b-9868-57a2d4851a1d" relativeResultsDirectory="ce30b4d9-ac01-47e0-9d88-e1c87d5f5d7c" />
    <UnitTestResult executionId="c6468316-b94d-4db7-be7c-a2259e9b60ec" testId="99f7114f-f099-c11f-e6c6-b99479bebb6b" testName="ServiceUnitTest.Services.VisitorServiceTests.CreateVisitAsync_KhiCheckInTuongLai_NenSetStatusPending" computerName="TAMJEE" duration="00:00:00.1208758" startTime="2025-11-30T02:52:20.8313515+07:00" endTime="2025-11-30T02:52:20.8313517+07:00" testType="13cdc9d9-ddb5-4fa4-a97d-d965ccfc6d4b" outcome="Passed" testListId="8c84fa94-04c1-424b-9868-57a2d4851a1d" relativeResultsDirectory="c6468316-b94d-4db7-be7c-a2259e9b60ec" />
    <UnitTestResult executionId="5021f337-2c76-4925-8701-756337ef4ab6" testId="d9ac2201-89bd-4b5e-ebd1-4cb57fb79fa8" testName="ServiceUnitTest.TestVehicle.VehicleServiceTests.DeleteAsync_WhenSaveChangesFails_ShouldReturnFalse" computerName="TAMJEE" duration="00:00:00.0041824" startTime="2025-11-30T02:52:20.9565191+07:00" endTime="2025-11-30T02:52:20.9565199+07:00" testType="13cdc9d9-ddb5-4fa4-a97d-d965ccfc6d4b" outcome="Passed" testListId="8c84fa94-04c1-424b-9868-57a2d4851a1d" relativeResultsDirectory="5021f337-2c76-4925-8701-756337ef4ab6" />
    <UnitTestResult executionId="f38ecc76-caa6-4f01-8f74-55bdbf2ea724" testId="da870282-613e-d781-3428-a9ab276047f4" testName="ServiceUnitTest.TestAsset.AssetServiceTests.GetByIdAsync_WhenAssetExists_ShouldReturnAssetDto" computerName="TAMJEE" duration="00:00:00.0068061" startTime="2025-11-30T02:52:20.8392026+07:00" endTime="2025-11-30T02:52:20.8392029+07:00" testType="13cdc9d9-ddb5-4fa4-a97d-d965ccfc6d4b" outcome="Passed" testListId="8c84fa94-04c1-424b-9868-57a2d4851a1d" relativeResultsDirectory="f38ecc76-caa6-4f01-8f74-55bdbf2ea724" />
    <UnitTestResult executionId="c22dac23-4fd5-4309-a6a7-1289bbc6ccce" testId="6f81a2f5-f182-cf4c-03a9-1b537caa53a3" testName="ServiceUnitTest.Services.PriceQuotationServiceTests.DeleteAsync_KhiIdTonTai_NenXoa" computerName="TAMJEE" duration="00:00:00.1227486" startTime="2025-11-30T02:52:20.8269743+07:00" endTime="2025-11-30T02:52:20.8269978+07:00" testType="13cdc9d9-ddb5-4fa4-a97d-d965ccfc6d4b" outcome="Passed" testListId="8c84fa94-04c1-424b-9868-57a2d4851a1d" relativeResultsDirectory="c22dac23-4fd5-4309-a6a7-1289bbc6ccce" />
    <UnitTestResult executionId="e61ae790-0d4d-4f6a-a73c-380b6264bbbe" testId="01d67411-1a81-aa6d-ffd0-a0f57b383a5d" testName="ServiceUnitTest.TestAsset.AssetServiceTests.GetAllAsync_WithSortByInfo_Descending_ShouldReturnSortedAssets" computerName="TAMJEE" duration="00:00:00.0015899" startTime="2025-11-30T02:52:20.9466872+07:00" endTime="2025-11-30T02:52:20.9466876+07:00" testType="13cdc9d9-ddb5-4fa4-a97d-d965ccfc6d4b" outcome="Passed" testListId="8c84fa94-04c1-424b-9868-57a2d4851a1d" relativeResultsDirectory="e61ae790-0d4d-4f6a-a73c-380b6264bbbe" />
    <UnitTestResult executionId="39dbeae6-bc17-46c5-bf9f-bb4c3eb492ed" testId="ffc1cc8f-2b4d-f450-c3a6-a2b7509a95fb" testName="ServiceUnitTest.TestAsset.AssetServiceTests.GetAllAsync_WithNullQuery_ShouldReturnAllAssets" computerName="TAMJEE" duration="00:00:00.0048694" startTime="2025-11-30T02:52:20.8544652+07:00" endTime="2025-11-30T02:52:20.8544655+07:00" testType="13cdc9d9-ddb5-4fa4-a97d-d965ccfc6d4b" outcome="Passed" testListId="8c84fa94-04c1-424b-9868-57a2d4851a1d" relativeResultsDirectory="39dbeae6-bc17-46c5-bf9f-bb4c3eb492ed" />
    <UnitTestResult executionId="c74a1e78-c771-47c8-917b-c25344b151fe" testId="e583f6af-2510-31bd-3647-03513ba1bba5" testName="ServiceUnitTest.Services.VisitorServiceTests.CreateVisitAsync_KhiThongTinHopLe_NenTaoVisitorVaLog" computerName="TAMJEE" duration="00:00:00.0065097" startTime="2025-11-30T02:52:20.8630693+07:00" endTime="2025-11-30T02:52:20.8630696+07:00" testType="13cdc9d9-ddb5-4fa4-a97d-d965ccfc6d4b" outcome="Passed" testListId="8c84fa94-04c1-424b-9868-57a2d4851a1d" relativeResultsDirectory="c74a1e78-c771-47c8-917b-c25344b151fe" />
    <UnitTestResult executionId="a10fc8e1-fdcc-4003-a6a1-f05a1e54bbec" testId="33903387-4a17-8f06-d9b2-aa69aab48ab5" testName="ServiceUnitTest.TestVehicle.VehicleServiceTests.UpdateAsync_WhenVehicleExists_ShouldUpdateAndReturnTrue" computerName="TAMJEE" duration="00:00:00.0116256" startTime="2025-11-30T02:52:20.8839212+07:00" endTime="2025-11-30T02:52:20.8839215+07:00" testType="13cdc9d9-ddb5-4fa4-a97d-d965ccfc6d4b" outcome="Passed" testListId="8c84fa94-04c1-424b-9868-57a2d4851a1d" relativeResultsDirectory="a10fc8e1-fdcc-4003-a6a1-f05a1e54bbec" />
    <UnitTestResult executionId="db837170-efe4-493a-a9ce-a1116e18444b" testId="b9e2e70c-65f5-8502-5796-f8a87fac9fe2" testName="ServiceUnitTest.Services.ChatServiceTests.SendMessageAsync_KhiThongTinHopLe_NenGuiTinNhan" computerName="TAMJEE" duration="00:00:00.2079577" startTime="2025-11-30T02:52:20.9185289+07:00" endTime="2025-11-30T02:52:20.9185292+07:00" testType="13cdc9d9-ddb5-4fa4-a97d-d965ccfc6d4b" outcome="Failed" testListId="8c84fa94-04c1-424b-9868-57a2d4851a1d" relativeResultsDirectory="db837170-efe4-493a-a9ce-a1116e18444b">
      <Output>
        <ErrorInfo>
          <Message>Expected result.Message not to be &lt;null&gt;.</Message>
          <StackTrace>   at FluentAssertions.Execution.LateBoundTestFramework.Throw(String message)&#xD;
   at FluentAssertions.Execution.DefaultAssertionStrategy.HandleFailure(String message)&#xD;
   at FluentAssertions.Execution.AssertionScope.AddPreFormattedFailure(String formattedFailureMessage)&#xD;
   at FluentAssertions.Execution.AssertionChain.FailWith(Func`1 getFailureReason)&#xD;
   at FluentAssertions.Execution.AssertionChain.FailWith(Func`1 getFailureReason)&#xD;
   at FluentAssertions.Execution.AssertionChain.FailWith(String message)&#xD;
   at FluentAssertions.Primitives.ReferenceTypeAssertions`2.NotBeNull(String because, Object[] becauseArgs)&#xD;
   at ServiceUnitTest.Services.ChatServiceTests.SendMessageAsync_KhiThongTinHopLe_NenGuiTinNhan() in D:\K17_KTPM\Git_Repo\Team_Repo\aparta-backend-api\ServiceUnitTest\Services\ChatServiceTests.cs:line 152&#xD;
--- End of stack trace from previous location ---</StackTrace>
        </ErrorInfo>
      </Output>
    </UnitTestResult>
    <UnitTestResult executionId="98eddd87-3d42-46e2-83c4-77cfe3b3068e" testId="633347c3-9dc4-6161-2f9b-94196326037b" testName="ServiceUnitTest.Services.ChatServiceTests.CreateAdHocInteractionAsync_KhiInteractionTonTai_NenTraVeExisting" computerName="TAMJEE" duration="00:00:00.0073941" startTime="2025-11-30T02:52:21.5532320+07:00" endTime="2025-11-30T02:52:21.5532322+07:00" testType="13cdc9d9-ddb5-4fa4-a97d-d965ccfc6d4b" outcome="Passed" testListId="8c84fa94-04c1-424b-9868-57a2d4851a1d" relativeResultsDirectory="98eddd87-3d42-46e2-83c4-77cfe3b3068e" />
    <UnitTestResult executionId="6b7871a7-1d2d-4f57-b66d-e5c0b8b5fa8e" testId="0ee5cfe1-27c2-2bdd-baea-7434f0357835" testName="ServiceUnitTest.TestAsset.AssetServiceTests.GetAllAsync_WithCombinedFilters_ShouldReturnFilteredAndSortedAssets" computerName="TAMJEE" duration="00:00:00.0154782" startTime="2025-11-30T02:52:20.8703298+07:00" endTime="2025-11-30T02:52:20.8703302+07:00" testType="13cdc9d9-ddb5-4fa4-a97d-d965ccfc6d4b" outcome="Passed" testListId="8c84fa94-04c1-424b-9868-57a2d4851a1d" relativeResultsDirectory="6b7871a7-1d2d-4f57-b66d-e5c0b8b5fa8e" />
    <UnitTestResult executionId="fe83d31d-e146-4583-b71d-35110ba129b2" testId="21cdc907-8860-bcc1-3525-833b57f14188" testName="ServiceUnitTest.Repositories.MessageRepositoryTests.GetUnreadCountForInteractionAsync_KhiGoi_NenTraVeSoLuongChuaDoc" computerName="TAMJEE" duration="00:00:00.0079542" startTime="2025-11-30T02:52:21.6086217+07:00" endTime="2025-11-30T02:52:21.6086227+07:00" testType="13cdc9d9-ddb5-4fa4-a97d-d965ccfc6d4b" outcome="Passed" testListId="8c84fa94-04c1-424b-9868-57a2d4851a1d" relativeResultsDirectory="fe83d31d-e146-4583-b71d-35110ba129b2" />
    <UnitTestResult executionId="3a14cff5-5192-4eb5-a1d1-7974fae1c9e2" testId="fbcbf036-afaf-1e6a-23ff-2e86e00e2c2c" testName="ServiceUnitTest.TestAsset.AssetServiceTests.GetAllAsync_WhenRepositoryReturnsNull_ShouldReturnEmptyList" computerName="TAMJEE" duration="00:00:00.0016608" startTime="2025-11-30T02:52:20.9187733+07:00" endTime="2025-11-30T02:52:20.9187734+07:00" testType="13cdc9d9-ddb5-4fa4-a97d-d965ccfc6d4b" outcome="Passed" testListId="8c84fa94-04c1-424b-9868-57a2d4851a1d" relativeResultsDirectory="3a14cff5-5192-4eb5-a1d1-7974fae1c9e2" />
    <UnitTestResult executionId="be063a1c-7524-40bb-b864-b9a7674e3d7a" testId="f9a53155-5872-c0bf-db68-209d756a7939" testName="ServiceUnitTest.TestVehicle.VehicleServiceTests.UpdateAsync_WhenSaveChangesFails_ShouldReturnFalse" computerName="TAMJEE" duration="00:00:00.0023863" startTime="2025-11-30T02:52:20.9939481+07:00" endTime="2025-11-30T02:52:20.9939482+07:00" testType="13cdc9d9-ddb5-4fa4-a97d-d965ccfc6d4b" outcome="Passed" testListId="8c84fa94-04c1-424b-9868-57a2d4851a1d" relativeResultsDirectory="be063a1c-7524-40bb-b864-b9a7674e3d7a" />
    <UnitTestResult executionId="965a3059-a2fa-4452-a62c-9dbeafe8e98a" testId="c33989d6-500a-c0b6-0057-da1ebf6e21a8" testName="ServiceUnitTest.TestVehicle.VehicleServiceTests.CreateAsync_WithValidDto_ShouldCreateVehicle" computerName="TAMJEE" duration="00:00:00.0118751" startTime="2025-11-30T02:52:20.9826039+07:00" endTime="2025-11-30T02:52:20.9826045+07:00" testType="13cdc9d9-ddb5-4fa4-a97d-d965ccfc6d4b" outcome="Passed" testListId="8c84fa94-04c1-424b-9868-57a2d4851a1d" relativeResultsDirectory="965a3059-a2fa-4452-a62c-9dbeafe8e98a" />
    <UnitTestResult executionId="2481ed89-fe9c-4617-bd51-f6f3a0a7d747" testId="bd447c2c-874e-e154-d781-68b4b1f9d7d9" testName="ServiceUnitTest.Services.PriceQuotationServiceTests.CreatePriceQuotationAsync_KhiHopLe_NenTaoMoi" computerName="TAMJEE" duration="00:00:00.0050824" startTime="2025-11-30T02:52:20.8607203+07:00" endTime="2025-11-30T02:52:20.8607205+07:00" testType="13cdc9d9-ddb5-4fa4-a97d-d965ccfc6d4b" outcome="Passed" testListId="8c84fa94-04c1-424b-9868-57a2d4851a1d" relativeResultsDirectory="2481ed89-fe9c-4617-bd51-f6f3a0a7d747" />
    <UnitTestResult executionId="c80b745b-4da0-4473-914f-8b9db2313ceb" testId="42bcaf26-66c5-c773-531b-93730cdb4585" testName="ServiceUnitTest.Repositories.MessageRepositoryTests.MarkAsReadAsync_KhiCoTinNhanChuaDoc_NenCapNhatIsRead" computerName="TAMJEE" duration="00:00:00.0108933" startTime="2025-11-30T02:52:21.6197958+07:00" endTime="2025-11-30T02:52:21.6197964+07:00" testType="13cdc9d9-ddb5-4fa4-a97d-d965ccfc6d4b" outcome="Passed" testListId="8c84fa94-04c1-424b-9868-57a2d4851a1d" relativeResultsDirectory="c80b745b-4da0-4473-914f-8b9db2313ceb" />
    <UnitTestResult executionId="d8b20f96-c7f5-4ee0-9ba4-3a52b2b82102" testId="f44431fb-5b17-ee96-7ed8-a2fafd85620f" testName="ServiceUnitTest.Repositories.PriceQuotationRepositoryTests.GetByBuildingIdWithBuildingAsync_KhiBuildingIdTonTai_NenTraVeDanhSach" computerName="TAMJEE" duration="00:00:00.2116677" startTime="2025-11-30T02:52:21.6221957+07:00" endTime="2025-11-30T02:52:21.6221969+07:00" testType="13cdc9d9-ddb5-4fa4-a97d-d965ccfc6d4b" outcome="Passed" testListId="8c84fa94-04c1-424b-9868-57a2d4851a1d" relativeResultsDirectory="d8b20f96-c7f5-4ee0-9ba4-3a52b2b82102" />
    <UnitTestResult executionId="357e8065-38b9-4b49-885a-71ba992d4e25" testId="f8d24f85-f662-71c0-33fe-3ae31a753dec" testName="ServiceUnitTest.Services.ProposalServiceTests.CreateProposalAsync_KhiThongTinHopLe_NenTaoProposal" computerName="TAMJEE" duration="00:00:00.0035721" startTime="2025-11-30T02:52:21.6855478+07:00" endTime="2025-11-30T02:52:21.6855482+07:00" testType="13cdc9d9-ddb5-4fa4-a97d-d965ccfc6d4b" outcome="Passed" testListId="8c84fa94-04c1-424b-9868-57a2d4851a1d" relativeResultsDirectory="357e8065-38b9-4b49-885a-71ba992d4e25" />
    <UnitTestResult executionId="41d6563a-0f1e-4976-967f-b217a63bbb28" testId="0964f890-4273-8f6b-0908-6f11902c3ae8" testName="ServiceUnitTest.Repositories.UserManagementRepositoryTests.GetPagedUsersAsync_KhiCoThamSo_NenTraVePagedList" computerName="TAMJEE" duration="00:00:00.9217883" startTime="2025-11-30T02:52:21.6244013+07:00" endTime="2025-11-30T02:52:21.6244014+07:00" testType="13cdc9d9-ddb5-4fa4-a97d-d965ccfc6d4b" outcome="Passed" testListId="8c84fa94-04c1-424b-9868-57a2d4851a1d" relativeResultsDirectory="41d6563a-0f1e-4976-967f-b217a63bbb28" />
    <UnitTestResult executionId="81a0c6e5-6f55-4595-9cf8-8d8eacba3c8b" testId="f8acbb5f-d745-6ba2-3a63-97b5a9edcf98" testName="ServiceUnitTest.TestAsset.AssetServiceTests.CreateAsync_WithValidDto_ShouldCreateAsset" computerName="TAMJEE" duration="00:00:00.0036054" startTime="2025-11-30T02:52:20.9392713+07:00" endTime="2025-11-30T02:52:20.9392715+07:00" testType="13cdc9d9-ddb5-4fa4-a97d-d965ccfc6d4b" outcome="Passed" testListId="8c84fa94-04c1-424b-9868-57a2d4851a1d" relativeResultsDirectory="81a0c6e5-6f55-4595-9cf8-8d8eacba3c8b" />
    <UnitTestResult executionId="9d10e9ca-ae63-4d03-a67d-4147ab11dee3" testId="2d2f25e7-f720-1c73-4398-d20510497121" testName="ServiceUnitTest.TestVehicle.VehicleServiceTests.GetAllAsync_WithSearchTerm_ApartmentId_ShouldReturnMatchingVehicles" computerName="TAMJEE" duration="00:00:00.0019122" startTime="2025-11-30T02:52:20.9329884+07:00" endTime="2025-11-30T02:52:20.9329887+07:00" testType="13cdc9d9-ddb5-4fa4-a97d-d965ccfc6d4b" outcome="Passed" testListId="8c84fa94-04c1-424b-9868-57a2d4851a1d" relativeResultsDirectory="9d10e9ca-ae63-4d03-a67d-4147ab11dee3" />
    <UnitTestResult executionId="436a4e07-6b1b-492e-bd1e-c0c85a2e85e0" testId="0c0e3132-92a1-6f03-925c-35ea497d935e" testName="ServiceUnitTest.TestVehicle.VehicleServiceTests.DeleteAsync_WhenVehicleExists_ShouldDeleteAndReturnTrue" computerName="TAMJEE" duration="00:00:00.0043794" startTime="2025-11-30T02:52:20.9375790+07:00" endTime="2025-11-30T02:52:20.9375792+07:00" testType="13cdc9d9-ddb5-4fa4-a97d-d965ccfc6d4b" outcome="Passed" testListId="8c84fa94-04c1-424b-9868-57a2d4851a1d" relativeResultsDirectory="436a4e07-6b1b-492e-bd1e-c0c85a2e85e0" />
    <UnitTestResult executionId="8089a0a7-a37d-41b7-851d-f1772f6b3a61" testId="de73053c-e28c-9cf8-0aeb-566f9b88f360" testName="ServiceUnitTest.Repositories.MessageRepositoryTests.AddMessageAsync_KhiMessageHopLe_NenThemVaCapNhatInteraction" computerName="TAMJEE" duration="00:00:00.8461767" startTime="2025-11-30T02:52:21.5489687+07:00" endTime="2025-11-30T02:52:21.5489691+07:00" testType="13cdc9d9-ddb5-4fa4-a97d-d965ccfc6d4b" outcome="Passed" testListId="8c84fa94-04c1-424b-9868-57a2d4851a1d" relativeResultsDirectory="8089a0a7-a37d-41b7-851d-f1772f6b3a61" />
    <UnitTestResult executionId="a85e2156-d668-4b54-85d0-1993cc2127db" testId="66da7052-acd2-95c3-8103-1777b06650b3" testName="ServiceUnitTest.Services.UserManagementServiceTests.CreateStaffAccountAsync_KhiEmailTrung_NenNemInvalidOperationException" computerName="TAMJEE" duration="00:00:00.0027727" startTime="2025-11-30T02:52:21.6044563+07:00" endTime="2025-11-30T02:52:21.6044565+07:00" testType="13cdc9d9-ddb5-4fa4-a97d-d965ccfc6d4b" outcome="Passed" testListId="8c84fa94-04c1-424b-9868-57a2d4851a1d" relativeResultsDirectory="a85e2156-d668-4b54-85d0-1993cc2127db" />
    <UnitTestResult executionId="92c8e2b0-0cfd-472c-971b-e0eb7e22b1aa" testId="7bedae29-8133-d91c-62c4-4d8b50302804" testName="ServiceUnitTest.TestAsset.AssetServiceTests.GetByIdAsync_WhenAssetNotFound_ShouldReturnNull" computerName="TAMJEE" duration="00:00:00.0015850" startTime="2025-11-30T02:52:20.8719662+07:00" endTime="2025-11-30T02:52:20.8719663+07:00" testType="13cdc9d9-ddb5-4fa4-a97d-d965ccfc6d4b" outcome="Passed" testListId="8c84fa94-04c1-424b-9868-57a2d4851a1d" relativeResultsDirectory="92c8e2b0-0cfd-472c-971b-e0eb7e22b1aa" />
    <UnitTestResult executionId="c218421a-5685-4f42-84b1-99d20d97d11b" testId="818acf3c-9a31-0f6f-6b2d-676bcbb6f648" testName="ServiceUnitTest.Services.VisitLogServiceTests.CheckOutAsync_KhiStatusCheckedIn_NenCapNhatThanhCheckedOut" computerName="TAMJEE" duration="00:00:00.2169848" startTime="2025-11-30T02:52:20.9195918+07:00" endTime="2025-11-30T02:52:20.9195918+07:00" testType="13cdc9d9-ddb5-4fa4-a97d-d965ccfc6d4b" outcome="Passed" testListId="8c84fa94-04c1-424b-9868-57a2d4851a1d" relativeResultsDirectory="c218421a-5685-4f42-84b1-99d20d97d11b" />
    <UnitTestResult executionId="9d74a02b-964a-4534-892d-dd896be239fe" testId="7c330c24-b8a5-d704-93ae-65f327fde930" testName="ServiceUnitTest.Services.ChatServiceTests.CreateAdHocInteractionAsync_KhiChuaTonTai_NenTaoMoi" computerName="TAMJEE" duration="00:00:00.6066856" startTime="2025-11-30T02:52:21.5222743+07:00" endTime="2025-11-30T02:52:21.5222747+07:00" testType="13cdc9d9-ddb5-4fa4-a97d-d965ccfc6d4b" outcome="Failed" testListId="8c84fa94-04c1-424b-9868-57a2d4851a1d" relativeResultsDirectory="9d74a02b-964a-4534-892d-dd896be239fe">
      <Output>
        <ErrorInfo>
          <Message>System.InvalidOperationException : Unable to track an entity of type 'Role' because its primary key property 'RoleId' is null.</Message>
          <StackTrace>   at Microsoft.EntityFrameworkCore.ChangeTracking.Internal.NullableKeyIdentityMap`1.Add(InternalEntityEntry entry)&#xD;
   at Microsoft.EntityFrameworkCore.ChangeTracking.Internal.StateManager.StartTracking(InternalEntityEntry entry)&#xD;
   at Microsoft.EntityFrameworkCore.ChangeTracking.Internal.InternalEntityEntry.SetEntityState(EntityState oldState, EntityState newState, Boolean acceptChanges, Boolean modifyProperties)&#xD;
   at Microsoft.EntityFrameworkCore.ChangeTracking.Internal.InternalEntityEntry.SetEntityStateAsync(EntityState entityState, Boolean acceptChanges, Boolean modifyProperties, Nullable`1 forceStateWhenUnknownKey, Nullable`1 fallbackState, CancellationToken cancellationToken)&#xD;
   at Microsoft.EntityFrameworkCore.ChangeTracking.Internal.EntityGraphAttacher.PaintActionAsync(EntityEntryGraphNode`1 node, CancellationToken cancellationToken)&#xD;
   at Microsoft.EntityFrameworkCore.ChangeTracking.Internal.EntityEntryGraphIterator.TraverseGraphAsync[TState](EntityEntryGraphNode`1 node, Func`3 handleNode, CancellationToken cancellationToken)&#xD;
   at Microsoft.EntityFrameworkCore.ChangeTracking.Internal.EntityEntryGraphIterator.TraverseGraphAsync[TState](EntityEntryGraphNode`1 node, Func`3 handleNode, CancellationToken cancellationToken)&#xD;
   at Microsoft.EntityFrameworkCore.ChangeTracking.Internal.EntityGraphAttacher.AttachGraphAsync(InternalEntityEntry rootEntry, EntityState targetState, EntityState storeGeneratedWithKeySetTargetState, Boolean forceStateWhenUnknownKey, CancellationToken cancellationToken)&#xD;
   at Microsoft.EntityFrameworkCore.Internal.InternalDbSet`1.AddRangeAsync(TEntity[] entities)&#xD;
   at ServiceUnitTest.Services.ChatServiceTests.CreateAdHocInteractionAsync_KhiChuaTonTai_NenTaoMoi() in D:\K17_KTPM\Git_Repo\Team_Repo\aparta-backend-api\ServiceUnitTest\Services\ChatServiceTests.cs:line 73&#xD;
--- End of stack trace from previous location ---</StackTrace>
        </ErrorInfo>
      </Output>
    </UnitTestResult>
    <UnitTestResult executionId="096a001d-429f-4565-8a3b-0e6237c07fd4" testId="0a411339-16d1-8d54-b087-c1ec9094d0e7" testName="ServiceUnitTest.Services.PriceQuotationServiceTests.UpdateAsync_KhiIdTonTaiVaHopLe_NenCapNhat" computerName="TAMJEE" duration="00:00:00.0126183" startTime="2025-11-30T02:52:20.8393714+07:00" endTime="2025-11-30T02:52:20.8393715+07:00" testType="13cdc9d9-ddb5-4fa4-a97d-d965ccfc6d4b" outcome="Passed" testListId="8c84fa94-04c1-424b-9868-57a2d4851a1d" relativeResultsDirectory="096a001d-429f-4565-8a3b-0e6237c07fd4" />
    <UnitTestResult executionId="1b672e54-0942-4508-a71a-fde9bae1ea43" testId="35119fbf-8466-bd08-a442-d805dc9918fa" testName="ServiceUnitTest.TestVehicle.VehicleServiceTests.CreateAsync_WithDuplicateVehicleNumber_ShouldThrowException" computerName="TAMJEE" duration="00:00:00.0052356" startTime="2025-11-30T02:52:20.9618759+07:00" endTime="2025-11-30T02:52:20.9618764+07:00" testType="13cdc9d9-ddb5-4fa4-a97d-d965ccfc6d4b" outcome="Passed" testListId="8c84fa94-04c1-424b-9868-57a2d4851a1d" relativeResultsDirectory="1b672e54-0942-4508-a71a-fde9bae1ea43" />
    <UnitTestResult executionId="59bb29e4-f00b-4cad-a852-453ed94c7b97" testId="2fc4a7d0-c1e8-e7e4-9526-83a588dffa18" testName="ServiceUnitTest.Repositories.ProposalRepositoryTests.GetStaffAssignedProposalsAsync_KhiStaffIdTonTai_NenTraVeProposalDuocGanVaPending" computerName="TAMJEE" duration="00:00:00.0403740" startTime="2025-11-30T02:52:21.7079631+07:00" endTime="2025-11-30T02:52:21.7079635+07:00" testType="13cdc9d9-ddb5-4fa4-a97d-d965ccfc6d4b" outcome="Passed" testListId="8c84fa94-04c1-424b-9868-57a2d4851a1d" relativeResultsDirectory="59bb29e4-f00b-4cad-a852-453ed94c7b97" />
    <UnitTestResult executionId="00759d83-c05c-4ef3-942d-c01fa81947dc" testId="072847d6-3f2a-27a5-2155-061911f38c04" testName="ServiceUnitTest.TestAsset.AssetServiceTests.GetAllAsync_WithSortByInfo_Ascending_ShouldReturnSortedAssets" computerName="TAMJEE" duration="00:00:00.0017625" startTime="2025-11-30T02:52:20.8738611+07:00" endTime="2025-11-30T02:52:20.8738613+07:00" testType="13cdc9d9-ddb5-4fa4-a97d-d965ccfc6d4b" outcome="Passed" testListId="8c84fa94-04c1-424b-9868-57a2d4851a1d" relativeResultsDirectory="00759d83-c05c-4ef3-942d-c01fa81947dc" />
    <UnitTestResult executionId="15987354-c700-4645-92d3-619b1ab1dd9b" testId="525103e1-1565-6986-20da-151232c788eb" testName="ServiceUnitTest.Services.VisitorServiceTests.CreateVisitAsync_KhiCanHoKhongTonTai_NenNemValidationException" computerName="TAMJEE" duration="00:00:00.0024332" startTime="2025-11-30T02:52:20.8646952+07:00" endTime="2025-11-30T02:52:20.8646958+07:00" testType="13cdc9d9-ddb5-4fa4-a97d-d965ccfc6d4b" outcome="Passed" testListId="8c84fa94-04c1-424b-9868-57a2d4851a1d" relativeResultsDirectory="15987354-c700-4645-92d3-619b1ab1dd9b" />
    <UnitTestResult executionId="97d378d3-1c3c-4064-b266-b28ab11e5e76" testId="0f8ad43d-e87a-9b86-c2b0-3d64246500ad" testName="ServiceUnitTest.TestAsset.AssetServiceTests.CreateAsync_ShouldGenerateUniqueAssetId" computerName="TAMJEE" duration="00:00:00.0049927" startTime="2025-11-30T02:52:20.9195160+07:00" endTime="2025-11-30T02:52:20.9195161+07:00" testType="13cdc9d9-ddb5-4fa4-a97d-d965ccfc6d4b" outcome="Passed" testListId="8c84fa94-04c1-424b-9868-57a2d4851a1d" relativeResultsDirectory="97d378d3-1c3c-4064-b266-b28ab11e5e76" />
    <UnitTestResult executionId="693a2ee2-f5ef-44de-b7f8-7cfa3f6e531b" testId="27416949-758f-1c46-9f40-ca30ceee51c0" testName="ServiceUnitTest.Services.VisitLogServiceTests.GetStaffViewLogsAsync_KhiCoThamSo_NenTraVePagedList" computerName="TAMJEE" duration="00:00:00.0391447" startTime="2025-11-30T02:52:20.9607751+07:00" endTime="2025-11-30T02:52:20.9607752+07:00" testType="13cdc9d9-ddb5-4fa4-a97d-d965ccfc6d4b" outcome="Failed" testListId="8c84fa94-04c1-424b-9868-57a2d4851a1d" relativeResultsDirectory="693a2ee2-f5ef-44de-b7f8-7cfa3f6e531b">
      <Output>
        <ErrorInfo>
          <Message>System.InvalidCastException : Unable to cast object of type 'ServiceUnitTest.Helpers.TestAsyncEnumerable`1[ApartaAPI.Models.VisitLog]' to type 'System.Linq.IQueryable`1[ApartaAPI.DTOs.VisitLogs.VisitLogStaffViewDto]'.</Message>
          <StackTrace>   at AutoMapper.QueryableExtensions.Extensions.ToCore[TResult](IQueryable source, IConfigurationProvider configuration, Object parameters, IEnumerable`1 memberPathsToExpand)&#xD;
   at AutoMapper.QueryableExtensions.Extensions.ProjectTo[TDestination](IQueryable source, IConfigurationProvider configuration, Object parameters, Expression`1[] membersToExpand)&#xD;
   at AutoMapper.QueryableExtensions.Extensions.ProjectTo[TDestination](IQueryable source, IConfigurationProvider configuration, Expression`1[] membersToExpand)&#xD;
   at ApartaAPI.Services.VisitLogService.GetStaffViewLogsAsync(VisitorQueryParameters queryParams) in D:\K17_KTPM\Git_Repo\Team_Repo\aparta-backend-api\ApartaAPI\Services\VisitLogService.cs:line 62&#xD;
   at ServiceUnitTest.Services.VisitLogServiceTests.GetStaffViewLogsAsync_KhiCoThamSo_NenTraVePagedList() in D:\K17_KTPM\Git_Repo\Team_Repo\aparta-backend-api\ServiceUnitTest\Services\VisitLogServiceTests.cs:line 51&#xD;
--- End of stack trace from previous location ---</StackTrace>
        </ErrorInfo>
      </Output>
    </UnitTestResult>
    <UnitTestResult executionId="b2fd52a5-982d-46a5-9894-89dd35f234ad" testId="45dc0510-45c7-0f82-e9a5-2b3e8c2b6a75" testName="ServiceUnitTest.Services.UserManagementServiceTests.UpdateStaffAssignmentAsync_KhiStaffTonTai_NenCapNhatAssignment" computerName="TAMJEE" duration="00:00:00.3597354" startTime="2025-11-30T02:52:21.6015528+07:00" endTime="2025-11-30T02:52:21.6015530+07:00" testType="13cdc9d9-ddb5-4fa4-a97d-d965ccfc6d4b" outcome="Passed" testListId="8c84fa94-04c1-424b-9868-57a2d4851a1d" relativeResultsDirectory="b2fd52a5-982d-46a5-9894-89dd35f234ad" />
    <UnitTestResult executionId="4fc8e670-211d-4304-9a83-62bd423855b9" testId="6e89261e-8129-cc5d-6a50-bf1ef3ddec7c" testName="ServiceUnitTest.Repositories.PriceQuotationRepositoryTests.GetQuotationsQueryable_KhiGoi_NenTraVeQueryable" computerName="TAMJEE" duration="00:00:00.7070826" startTime="2025-11-30T02:52:21.4097385+07:00" endTime="2025-11-30T02:52:21.4097388+07:00" testType="13cdc9d9-ddb5-4fa4-a97d-d965ccfc6d4b" outcome="Passed" testListId="8c84fa94-04c1-424b-9868-57a2d4851a1d" relativeResultsDirectory="4fc8e670-211d-4304-9a83-62bd423855b9" />
    <UnitTestResult executionId="99bd14af-9f22-4605-b40d-fcf25bfbdfd4" testId="08d305fb-58bd-dc09-c915-c28ca17deab3" testName="ServiceUnitTest.TestVehicle.VehicleServiceTests.GetAllAsync_WithStatusFilter_ShouldReturnFilteredVehicles" computerName="TAMJEE" duration="00:00:00.0038677" startTime="2025-11-30T02:52:20.9426115+07:00" endTime="2025-11-30T02:52:20.9426117+07:00" testType="13cdc9d9-ddb5-4fa4-a97d-d965ccfc6d4b" outcome="Passed" testListId="8c84fa94-04c1-424b-9868-57a2d4851a1d" relativeResultsDirectory="99bd14af-9f22-4605-b40d-fcf25bfbdfd4" />
    <UnitTestResult executionId="67b12ba2-aef3-407d-b647-932232e12b30" testId="18ea6aaa-8759-1127-338b-c07fffca5745" testName="ServiceUnitTest.Services.PriceQuotationServiceTests.CreatePriceQuotationAsync_KhiBuildingKhongTonTai_NenTraVeNull" computerName="TAMJEE" duration="00:00:00.0013434" startTime="2025-11-30T02:52:20.8667551+07:00" endTime="2025-11-30T02:52:20.8667553+07:00" testType="13cdc9d9-ddb5-4fa4-a97d-d965ccfc6d4b" outcome="Passed" testListId="8c84fa94-04c1-424b-9868-57a2d4851a1d" relativeResultsDirectory="67b12ba2-aef3-407d-b647-932232e12b30" />
    <UnitTestResult executionId="02e965f7-bc0c-4732-9ba7-671f391fd1ec" testId="690eee46-5bb0-2017-8434-f8bfad3c8eb4" testName="ServiceUnitTest.Services.UserManagementServiceTests.GetStaffAccountsAsync_KhiGoi_NenTraVeDanhSachStaff" computerName="TAMJEE" duration="00:00:00.0043418" startTime="2025-11-30T02:52:21.6088734+07:00" endTime="2025-11-30T02:52:21.6088737+07:00" testType="13cdc9d9-ddb5-4fa4-a97d-d965ccfc6d4b" outcome="Passed" testListId="8c84fa94-04c1-424b-9868-57a2d4851a1d" relativeResultsDirectory="02e965f7-bc0c-4732-9ba7-671f391fd1ec" />
    <UnitTestResult executionId="147e0191-fc6a-40f9-922a-f6f0be5432ae" testId="43e0e8e9-6ba6-e05a-d59e-c20c5a40777e" testName="ServiceUnitTest.TestVehicle.VehicleServiceTests.UpdateAsync_WhenVehicleExists_ShouldUpdateUpdatedAt" computerName="TAMJEE" duration="00:00:00.0052514" startTime="2025-11-30T02:52:20.9490107+07:00" endTime="2025-11-30T02:52:20.9490116+07:00" testType="13cdc9d9-ddb5-4fa4-a97d-d965ccfc6d4b" outcome="Passed" testListId="8c84fa94-04c1-424b-9868-57a2d4851a1d" relativeResultsDirectory="147e0191-fc6a-40f9-922a-f6f0be5432ae" />
    <UnitTestResult executionId="bd88e049-6594-49c3-aa4a-cff157a62b8b" testId="d7bc34c8-3a15-85f7-e780-5f2e5ffe7cec" testName="ServiceUnitTest.TestAsset.AssetServiceTests.GetAllAsync_WithSearchTerm_ShouldReturnMatchingAssets" computerName="TAMJEE" duration="00:00:00.0022326" startTime="2025-11-30T02:52:20.9418728+07:00" endTime="2025-11-30T02:52:20.9418733+07:00" testType="13cdc9d9-ddb5-4fa4-a97d-d965ccfc6d4b" outcome="Passed" testListId="8c84fa94-04c1-424b-9868-57a2d4851a1d" relativeResultsDirectory="bd88e049-6594-49c3-aa4a-cff157a62b8b" />
    <UnitTestResult executionId="bab183ef-1e1a-4f31-9d71-d9ce798a01bc" testId="e298a3fe-58fb-6a3a-753b-a81a74204e34" testName="ServiceUnitTest.Services.ProposalServiceTests.GetProposalsForStaffAsync_KhiGoi_NenTraVePagedList" computerName="TAMJEE" duration="00:00:00.0452724" startTime="2025-11-30T02:52:21.6588574+07:00" endTime="2025-11-30T02:52:21.6588577+07:00" testType="13cdc9d9-ddb5-4fa4-a97d-d965ccfc6d4b" outcome="Passed" testListId="8c84fa94-04c1-424b-9868-57a2d4851a1d" relativeResultsDirectory="bab183ef-1e1a-4f31-9d71-d9ce798a01bc" />
    <UnitTestResult executionId="122f21cc-f763-4e71-aedf-eb4008756b61" testId="2cd8b322-1838-bcb1-72c9-dcce59774f81" testName="ServiceUnitTest.TestVehicle.VehicleServiceTests.GetAllAsync_WithSearchTerm_Info_ShouldReturnMatchingVehicles" computerName="TAMJEE" duration="00:00:00.0028416" startTime="2025-11-30T02:52:20.9520717+07:00" endTime="2025-11-30T02:52:20.9520722+07:00" testType="13cdc9d9-ddb5-4fa4-a97d-d965ccfc6d4b" outcome="Passed" testListId="8c84fa94-04c1-424b-9868-57a2d4851a1d" relativeResultsDirectory="122f21cc-f763-4e71-aedf-eb4008756b61" />
    <UnitTestResult executionId="36dab1c3-ab8c-4182-bb5d-a0b339fcf265" testId="0389a713-5d92-9c60-198f-d1b5279ca2f3" testName="ServiceUnitTest.TestAsset.AssetServiceTests.GetAllAsync_WithSortByQuantity_Ascending_ShouldReturnSortedAssets" computerName="TAMJEE" duration="00:00:00.0054024" startTime="2025-11-30T02:52:20.8326848+07:00" endTime="2025-11-30T02:52:20.8326849+07:00" testType="13cdc9d9-ddb5-4fa4-a97d-d965ccfc6d4b" outcome="Passed" testListId="8c84fa94-04c1-424b-9868-57a2d4851a1d" relativeResultsDirectory="36dab1c3-ab8c-4182-bb5d-a0b339fcf265" />
    <UnitTestResult executionId="6b140f03-3416-4f9f-9414-7c2fad1fd5e2" testId="e138f28c-54c2-8099-fb61-170bde14e566" testName="ServiceUnitTest.Services.VisitorServiceTests.CreateVisitAsync_KhiVisitorDaTonTai_NenNemValidationException" computerName="TAMJEE" duration="00:00:00.0287280" startTime="2025-11-30T02:52:20.8554995+07:00" endTime="2025-11-30T02:52:20.8555002+07:00" testType="13cdc9d9-ddb5-4fa4-a97d-d965ccfc6d4b" outcome="Passed" testListId="8c84fa94-04c1-424b-9868-57a2d4851a1d" relativeResultsDirectory="6b140f03-3416-4f9f-9414-7c2fad1fd5e2" />
    <UnitTestResult executionId="82208ba8-0c34-4f7f-8add-4285bb417cc4" testId="e00880e5-4a59-a258-b187-79b95cf19a84" testName="ServiceUnitTest.TestVehicle.VehicleServiceTests.DeleteAsync_WhenVehicleNotFound_ShouldReturnFalse" computerName="TAMJEE" duration="00:00:00.0016866" startTime="2025-11-30T02:52:20.9435725+07:00" endTime="2025-11-30T02:52:20.9435727+07:00" testType="13cdc9d9-ddb5-4fa4-a97d-d965ccfc6d4b" outcome="Passed" testListId="8c84fa94-04c1-424b-9868-57a2d4851a1d" relativeResultsDirectory="82208ba8-0c34-4f7f-8add-4285bb417cc4" />
    <UnitTestResult executionId="cdc87437-1fc1-4390-9f83-94cd6305394f" testId="d87af088-a468-8b81-2ad3-1f045d0f6530" testName="ServiceUnitTest.TestVehicle.VehicleServiceTests.UpdateAsync_WhenVehicleNotFound_ShouldReturnFalse" computerName="TAMJEE" duration="00:00:00.0016535" startTime="2025-11-30T02:52:20.9194222+07:00" endTime="2025-11-30T02:52:20.9194223+07:00" testType="13cdc9d9-ddb5-4fa4-a97d-d965ccfc6d4b" outcome="Passed" testListId="8c84fa94-04c1-424b-9868-57a2d4851a1d" relativeResultsDirectory="cdc87437-1fc1-4390-9f83-94cd6305394f" />
    <UnitTestResult executionId="20f01505-b272-4541-bbcf-d3d7d8fc05dd" testId="bd2235db-c0db-294c-bbae-61d2ccca741f" testName="ServiceUnitTest.Services.ChatServiceTests.GetMessageHistoryAsync_KhiGoi_NenTraVeTinNhanVaMarkRead" computerName="TAMJEE" duration="00:00:00.0159216" startTime="2025-11-30T02:52:21.5371851+07:00" endTime="2025-11-30T02:52:21.5371853+07:00" testType="13cdc9d9-ddb5-4fa4-a97d-d965ccfc6d4b" outcome="Passed" testListId="8c84fa94-04c1-424b-9868-57a2d4851a1d" relativeResultsDirectory="20f01505-b272-4541-bbcf-d3d7d8fc05dd" />
    <UnitTestResult executionId="d47a508a-2932-4c82-addd-356258c44b56" testId="e08dbe78-d415-605e-bcbc-7cd78acd4499" testName="ServiceUnitTest.Repositories.PriceQuotationRepositoryTests.GetAllWithBuildingAsync_KhiGoi_NenTraVeDanhSachVoiBuilding" computerName="TAMJEE" duration="00:00:00.0163697" startTime="2025-11-30T02:52:21.6729827+07:00" endTime="2025-11-30T02:52:21.6729830+07:00" testType="13cdc9d9-ddb5-4fa4-a97d-d965ccfc6d4b" outcome="Passed" testListId="8c84fa94-04c1-424b-9868-57a2d4851a1d" relativeResultsDirectory="d47a508a-2932-4c82-addd-356258c44b56" />
    <UnitTestResult executionId="1525e712-f830-450a-afed-03de4d2581a6" testId="08903901-081e-4aee-a83a-a1681061ed19" testName="ServiceUnitTest.Repositories.PriceQuotationRepositoryTests.GetByIdWithBuildingAsync_KhiIdTonTai_NenTraVeChiTiet" computerName="TAMJEE" duration="00:00:00.0342344" startTime="2025-11-30T02:52:21.6564385+07:00" endTime="2025-11-30T02:52:21.6564389+07:00" testType="13cdc9d9-ddb5-4fa4-a97d-d965ccfc6d4b" outcome="Passed" testListId="8c84fa94-04c1-424b-9868-57a2d4851a1d" relativeResultsDirectory="1525e712-f830-450a-afed-03de4d2581a6" />
    <UnitTestResult executionId="1b31081a-888f-4860-9240-7ff95cb16b12" testId="6034d841-d46e-8426-eef5-f1caf730f81d" testName="ServiceUnitTest.Services.ProposalServiceTests.ReplyProposalAsync_KhiUserLaStaff_NenTaoReplyVaCapNhatStatus" computerName="TAMJEE" duration="00:00:00.0228330" startTime="2025-11-30T02:52:21.6818798+07:00" endTime="2025-11-30T02:52:21.6818802+07:00" testType="13cdc9d9-ddb5-4fa4-a97d-d965ccfc6d4b" outcome="Passed" testListId="8c84fa94-04c1-424b-9868-57a2d4851a1d" relativeResultsDirectory="1b31081a-888f-4860-9240-7ff95cb16b12" />
    <UnitTestResult executionId="70fd4056-b59e-4cb9-ac88-e17d6aa7a4b4" testId="7e0cd22e-99e3-635a-9d96-1163b3dbbdc9" testName="ServiceUnitTest.Services.ChatServiceTests.SearchPotentialPartnersAsync_KhiLaResident_NenTraVeStaff" computerName="TAMJEE" duration="00:00:00.1506063" startTime="2025-11-30T02:52:21.7040977+07:00" endTime="2025-11-30T02:52:21.7040987+07:00" testType="13cdc9d9-ddb5-4fa4-a97d-d965ccfc6d4b" outcome="Passed" testListId="8c84fa94-04c1-424b-9868-57a2d4851a1d" relativeResultsDirectory="70fd4056-b59e-4cb9-ac88-e17d6aa7a4b4" />
    <UnitTestResult executionId="63b521cd-ba89-4b4d-8b92-dde15a279cda" testId="4de74439-69c3-3bb4-25e5-a067c379881b" testName="ServiceUnitTest.TestAsset.AssetServiceTests.GetAllAsync_WithBuildingIdFilter_ShouldReturnFilteredAssets" computerName="TAMJEE" duration="00:00:00.0021136" startTime="2025-11-30T02:52:20.9354479+07:00" endTime="2025-11-30T02:52:20.9354481+07:00" testType="13cdc9d9-ddb5-4fa4-a97d-d965ccfc6d4b" outcome="Passed" testListId="8c84fa94-04c1-424b-9868-57a2d4851a1d" relativeResultsDirectory="63b521cd-ba89-4b4d-8b92-dde15a279cda" />
    <UnitTestResult executionId="53288b32-78e5-4628-8fbd-abba5edb3fa6" testId="65caf143-6045-4f93-1352-84bf06cb1c6c" testName="ServiceUnitTest.TestVehicle.VehicleServiceTests.CreateAsync_ShouldGenerateUniqueVehicleIdAndSetStatusToChoDuyet" computerName="TAMJEE" duration="00:00:00.0078989" startTime="2025-11-30T02:52:20.9273889+07:00" endTime="2025-11-30T02:52:20.9273890+07:00" testType="13cdc9d9-ddb5-4fa4-a97d-d965ccfc6d4b" outcome="Passed" testListId="8c84fa94-04c1-424b-9868-57a2d4851a1d" relativeResultsDirectory="53288b32-78e5-4628-8fbd-abba5edb3fa6" />
    <UnitTestResult executionId="51354cbb-72d0-4b2e-81b6-fb61c64ad55c" testId="17de93e8-22b4-7da6-b4cd-4e81bdf62818" testName="ServiceUnitTest.Repositories.VisitLogRepositoryTests.GetStaffViewLogsQuery_KhiGoi_NenTraVeQueryVoiIncludes" computerName="TAMJEE" duration="00:00:00.9061050" startTime="2025-11-30T02:52:21.6087743+07:00" endTime="2025-11-30T02:52:21.6087744+07:00" testType="13cdc9d9-ddb5-4fa4-a97d-d965ccfc6d4b" outcome="Passed" testListId="8c84fa94-04c1-424b-9868-57a2d4851a1d" relativeResultsDirectory="51354cbb-72d0-4b2e-81b6-fb61c64ad55c" />
    <UnitTestResult executionId="07549f48-8a19-473c-9b4a-6b3a191178db" testId="693c0e12-dd23-289c-9d1a-9a3390e477c5" testName="ServiceUnitTest.Services.ProposalServiceTests.GetProposalDetailAsync_KhiUserLaOwner_NenTraVeChiTiet" computerName="TAMJEE" duration="00:00:00.9060849" startTime="2025-11-30T02:52:21.6087342+07:00" endTime="2025-11-30T02:52:21.6087342+07:00" testType="13cdc9d9-ddb5-4fa4-a97d-d965ccfc6d4b" outcome="Passed" testListId="8c84fa94-04c1-424b-9868-57a2d4851a1d" relativeResultsDirectory="07549f48-8a19-473c-9b4a-6b3a191178db" />
    <UnitTestResult executionId="9acbaf82-f0ee-4145-b60b-9b4e559551db" testId="982ab276-0e37-116d-36cf-e86d702be447" testName="ServiceUnitTest.Services.UserManagementServiceTests.CreateStaffAccountAsync_KhiHopLe_NenTaoStaff" computerName="TAMJEE" duration="00:00:00.3695211" startTime="2025-11-30T02:52:21.2387559+07:00" endTime="2025-11-30T02:52:21.2387568+07:00" testType="13cdc9d9-ddb5-4fa4-a97d-d965ccfc6d4b" outcome="Failed" testListId="8c84fa94-04c1-424b-9868-57a2d4851a1d" relativeResultsDirectory="9acbaf82-f0ee-4145-b60b-9b4e559551db">
      <Output>
        <ErrorInfo>
          <Message>System.ArgumentNullException : Value cannot be null. (Parameter 'source')</Message>
          <StackTrace>   at System.Linq.ThrowHelper.ThrowArgumentNullException(ExceptionArgument argument)&#xD;
   at System.Linq.Enumerable.Select[TSource,TResult](IEnumerable`1 source, Func`2 selector)&#xD;
   at ApartaAPI.Services.UserManagementService.GetAccountsByRoleInternalAsync(UserQueryParams queryParams, List`1 roles) in D:\K17_KTPM\Git_Repo\Team_Repo\aparta-backend-api\ApartaAPI\Services\UserManagementService.cs:line 86&#xD;
   at ApartaAPI.Services.UserManagementService.CreateStaffAccountAsync(StaffCreateDto createDto) in D:\K17_KTPM\Git_Repo\Team_Repo\aparta-backend-api\ApartaAPI\Services\UserManagementService.cs:line 159&#xD;
   at ServiceUnitTest.Services.UserManagementServiceTests.CreateStaffAccountAsync_KhiHopLe_NenTaoStaff() in D:\K17_KTPM\Git_Repo\Team_Repo\aparta-backend-api\ServiceUnitTest\Services\UserManagementServiceTests.cs:line 110&#xD;
--- End of stack trace from previous location ---</StackTrace>
        </ErrorInfo>
      </Output>
    </UnitTestResult>
    <UnitTestResult executionId="902ab145-3136-4b9c-9548-1dd508027f34" testId="d7703cc6-772a-7efe-2362-8131da471502" testName="ServiceUnitTest.TestAsset.AssetServiceTests.CreateAsync_ShouldSetCreatedAtAndUpdatedAt" computerName="TAMJEE" duration="00:00:00.0059428" startTime="2025-11-30T02:52:20.9249457+07:00" endTime="2025-11-30T02:52:20.9249465+07:00" testType="13cdc9d9-ddb5-4fa4-a97d-d965ccfc6d4b" outcome="Passed" testListId="8c84fa94-04c1-424b-9868-57a2d4851a1d" relativeResultsDirectory="902ab145-3136-4b9c-9548-1dd508027f34" />
    <UnitTestResult executionId="969fba99-6728-4667-9a2e-ab9c215c2735" testId="899c7332-4cad-7d4c-129a-77ce0d580ecf" testName="ServiceUnitTest.Services.PriceQuotationServiceTests.CreatePriceQuotationAsync_KhiFeeTypeTrung_NenNemInvalidOperationException" computerName="TAMJEE" duration="00:00:00.0159962" startTime="2025-11-30T02:52:20.8555272+07:00" endTime="2025-11-30T02:52:20.8555272+07:00" testType="13cdc9d9-ddb5-4fa4-a97d-d965ccfc6d4b" outcome="Passed" testListId="8c84fa94-04c1-424b-9868-57a2d4851a1d" relativeResultsDirectory="969fba99-6728-4667-9a2e-ab9c215c2735" />
    <UnitTestResult executionId="c19e93e0-93e6-40ec-a410-175f6a316439" testId="fc824589-f86f-30d9-44b3-01b69a2cf960" testName="ServiceUnitTest.TestVehicle.VehicleServiceTests.GetAllAsync_WhenNoVehiclesFound_ShouldReturnEmptyListWithNoResultsMessage" computerName="TAMJEE" duration="00:00:00.0266894" startTime="2025-11-30T02:52:20.9107951+07:00" endTime="2025-11-30T02:52:20.9107953+07:00" testType="13cdc9d9-ddb5-4fa4-a97d-d965ccfc6d4b" outcome="Passed" testListId="8c84fa94-04c1-424b-9868-57a2d4851a1d" relativeResultsDirectory="c19e93e0-93e6-40ec-a410-175f6a316439" />
    <UnitTestResult executionId="d07b9058-acb8-48f8-a8b2-18aafbe82f6d" testId="76b2a201-13ea-e704-56dc-65b72af68dad" testName="ServiceUnitTest.Services.PriceQuotationServiceTests.GetPriceQuotationsAsync_KhiGoi_NenTraVeDanhSach" computerName="TAMJEE" duration="00:00:00.0025127" startTime="2025-11-30T02:52:20.8693906+07:00" endTime="2025-11-30T02:52:20.8693909+07:00" testType="13cdc9d9-ddb5-4fa4-a97d-d965ccfc6d4b" outcome="Passed" testListId="8c84fa94-04c1-424b-9868-57a2d4851a1d" relativeResultsDirectory="d07b9058-acb8-48f8-a8b2-18aafbe82f6d" />
    <UnitTestResult executionId="8f01ea23-46ab-4b7e-88dd-0560f2374337" testId="31d982e3-1c92-bd7a-3a91-2ad4d0e36b03" testName="ServiceUnitTest.TestVehicle.VehicleServiceTests.GetAllAsync_WithCombinedFilters_ShouldReturnFilteredAndSortedVehicles" computerName="TAMJEE" duration="00:00:00.0034787" startTime="2025-11-30T02:52:20.9195567+07:00" endTime="2025-11-30T02:52:20.9195567+07:00" testType="13cdc9d9-ddb5-4fa4-a97d-d965ccfc6d4b" outcome="Passed" testListId="8c84fa94-04c1-424b-9868-57a2d4851a1d" relativeResultsDirectory="8f01ea23-46ab-4b7e-88dd-0560f2374337" />
    <UnitTestResult executionId="f5b13054-ceff-478b-b136-0ab952f481bb" testId="2fd907ea-09be-2e75-f7f0-6e1643a0f3ad" testName="ServiceUnitTest.Services.VisitLogServiceTests.CheckOutAsync_KhiStatusKhongPhaiCheckedIn_NenTraVeFalse" computerName="TAMJEE" duration="00:00:00.0113367" startTime="2025-11-30T02:52:20.9714441+07:00" endTime="2025-11-30T02:52:20.9714443+07:00" testType="13cdc9d9-ddb5-4fa4-a97d-d965ccfc6d4b" outcome="Passed" testListId="8c84fa94-04c1-424b-9868-57a2d4851a1d" relativeResultsDirectory="f5b13054-ceff-478b-b136-0ab952f481bb" />
    <UnitTestResult executionId="7d42e7d8-4d57-47a1-8d94-c7f8328b877a" testId="2ad1b383-3fa3-733f-16ce-aacd035893fb" testName="ServiceUnitTest.Services.VisitLogServiceTests.CheckInAsync_KhiStatusPending_NenCapNhatThanhCheckedIn" computerName="TAMJEE" duration="00:00:00.0220666" startTime="2025-11-30T02:52:20.9936005+07:00" endTime="2025-11-30T02:52:20.9936006+07:00" testType="13cdc9d9-ddb5-4fa4-a97d-d965ccfc6d4b" outcome="Passed" testListId="8c84fa94-04c1-424b-9868-57a2d4851a1d" relativeResultsDirectory="7d42e7d8-4d57-47a1-8d94-c7f8328b877a" />
    <UnitTestResult executionId="832e9ad3-1667-41f0-b065-ac0f40c33f9e" testId="c894807d-700d-0069-56c9-8bf5b738462e" testName="ServiceUnitTest.Services.ChatServiceTests.GetInteractionListAsync_KhiGoi_NenTraVeDanhSach" computerName="TAMJEE" duration="00:00:00.0079554" startTime="2025-11-30T02:52:21.5456304+07:00" endTime="2025-11-30T02:52:21.5456307+07:00" testType="13cdc9d9-ddb5-4fa4-a97d-d965ccfc6d4b" outcome="Passed" testListId="8c84fa94-04c1-424b-9868-57a2d4851a1d" relativeResultsDirectory="832e9ad3-1667-41f0-b065-ac0f40c33f9e" />
    <UnitTestResult executionId="40b8b27f-b7b0-4e7d-b28e-69ada3900b91" testId="ba22531b-e808-4f29-290a-03eaaed3cb1e" testName="ServiceUnitTest.TestAsset.AssetServiceTests.UpdateAsync_WhenSaveChangesFails_ShouldReturnFalse" computerName="TAMJEE" duration="00:00:00.0068019" startTime="2025-11-30T02:52:20.8808124+07:00" endTime="2025-11-30T02:52:20.8808128+07:00" testType="13cdc9d9-ddb5-4fa4-a97d-d965ccfc6d4b" outcome="Passed" testListId="8c84fa94-04c1-424b-9868-57a2d4851a1d" relativeResultsDirectory="40b8b27f-b7b0-4e7d-b28e-69ada3900b91" />
    <UnitTestResult executionId="d2753122-3ba5-49d8-9597-91212480f537" testId="82546d9e-1536-3fe3-2613-5f48b519c06b" testName="ServiceUnitTest.Services.PriceQuotationServiceTests.GetPriceQuotationsByBuildingIdAsync_KhiBuildingTonTai_NenTraVeDanhSach" computerName="TAMJEE" duration="00:00:00.0044598" startTime="2025-11-30T02:52:20.8652759+07:00" endTime="2025-11-30T02:52:20.8652762+07:00" testType="13cdc9d9-ddb5-4fa4-a97d-d965ccfc6d4b" outcome="Passed" testListId="8c84fa94-04c1-424b-9868-57a2d4851a1d" relativeResultsDirectory="d2753122-3ba5-49d8-9597-91212480f537" />
    <UnitTestResult executionId="c072f6b4-a4dc-49c8-85da-a03eb15a612f" testId="f39a078b-b5cb-8596-274a-9522ff1e951d" testName="ServiceUnitTest.TestAsset.AssetServiceTests.GetAllAsync_WhenNoAssetsFound_ShouldReturnEmptyListWithNoResultsMessage" computerName="TAMJEE" duration="00:00:00.1203081" startTime="2025-11-30T02:52:20.8317460+07:00" endTime="2025-11-30T02:52:20.8317461+07:00" testType="13cdc9d9-ddb5-4fa4-a97d-d965ccfc6d4b" outcome="Passed" testListId="8c84fa94-04c1-424b-9868-57a2d4851a1d" relativeResultsDirectory="c072f6b4-a4dc-49c8-85da-a03eb15a612f" />
    <UnitTestResult executionId="8c46bb64-4ecf-49d4-bb7e-9b8b400625c0" testId="54bf5aff-8ed2-b789-a163-4d3516dc03f3" testName="ServiceUnitTest.TestVehicle.VehicleServiceTests.GetAllAsync_WhenRepositoryReturnsNull_ShouldReturnEmptyList" computerName="TAMJEE" duration="00:00:00.0022520" startTime="2025-11-30T02:52:20.9878041+07:00" endTime="2025-11-30T02:52:20.9878052+07:00" testType="13cdc9d9-ddb5-4fa4-a97d-d965ccfc6d4b" outcome="Passed" testListId="8c84fa94-04c1-424b-9868-57a2d4851a1d" relativeResultsDirectory="8c46bb64-4ecf-49d4-bb7e-9b8b400625c0" />
    <UnitTestResult executionId="49b96de1-5a57-4a77-a7b6-8b0aa3d7ab87" testId="6fb57b80-8976-077d-22ab-aab3f921c039" testName="ServiceUnitTest.Services.UserManagementServiceTests.ToggleUserStatusAsync_KhiIdTonTai_NenCapNhatStatus" computerName="TAMJEE" duration="00:00:00.0262284" startTime="2025-11-30T02:52:21.6352714+07:00" endTime="2025-11-30T02:52:21.6352719+07:00" testType="13cdc9d9-ddb5-4fa4-a97d-d965ccfc6d4b" outcome="Passed" testListId="8c84fa94-04c1-424b-9868-57a2d4851a1d" relativeResultsDirectory="49b96de1-5a57-4a77-a7b6-8b0aa3d7ab87" />
    <UnitTestResult executionId="1851704a-6683-4aa0-92c6-f6b5177a2325" testId="53ac88c5-172e-9619-25b7-03988178fb6a" testName="ServiceUnitTest.TestVehicle.VehicleServiceTests.GetByIdAsync_WhenVehicleExists_ShouldReturnVehicleDto" computerName="TAMJEE" duration="00:00:00.0034884" startTime="2025-11-30T02:52:20.9313557+07:00" endTime="2025-11-30T02:52:20.9313558+07:00" testType="13cdc9d9-ddb5-4fa4-a97d-d965ccfc6d4b" outcome="Passed" testListId="8c84fa94-04c1-424b-9868-57a2d4851a1d" relativeResultsDirectory="1851704a-6683-4aa0-92c6-f6b5177a2325" />
    <UnitTestResult executionId="852652ea-b39a-4348-9e0f-19deabb783c6" testId="4039c936-b2b0-b86b-45b5-fd9281a4e305" testName="ServiceUnitTest.TestVehicle.VehicleServiceTests.GetAllAsync_WithNoSortBy_ShouldSortByCreatedAtDescending" computerName="TAMJEE" duration="00:00:00.0031097" startTime="2025-11-30T02:52:20.9188167+07:00" endTime="2025-11-30T02:52:20.9188168+07:00" testType="13cdc9d9-ddb5-4fa4-a97d-d965ccfc6d4b" outcome="Passed" testListId="8c84fa94-04c1-424b-9868-57a2d4851a1d" relativeResultsDirectory="852652ea-b39a-4348-9e0f-19deabb783c6" />
    <UnitTestResult executionId="5a471614-ace5-46c4-80f5-8aed1503fd49" testId="828ef680-936f-cda8-5b9e-824b89eb4bb8" testName="ServiceUnitTest.TestVehicle.VehicleServiceTests.GetAllAsync_WithSortByVehicleNumber_Descending_ShouldReturnSortedVehicles" computerName="TAMJEE" duration="00:00:00.0026270" startTime="2025-11-30T02:52:20.9853698+07:00" endTime="2025-11-30T02:52:20.9853704+07:00" testType="13cdc9d9-ddb5-4fa4-a97d-d965ccfc6d4b" outcome="Passed" testListId="8c84fa94-04c1-424b-9868-57a2d4851a1d" relativeResultsDirectory="5a471614-ace5-46c4-80f5-8aed1503fd49" />
    <UnitTestResult executionId="cf5e326f-c327-409f-b459-817022df9d76" testId="8302768d-b368-ab33-03e7-a3f621506771" testName="ServiceUnitTest.TestVehicle.VehicleServiceTests.GetAllAsync_WithSearchTerm_VehicleNumber_ShouldReturnMatchingVehicles" computerName="TAMJEE" duration="00:00:00.0023462" startTime="2025-11-30T02:52:20.9902684+07:00" endTime="2025-11-30T02:52:20.9902686+07:00" testType="13cdc9d9-ddb5-4fa4-a97d-d965ccfc6d4b" outcome="Passed" testListId="8c84fa94-04c1-424b-9868-57a2d4851a1d" relativeResultsDirectory="cf5e326f-c327-409f-b459-817022df9d76" />
    <UnitTestResult executionId="31db6985-a6ec-432f-a67d-0cdd6a1c1dd6" testId="eacb5974-faae-2d81-9116-ad2db1f71cf0" testName="ServiceUnitTest.TestAsset.AssetServiceTests.DeleteAsync_WhenSaveChangesFails_ShouldReturnFalse" computerName="TAMJEE" duration="00:00:00.0024476" startTime="2025-11-30T02:52:20.9339605+07:00" endTime="2025-11-30T02:52:20.9339607+07:00" testType="13cdc9d9-ddb5-4fa4-a97d-d965ccfc6d4b" outcome="Passed" testListId="8c84fa94-04c1-424b-9868-57a2d4851a1d" relativeResultsDirectory="31db6985-a6ec-432f-a67d-0cdd6a1c1dd6" />
    <UnitTestResult executionId="15b5b4da-491d-4769-ad64-2a58f9edc91f" testId="c339059c-7eca-3d7d-2953-bc1dc8249cf6" testName="ServiceUnitTest.TestAsset.AssetServiceTests.DeleteAsync_WhenAssetNotFound_ShouldReturnFalse" computerName="TAMJEE" duration="00:00:00.0032101" startTime="2025-11-30T02:52:20.9312746+07:00" endTime="2025-11-30T02:52:20.9312750+07:00" testType="13cdc9d9-ddb5-4fa4-a97d-d965ccfc6d4b" outcome="Passed" testListId="8c84fa94-04c1-424b-9868-57a2d4851a1d" relativeResultsDirectory="15b5b4da-491d-4769-ad64-2a58f9edc91f" />
    <UnitTestResult executionId="d53b4184-097a-4f98-8271-214804c1bab8" testId="bc4baa34-206b-564e-8b71-3dc6d66b5332" testName="ServiceUnitTest.Services.PriceQuotationServiceTests.GetPriceQuotationByIdAsync_KhiIdTonTai_NenTraVeChiTiet" computerName="TAMJEE" duration="00:00:00.0023807" startTime="2025-11-30T02:52:20.8718698+07:00" endTime="2025-11-30T02:52:20.8718700+07:00" testType="13cdc9d9-ddb5-4fa4-a97d-d965ccfc6d4b" outcome="Passed" testListId="8c84fa94-04c1-424b-9868-57a2d4851a1d" relativeResultsDirectory="d53b4184-097a-4f98-8271-214804c1bab8" />
    <UnitTestResult executionId="ddbe4763-5af4-49a1-abc2-d2a715dac923" testId="a8237466-6f07-fd63-96fc-399dcff6fd24" testName="ServiceUnitTest.TestAsset.AssetServiceTests.UpdateAsync_WhenAssetExists_ShouldUpdateAndReturnTrue" computerName="TAMJEE" duration="00:00:00.0032617" startTime="2025-11-30T02:52:20.9449274+07:00" endTime="2025-11-30T02:52:20.9449276+07:00" testType="13cdc9d9-ddb5-4fa4-a97d-d965ccfc6d4b" outcome="Passed" testListId="8c84fa94-04c1-424b-9868-57a2d4851a1d" relativeResultsDirectory="ddbe4763-5af4-49a1-abc2-d2a715dac923" />
    <UnitTestResult executionId="9e6b55de-293b-4479-a36f-6dfa4ef78952" testId="e529748a-bb58-6278-13e1-dc90e4c03e41" testName="ServiceUnitTest.TestVehicle.VehicleServiceTests.CreateAsync_ShouldSetCreatedAtAndUpdatedAt" computerName="TAMJEE" duration="00:00:00.0046724" startTime="2025-11-30T02:52:20.9705590+07:00" endTime="2025-11-30T02:52:20.9705597+07:00" testType="13cdc9d9-ddb5-4fa4-a97d-d965ccfc6d4b" outcome="Passed" testListId="8c84fa94-04c1-424b-9868-57a2d4851a1d" relativeResultsDirectory="9e6b55de-293b-4479-a36f-6dfa4ef78952" />
    <UnitTestResult executionId="0d3f2436-663e-4469-a1ac-fb2d514d7295" testId="24879c2b-0bf9-2f01-3597-a11e2989f376" testName="ServiceUnitTest.TestVehicle.VehicleServiceTests.GetAllAsync_WithSortByVehicleNumber_Ascending_ShouldReturnSortedVehicles" computerName="TAMJEE" duration="00:00:00.0018075" startTime="2025-11-30T02:52:20.9657586+07:00" endTime="2025-11-30T02:52:20.9657589+07:00" testType="13cdc9d9-ddb5-4fa4-a97d-d965ccfc6d4b" outcome="Passed" testListId="8c84fa94-04c1-424b-9868-57a2d4851a1d" relativeResultsDirectory="0d3f2436-663e-4469-a1ac-fb2d514d7295" />
    <UnitTestResult executionId="68e2c76a-0612-4af6-a3ad-5da04fe696b9" testId="17054e1d-b925-6aa1-e9e8-b2c350d7d955" testName="ServiceUnitTest.Repositories.MessageRepositoryTests.GetMessagesAsync_KhiGoi_NenTraVeTinNhanPhanTrang" computerName="TAMJEE" duration="00:00:00.0172662" startTime="2025-11-30T02:52:21.6374379+07:00" endTime="2025-11-30T02:52:21.6374396+07:00" testType="13cdc9d9-ddb5-4fa4-a97d-d965ccfc6d4b" outcome="Passed" testListId="8c84fa94-04c1-424b-9868-57a2d4851a1d" relativeResultsDirectory="68e2c76a-0612-4af6-a3ad-5da04fe696b9" />
    <UnitTestResult executionId="e86057b2-335d-4bb6-8f76-c7573693fc99" testId="46634805-6294-e98f-e437-f89a4939bcb6" testName="ServiceUnitTest.TestAsset.AssetServiceTests.UpdateAsync_WhenAssetNotFound_ShouldReturnFalse" computerName="TAMJEE" duration="00:00:00.0020934" startTime="2025-11-30T02:52:20.9272940+07:00" endTime="2025-11-30T02:52:20.9272951+07:00" testType="13cdc9d9-ddb5-4fa4-a97d-d965ccfc6d4b" outcome="Passed" testListId="8c84fa94-04c1-424b-9868-57a2d4851a1d" relativeResultsDirectory="e86057b2-335d-4bb6-8f76-c7573693fc99" />
    <UnitTestResult executionId="f854bf8d-5e7c-4669-8ea7-01515e162375" testId="e5eabe51-0797-622d-457e-603958d0e266" testName="ServiceUnitTest.TestAsset.AssetServiceTests.GetAllAsync_WithNoSortBy_ShouldSortByCreatedAtDescending" computerName="TAMJEE" duration="00:00:00.0037630" startTime="2025-11-30T02:52:20.9119522+07:00" endTime="2025-11-30T02:52:20.9119523+07:00" testType="13cdc9d9-ddb5-4fa4-a97d-d965ccfc6d4b" outcome="Passed" testListId="8c84fa94-04c1-424b-9868-57a2d4851a1d" relativeResultsDirectory="f854bf8d-5e7c-4669-8ea7-01515e162375" />
  </Results>
  <TestDefinitions>
    <UnitTest name="ServiceUnitTest.Repositories.VisitorRepositoryTests.UpdateAsync_KhiVisitorHopLe_NenCapNhatThanhCong" storage="d:\k17_ktpm\git_repo\team_repo\aparta-backend-api\serviceunittest\bin\debug\net8.0\serviceunittest.dll" id="938b8379-f5ce-a109-e6da-f9811e1cdef0">
      <Execution id="25077d5d-3a4c-43d1-9023-d9c5c1d77e98" />
      <TestMethod codeBase="D:\K17_KTPM\Git_Repo\Team_Repo\aparta-backend-api\ServiceUnitTest\bin\Debug\net8.0\ServiceUnitTest.dll" adapterTypeName="executor://xunit/VsTestRunner2/netcoreapp" className="ServiceUnitTest.Repositories.VisitorRepositoryTests" name="UpdateAsync_KhiVisitorHopLe_NenCapNhatThanhCong" />
    </UnitTest>
    <UnitTest name="ServiceUnitTest.TestAsset.AssetServiceTests.GetAllAsync_WithSortByQuantity_Descending_ShouldReturnSortedAssets" storage="d:\k17_ktpm\git_repo\team_repo\aparta-backend-api\serviceunittest\bin\debug\net8.0\serviceunittest.dll" id="bfb37e57-bf81-8cb9-c5bb-a2d33d19a539">
      <Execution id="5f1a8cad-d75d-48d5-86d1-9f08d6d33f9d" />
      <TestMethod codeBase="D:\K17_KTPM\Git_Repo\Team_Repo\aparta-backend-api\ServiceUnitTest\bin\Debug\net8.0\ServiceUnitTest.dll" adapterTypeName="executor://xunit/VsTestRunner2/netcoreapp" className="ServiceUnitTest.TestAsset.AssetServiceTests" name="GetAllAsync_WithSortByQuantity_Descending_ShouldReturnSortedAssets" />
    </UnitTest>
    <UnitTest name="ServiceUnitTest.TestVehicle.VehicleServiceTests.GetByIdAsync_WhenVehicleExists_ShouldReturnVehicleDto" storage="d:\k17_ktpm\git_repo\team_repo\aparta-backend-api\serviceunittest\bin\debug\net8.0\serviceunittest.dll" id="53ac88c5-172e-9619-25b7-03988178fb6a">
      <Execution id="1851704a-6683-4aa0-92c6-f6b5177a2325" />
      <TestMethod codeBase="D:\K17_KTPM\Git_Repo\Team_Repo\aparta-backend-api\ServiceUnitTest\bin\Debug\net8.0\ServiceUnitTest.dll" adapterTypeName="executor://xunit/VsTestRunner2/netcoreapp" className="ServiceUnitTest.TestVehicle.VehicleServiceTests" name="GetByIdAsync_WhenVehicleExists_ShouldReturnVehicleDto" />
    </UnitTest>
    <UnitTest name="ServiceUnitTest.Services.ProposalServiceTests.ReplyProposalAsync_KhiUserLaStaff_NenTaoReplyVaCapNhatStatus" storage="d:\k17_ktpm\git_repo\team_repo\aparta-backend-api\serviceunittest\bin\debug\net8.0\serviceunittest.dll" id="6034d841-d46e-8426-eef5-f1caf730f81d">
      <Execution id="1b31081a-888f-4860-9240-7ff95cb16b12" />
      <TestMethod codeBase="D:\K17_KTPM\Git_Repo\Team_Repo\aparta-backend-api\ServiceUnitTest\bin\Debug\net8.0\ServiceUnitTest.dll" adapterTypeName="executor://xunit/VsTestRunner2/netcoreapp" className="ServiceUnitTest.Services.ProposalServiceTests" name="ReplyProposalAsync_KhiUserLaStaff_NenTaoReplyVaCapNhatStatus" />
    </UnitTest>
    <UnitTest name="ServiceUnitTest.TestVehicle.VehicleServiceTests.GetAllAsync_WhenRepositoryReturnsNull_ShouldReturnEmptyList" storage="d:\k17_ktpm\git_repo\team_repo\aparta-backend-api\serviceunittest\bin\debug\net8.0\serviceunittest.dll" id="54bf5aff-8ed2-b789-a163-4d3516dc03f3">
      <Execution id="8c46bb64-4ecf-49d4-bb7e-9b8b400625c0" />
      <TestMethod codeBase="D:\K17_KTPM\Git_Repo\Team_Repo\aparta-backend-api\ServiceUnitTest\bin\Debug\net8.0\ServiceUnitTest.dll" adapterTypeName="executor://xunit/VsTestRunner2/netcoreapp" className="ServiceUnitTest.TestVehicle.VehicleServiceTests" name="GetAllAsync_WhenRepositoryReturnsNull_ShouldReturnEmptyList" />
    </UnitTest>
    <UnitTest name="ServiceUnitTest.TestVehicle.VehicleServiceTests.GetAllAsync_WhenNoVehiclesFound_ShouldReturnEmptyListWithNoResultsMessage" storage="d:\k17_ktpm\git_repo\team_repo\aparta-backend-api\serviceunittest\bin\debug\net8.0\serviceunittest.dll" id="fc824589-f86f-30d9-44b3-01b69a2cf960">
      <Execution id="c19e93e0-93e6-40ec-a410-175f6a316439" />
      <TestMethod codeBase="D:\K17_KTPM\Git_Repo\Team_Repo\aparta-backend-api\ServiceUnitTest\bin\Debug\net8.0\ServiceUnitTest.dll" adapterTypeName="executor://xunit/VsTestRunner2/netcoreapp" className="ServiceUnitTest.TestVehicle.VehicleServiceTests" name="GetAllAsync_WhenNoVehiclesFound_ShouldReturnEmptyListWithNoResultsMessage" />
    </UnitTest>
    <UnitTest name="ServiceUnitTest.TestVehicle.VehicleServiceTests.GetAllAsync_WithStatusFilter_ShouldReturnFilteredVehicles" storage="d:\k17_ktpm\git_repo\team_repo\aparta-backend-api\serviceunittest\bin\debug\net8.0\serviceunittest.dll" id="08d305fb-58bd-dc09-c915-c28ca17deab3">
      <Execution id="99bd14af-9f22-4605-b40d-fcf25bfbdfd4" />
      <TestMethod codeBase="D:\K17_KTPM\Git_Repo\Team_Repo\aparta-backend-api\ServiceUnitTest\bin\Debug\net8.0\ServiceUnitTest.dll" adapterTypeName="executor://xunit/VsTestRunner2/netcoreapp" className="ServiceUnitTest.TestVehicle.VehicleServiceTests" name="GetAllAsync_WithStatusFilter_ShouldReturnFilteredVehicles" />
    </UnitTest>
    <UnitTest name="ServiceUnitTest.TestVehicle.VehicleServiceTests.GetAllAsync_WithNullQuery_ShouldReturnAllVehicles" storage="d:\k17_ktpm\git_repo\team_repo\aparta-backend-api\serviceunittest\bin\debug\net8.0\serviceunittest.dll" id="a6d84dd5-241f-d59d-c5a4-e108491d4fba">
      <Execution id="b06d1be3-d110-4174-ae8c-581202924645" />
      <TestMethod codeBase="D:\K17_KTPM\Git_Repo\Team_Repo\aparta-backend-api\ServiceUnitTest\bin\Debug\net8.0\ServiceUnitTest.dll" adapterTypeName="executor://xunit/VsTestRunner2/netcoreapp" className="ServiceUnitTest.TestVehicle.VehicleServiceTests" name="GetAllAsync_WithNullQuery_ShouldReturnAllVehicles" />
    </UnitTest>
    <UnitTest name="ServiceUnitTest.Services.UserManagementServiceTests.CreateStaffAccountAsync_KhiHopLe_NenTaoStaff" storage="d:\k17_ktpm\git_repo\team_repo\aparta-backend-api\serviceunittest\bin\debug\net8.0\serviceunittest.dll" id="982ab276-0e37-116d-36cf-e86d702be447">
      <Execution id="9acbaf82-f0ee-4145-b60b-9b4e559551db" />
      <TestMethod codeBase="D:\K17_KTPM\Git_Repo\Team_Repo\aparta-backend-api\ServiceUnitTest\bin\Debug\net8.0\ServiceUnitTest.dll" adapterTypeName="executor://xunit/VsTestRunner2/netcoreapp" className="ServiceUnitTest.Services.UserManagementServiceTests" name="CreateStaffAccountAsync_KhiHopLe_NenTaoStaff" />
    </UnitTest>
    <UnitTest name="ServiceUnitTest.Services.PriceQuotationServiceTests.CreatePriceQuotationAsync_KhiHopLe_NenTaoMoi" storage="d:\k17_ktpm\git_repo\team_repo\aparta-backend-api\serviceunittest\bin\debug\net8.0\serviceunittest.dll" id="bd447c2c-874e-e154-d781-68b4b1f9d7d9">
      <Execution id="2481ed89-fe9c-4617-bd51-f6f3a0a7d747" />
      <TestMethod codeBase="D:\K17_KTPM\Git_Repo\Team_Repo\aparta-backend-api\ServiceUnitTest\bin\Debug\net8.0\ServiceUnitTest.dll" adapterTypeName="executor://xunit/VsTestRunner2/netcoreapp" className="ServiceUnitTest.Services.PriceQuotationServiceTests" name="CreatePriceQuotationAsync_KhiHopLe_NenTaoMoi" />
    </UnitTest>
    <UnitTest name="ServiceUnitTest.Services.UserManagementServiceTests.ToggleUserStatusAsync_KhiIdTonTai_NenCapNhatStatus" storage="d:\k17_ktpm\git_repo\team_repo\aparta-backend-api\serviceunittest\bin\debug\net8.0\serviceunittest.dll" id="6fb57b80-8976-077d-22ab-aab3f921c039">
      <Execution id="49b96de1-5a57-4a77-a7b6-8b0aa3d7ab87" />
      <TestMethod codeBase="D:\K17_KTPM\Git_Repo\Team_Repo\aparta-backend-api\ServiceUnitTest\bin\Debug\net8.0\ServiceUnitTest.dll" adapterTypeName="executor://xunit/VsTestRunner2/netcoreapp" className="ServiceUnitTest.Services.UserManagementServiceTests" name="ToggleUserStatusAsync_KhiIdTonTai_NenCapNhatStatus" />
    </UnitTest>
    <UnitTest name="ServiceUnitTest.TestVehicle.VehicleServiceTests.CreateAsync_ShouldGenerateUniqueVehicleIdAndSetStatusToChoDuyet" storage="d:\k17_ktpm\git_repo\team_repo\aparta-backend-api\serviceunittest\bin\debug\net8.0\serviceunittest.dll" id="65caf143-6045-4f93-1352-84bf06cb1c6c">
      <Execution id="53288b32-78e5-4628-8fbd-abba5edb3fa6" />
      <TestMethod codeBase="D:\K17_KTPM\Git_Repo\Team_Repo\aparta-backend-api\ServiceUnitTest\bin\Debug\net8.0\ServiceUnitTest.dll" adapterTypeName="executor://xunit/VsTestRunner2/netcoreapp" className="ServiceUnitTest.TestVehicle.VehicleServiceTests" name="CreateAsync_ShouldGenerateUniqueVehicleIdAndSetStatusToChoDuyet" />
    </UnitTest>
    <UnitTest name="ServiceUnitTest.Repositories.VisitorRepositoryTests.AddAsync_KhiVisitorHopLe_NenThemThanhCong" storage="d:\k17_ktpm\git_repo\team_repo\aparta-backend-api\serviceunittest\bin\debug\net8.0\serviceunittest.dll" id="785cc6f3-cb4e-88c9-0ab5-82497f6469e3">
      <Execution id="a9f732cb-0f3f-438a-b0f3-8de07dec05b9" />
      <TestMethod codeBase="D:\K17_KTPM\Git_Repo\Team_Repo\aparta-backend-api\ServiceUnitTest\bin\Debug\net8.0\ServiceUnitTest.dll" adapterTypeName="executor://xunit/VsTestRunner2/netcoreapp" className="ServiceUnitTest.Repositories.VisitorRepositoryTests" name="AddAsync_KhiVisitorHopLe_NenThemThanhCong" />
    </UnitTest>
    <UnitTest name="ServiceUnitTest.Services.PriceQuotationServiceTests.GetPriceQuotationsAsync_KhiGoi_NenTraVeDanhSach" storage="d:\k17_ktpm\git_repo\team_repo\aparta-backend-api\serviceunittest\bin\debug\net8.0\serviceunittest.dll" id="76b2a201-13ea-e704-56dc-65b72af68dad">
      <Execution id="d07b9058-acb8-48f8-a8b2-18aafbe82f6d" />
      <TestMethod codeBase="D:\K17_KTPM\Git_Repo\Team_Repo\aparta-backend-api\ServiceUnitTest\bin\Debug\net8.0\ServiceUnitTest.dll" adapterTypeName="executor://xunit/VsTestRunner2/netcoreapp" className="ServiceUnitTest.Services.PriceQuotationServiceTests" name="GetPriceQuotationsAsync_KhiGoi_NenTraVeDanhSach" />
    </UnitTest>
    <UnitTest name="ServiceUnitTest.TestAsset.AssetServiceTests.CreateAsync_ShouldSetCreatedAtAndUpdatedAt" storage="d:\k17_ktpm\git_repo\team_repo\aparta-backend-api\serviceunittest\bin\debug\net8.0\serviceunittest.dll" id="d7703cc6-772a-7efe-2362-8131da471502">
      <Execution id="902ab145-3136-4b9c-9548-1dd508027f34" />
      <TestMethod codeBase="D:\K17_KTPM\Git_Repo\Team_Repo\aparta-backend-api\ServiceUnitTest\bin\Debug\net8.0\ServiceUnitTest.dll" adapterTypeName="executor://xunit/VsTestRunner2/netcoreapp" className="ServiceUnitTest.TestAsset.AssetServiceTests" name="CreateAsync_ShouldSetCreatedAtAndUpdatedAt" />
    </UnitTest>
    <UnitTest name="ServiceUnitTest.TestAsset.AssetServiceTests.GetAllAsync_WithNoSortBy_ShouldSortByCreatedAtDescending" storage="d:\k17_ktpm\git_repo\team_repo\aparta-backend-api\serviceunittest\bin\debug\net8.0\serviceunittest.dll" id="e5eabe51-0797-622d-457e-603958d0e266">
      <Execution id="f854bf8d-5e7c-4669-8ea7-01515e162375" />
      <TestMethod codeBase="D:\K17_KTPM\Git_Repo\Team_Repo\aparta-backend-api\ServiceUnitTest\bin\Debug\net8.0\ServiceUnitTest.dll" adapterTypeName="executor://xunit/VsTestRunner2/netcoreapp" className="ServiceUnitTest.TestAsset.AssetServiceTests" name="GetAllAsync_WithNoSortBy_ShouldSortByCreatedAtDescending" />
    </UnitTest>
    <UnitTest name="ServiceUnitTest.Repositories.PriceQuotationRepositoryTests.GetByIdWithBuildingAsync_KhiIdTonTai_NenTraVeChiTiet" storage="d:\k17_ktpm\git_repo\team_repo\aparta-backend-api\serviceunittest\bin\debug\net8.0\serviceunittest.dll" id="08903901-081e-4aee-a83a-a1681061ed19">
      <Execution id="1525e712-f830-450a-afed-03de4d2581a6" />
      <TestMethod codeBase="D:\K17_KTPM\Git_Repo\Team_Repo\aparta-backend-api\ServiceUnitTest\bin\Debug\net8.0\ServiceUnitTest.dll" adapterTypeName="executor://xunit/VsTestRunner2/netcoreapp" className="ServiceUnitTest.Repositories.PriceQuotationRepositoryTests" name="GetByIdWithBuildingAsync_KhiIdTonTai_NenTraVeChiTiet" />
    </UnitTest>
    <UnitTest name="ServiceUnitTest.Services.PriceQuotationServiceTests.GetPriceQuotationByIdAsync_KhiIdTonTai_NenTraVeChiTiet" storage="d:\k17_ktpm\git_repo\team_repo\aparta-backend-api\serviceunittest\bin\debug\net8.0\serviceunittest.dll" id="bc4baa34-206b-564e-8b71-3dc6d66b5332">
      <Execution id="d53b4184-097a-4f98-8271-214804c1bab8" />
      <TestMethod codeBase="D:\K17_KTPM\Git_Repo\Team_Repo\aparta-backend-api\ServiceUnitTest\bin\Debug\net8.0\ServiceUnitTest.dll" adapterTypeName="executor://xunit/VsTestRunner2/netcoreapp" className="ServiceUnitTest.Services.PriceQuotationServiceTests" name="GetPriceQuotationByIdAsync_KhiIdTonTai_NenTraVeChiTiet" />
    </UnitTest>
    <UnitTest name="ServiceUnitTest.Repositories.VisitorRepositoryTests.GetByIdAsync_KhiIdTonTai_NenTraVeVisitor" storage="d:\k17_ktpm\git_repo\team_repo\aparta-backend-api\serviceunittest\bin\debug\net8.0\serviceunittest.dll" id="8b0768ee-f92c-1597-dc16-e9e9b3a9780c">
      <Execution id="ce30b4d9-ac01-47e0-9d88-e1c87d5f5d7c" />
      <TestMethod codeBase="D:\K17_KTPM\Git_Repo\Team_Repo\aparta-backend-api\ServiceUnitTest\bin\Debug\net8.0\ServiceUnitTest.dll" adapterTypeName="executor://xunit/VsTestRunner2/netcoreapp" className="ServiceUnitTest.Repositories.VisitorRepositoryTests" name="GetByIdAsync_KhiIdTonTai_NenTraVeVisitor" />
    </UnitTest>
    <UnitTest name="ServiceUnitTest.TestVehicle.VehicleServiceTests.DeleteAsync_WhenSaveChangesFails_ShouldReturnFalse" storage="d:\k17_ktpm\git_repo\team_repo\aparta-backend-api\serviceunittest\bin\debug\net8.0\serviceunittest.dll" id="d9ac2201-89bd-4b5e-ebd1-4cb57fb79fa8">
      <Execution id="5021f337-2c76-4925-8701-756337ef4ab6" />
      <TestMethod codeBase="D:\K17_KTPM\Git_Repo\Team_Repo\aparta-backend-api\ServiceUnitTest\bin\Debug\net8.0\ServiceUnitTest.dll" adapterTypeName="executor://xunit/VsTestRunner2/netcoreapp" className="ServiceUnitTest.TestVehicle.VehicleServiceTests" name="DeleteAsync_WhenSaveChangesFails_ShouldReturnFalse" />
    </UnitTest>
    <UnitTest name="ServiceUnitTest.Services.ProposalServiceTests.GetProposalsForStaffAsync_KhiGoi_NenTraVePagedList" storage="d:\k17_ktpm\git_repo\team_repo\aparta-backend-api\serviceunittest\bin\debug\net8.0\serviceunittest.dll" id="e298a3fe-58fb-6a3a-753b-a81a74204e34">
      <Execution id="bab183ef-1e1a-4f31-9d71-d9ce798a01bc" />
      <TestMethod codeBase="D:\K17_KTPM\Git_Repo\Team_Repo\aparta-backend-api\ServiceUnitTest\bin\Debug\net8.0\ServiceUnitTest.dll" adapterTypeName="executor://xunit/VsTestRunner2/netcoreapp" className="ServiceUnitTest.Services.ProposalServiceTests" name="GetProposalsForStaffAsync_KhiGoi_NenTraVePagedList" />
    </UnitTest>
    <UnitTest name="ServiceUnitTest.TestVehicle.VehicleServiceTests.GetByIdAsync_WhenVehicleNotFound_ShouldReturnNull" storage="d:\k17_ktpm\git_repo\team_repo\aparta-backend-api\serviceunittest\bin\debug\net8.0\serviceunittest.dll" id="ac0685fb-6cbe-a8b2-576a-f893283cc375">
      <Execution id="79d339be-ecc2-4322-a394-ffa5b114ce3d" />
      <TestMethod codeBase="D:\K17_KTPM\Git_Repo\Team_Repo\aparta-backend-api\ServiceUnitTest\bin\Debug\net8.0\ServiceUnitTest.dll" adapterTypeName="executor://xunit/VsTestRunner2/netcoreapp" className="ServiceUnitTest.TestVehicle.VehicleServiceTests" name="GetByIdAsync_WhenVehicleNotFound_ShouldReturnNull" />
    </UnitTest>
    <UnitTest name="ServiceUnitTest.TestAsset.AssetServiceTests.CreateAsync_ShouldGenerateUniqueAssetId" storage="d:\k17_ktpm\git_repo\team_repo\aparta-backend-api\serviceunittest\bin\debug\net8.0\serviceunittest.dll" id="0f8ad43d-e87a-9b86-c2b0-3d64246500ad">
      <Execution id="97d378d3-1c3c-4064-b266-b28ab11e5e76" />
      <TestMethod codeBase="D:\K17_KTPM\Git_Repo\Team_Repo\aparta-backend-api\ServiceUnitTest\bin\Debug\net8.0\ServiceUnitTest.dll" adapterTypeName="executor://xunit/VsTestRunner2/netcoreapp" className="ServiceUnitTest.TestAsset.AssetServiceTests" name="CreateAsync_ShouldGenerateUniqueAssetId" />
    </UnitTest>
    <UnitTest name="ServiceUnitTest.TestVehicle.VehicleServiceTests.DeleteAsync_WhenVehicleNotFound_ShouldReturnFalse" storage="d:\k17_ktpm\git_repo\team_repo\aparta-backend-api\serviceunittest\bin\debug\net8.0\serviceunittest.dll" id="e00880e5-4a59-a258-b187-79b95cf19a84">
      <Execution id="82208ba8-0c34-4f7f-8add-4285bb417cc4" />
      <TestMethod codeBase="D:\K17_KTPM\Git_Repo\Team_Repo\aparta-backend-api\ServiceUnitTest\bin\Debug\net8.0\ServiceUnitTest.dll" adapterTypeName="executor://xunit/VsTestRunner2/netcoreapp" className="ServiceUnitTest.TestVehicle.VehicleServiceTests" name="DeleteAsync_WhenVehicleNotFound_ShouldReturnFalse" />
    </UnitTest>
    <UnitTest name="ServiceUnitTest.TestAsset.AssetServiceTests.GetAllAsync_WithSortByInfo_Descending_ShouldReturnSortedAssets" storage="d:\k17_ktpm\git_repo\team_repo\aparta-backend-api\serviceunittest\bin\debug\net8.0\serviceunittest.dll" id="01d67411-1a81-aa6d-ffd0-a0f57b383a5d">
      <Execution id="e61ae790-0d4d-4f6a-a73c-380b6264bbbe" />
      <TestMethod codeBase="D:\K17_KTPM\Git_Repo\Team_Repo\aparta-backend-api\ServiceUnitTest\bin\Debug\net8.0\ServiceUnitTest.dll" adapterTypeName="executor://xunit/VsTestRunner2/netcoreapp" className="ServiceUnitTest.TestAsset.AssetServiceTests" name="GetAllAsync_WithSortByInfo_Descending_ShouldReturnSortedAssets" />
    </UnitTest>
    <UnitTest name="ServiceUnitTest.Services.VisitorServiceTests.CreateVisitAsync_KhiVisitorDaTonTai_NenNemValidationException" storage="d:\k17_ktpm\git_repo\team_repo\aparta-backend-api\serviceunittest\bin\debug\net8.0\serviceunittest.dll" id="e138f28c-54c2-8099-fb61-170bde14e566">
      <Execution id="6b140f03-3416-4f9f-9414-7c2fad1fd5e2" />
      <TestMethod codeBase="D:\K17_KTPM\Git_Repo\Team_Repo\aparta-backend-api\ServiceUnitTest\bin\Debug\net8.0\ServiceUnitTest.dll" adapterTypeName="executor://xunit/VsTestRunner2/netcoreapp" className="ServiceUnitTest.Services.VisitorServiceTests" name="CreateVisitAsync_KhiVisitorDaTonTai_NenNemValidationException" />
    </UnitTest>
    <UnitTest name="ServiceUnitTest.TestAsset.AssetServiceTests.GetAllAsync_WhenNoAssetsFound_ShouldReturnEmptyListWithNoResultsMessage" storage="d:\k17_ktpm\git_repo\team_repo\aparta-backend-api\serviceunittest\bin\debug\net8.0\serviceunittest.dll" id="f39a078b-b5cb-8596-274a-9522ff1e951d">
      <Execution id="c072f6b4-a4dc-49c8-85da-a03eb15a612f" />
      <TestMethod codeBase="D:\K17_KTPM\Git_Repo\Team_Repo\aparta-backend-api\ServiceUnitTest\bin\Debug\net8.0\ServiceUnitTest.dll" adapterTypeName="executor://xunit/VsTestRunner2/netcoreapp" className="ServiceUnitTest.TestAsset.AssetServiceTests" name="GetAllAsync_WhenNoAssetsFound_ShouldReturnEmptyListWithNoResultsMessage" />
    </UnitTest>
    <UnitTest name="ServiceUnitTest.Services.ChatServiceTests.CreateAdHocInteractionAsync_KhiChuaTonTai_NenTaoMoi" storage="d:\k17_ktpm\git_repo\team_repo\aparta-backend-api\serviceunittest\bin\debug\net8.0\serviceunittest.dll" id="7c330c24-b8a5-d704-93ae-65f327fde930">
      <Execution id="9d74a02b-964a-4534-892d-dd896be239fe" />
[...]
    <TestEntry testId="f8acbb5f-d745-6ba2-3a63-97b5a9edcf98" executionId="81a0c6e5-6f55-4595-9cf8-8d8eacba3c8b" testListId="8c84fa94-04c1-424b-9868-57a2d4851a1d" />
    <TestEntry testId="2d2f25e7-f720-1c73-4398-d20510497121" executionId="9d10e9ca-ae63-4d03-a67d-4147ab11dee3" testListId="8c84fa94-04c1-424b-9868-57a2d4851a1d" />
    <TestEntry testId="0c0e3132-92a1-6f03-925c-35ea497d935e" executionId="436a4e07-6b1b-492e-bd1e-c0c85a2e85e0" testListId="8c84fa94-04c1-424b-9868-57a2d4851a1d" />
    <TestEntry testId="de73053c-e28c-9cf8-0aeb-566f9b88f360" executionId="8089a0a7-a37d-41b7-851d-f1772f6b3a61" testListId="8c84fa94-04c1-424b-9868-57a2d4851a1d" />
    <TestEntry testId="66da7052-acd2-95c3-8103-1777b06650b3" executionId="a85e2156-d668-4b54-85d0-1993cc2127db" testListId="8c84fa94-04c1-424b-9868-57a2d4851a1d" />
    <TestEntry testId="7bedae29-8133-d91c-62c4-4d8b50302804" executionId="92c8e2b0-0cfd-472c-971b-e0eb7e22b1aa" testListId="8c84fa94-04c1-424b-9868-57a2d4851a1d" />
    <TestEntry testId="818acf3c-9a31-0f6f-6b2d-676bcbb6f648" executionId="c218421a-5685-4f42-84b1-99d20d97d11b" testListId="8c84fa94-04c1-424b-9868-57a2d4851a1d" />
    <TestEntry testId="7c330c24-b8a5-d704-93ae-65f327fde930" executionId="9d74a02b-964a-4534-892d-dd896be239fe" testListId="8c84fa94-04c1-424b-9868-57a2d4851a1d" />
    <TestEntry testId="0a411339-16d1-8d54-b087-c1ec9094d0e7" executionId="096a001d-429f-4565-8a3b-0e6237c07fd4" testListId="8c84fa94-04c1-424b-9868-57a2d4851a1d" />
    <TestEntry testId="35119fbf-8466-bd08-a442-d805dc9918fa" executionId="1b672e54-0942-4508-a71a-fde9bae1ea43" testListId="8c84fa94-04c1-424b-9868-57a2d4851a1d" />
    <TestEntry testId="2fc4a7d0-c1e8-e7e4-9526-83a588dffa18" executionId="59bb29e4-f00b-4cad-a852-453ed94c7b97" testListId="8c84fa94-04c1-424b-9868-57a2d4851a1d" />
    <TestEntry testId="072847d6-3f2a-27a5-2155-061911f38c04" executionId="00759d83-c05c-4ef3-942d-c01fa81947dc" testListId="8c84fa94-04c1-424b-9868-57a2d4851a1d" />
    <TestEntry testId="525103e1-1565-6986-20da-151232c788eb" executionId="15987354-c700-4645-92d3-619b1ab1dd9b" testListId="8c84fa94-04c1-424b-9868-57a2d4851a1d" />
    <TestEntry testId="0f8ad43d-e87a-9b86-c2b0-3d64246500ad" executionId="97d378d3-1c3c-4064-b266-b28ab11e5e76" testListId="8c84fa94-04c1-424b-9868-57a2d4851a1d" />
    <TestEntry testId="27416949-758f-1c46-9f40-ca30ceee51c0" executionId="693a2ee2-f5ef-44de-b7f8-7cfa3f6e531b" testListId="8c84fa94-04c1-424b-9868-57a2d4851a1d" />
    <TestEntry testId="45dc0510-45c7-0f82-e9a5-2b3e8c2b6a75" executionId="b2fd52a5-982d-46a5-9894-89dd35f234ad" testListId="8c84fa94-04c1-424b-9868-57a2d4851a1d" />
    <TestEntry testId="6e89261e-8129-cc5d-6a50-bf1ef3ddec7c" executionId="4fc8e670-211d-4304-9a83-62bd423855b9" testListId="8c84fa94-04c1-424b-9868-57a2d4851a1d" />
    <TestEntry testId="08d305fb-58bd-dc09-c915-c28ca17deab3" executionId="99bd14af-9f22-4605-b40d-fcf25bfbdfd4" testListId="8c84fa94-04c1-424b-9868-57a2d4851a1d" />
    <TestEntry testId="18ea6aaa-8759-1127-338b-c07fffca5745" executionId="67b12ba2-aef3-407d-b647-932232e12b30" testListId="8c84fa94-04c1-424b-9868-57a2d4851a1d" />
    <TestEntry testId="690eee46-5bb0-2017-8434-f8bfad3c8eb4" executionId="02e965f7-bc0c-4732-9ba7-671f391fd1ec" testListId="8c84fa94-04c1-424b-9868-57a2d4851a1d" />
    <TestEntry testId="43e0e8e9-6ba6-e05a-d59e-c20c5a40777e" executionId="147e0191-fc6a-40f9-922a-f6f0be5432ae" testListId="8c84fa94-04c1-424b-9868-57a2d4851a1d" />
    <TestEntry testId="d7bc34c8-3a15-85f7-e780-5f2e5ffe7cec" executionId="bd88e049-6594-49c3-aa4a-cff157a62b8b" testListId="8c84fa94-04c1-424b-9868-57a2d4851a1d" />
    <TestEntry testId="e298a3fe-58fb-6a3a-753b-a81a74204e34" executionId="bab183ef-1e1a-4f31-9d71-d9ce798a01bc" testListId="8c84fa94-04c1-424b-9868-57a2d4851a1d" />
    <TestEntry testId="2cd8b322-1838-bcb1-72c9-dcce59774f81" executionId="122f21cc-f763-4e71-aedf-eb4008756b61" testListId="8c84fa94-04c1-424b-9868-57a2d4851a1d" />
    <TestEntry testId="0389a713-5d92-9c60-198f-d1b5279ca2f3" executionId="36dab1c3-ab8c-4182-bb5d-a0b339fcf265" testListId="8c84fa94-04c1-424b-9868-57a2d4851a1d" />
    <TestEntry testId="e138f28c-54c2-8099-fb61-170bde14e566" executionId="6b140f03-3416-4f9f-9414-7c2fad1fd5e2" testListId="8c84fa94-04c1-424b-9868-57a2d4851a1d" />
    <TestEntry testId="e00880e5-4a59-a258-b187-79b95cf19a84" executionId="82208ba8-0c34-4f7f-8add-4285bb417cc4" testListId="8c84fa94-04c1-424b-9868-57a2d4851a1d" />
    <TestEntry testId="d87af088-a468-8b81-2ad3-1f045d0f6530" executionId="cdc87437-1fc1-4390-9f83-94cd6305394f" testListId="8c84fa94-04c1-424b-9868-57a2d4851a1d" />
    <TestEntry testId="bd2235db-c0db-294c-bbae-61d2ccca741f" executionId="20f01505-b272-4541-bbcf-d3d7d8fc05dd" testListId="8c84fa94-04c1-424b-9868-57a2d4851a1d" />
    <TestEntry testId="e08dbe78-d415-605e-bcbc-7cd78acd4499" executionId="d47a508a-2932-4c82-addd-356258c44b56" testListId="8c84fa94-04c1-424b-9868-57a2d4851a1d" />
    <TestEntry testId="08903901-081e-4aee-a83a-a1681061ed19" executionId="1525e712-f830-450a-afed-03de4d2581a6" testListId="8c84fa94-04c1-424b-9868-57a2d4851a1d" />
    <TestEntry testId="6034d841-d46e-8426-eef5-f1caf730f81d" executionId="1b31081a-888f-4860-9240-7ff95cb16b12" testListId="8c84fa94-04c1-424b-9868-57a2d4851a1d" />
    <TestEntry testId="7e0cd22e-99e3-635a-9d96-1163b3dbbdc9" executionId="70fd4056-b59e-4cb9-ac88-e17d6aa7a4b4" testListId="8c84fa94-04c1-424b-9868-57a2d4851a1d" />
    <TestEntry testId="4de74439-69c3-3bb4-25e5-a067c379881b" executionId="63b521cd-ba89-4b4d-8b92-dde15a279cda" testListId="8c84fa94-04c1-424b-9868-57a2d4851a1d" />
    <TestEntry testId="65caf143-6045-4f93-1352-84bf06cb1c6c" executionId="53288b32-78e5-4628-8fbd-abba5edb3fa6" testListId="8c84fa94-04c1-424b-9868-57a2d4851a1d" />
    <TestEntry testId="17de93e8-22b4-7da6-b4cd-4e81bdf62818" executionId="51354cbb-72d0-4b2e-81b6-fb61c64ad55c" testListId="8c84fa94-04c1-424b-9868-57a2d4851a1d" />
    <TestEntry testId="693c0e12-dd23-289c-9d1a-9a3390e477c5" executionId="07549f48-8a19-473c-9b4a-6b3a191178db" testListId="8c84fa94-04c1-424b-9868-57a2d4851a1d" />
    <TestEntry testId="982ab276-0e37-116d-36cf-e86d702be447" executionId="9acbaf82-f0ee-4145-b60b-9b4e559551db" testListId="8c84fa94-04c1-424b-9868-57a2d4851a1d" />
    <TestEntry testId="d7703cc6-772a-7efe-2362-8131da471502" executionId="902ab145-3136-4b9c-9548-1dd508027f34" testListId="8c84fa94-04c1-424b-9868-57a2d4851a1d" />
    <TestEntry testId="899c7332-4cad-7d4c-129a-77ce0d580ecf" executionId="969fba99-6728-4667-9a2e-ab9c215c2735" testListId="8c84fa94-04c1-424b-9868-57a2d4851a1d" />
    <TestEntry testId="fc824589-f86f-30d9-44b3-01b69a2cf960" executionId="c19e93e0-93e6-40ec-a410-175f6a316439" testListId="8c84fa94-04c1-424b-9868-57a2d4851a1d" />
    <TestEntry testId="76b2a201-13ea-e704-56dc-65b72af68dad" executionId="d07b9058-acb8-48f8-a8b2-18aafbe82f6d" testListId="8c84fa94-04c1-424b-9868-57a2d4851a1d" />
    <TestEntry testId="31d982e3-1c92-bd7a-3a91-2ad4d0e36b03" executionId="8f01ea23-46ab-4b7e-88dd-0560f2374337" testListId="8c84fa94-04c1-424b-9868-57a2d4851a1d" />
    <TestEntry testId="2fd907ea-09be-2e75-f7f0-6e1643a0f3ad" executionId="f5b13054-ceff-478b-b136-0ab952f481bb" testListId="8c84fa94-04c1-424b-9868-57a2d4851a1d" />
    <TestEntry testId="2ad1b383-3fa3-733f-16ce-aacd035893fb" executionId="7d42e7d8-4d57-47a1-8d94-c7f8328b877a" testListId="8c84fa94-04c1-424b-9868-57a2d4851a1d" />
    <TestEntry testId="c894807d-700d-0069-56c9-8bf5b738462e" executionId="832e9ad3-1667-41f0-b065-ac0f40c33f9e" testListId="8c84fa94-04c1-424b-9868-57a2d4851a1d" />
    <TestEntry testId="ba22531b-e808-4f29-290a-03eaaed3cb1e" executionId="40b8b27f-b7b0-4e7d-b28e-69ada3900b91" testListId="8c84fa94-04c1-424b-9868-57a2d4851a1d" />
    <TestEntry testId="82546d9e-1536-3fe3-2613-5f48b519c06b" executionId="d2753122-3ba5-49d8-9597-91212480f537" testListId="8c84fa94-04c1-424b-9868-57a2d4851a1d" />
    <TestEntry testId="f39a078b-b5cb-8596-274a-9522ff1e951d" executionId="c072f6b4-a4dc-49c8-85da-a03eb15a612f" testListId="8c84fa94-04c1-424b-9868-57a2d4851a1d" />
    <TestEntry testId="54bf5aff-8ed2-b789-a163-4d3516dc03f3" executionId="8c46bb64-4ecf-49d4-bb7e-9b8b400625c0" testListId="8c84fa94-04c1-424b-9868-57a2d4851a1d" />
    <TestEntry testId="6fb57b80-8976-077d-22ab-aab3f921c039" executionId="49b96de1-5a57-4a77-a7b6-8b0aa3d7ab87" testListId="8c84fa94-04c1-424b-9868-57a2d4851a1d" />
    <TestEntry testId="53ac88c5-172e-9619-25b7-03988178fb6a" executionId="1851704a-6683-4aa0-92c6-f6b5177a2325" testListId="8c84fa94-04c1-424b-9868-57a2d4851a1d" />
    <TestEntry testId="4039c936-b2b0-b86b-45b5-fd9281a4e305" executionId="852652ea-b39a-4348-9e0f-19deabb783c6" testListId="8c84fa94-04c1-424b-9868-57a2d4851a1d" />
    <TestEntry testId="828ef680-936f-cda8-5b9e-824b89eb4bb8" executionId="5a471614-ace5-46c4-80f5-8aed1503fd49" testListId="8c84fa94-04c1-424b-9868-57a2d4851a1d" />
    <TestEntry testId="8302768d-b368-ab33-03e7-a3f621506771" executionId="cf5e326f-c327-409f-b459-817022df9d76" testListId="8c84fa94-04c1-424b-9868-57a2d4851a1d" />
    <TestEntry testId="eacb5974-faae-2d81-9116-ad2db1f71cf0" executionId="31db6985-a6ec-432f-a67d-0cdd6a1c1dd6" testListId="8c84fa94-04c1-424b-9868-57a2d4851a1d" />
    <TestEntry testId="c339059c-7eca-3d7d-2953-bc1dc8249cf6" executionId="15b5b4da-491d-4769-ad64-2a58f9edc91f" testListId="8c84fa94-04c1-424b-9868-57a2d4851a1d" />
    <TestEntry testId="bc4baa34-206b-564e-8b71-3dc6d66b5332" executionId="d53b4184-097a-4f98-8271-214804c1bab8" testListId="8c84fa94-04c1-424b-9868-57a2d4851a1d" />
    <TestEntry testId="a8237466-6f07-fd63-96fc-399dcff6fd24" executionId="ddbe4763-5af4-49a1-abc2-d2a715dac923" testListId="8c84fa94-04c1-424b-9868-57a2d4851a1d" />
    <TestEntry testId="e529748a-bb58-6278-13e1-dc90e4c03e41" executionId="9e6b55de-293b-4479-a36f-6dfa4ef78952" testListId="8c84fa94-04c1-424b-9868-57a2d4851a1d" />
    <TestEntry testId="24879c2b-0bf9-2f01-3597-a11e2989f376" executionId="0d3f2436-663e-4469-a1ac-fb2d514d7295" testListId="8c84fa94-04c1-424b-9868-57a2d4851a1d" />
    <TestEntry testId="17054e1d-b925-6aa1-e9e8-b2c350d7d955" executionId="68e2c76a-0612-4af6-a3ad-5da04fe696b9" testListId="8c84fa94-04c1-424b-9868-57a2d4851a1d" />
    <TestEntry testId="46634805-6294-e98f-e437-f89a4939bcb6" executionId="e86057b2-335d-4bb6-8f76-c7573693fc99" testListId="8c84fa94-04c1-424b-9868-57a2d4851a1d" />
    <TestEntry testId="e5eabe51-0797-622d-457e-603958d0e266" executionId="f854bf8d-5e7c-4669-8ea7-01515e162375" testListId="8c84fa94-04c1-424b-9868-57a2d4851a1d" />
  </TestEntries>
  <TestLists>
    <TestList name="Results Not in a List" id="8c84fa94-04c1-424b-9868-57a2d4851a1d" />
    <TestList name="All Loaded Results" id="19431567-8539-422a-85d7-44ee4e166bda" />
  </TestLists>
  <ResultSummary outcome="Failed">
    <Counters total="99" executed="99" passed="95" failed="4" error="0" timeout="0" aborted="0" inconclusive="0" passedButRunAborted="0" notRunnable="0" notExecuted="0" disconnected="0" warning="0" completed="0" inProgress="0" pending="0" />
    <Output>
      <StdOut>[xUnit.net 00:00:00.00] xUnit.net VSTest Adapter v2.5.3.1+6b60a9e56a (64-bit .NET 8.0.18)&#xD;
[xUnit.net 00:00:00.12]   Discovering: ServiceUnitTest&#xD;
[xUnit.net 00:00:00.15]   Discovered:  ServiceUnitTest&#xD;
[xUnit.net 00:00:00.16]   Starting:    ServiceUnitTest&#xD;
     Warning:&#xD;
     The component "Fluent Assertions" is governed by the rules defined in the Xceed License Agreement and&#xD;
     the Xceed Fluent Assertions Community License. You may use Fluent Assertions free of charge for&#xD;
     non-commercial use only. An active subscription is required to use Fluent Assertions for commercial use.&#xD;
     Please contact Xceed Sales mailto:sales@xceed.com to acquire a subscription at a very low cost.&#xD;
     A paid commercial license supports the development and continued increasing support of&#xD;
     Fluent Assertions users under both commercial and community licenses. Help us&#xD;
     keep Fluent Assertions at the forefront of unit testing.&#xD;
     For more information, visit https://xceed.com/products/unit-testing/fluent-assertions/&#xD;
[xUnit.net 00:00:00.41]       Expected result.Message not to be &lt;null&gt;.&#xD;
[xUnit.net 00:00:00.41]       Stack Trace:&#xD;
[xUnit.net 00:00:00.41]            at FluentAssertions.Execution.LateBoundTestFramework.Throw(String message)&#xD;
[xUnit.net 00:00:00.41]            at FluentAssertions.Execution.DefaultAssertionStrategy.HandleFailure(String message)&#xD;
[xUnit.net 00:00:00.41]            at FluentAssertions.Execution.AssertionScope.AddPreFormattedFailure(String formattedFailureMessage)&#xD;
[xUnit.net 00:00:00.41]            at FluentAssertions.Execution.AssertionChain.FailWith(Func`1 getFailureReason)&#xD;
[xUnit.net 00:00:00.41]            at FluentAssertions.Execution.AssertionChain.FailWith(Func`1 getFailureReason)&#xD;
[xUnit.net 00:00:00.41]            at FluentAssertions.Execution.AssertionChain.FailWith(String message)&#xD;
[xUnit.net 00:00:00.41]            at FluentAssertions.Primitives.ReferenceTypeAssertions`2.NotBeNull(String because, Object[] becauseArgs)&#xD;
[xUnit.net 00:00:00.41]         D:\K17_KTPM\Git_Repo\Team_Repo\aparta-backend-api\ServiceUnitTest\Services\ChatServiceTests.cs(152,0): at ServiceUnitTest.Services.ChatServiceTests.SendMessageAsync_KhiThongTinHopLe_NenGuiTinNhan()&#xD;
[xUnit.net 00:00:00.41]         --- End of stack trace from previous location ---&#xD;
[xUnit.net 00:00:00.45]       System.InvalidCastException : Unable to cast object of type 'ServiceUnitTest.Helpers.TestAsyncEnumerable`1[ApartaAPI.Models.VisitLog]' to type 'System.Linq.IQueryable`1[ApartaAPI.DTOs.VisitLogs.VisitLogStaffViewDto]'.&#xD;
[xUnit.net 00:00:00.45]       Stack Trace:&#xD;
[xUnit.net 00:00:00.45]            at AutoMapper.QueryableExtensions.Extensions.ToCore[TResult](IQueryable source, IConfigurationProvider configuration, Object parameters, IEnumerable`1 memberPathsToExpand)&#xD;
[xUnit.net 00:00:00.45]            at AutoMapper.QueryableExtensions.Extensions.ProjectTo[TDestination](IQueryable source, IConfigurationProvider configuration, Object parameters, Expression`1[] membersToExpand)&#xD;
[xUnit.net 00:00:00.45]            at AutoMapper.QueryableExtensions.Extensions.ProjectTo[TDestination](IQueryable source, IConfigurationProvider configuration, Expression`1[] membersToExpand)&#xD;
[xUnit.net 00:00:00.45]         D:\K17_KTPM\Git_Repo\Team_Repo\aparta-backend-api\ApartaAPI\Services\VisitLogService.cs(62,0): at ApartaAPI.Services.VisitLogService.GetStaffViewLogsAsync(VisitorQueryParameters queryParams)&#xD;
[xUnit.net 00:00:00.45]         D:\K17_KTPM\Git_Repo\Team_Repo\aparta-backend-api\ServiceUnitTest\Services\VisitLogServiceTests.cs(51,0): at ServiceUnitTest.Services.VisitLogServiceTests.GetStaffViewLogsAsync_KhiCoThamSo_NenTraVePagedList()&#xD;
[xUnit.net 00:00:00.45]         --- End of stack trace from previous location ---&#xD;
[xUnit.net 00:00:00.73]       System.ArgumentNullException : Value cannot be null. (Parameter 'source')&#xD;
[xUnit.net 00:00:00.73]       Stack Trace:&#xD;
[xUnit.net 00:00:00.73]            at System.Linq.ThrowHelper.ThrowArgumentNullException(ExceptionArgument argument)&#xD;
[xUnit.net 00:00:00.73]            at System.Linq.Enumerable.Select[TSource,TResult](IEnumerable`1 source, Func`2 selector)&#xD;
[xUnit.net 00:00:00.73]         D:\K17_KTPM\Git_Repo\Team_Repo\aparta-backend-api\ApartaAPI\Services\UserManagementService.cs(86,0): at ApartaAPI.Services.UserManagementService.GetAccountsByRoleInternalAsync(UserQueryParams queryParams, List`1 roles)&#xD;
[xUnit.net 00:00:00.73]         D:\K17_KTPM\Git_Repo\Team_Repo\aparta-backend-api\ApartaAPI\Services\UserManagementService.cs(159,0): at ApartaAPI.Services.UserManagementService.CreateStaffAccountAsync(StaffCreateDto createDto)&#xD;
[xUnit.net 00:00:00.73]         D:\K17_KTPM\Git_Repo\Team_Repo\aparta-backend-api\ServiceUnitTest\Services\UserManagementServiceTests.cs(110,0): at ServiceUnitTest.Services.UserManagementServiceTests.CreateStaffAccountAsync_KhiHopLe_NenTaoStaff()&#xD;
[xUnit.net 00:00:00.73]         --- End of stack trace from previous location ---&#xD;
[xUnit.net 00:00:01.01]       System.InvalidOperationException : Unable to track an entity of type 'Role' because its primary key property 'RoleId' is null.&#xD;
[xUnit.net 00:00:01.01]       Stack Trace:&#xD;
[xUnit.net 00:00:01.01]            at Microsoft.EntityFrameworkCore.ChangeTracking.Internal.NullableKeyIdentityMap`1.Add(InternalEntityEntry entry)&#xD;
[xUnit.net 00:00:01.01]            at Microsoft.EntityFrameworkCore.ChangeTracking.Internal.StateManager.StartTracking(InternalEntityEntry entry)&#xD;
[xUnit.net 00:00:01.01]            at Microsoft.EntityFrameworkCore.ChangeTracking.Internal.InternalEntityEntry.SetEntityState(EntityState oldState, EntityState newState, Boolean acceptChanges, Boolean modifyProperties)&#xD;
[xUnit.net 00:00:01.01]            at Microsoft.EntityFrameworkCore.ChangeTracking.Internal.InternalEntityEntry.SetEntityStateAsync(EntityState entityState, Boolean acceptChanges, Boolean modifyProperties, Nullable`1 forceStateWhenUnknownKey, Nullable`1 fallbackState, CancellationToken cancellationToken)&#xD;
[xUnit.net 00:00:01.01]            at Microsoft.EntityFrameworkCore.ChangeTracking.Internal.EntityGraphAttacher.PaintActionAsync(EntityEntryGraphNode`1 node, CancellationToken cancellationToken)&#xD;
[xUnit.net 00:00:01.01]            at Microsoft.EntityFrameworkCore.ChangeTracking.Internal.EntityEntryGraphIterator.TraverseGraphAsync[TState](EntityEntryGraphNode`1 node, Func`3 handleNode, CancellationToken cancellationToken)&#xD;
[xUnit.net 00:00:01.02]            at Microsoft.EntityFrameworkCore.ChangeTracking.Internal.EntityEntryGraphIterator.TraverseGraphAsync[TState](EntityEntryGraphNode`1 node, Func`3 handleNode, CancellationToken cancellationToken)&#xD;
[xUnit.net 00:00:01.02]            at Microsoft.EntityFrameworkCore.ChangeTracking.Internal.EntityGraphAttacher.AttachGraphAsync(InternalEntityEntry rootEntry, EntityState targetState, EntityState storeGeneratedWithKeySetTargetState, Boolean forceStateWhenUnknownKey, CancellationToken cancellationToken)&#xD;
[xUnit.net 00:00:01.02]            at Microsoft.EntityFrameworkCore.Internal.InternalDbSet`1.AddRangeAsync(TEntity[] entities)&#xD;
[xUnit.net 00:00:01.02]         D:\K17_KTPM\Git_Repo\Team_Repo\aparta-backend-api\ServiceUnitTest\Services\ChatServiceTests.cs(73,0): at ServiceUnitTest.Services.ChatServiceTests.CreateAdHocInteractionAsync_KhiChuaTonTai_NenTaoMoi()&#xD;
[xUnit.net 00:00:01.02]         --- End of stack trace from previous location ---&#xD;
[xUnit.net 00:00:01.23]   Finished:    ServiceUnitTest&#xD;
</StdOut>
    </Output>
    <RunInfos>
      <RunInfo computerName="TAMJEE" outcome="Error" timestamp="2025-11-30T02:52:20.9168069+07:00">
        <Text>[xUnit.net 00:00:00.41]     ServiceUnitTest.Services.ChatServiceTests.SendMessageAsync_KhiThongTinHopLe_NenGuiTinNhan [FAIL]</Text>
      </RunInfo>
      <RunInfo computerName="TAMJEE" outcome="Error" timestamp="2025-11-30T02:52:20.9607022+07:00">
        <Text>[xUnit.net 00:00:00.45]     ServiceUnitTest.Services.VisitLogServiceTests.GetStaffViewLogsAsync_KhiCoThamSo_NenTraVePagedList [FAIL]</Text>
      </RunInfo>
      <RunInfo computerName="TAMJEE" outcome="Error" timestamp="2025-11-30T02:52:21.2383139+07:00">
        <Text>[xUnit.net 00:00:00.73]     ServiceUnitTest.Services.UserManagementServiceTests.CreateStaffAccountAsync_KhiHopLe_NenTaoStaff [FAIL]</Text>
      </RunInfo>
      <RunInfo computerName="TAMJEE" outcome="Error" timestamp="2025-11-30T02:52:21.5219851+07:00">
        <Text>[xUnit.net 00:00:01.01]     ServiceUnitTest.Services.ChatServiceTests.CreateAdHocInteractionAsync_KhiChuaTonTai_NenTaoMoi [FAIL]</Text>
      </RunInfo>
    </RunInfos>
  </ResultSummary>
</TestRun>