<?xml version="1.0" encoding="utf-8"?>
<TestRun id="fbc81b15-eee0-4e3c-8ea4-fbc35d3ba388" name="xuant@TAMJEE 2025-11-30 02:49:50" runUser="TAMJEE\xuant" xmlns="http://microsoft.com/schemas/VisualStudio/TeamTest/2010">
  <Times creation="2025-11-30T02:49:50.6236365+07:00" queuing="2025-11-30T02:49:50.6236371+07:00" start="2025-11-30T02:49:49.6500746+07:00" finish="2025-11-30T02:49:51.7493054+07:00" />
  <TestSettings name="default" id="bcf05905-fbce-42f0-8aa0-ca594c11ede6">
    <Deployment runDeploymentRoot="xuant_TAMJEE_2025-11-30_02_49_50" />
  </TestSettings>
  <Results>
    <UnitTestResult executionId="aae775ff-c5ae-4358-b06d-4f4e169c233a" testId="46634805-6294-e98f-e437-f89a4939bcb6" testName="ServiceUnitTest.TestAsset.AssetServiceTests.UpdateAsync_WhenAssetNotFound_ShouldReturnFalse" computerName="TAMJEE" duration="00:00:00.0023676" startTime="2025-11-30T02:49:50.6689161+07:00" endTime="2025-11-30T02:49:50.6689167+07:00" testType="13cdc9d9-ddb5-4fa4-a97d-d965ccfc6d4b" outcome="Passed" testListId="8c84fa94-04c1-424b-9868-57a2d4851a1d" relativeResultsDirectory="aae775ff-c5ae-4358-b06d-4f4e169c233a" />
    <UnitTestResult executionId="9c8da899-eee6-4be2-ae19-0d49e37177e5" testId="8b0768ee-f92c-1597-dc16-e9e9b3a9780c" testName="ServiceUnitTest.Repositories.VisitorRepositoryTests.GetByIdAsync_KhiIdTonTai_NenTraVeVisitor" computerName="TAMJEE" duration="00:00:01.0015995" startTime="2025-11-30T02:49:51.4117362+07:00" endTime="2025-11-30T02:49:51.4117368+07:00" testType="13cdc9d9-ddb5-4fa4-a97d-d965ccfc6d4b" outcome="Passed" testListId="8c84fa94-04c1-424b-9868-57a2d4851a1d" relativeResultsDirectory="9c8da899-eee6-4be2-ae19-0d49e37177e5" />
    <UnitTestResult executionId="7298e0af-515d-4404-ab88-581b380886c2" testId="8bd405ab-80aa-497d-244c-cce12385a01f" testName="ServiceUnitTest.Repositories.MessageRepositoryTests.GetTotalUnreadCountAsync_KhiGoi_NenTraVeTongSoLuongChuaDoc" computerName="TAMJEE" duration="00:00:00.0633391" startTime="2025-11-30T02:49:51.4904207+07:00" endTime="2025-11-30T02:49:51.4904213+07:00" testType="13cdc9d9-ddb5-4fa4-a97d-d965ccfc6d4b" outcome="Passed" testListId="8c84fa94-04c1-424b-9868-57a2d4851a1d" relativeResultsDirectory="7298e0af-515d-4404-ab88-581b380886c2" />
    <UnitTestResult executionId="be0e58ae-7608-4a18-b8f1-a22c9e5ad5b3" testId="08d305fb-58bd-dc09-c915-c28ca17deab3" testName="ServiceUnitTest.TestVehicle.VehicleServiceTests.GetAllAsync_WithStatusFilter_ShouldReturnFilteredVehicles" computerName="TAMJEE" duration="00:00:00.0025046" startTime="2025-11-30T02:49:50.6310226+07:00" endTime="2025-11-30T02:49:50.6310233+07:00" testType="13cdc9d9-ddb5-4fa4-a97d-d965ccfc6d4b" outcome="Passed" testListId="8c84fa94-04c1-424b-9868-57a2d4851a1d" relativeResultsDirectory="be0e58ae-7608-4a18-b8f1-a22c9e5ad5b3" />
    <UnitTestResult executionId="cd684421-1cf2-4359-9d1b-1110b6e07f4f" testId="0ee5cfe1-27c2-2bdd-baea-7434f0357835" testName="ServiceUnitTest.TestAsset.AssetServiceTests.GetAllAsync_WithCombinedFilters_ShouldReturnFilteredAndSortedAssets" computerName="TAMJEE" duration="00:00:00.0111642" startTime="2025-11-30T02:49:50.5986634+07:00" endTime="2025-11-30T02:49:50.5986636+07:00" testType="13cdc9d9-ddb5-4fa4-a97d-d965ccfc6d4b" outcome="Passed" testListId="8c84fa94-04c1-424b-9868-57a2d4851a1d" relativeResultsDirectory="cd684421-1cf2-4359-9d1b-1110b6e07f4f" />
    <UnitTestResult executionId="698dab82-d034-49e1-89c1-7cfb355474e4" testId="e5eabe51-0797-622d-457e-603958d0e266" testName="ServiceUnitTest.TestAsset.AssetServiceTests.GetAllAsync_WithNoSortBy_ShouldSortByCreatedAtDescending" computerName="TAMJEE" duration="00:00:00.0019916" startTime="2025-11-30T02:49:50.6312623+07:00" endTime="2025-11-30T02:49:50.6312624+07:00" testType="13cdc9d9-ddb5-4fa4-a97d-d965ccfc6d4b" outcome="Passed" testListId="8c84fa94-04c1-424b-9868-57a2d4851a1d" relativeResultsDirectory="698dab82-d034-49e1-89c1-7cfb355474e4" />
    <UnitTestResult executionId="d9213978-3ea9-4322-bcc7-f9223cef414d" testId="fc824589-f86f-30d9-44b3-01b69a2cf960" testName="ServiceUnitTest.TestVehicle.VehicleServiceTests.GetAllAsync_WhenNoVehiclesFound_ShouldReturnEmptyListWithNoResultsMessage" computerName="TAMJEE" duration="00:00:00.0079663" startTime="2025-11-30T02:49:50.5904178+07:00" endTime="2025-11-30T02:49:50.5904179+07:00" testType="13cdc9d9-ddb5-4fa4-a97d-d965ccfc6d4b" outcome="Passed" testListId="8c84fa94-04c1-424b-9868-57a2d4851a1d" relativeResultsDirectory="d9213978-3ea9-4322-bcc7-f9223cef414d" />
    <UnitTestResult executionId="a31bcc7a-6c95-43d0-bc72-f104f36bc910" testId="27416949-758f-1c46-9f40-ca30ceee51c0" testName="ServiceUnitTest.Services.VisitLogServiceTests.GetStaffViewLogsAsync_KhiCoThamSo_NenTraVePagedList" computerName="TAMJEE" duration="00:00:00.0347499" startTime="2025-11-30T02:49:50.7263815+07:00" endTime="2025-11-30T02:49:50.7263821+07:00" testType="13cdc9d9-ddb5-4fa4-a97d-d965ccfc6d4b" outcome="Failed" testListId="8c84fa94-04c1-424b-9868-57a2d4851a1d" relativeResultsDirectory="a31bcc7a-6c95-43d0-bc72-f104f36bc910">
      <Output>
        <ErrorInfo>
          <Message>System.InvalidCastException : Unable to cast object of type 'ServiceUnitTest.Helpers.TestAsyncEnumerable`1[ApartaAPI.Models.VisitLog]' to type 'System.Linq.IQueryable`1[ApartaAPI.DTOs.VisitLogs.VisitLogStaffViewDto]'.</Message>
          <StackTrace>   at AutoMapper.QueryableExtensions.Extensions.ToCore[TResult](IQueryable source, IConfigurationProvider configuration, Object parameters, IEnumerable`1 memberPathsToExpand)&#xD;
   at AutoMapper.QueryableExtensions.Extensions.ProjectTo[TDestination](IQueryable source, IConfigurationProvider configuration, Object parameters, Expression`1[] membersToExpand)&#xD;
   at AutoMapper.QueryableExtensions.Extensions.ProjectTo[TDestination](IQueryable source, IConfigurationProvider configuration, Expression`1[] membersToExpand)&#xD;
   at ApartaAPI.Services.VisitLogService.GetStaffViewLogsAsync(VisitorQueryParameters queryParams) in D:\K17_KTPM\Git_Repo\Team_Repo\aparta-backend-api\ApartaAPI\Services\VisitLogService.cs:line 62&#xD;
   at ServiceUnitTest.Services.VisitLogServiceTests.GetStaffViewLogsAsync_KhiCoThamSo_NenTraVePagedList() in D:\K17_KTPM\Git_Repo\Team_Repo\aparta-backend-api\ServiceUnitTest\Services\VisitLogServiceTests.cs:line 51&#xD;
--- End of stack trace from previous location ---</StackTrace>
        </ErrorInfo>
      </Output>
    </UnitTestResult>
    <UnitTestResult executionId="98bd8f3f-f074-4ad8-911c-91d88932cecc" testId="6fb57b80-8976-077d-22ab-aab3f921c039" testName="ServiceUnitTest.Services.UserManagementServiceTests.ToggleUserStatusAsync_KhiIdTonTai_NenCapNhatStatus" computerName="TAMJEE" duration="00:00:00.0240550" startTime="2025-11-30T02:49:51.5261447+07:00" endTime="2025-11-30T02:49:51.5261450+07:00" testType="13cdc9d9-ddb5-4fa4-a97d-d965ccfc6d4b" outcome="Passed" testListId="8c84fa94-04c1-424b-9868-57a2d4851a1d" relativeResultsDirectory="98bd8f3f-f074-4ad8-911c-91d88932cecc" />
    <UnitTestResult executionId="1ffe0787-d297-4787-8d9c-0d75ca3b64d9" testId="e00880e5-4a59-a258-b187-79b95cf19a84" testName="ServiceUnitTest.TestVehicle.VehicleServiceTests.DeleteAsync_WhenVehicleNotFound_ShouldReturnFalse" computerName="TAMJEE" duration="00:00:00.0017350" startTime="2025-11-30T02:49:50.6331722+07:00" endTime="2025-11-30T02:49:50.6331726+07:00" testType="13cdc9d9-ddb5-4fa4-a97d-d965ccfc6d4b" outcome="Passed" testListId="8c84fa94-04c1-424b-9868-57a2d4851a1d" relativeResultsDirectory="1ffe0787-d297-4787-8d9c-0d75ca3b64d9" />
    <UnitTestResult executionId="d830ba36-2cac-4e96-9660-8587b7f710f9" testId="65caf143-6045-4f93-1352-84bf06cb1c6c" testName="ServiceUnitTest.TestVehicle.VehicleServiceTests.CreateAsync_ShouldGenerateUniqueVehicleIdAndSetStatusToChoDuyet" computerName="TAMJEE" duration="00:00:00.0099357" startTime="2025-11-30T02:49:50.6086817+07:00" endTime="2025-11-30T02:49:50.6086820+07:00" testType="13cdc9d9-ddb5-4fa4-a97d-d965ccfc6d4b" outcome="Passed" testListId="8c84fa94-04c1-424b-9868-57a2d4851a1d" relativeResultsDirectory="d830ba36-2cac-4e96-9660-8587b7f710f9" />
    <UnitTestResult executionId="2d6fef83-b32d-4fe2-9e76-8a82d4165162" testId="35119fbf-8466-bd08-a442-d805dc9918fa" testName="ServiceUnitTest.TestVehicle.VehicleServiceTests.CreateAsync_WithDuplicateVehicleNumber_ShouldThrowException" computerName="TAMJEE" duration="00:00:00.0061610" startTime="2025-11-30T02:49:50.6814879+07:00" endTime="2025-11-30T02:49:50.6814879+07:00" testType="13cdc9d9-ddb5-4fa4-a97d-d965ccfc6d4b" outcome="Passed" testListId="8c84fa94-04c1-424b-9868-57a2d4851a1d" relativeResultsDirectory="2d6fef83-b32d-4fe2-9e76-8a82d4165162" />
    <UnitTestResult executionId="29efc895-3295-418d-b271-8fd2b4d7d420" testId="4de74439-69c3-3bb4-25e5-a067c379881b" testName="ServiceUnitTest.TestAsset.AssetServiceTests.GetAllAsync_WithBuildingIdFilter_ShouldReturnFilteredAssets" computerName="TAMJEE" duration="00:00:00.0036702" startTime="2025-11-30T02:49:50.6815131+07:00" endTime="2025-11-30T02:49:50.6815131+07:00" testType="13cdc9d9-ddb5-4fa4-a97d-d965ccfc6d4b" outcome="Passed" testListId="8c84fa94-04c1-424b-9868-57a2d4851a1d" relativeResultsDirectory="29efc895-3295-418d-b271-8fd2b4d7d420" />
    <UnitTestResult executionId="581a5b03-ca34-4767-9d27-d4639a468df7" testId="f8d24f85-f662-71c0-33fe-3ae31a753dec" testName="ServiceUnitTest.Services.ProposalServiceTests.CreateProposalAsync_KhiThongTinHopLe_NenTaoProposal" computerName="TAMJEE" duration="00:00:00.0087785" startTime="2025-11-30T02:49:51.5902743+07:00" endTime="2025-11-30T02:49:51.5902748+07:00" testType="13cdc9d9-ddb5-4fa4-a97d-d965ccfc6d4b" outcome="Passed" testListId="8c84fa94-04c1-424b-9868-57a2d4851a1d" relativeResultsDirectory="581a5b03-ca34-4767-9d27-d4639a468df7" />
    <UnitTestResult executionId="b559d0dc-b585-4d2a-9aa3-e488a0f853f2" testId="bc4baa34-206b-564e-8b71-3dc6d66b5332" testName="ServiceUnitTest.Services.PriceQuotationServiceTests.GetPriceQuotationByIdAsync_KhiIdTonTai_NenTraVeChiTiet" computerName="TAMJEE" duration="00:00:00.0053458" startTime="2025-11-30T02:49:50.6295632+07:00" endTime="2025-11-30T02:49:50.6295633+07:00" testType="13cdc9d9-ddb5-4fa4-a97d-d965ccfc6d4b" outcome="Passed" testListId="8c84fa94-04c1-424b-9868-57a2d4851a1d" relativeResultsDirectory="b559d0dc-b585-4d2a-9aa3-e488a0f853f2" />
    <UnitTestResult executionId="c2d089e7-5cf1-4a1d-9c83-b5e092a90539" testId="ac0685fb-6cbe-a8b2-576a-f893283cc375" testName="ServiceUnitTest.TestVehicle.VehicleServiceTests.GetByIdAsync_WhenVehicleNotFound_ShouldReturnNull" computerName="TAMJEE" duration="00:00:00.0021154" startTime="2025-11-30T02:49:50.6815434+07:00" endTime="2025-11-30T02:49:50.6815434+07:00" testType="13cdc9d9-ddb5-4fa4-a97d-d965ccfc6d4b" outcome="Passed" testListId="8c84fa94-04c1-424b-9868-57a2d4851a1d" relativeResultsDirectory="c2d089e7-5cf1-4a1d-9c83-b5e092a90539" />
    <UnitTestResult executionId="8317544d-4485-4dc8-b9e4-57bee754953f" testId="737fddb8-8f79-cfc6-8636-3ed8d5812bd0" testName="ServiceUnitTest.Services.ProposalServiceTests.GetProposalsByResidentAsync_KhiGoi_NenTraVeDanhSach" computerName="TAMJEE" duration="00:00:00.0074412" startTime="2025-11-30T02:49:51.4980258+07:00" endTime="2025-11-30T02:49:51.4980262+07:00" testType="13cdc9d9-ddb5-4fa4-a97d-d965ccfc6d4b" outcome="Passed" testListId="8c84fa94-04c1-424b-9868-57a2d4851a1d" relativeResultsDirectory="8317544d-4485-4dc8-b9e4-57bee754953f" />
    <UnitTestResult executionId="854321e8-dea5-42d9-a5a0-168493b68794" testId="2d2f25e7-f720-1c73-4398-d20510497121" testName="ServiceUnitTest.TestVehicle.VehicleServiceTests.GetAllAsync_WithSearchTerm_ApartmentId_ShouldReturnMatchingVehicles" computerName="TAMJEE" duration="00:00:00.0033463" startTime="2025-11-30T02:49:50.6176234+07:00" endTime="2025-11-30T02:49:50.6176241+07:00" testType="13cdc9d9-ddb5-4fa4-a97d-d965ccfc6d4b" outcome="Passed" testListId="8c84fa94-04c1-424b-9868-57a2d4851a1d" relativeResultsDirectory="854321e8-dea5-42d9-a5a0-168493b68794" />
    <UnitTestResult executionId="84eac0ee-2973-4ebe-8e90-d445aa8baf96" testId="7e0cd22e-99e3-635a-9d96-1163b3dbbdc9" testName="ServiceUnitTest.Services.ChatServiceTests.SearchPotentialPartnersAsync_KhiLaResident_NenTraVeStaff" computerName="TAMJEE" duration="00:00:00.1930247" startTime="2025-11-30T02:49:51.6353016+07:00" endTime="2025-11-30T02:49:51.6353119+07:00" testType="13cdc9d9-ddb5-4fa4-a97d-d965ccfc6d4b" outcome="Passed" testListId="8c84fa94-04c1-424b-9868-57a2d4851a1d" relativeResultsDirectory="84eac0ee-2973-4ebe-8e90-d445aa8baf96" />
    <UnitTestResult executionId="6d3199ea-b95c-44cc-97a3-1e1138b8c56e" testId="f8acbb5f-d745-6ba2-3a63-97b5a9edcf98" testName="ServiceUnitTest.TestAsset.AssetServiceTests.CreateAsync_WithValidDto_ShouldCreateAsset" computerName="TAMJEE" duration="00:00:00.0055076" startTime="2025-11-30T02:49:50.6837778+07:00" endTime="2025-11-30T02:49:50.6837785+07:00" testType="13cdc9d9-ddb5-4fa4-a97d-d965ccfc6d4b" outcome="Passed" testListId="8c84fa94-04c1-424b-9868-57a2d4851a1d" relativeResultsDirectory="6d3199ea-b95c-44cc-97a3-1e1138b8c56e" />
    <UnitTestResult executionId="cc635a7d-d5ff-4e2a-838a-5e721c772ce4" testId="d7bc34c8-3a15-85f7-e780-5f2e5ffe7cec" testName="ServiceUnitTest.TestAsset.AssetServiceTests.GetAllAsync_WithSearchTerm_ShouldReturnMatchingAssets" computerName="TAMJEE" duration="00:00:00.0034863" startTime="2025-11-30T02:49:50.6875161+07:00" endTime="2025-11-30T02:49:50.6875161+07:00" testType="13cdc9d9-ddb5-4fa4-a97d-d965ccfc6d4b" outcome="Passed" testListId="8c84fa94-04c1-424b-9868-57a2d4851a1d" relativeResultsDirectory="cc635a7d-d5ff-4e2a-838a-5e721c772ce4" />
    <UnitTestResult executionId="bd5f7e32-6547-45b6-9614-230e66c02827" testId="0389a713-5d92-9c60-198f-d1b5279ca2f3" testName="ServiceUnitTest.TestAsset.AssetServiceTests.GetAllAsync_WithSortByQuantity_Ascending_ShouldReturnSortedAssets" computerName="TAMJEE" duration="00:00:00.0047403" startTime="2025-11-30T02:49:50.5902800+07:00" endTime="2025-11-30T02:49:50.5902805+07:00" testType="13cdc9d9-ddb5-4fa4-a97d-d965ccfc6d4b" outcome="Passed" testListId="8c84fa94-04c1-424b-9868-57a2d4851a1d" relativeResultsDirectory="bd5f7e32-6547-45b6-9614-230e66c02827" />
    <UnitTestResult executionId="88676b5d-c87e-44b9-ba51-7eeda3c52042" testId="525103e1-1565-6986-20da-151232c788eb" testName="ServiceUnitTest.Services.VisitorServiceTests.CreateVisitAsync_KhiCanHoKhongTonTai_NenNemValidationException" computerName="TAMJEE" duration="00:00:00.0115799" startTime="2025-11-30T02:49:50.6210477+07:00" endTime="2025-11-30T02:49:50.6210478+07:00" testType="13cdc9d9-ddb5-4fa4-a97d-d965ccfc6d4b" outcome="Passed" testListId="8c84fa94-04c1-424b-9868-57a2d4851a1d" relativeResultsDirectory="88676b5d-c87e-44b9-ba51-7eeda3c52042" />
    <UnitTestResult executionId="2aeba300-f3da-481b-91a5-8e08a18259b9" testId="6e89261e-8129-cc5d-6a50-bf1ef3ddec7c" testName="ServiceUnitTest.Repositories.PriceQuotationRepositoryTests.GetQuotationsQueryable_KhiGoi_NenTraVeQueryable" computerName="TAMJEE" duration="00:00:00.8625272" startTime="2025-11-30T02:49:51.2724974+07:00" endTime="2025-11-30T02:49:51.2724978+07:00" testType="13cdc9d9-ddb5-4fa4-a97d-d965ccfc6d4b" outcome="Passed" testListId="8c84fa94-04c1-424b-9868-57a2d4851a1d" relativeResultsDirectory="2aeba300-f3da-481b-91a5-8e08a18259b9" />
    <UnitTestResult executionId="fe49fb36-d850-4e42-9f6d-0b8c0882e288" testId="de73053c-e28c-9cf8-0aeb-566f9b88f360" testName="ServiceUnitTest.Repositories.MessageRepositoryTests.AddMessageAsync_KhiMessageHopLe_NenThemVaCapNhatInteraction" computerName="TAMJEE" duration="00:00:01.0164016" startTime="2025-11-30T02:49:51.4265634+07:00" endTime="2025-11-30T02:49:51.4265637+07:00" testType="13cdc9d9-ddb5-4fa4-a97d-d965ccfc6d4b" outcome="Passed" testListId="8c84fa94-04c1-424b-9868-57a2d4851a1d" relativeResultsDirectory="fe49fb36-d850-4e42-9f6d-0b8c0882e288" />
    <UnitTestResult executionId="50b012ec-9114-4dfe-956a-d2eaebfa38c2" testId="66da7052-acd2-95c3-8103-1777b06650b3" testName="ServiceUnitTest.Services.UserManagementServiceTests.CreateStaffAccountAsync_KhiEmailTrung_NenNemInvalidOperationException" computerName="TAMJEE" duration="00:00:00.0043330" startTime="2025-11-30T02:49:51.4981782+07:00" endTime="2025-11-30T02:49:51.4981783+07:00" testType="13cdc9d9-ddb5-4fa4-a97d-d965ccfc6d4b" outcome="Passed" testListId="8c84fa94-04c1-424b-9868-57a2d4851a1d" relativeResultsDirectory="50b012ec-9114-4dfe-956a-d2eaebfa38c2" />
    <UnitTestResult executionId="07013f36-00b6-40a8-aac1-a09471a65e67" testId="4039c936-b2b0-b86b-45b5-fd9281a4e305" testName="ServiceUnitTest.TestVehicle.VehicleServiceTests.GetAllAsync_WithNoSortBy_ShouldSortByCreatedAtDescending" computerName="TAMJEE" duration="00:00:00.0054357" startTime="2025-11-30T02:49:50.5905895+07:00" endTime="2025-11-30T02:49:50.5905896+07:00" testType="13cdc9d9-ddb5-4fa4-a97d-d965ccfc6d4b" outcome="Passed" testListId="8c84fa94-04c1-424b-9868-57a2d4851a1d" relativeResultsDirectory="07013f36-00b6-40a8-aac1-a09471a65e67" />
    <UnitTestResult executionId="9f4a1dc5-ab85-4867-adba-1cbc4f97c8d3" testId="da870282-613e-d781-3428-a9ab276047f4" testName="ServiceUnitTest.TestAsset.AssetServiceTests.GetByIdAsync_WhenAssetExists_ShouldReturnAssetDto" computerName="TAMJEE" duration="00:00:00.0077167" startTime="2025-11-30T02:49:50.5905308+07:00" endTime="2025-11-30T02:49:50.5905309+07:00" testType="13cdc9d9-ddb5-4fa4-a97d-d965ccfc6d4b" outcome="Passed" testListId="8c84fa94-04c1-424b-9868-57a2d4851a1d" relativeResultsDirectory="9f4a1dc5-ab85-4867-adba-1cbc4f97c8d3" />
    <UnitTestResult executionId="01d5c871-4920-4cb7-b2a8-37f338db109a" testId="54bf5aff-8ed2-b789-a163-4d3516dc03f3" testName="ServiceUnitTest.TestVehicle.VehicleServiceTests.GetAllAsync_WhenRepositoryReturnsNull_ShouldReturnEmptyList" computerName="TAMJEE" duration="00:00:00.0020270" startTime="2025-11-30T02:49:50.6969667+07:00" endTime="2025-11-30T02:49:50.6969668+07:00" testType="13cdc9d9-ddb5-4fa4-a97d-d965ccfc6d4b" outcome="Passed" testListId="8c84fa94-04c1-424b-9868-57a2d4851a1d" relativeResultsDirectory="01d5c871-4920-4cb7-b2a8-37f338db109a" />
    <UnitTestResult executionId="63dcc02b-03cb-464c-8883-18d48774b720" testId="f44431fb-5b17-ee96-7ed8-a2fafd85620f" testName="ServiceUnitTest.Repositories.PriceQuotationRepositoryTests.GetByBuildingIdWithBuildingAsync_KhiBuildingIdTonTai_NenTraVeDanhSach" computerName="TAMJEE" duration="00:00:00.2189179" startTime="2025-11-30T02:49:51.4915765+07:00" endTime="2025-11-30T02:49:51.4915767+07:00" testType="13cdc9d9-ddb5-4fa4-a97d-d965ccfc6d4b" outcome="Passed" testListId="8c84fa94-04c1-424b-9868-57a2d4851a1d" relativeResultsDirectory="63dcc02b-03cb-464c-8883-18d48774b720" />
    <UnitTestResult executionId="98c03999-017f-4f51-bbb1-64f3e8912633" testId="f39a078b-b5cb-8596-274a-9522ff1e951d" testName="ServiceUnitTest.TestAsset.AssetServiceTests.GetAllAsync_WhenNoAssetsFound_ShouldReturnEmptyListWithNoResultsMessage" computerName="TAMJEE" duration="00:00:00.1607331" startTime="2025-11-30T02:49:50.5768085+07:00" endTime="2025-11-30T02:49:50.5768085+07:00" testType="13cdc9d9-ddb5-4fa4-a97d-d965ccfc6d4b" outcome="Passed" testListId="8c84fa94-04c1-424b-9868-57a2d4851a1d" relativeResultsDirectory="98c03999-017f-4f51-bbb1-64f3e8912633" />
    <UnitTestResult executionId="e0db3c38-9967-47b0-9ca0-6a29ab36f347" testId="2fc4a7d0-c1e8-e7e4-9526-83a588dffa18" testName="ServiceUnitTest.Repositories.ProposalRepositoryTests.GetStaffAssignedProposalsAsync_KhiStaffIdTonTai_NenTraVeProposalDuocGanVaPending" computerName="TAMJEE" duration="00:00:00.0576443" startTime="2025-11-30T02:49:51.6323453+07:00" endTime="2025-11-30T02:49:51.6323462+07:00" testType="13cdc9d9-ddb5-4fa4-a97d-d965ccfc6d4b" outcome="Passed" testListId="8c84fa94-04c1-424b-9868-57a2d4851a1d" relativeResultsDirectory="e0db3c38-9967-47b0-9ca0-6a29ab36f347" />
    <UnitTestResult executionId="e3435cb5-73d4-4999-9f00-05936cea6936" testId="24879c2b-0bf9-2f01-3597-a11e2989f376" testName="ServiceUnitTest.TestVehicle.VehicleServiceTests.GetAllAsync_WithSortByVehicleNumber_Ascending_ShouldReturnSortedVehicles" computerName="TAMJEE" duration="00:00:00.0024916" startTime="2025-11-30T02:49:50.6818752+07:00" endTime="2025-11-30T02:49:50.6818754+07:00" testType="13cdc9d9-ddb5-4fa4-a97d-d965ccfc6d4b" outcome="Passed" testListId="8c84fa94-04c1-424b-9868-57a2d4851a1d" relativeResultsDirectory="e3435cb5-73d4-4999-9f00-05936cea6936" />
    <UnitTestResult executionId="b3636160-664e-43b3-9a4a-7908a121b818" testId="785cc6f3-cb4e-88c9-0ab5-82497f6469e3" testName="ServiceUnitTest.Repositories.VisitorRepositoryTests.AddAsync_KhiVisitorHopLe_NenThemThanhCong" computerName="TAMJEE" duration="00:00:00.0029813" startTime="2025-11-30T02:49:51.4148842+07:00" endTime="2025-11-30T02:49:51.4148850+07:00" testType="13cdc9d9-ddb5-4fa4-a97d-d965ccfc6d4b" outcome="Passed" testListId="8c84fa94-04c1-424b-9868-57a2d4851a1d" relativeResultsDirectory="b3636160-664e-43b3-9a4a-7908a121b818" />
    <UnitTestResult executionId="54c378fb-6fa7-474f-a4cc-6e0406aba4eb" testId="606e350c-500a-bec5-2bb6-5ec6bf75fb0a" testName="ServiceUnitTest.Repositories.UserManagementRepositoryTests.GetStaffAssignmentsAsync_KhiUserIdTonTai_NenTraVeDanhSachAssignment" computerName="TAMJEE" duration="00:00:00.0489433" startTime="2025-11-30T02:49:51.5816839+07:00" endTime="2025-11-30T02:49:51.5816847+07:00" testType="13cdc9d9-ddb5-4fa4-a97d-d965ccfc6d4b" outcome="Passed" testListId="8c84fa94-04c1-424b-9868-57a2d4851a1d" relativeResultsDirectory="54c378fb-6fa7-474f-a4cc-6e0406aba4eb" />
    <UnitTestResult executionId="25e01fad-5690-49ef-9137-7abc6283a1d7" testId="31d982e3-1c92-bd7a-3a91-2ad4d0e36b03" testName="ServiceUnitTest.TestVehicle.VehicleServiceTests.GetAllAsync_WithCombinedFilters_ShouldReturnFilteredAndSortedVehicles" computerName="TAMJEE" duration="00:00:00.0106022" startTime="2025-11-30T02:49:50.5986977+07:00" endTime="2025-11-30T02:49:50.5986977+07:00" testType="13cdc9d9-ddb5-4fa4-a97d-d965ccfc6d4b" outcome="Passed" testListId="8c84fa94-04c1-424b-9868-57a2d4851a1d" relativeResultsDirectory="25e01fad-5690-49ef-9137-7abc6283a1d7" />
    <UnitTestResult executionId="35fd01f3-6293-4fcc-b6d8-38e5433a81a5" testId="0f8ad43d-e87a-9b86-c2b0-3d64246500ad" testName="ServiceUnitTest.TestAsset.AssetServiceTests.CreateAsync_ShouldGenerateUniqueAssetId" computerName="TAMJEE" duration="00:00:00.0285036" startTime="2025-11-30T02:49:50.6616749+07:00" endTime="2025-11-30T02:49:50.6616757+07:00" testType="13cdc9d9-ddb5-4fa4-a97d-d965ccfc6d4b" outcome="Passed" testListId="8c84fa94-04c1-424b-9868-57a2d4851a1d" relativeResultsDirectory="35fd01f3-6293-4fcc-b6d8-38e5433a81a5" />
    <UnitTestResult executionId="0e6a7f3d-1887-4aff-8a37-6c52c2c77741" testId="a6d84dd5-241f-d59d-c5a4-e108491d4fba" testName="ServiceUnitTest.TestVehicle.VehicleServiceTests.GetAllAsync_WithNullQuery_ShouldReturnAllVehicles" computerName="TAMJEE" duration="00:00:00.0019405" startTime="2025-11-30T02:49:50.7019344+07:00" endTime="2025-11-30T02:49:50.7019347+07:00" testType="13cdc9d9-ddb5-4fa4-a97d-d965ccfc6d4b" outcome="Passed" testListId="8c84fa94-04c1-424b-9868-57a2d4851a1d" relativeResultsDirectory="0e6a7f3d-1887-4aff-8a37-6c52c2c77741" />
    <UnitTestResult executionId="0938d358-acbc-46b9-9782-b2b12236a081" testId="828ef680-936f-cda8-5b9e-824b89eb4bb8" testName="ServiceUnitTest.TestVehicle.VehicleServiceTests.GetAllAsync_WithSortByVehicleNumber_Descending_ShouldReturnSortedVehicles" computerName="TAMJEE" duration="00:00:00.0024976" startTime="2025-11-30T02:49:50.6949946+07:00" endTime="2025-11-30T02:49:50.6949954+07:00" testType="13cdc9d9-ddb5-4fa4-a97d-d965ccfc6d4b" outcome="Passed" testListId="8c84fa94-04c1-424b-9868-57a2d4851a1d" relativeResultsDirectory="0938d358-acbc-46b9-9782-b2b12236a081" />
    <UnitTestResult executionId="1e5c2614-dc1c-426d-91d9-ee4359a5847c" testId="e138f28c-54c2-8099-fb61-170bde14e566" testName="ServiceUnitTest.Services.VisitorServiceTests.CreateVisitAsync_KhiVisitorDaTonTai_NenNemValidationException" computerName="TAMJEE" duration="00:00:00.0248842" startTime="2025-11-30T02:49:50.5983604+07:00" endTime="2025-11-30T02:49:50.5983605+07:00" testType="13cdc9d9-ddb5-4fa4-a97d-d965ccfc6d4b" outcome="Passed" testListId="8c84fa94-04c1-424b-9868-57a2d4851a1d" relativeResultsDirectory="1e5c2614-dc1c-426d-91d9-ee4359a5847c" />
    <UnitTestResult executionId="f0535491-f9ae-4d3f-baf2-568824e6c209" testId="53ac88c5-172e-9619-25b7-03988178fb6a" testName="ServiceUnitTest.TestVehicle.VehicleServiceTests.GetByIdAsync_WhenVehicleExists_ShouldReturnVehicleDto" computerName="TAMJEE" duration="00:00:00.0048236" startTime="2025-11-30T02:49:50.6144690+07:00" endTime="2025-11-30T02:49:50.6144696+07:00" testType="13cdc9d9-ddb5-4fa4-a97d-d965ccfc6d4b" outcome="Passed" testListId="8c84fa94-04c1-424b-9868-57a2d4851a1d" relativeResultsDirectory="f0535491-f9ae-4d3f-baf2-568824e6c209" />
    <UnitTestResult executionId="b404212c-2515-4a07-84a2-f4d6226eaa13" testId="e08dbe78-d415-605e-bcbc-7cd78acd4499" testName="ServiceUnitTest.Repositories.PriceQuotationRepositoryTests.GetAllWithBuildingAsync_KhiGoi_NenTraVeDanhSachVoiBuilding" computerName="TAMJEE" duration="00:00:00.0195519" startTime="2025-11-30T02:49:51.5302545+07:00" endTime="2025-11-30T02:49:51.5302555+07:00" testType="13cdc9d9-ddb5-4fa4-a97d-d965ccfc6d4b" outcome="Passed" testListId="8c84fa94-04c1-424b-9868-57a2d4851a1d" relativeResultsDirectory="b404212c-2515-4a07-84a2-f4d6226eaa13" />
    <UnitTestResult executionId="83332541-72d3-45f9-b2e4-09bdb12a4ed9" testId="21cdc907-8860-bcc1-3525-833b57f14188" testName="ServiceUnitTest.Repositories.MessageRepositoryTests.GetUnreadCountForInteractionAsync_KhiGoi_NenTraVeSoLuongChuaDoc" computerName="TAMJEE" duration="00:00:00.0224034" startTime="2025-11-30T02:49:51.5128231+07:00" endTime="2025-11-30T02:49:51.5128235+07:00" testType="13cdc9d9-ddb5-4fa4-a97d-d965ccfc6d4b" outcome="Passed" testListId="8c84fa94-04c1-424b-9868-57a2d4851a1d" relativeResultsDirectory="83332541-72d3-45f9-b2e4-09bdb12a4ed9" />
    <UnitTestResult executionId="7e621b59-7a9e-4212-a1a4-835131d49548" testId="c339059c-7eca-3d7d-2953-bc1dc8249cf6" testName="ServiceUnitTest.TestAsset.AssetServiceTests.DeleteAsync_WhenAssetNotFound_ShouldReturnFalse" computerName="TAMJEE" duration="00:00:00.0024746" startTime="2025-11-30T02:49:50.6806879+07:00" endTime="2025-11-30T02:49:50.6806885+07:00" testType="13cdc9d9-ddb5-4fa4-a97d-d965ccfc6d4b" outcome="Passed" testListId="8c84fa94-04c1-424b-9868-57a2d4851a1d" relativeResultsDirectory="7e621b59-7a9e-4212-a1a4-835131d49548" />
    <UnitTestResult executionId="3db4d7c0-a3d5-4e0a-82b4-720c97f45b34" testId="98c4f1ac-88ae-f049-40df-f37dad0fc4f9" testName="ServiceUnitTest.Repositories.ProposalRepositoryTests.GetProposalDetailsAsync_KhiIdTonTai_NenTraVeChiTietVoiIncludes" computerName="TAMJEE" duration="00:00:01.1121023" startTime="2025-11-30T02:49:51.5223860+07:00" endTime="2025-11-30T02:49:51.5223864+07:00" testType="13cdc9d9-ddb5-4fa4-a97d-d965ccfc6d4b" outcome="Passed" testListId="8c84fa94-04c1-424b-9868-57a2d4851a1d" relativeResultsDirectory="3db4d7c0-a3d5-4e0a-82b4-720c97f45b34" />
    <UnitTestResult executionId="a072fd61-70fd-4f7c-9393-2862aab2ed5f" testId="072847d6-3f2a-27a5-2155-061911f38c04" testName="ServiceUnitTest.TestAsset.AssetServiceTests.GetAllAsync_WithSortByInfo_Ascending_ShouldReturnSortedAssets" computerName="TAMJEE" duration="00:00:00.0035758" startTime="2025-11-30T02:49:50.6064932+07:00" endTime="2025-11-30T02:49:50.6064942+07:00" testType="13cdc9d9-ddb5-4fa4-a97d-d965ccfc6d4b" outcome="Passed" testListId="8c84fa94-04c1-424b-9868-57a2d4851a1d" relativeResultsDirectory="a072fd61-70fd-4f7c-9393-2862aab2ed5f" />
    <UnitTestResult executionId="9913eee1-5b61-4229-a93f-1310da2b8609" testId="c894807d-700d-0069-56c9-8bf5b738462e" testName="ServiceUnitTest.Services.ChatServiceTests.GetInteractionListAsync_KhiGoi_NenTraVeDanhSach" computerName="TAMJEE" duration="00:00:00.0085142" startTime="2025-11-30T02:49:51.4375228+07:00" endTime="2025-11-30T02:49:51.4375239+07:00" testType="13cdc9d9-ddb5-4fa4-a97d-d965ccfc6d4b" outcome="Passed" testListId="8c84fa94-04c1-424b-9868-57a2d4851a1d" relativeResultsDirectory="9913eee1-5b61-4229-a93f-1310da2b8609" />
    <UnitTestResult executionId="08096e6a-3468-473b-8223-6ce5857d6fea" testId="938b8379-f5ce-a109-e6da-f9811e1cdef0" testName="ServiceUnitTest.Repositories.VisitorRepositoryTests.UpdateAsync_KhiVisitorHopLe_NenCapNhatThanhCong" computerName="TAMJEE" duration="00:00:00.0061935" startTime="2025-11-30T02:49:51.4212768+07:00" endTime="2025-11-30T02:49:51.4212772+07:00" testType="13cdc9d9-ddb5-4fa4-a97d-d965ccfc6d4b" outcome="Passed" testListId="8c84fa94-04c1-424b-9868-57a2d4851a1d" relativeResultsDirectory="08096e6a-3468-473b-8223-6ce5857d6fea" />
    <UnitTestResult executionId="fdd83872-d506-449d-8359-284ea6718abb" testId="42bcaf26-66c5-c773-531b-93730cdb4585" testName="ServiceUnitTest.Repositories.MessageRepositoryTests.MarkAsReadAsync_KhiCoTinNhanChuaDoc_NenCapNhatIsRead" computerName="TAMJEE" duration="00:00:00.0108053" startTime="2025-11-30T02:49:51.5241779+07:00" endTime="2025-11-30T02:49:51.5241779+07:00" testType="13cdc9d9-ddb5-4fa4-a97d-d965ccfc6d4b" outcome="Passed" testListId="8c84fa94-04c1-424b-9868-57a2d4851a1d" relativeResultsDirectory="fdd83872-d506-449d-8359-284ea6718abb" />
    <UnitTestResult executionId="a6e1e980-1b60-4408-976b-ea690f0f5f02" testId="ffc1cc8f-2b4d-f450-c3a6-a2b7509a95fb" testName="ServiceUnitTest.TestAsset.AssetServiceTests.GetAllAsync_WithNullQuery_ShouldReturnAllAssets" computerName="TAMJEE" duration="00:00:00.0020154" startTime="2025-11-30T02:49:50.5906328+07:00" endTime="2025-11-30T02:49:50.5906329+07:00" testType="13cdc9d9-ddb5-4fa4-a97d-d965ccfc6d4b" outcome="Passed" testListId="8c84fa94-04c1-424b-9868-57a2d4851a1d" relativeResultsDirectory="a6e1e980-1b60-4408-976b-ea690f0f5f02" />
    <UnitTestResult executionId="78a6ff57-cb63-4016-81e5-1f90c1990fcc" testId="2ad1b383-3fa3-733f-16ce-aacd035893fb" testName="ServiceUnitTest.Services.VisitLogServiceTests.CheckInAsync_KhiStatusPending_NenCapNhatThanhCheckedIn" computerName="TAMJEE" duration="00:00:00.0168174" startTime="2025-11-30T02:49:50.7540854+07:00" endTime="2025-11-30T02:49:50.7540857+07:00" testType="13cdc9d9-ddb5-4fa4-a97d-d965ccfc6d4b" outcome="Passed" testListId="8c84fa94-04c1-424b-9868-57a2d4851a1d" relativeResultsDirectory="78a6ff57-cb63-4016-81e5-1f90c1990fcc" />
    <UnitTestResult executionId="da340f4f-8a38-4d41-841b-8810818230f9" testId="0964f890-4273-8f6b-0908-6f11902c3ae8" testName="ServiceUnitTest.Repositories.UserManagementRepositoryTests.GetPagedUsersAsync_KhiCoThamSo_NenTraVePagedList" computerName="TAMJEE" duration="00:00:00.9063908" startTime="2025-11-30T02:49:51.5326128+07:00" endTime="2025-11-30T02:49:51.5326141+07:00" testType="13cdc9d9-ddb5-4fa4-a97d-d965ccfc6d4b" outcome="Passed" testListId="8c84fa94-04c1-424b-9868-57a2d4851a1d" relativeResultsDirectory="da340f4f-8a38-4d41-841b-8810818230f9" />
    <UnitTestResult executionId="f2caefed-3ba5-486c-9162-8506123ebf7a" testId="c33989d6-500a-c0b6-0057-da1ebf6e21a8" testName="ServiceUnitTest.TestVehicle.VehicleServiceTests.CreateAsync_WithValidDto_ShouldCreateVehicle" computerName="TAMJEE" duration="00:00:00.0043966" startTime="2025-11-30T02:49:50.6920358+07:00" endTime="2025-11-30T02:49:50.6920362+07:00" testType="13cdc9d9-ddb5-4fa4-a97d-d965ccfc6d4b" outcome="Passed" testListId="8c84fa94-04c1-424b-9868-57a2d4851a1d" relativeResultsDirectory="f2caefed-3ba5-486c-9162-8506123ebf7a" />
    <UnitTestResult executionId="cc01cb3c-ce7b-4fbc-8602-b0370418a1de" testId="e583f6af-2510-31bd-3647-03513ba1bba5" testName="ServiceUnitTest.Services.VisitorServiceTests.CreateVisitAsync_KhiThongTinHopLe_NenTaoVisitorVaLog" computerName="TAMJEE" duration="00:00:00.0117449" startTime="2025-11-30T02:49:50.6098155+07:00" endTime="2025-11-30T02:49:50.6098158+07:00" testType="13cdc9d9-ddb5-4fa4-a97d-d965ccfc6d4b" outcome="Passed" testListId="8c84fa94-04c1-424b-9868-57a2d4851a1d" relativeResultsDirectory="cc01cb3c-ce7b-4fbc-8602-b0370418a1de" />
    <UnitTestResult executionId="f4b50595-4561-4feb-8bd2-3e2683b947b5" testId="e529748a-bb58-6278-13e1-dc90e4c03e41" testName="ServiceUnitTest.TestVehicle.VehicleServiceTests.CreateAsync_ShouldSetCreatedAtAndUpdatedAt" computerName="TAMJEE" duration="00:00:00.0052768" startTime="2025-11-30T02:49:50.6874526+07:00" endTime="2025-11-30T02:49:50.6874533+07:00" testType="13cdc9d9-ddb5-4fa4-a97d-d965ccfc6d4b" outcome="Passed" testListId="8c84fa94-04c1-424b-9868-57a2d4851a1d" relativeResultsDirectory="f4b50595-4561-4feb-8bd2-3e2683b947b5" />
    <UnitTestResult executionId="2eaf5c15-3485-40cc-af74-b8e1d90e2636" testId="17de93e8-22b4-7da6-b4cd-4e81bdf62818" testName="ServiceUnitTest.Repositories.VisitLogRepositoryTests.GetStaffViewLogsQuery_KhiGoi_NenTraVeQueryVoiIncludes" computerName="TAMJEE" duration="00:00:01.0917731" startTime="2025-11-30T02:49:51.5009053+07:00" endTime="2025-11-30T02:49:51.5009058+07:00" testType="13cdc9d9-ddb5-4fa4-a97d-d965ccfc6d4b" outcome="Passed" testListId="8c84fa94-04c1-424b-9868-57a2d4851a1d" relativeResultsDirectory="2eaf5c15-3485-40cc-af74-b8e1d90e2636" />
    <UnitTestResult executionId="484ccc16-789a-4ca1-9fce-6d922a26b55d" testId="d87af088-a468-8b81-2ad3-1f045d0f6530" testName="ServiceUnitTest.TestVehicle.VehicleServiceTests.UpdateAsync_WhenVehicleNotFound_ShouldReturnFalse" computerName="TAMJEE" duration="00:00:00.0016620" startTime="2025-11-30T02:49:50.5906764+07:00" endTime="2025-11-30T02:49:50.5906765+07:00" testType="13cdc9d9-ddb5-4fa4-a97d-d965ccfc6d4b" outcome="Passed" testListId="8c84fa94-04c1-424b-9868-57a2d4851a1d" relativeResultsDirectory="484ccc16-789a-4ca1-9fce-6d922a26b55d" />
    <UnitTestResult executionId="44cd0a87-e812-4cd7-a72e-8665f955b6be" testId="2cd8b322-1838-bcb1-72c9-dcce59774f81" testName="ServiceUnitTest.TestVehicle.VehicleServiceTests.GetAllAsync_WithSearchTerm_Info_ShouldReturnMatchingVehicles" computerName="TAMJEE" duration="00:00:00.0037843" startTime="2025-11-30T02:49:50.6657338+07:00" endTime="2025-11-30T02:49:50.6657352+07:00" testType="13cdc9d9-ddb5-4fa4-a97d-d965ccfc6d4b" outcome="Passed" testListId="8c84fa94-04c1-424b-9868-57a2d4851a1d" relativeResultsDirectory="44cd0a87-e812-4cd7-a72e-8665f955b6be" />
    <UnitTestResult executionId="d4d88aa9-c33d-45d3-a3a3-0e2c01693efd" testId="17054e1d-b925-6aa1-e9e8-b2c350d7d955" testName="ServiceUnitTest.Repositories.MessageRepositoryTests.GetMessagesAsync_KhiGoi_NenTraVeTinNhanPhanTrang" computerName="TAMJEE" duration="00:00:00.0372773" startTime="2025-11-30T02:49:51.5612193+07:00" endTime="2025-11-30T02:49:51.5612201+07:00" testType="13cdc9d9-ddb5-4fa4-a97d-d965ccfc6d4b" outcome="Passed" testListId="8c84fa94-04c1-424b-9868-57a2d4851a1d" relativeResultsDirectory="d4d88aa9-c33d-45d3-a3a3-0e2c01693efd" />
    <UnitTestResult executionId="598799dd-cbe3-4d89-acbf-7d4da17319bf" testId="d9ac2201-89bd-4b5e-ebd1-4cb57fb79fa8" testName="ServiceUnitTest.TestVehicle.VehicleServiceTests.DeleteAsync_WhenSaveChangesFails_ShouldReturnFalse" computerName="TAMJEE" duration="00:00:00.0026585" startTime="2025-11-30T02:49:50.6706051+07:00" endTime="2025-11-30T02:49:50.6706071+07:00" testType="13cdc9d9-ddb5-4fa4-a97d-d965ccfc6d4b" outcome="Passed" testListId="8c84fa94-04c1-424b-9868-57a2d4851a1d" relativeResultsDirectory="598799dd-cbe3-4d89-acbf-7d4da17319bf" />
    <UnitTestResult executionId="365cd3c0-052e-42af-929c-b5c9a4575d6c" testId="690eee46-5bb0-2017-8434-f8bfad3c8eb4" testName="ServiceUnitTest.Services.UserManagementServiceTests.GetStaffAccountsAsync_KhiGoi_NenTraVeDanhSachStaff" computerName="TAMJEE" duration="00:00:00.0035750" startTime="2025-11-30T02:49:51.5018825+07:00" endTime="2025-11-30T02:49:51.5018828+07:00" testType="13cdc9d9-ddb5-4fa4-a97d-d965ccfc6d4b" outcome="Passed" testListId="8c84fa94-04c1-424b-9868-57a2d4851a1d" relativeResultsDirectory="365cd3c0-052e-42af-929c-b5c9a4575d6c" />
    <UnitTestResult executionId="7ed5f27e-c4b6-4d2a-b2d0-d7babe969d4f" testId="818acf3c-9a31-0f6f-6b2d-676bcbb6f648" testName="ServiceUnitTest.Services.VisitLogServiceTests.CheckOutAsync_KhiStatusCheckedIn_NenCapNhatThanhCheckedOut" computerName="TAMJEE" duration="00:00:00.2796407" startTime="2025-11-30T02:49:50.6895753+07:00" endTime="2025-11-30T02:49:50.6895767+07:00" testType="13cdc9d9-ddb5-4fa4-a97d-d965ccfc6d4b" outcome="Passed" testListId="8c84fa94-04c1-424b-9868-57a2d4851a1d" relativeResultsDirectory="7ed5f27e-c4b6-4d2a-b2d0-d7babe969d4f" />
    <UnitTestResult executionId="609fc3fb-6b7d-4e0e-b80c-9194fea08439" testId="982ab276-0e37-116d-36cf-e86d702be447" testName="ServiceUnitTest.Services.UserManagementServiceTests.CreateStaffAccountAsync_KhiHopLe_NenTaoStaff" computerName="TAMJEE" duration="00:00:00.5861817" startTime="2025-11-30T02:49:50.9989878+07:00" endTime="2025-11-30T02:49:50.9989887+07:00" testType="13cdc9d9-ddb5-4fa4-a97d-d965ccfc6d4b" outcome="Failed" testListId="8c84fa94-04c1-424b-9868-57a2d4851a1d" relativeResultsDirectory="609fc3fb-6b7d-4e0e-b80c-9194fea08439">
      <Output>
        <ErrorInfo>
          <Message>System.ArgumentNullException : Value cannot be null. (Parameter 'source')</Message>
          <StackTrace>   at System.Linq.ThrowHelper.ThrowArgumentNullException(ExceptionArgument argument)&#xD;
   at System.Linq.Enumerable.Select[TSource,TResult](IEnumerable`1 source, Func`2 selector)&#xD;
   at ApartaAPI.Services.UserManagementService.GetAccountsByRoleInternalAsync(UserQueryParams queryParams, List`1 roles) in D:\K17_KTPM\Git_Repo\Team_Repo\aparta-backend-api\ApartaAPI\Services\UserManagementService.cs:line 86&#xD;
   at ApartaAPI.Services.UserManagementService.CreateStaffAccountAsync(StaffCreateDto createDto) in D:\K17_KTPM\Git_Repo\Team_Repo\aparta-backend-api\ApartaAPI\Services\UserManagementService.cs:line 159&#xD;
   at ServiceUnitTest.Services.UserManagementServiceTests.CreateStaffAccountAsync_KhiHopLe_NenTaoStaff() in D:\K17_KTPM\Git_Repo\Team_Repo\aparta-backend-api\ServiceUnitTest\Services\UserManagementServiceTests.cs:line 110&#xD;
--- End of stack trace from previous location ---</StackTrace>
        </ErrorInfo>
      </Output>
    </UnitTestResult>
    <UnitTestResult executionId="a9677303-cd22-41ed-9272-24f6a06c40e6" testId="eacb5974-faae-2d81-9116-ad2db1f71cf0" testName="ServiceUnitTest.TestAsset.AssetServiceTests.DeleteAsync_WhenSaveChangesFails_ShouldReturnFalse" computerName="TAMJEE" duration="00:00:00.0027053" startTime="2025-11-30T02:49:50.6814353+07:00" endTime="2025-11-30T02:49:50.6814355+07:00" testType="13cdc9d9-ddb5-4fa4-a97d-d965ccfc6d4b" outcome="Passed" testListId="8c84fa94-04c1-424b-9868-57a2d4851a1d" relativeResultsDirectory="a9677303-cd22-41ed-9272-24f6a06c40e6" />
    <UnitTestResult executionId="e081c27b-08ec-4d8b-860c-e06aa0e38776" testId="bd2235db-c0db-294c-bbae-61d2ccca741f" testName="ServiceUnitTest.Services.ChatServiceTests.GetMessageHistoryAsync_KhiGoi_NenTraVeTinNhanVaMarkRead" computerName="TAMJEE" duration="00:00:00.0339222" startTime="2025-11-30T02:49:51.4296855+07:00" endTime="2025-11-30T02:49:51.4296863+07:00" testType="13cdc9d9-ddb5-4fa4-a97d-d965ccfc6d4b" outcome="Failed" testListId="8c84fa94-04c1-424b-9868-57a2d4851a1d" relativeResultsDirectory="e081c27b-08ec-4d8b-860c-e06aa0e38776">
      <Output>
        <ErrorInfo>
          <Message>Expected result to contain 1 item(s), but found 0: {empty}.</Message>
          <StackTrace>   at FluentAssertions.Execution.LateBoundTestFramework.Throw(String message)&#xD;
   at FluentAssertions.Execution.DefaultAssertionStrategy.HandleFailure(String message)&#xD;
   at FluentAssertions.Execution.AssertionScope.AddPreFormattedFailure(String formattedFailureMessage)&#xD;
   at FluentAssertions.Execution.AssertionChain.FailWith(Func`1 getFailureReason)&#xD;
   at FluentAssertions.Execution.AssertionChain.FailWith(Func`1 getFailureReason)&#xD;
   at FluentAssertions.Execution.AssertionChain.FailWith(String message, Object[] args)&#xD;
   at FluentAssertions.Collections.GenericCollectionAssertions`3.HaveCount(Int32 expected, String because, Object[] becauseArgs)&#xD;
   at ServiceUnitTest.Services.ChatServiceTests.GetMessageHistoryAsync_KhiGoi_NenTraVeTinNhanVaMarkRead() in D:\K17_KTPM\Git_Repo\Team_Repo\aparta-backend-api\ServiceUnitTest\Services\ChatServiceTests.cs:line 130&#xD;
--- End of stack trace from previous location ---</StackTrace>
        </ErrorInfo>
      </Output>
    </UnitTestResult>
    <UnitTestResult executionId="1ec0a4d1-5c6e-4045-9715-593aa15dde46" testId="6034d841-d46e-8426-eef5-f1caf730f81d" testName="ServiceUnitTest.Services.ProposalServiceTests.ReplyProposalAsync_KhiUserLaStaff_NenTaoReplyVaCapNhatStatus" computerName="TAMJEE" duration="00:00:00.0573382" startTime="2025-11-30T02:49:51.5813147+07:00" endTime="2025-11-30T02:49:51.5813171+07:00" testType="13cdc9d9-ddb5-4fa4-a97d-d965ccfc6d4b" outcome="Passed" testListId="8c84fa94-04c1-424b-9868-57a2d4851a1d" relativeResultsDirectory="1ec0a4d1-5c6e-4045-9715-593aa15dde46" />
    <UnitTestResult executionId="f74d52f8-ce58-46a8-9c78-172264e1dfb8" testId="899c7332-4cad-7d4c-129a-77ce0d580ecf" testName="ServiceUnitTest.Services.PriceQuotationServiceTests.CreatePriceQuotationAsync_KhiFeeTypeTrung_NenNemInvalidOperationException" computerName="TAMJEE" duration="00:00:00.0145227" startTime="2025-11-30T02:49:50.5982882+07:00" endTime="2025-11-30T02:49:50.5982891+07:00" testType="13cdc9d9-ddb5-4fa4-a97d-d965ccfc6d4b" outcome="Passed" testListId="8c84fa94-04c1-424b-9868-57a2d4851a1d" relativeResultsDirectory="f74d52f8-ce58-46a8-9c78-172264e1dfb8" />
    <UnitTestResult executionId="35922fbb-b2a3-4efa-b9a6-dc4a632ddd38" testId="47717fdc-378e-e103-ea9c-b5e0672bed9c" testName="ServiceUnitTest.TestAsset.AssetServiceTests.UpdateAsync_WhenAssetExists_ShouldUpdateUpdatedAt" computerName="TAMJEE" duration="00:00:00.0117982" startTime="2025-11-30T02:49:50.6258685+07:00" endTime="2025-11-30T02:49:50.6258692+07:00" testType="13cdc9d9-ddb5-4fa4-a97d-d965ccfc6d4b" outcome="Passed" testListId="8c84fa94-04c1-424b-9868-57a2d4851a1d" relativeResultsDirectory="35922fbb-b2a3-4efa-b9a6-dc4a632ddd38" />
    <UnitTestResult executionId="5eebe765-b578-4b57-909d-9e4721eddd45" testId="d7703cc6-772a-7efe-2362-8131da471502" testName="ServiceUnitTest.TestAsset.AssetServiceTests.CreateAsync_ShouldSetCreatedAtAndUpdatedAt" computerName="TAMJEE" duration="00:00:00.0046748" startTime="2025-11-30T02:49:50.6665165+07:00" endTime="2025-11-30T02:49:50.6665168+07:00" testType="13cdc9d9-ddb5-4fa4-a97d-d965ccfc6d4b" outcome="Passed" testListId="8c84fa94-04c1-424b-9868-57a2d4851a1d" relativeResultsDirectory="5eebe765-b578-4b57-909d-9e4721eddd45" />
    <UnitTestResult executionId="fc3369d1-7607-4248-a25b-5ecca3463134" testId="33903387-4a17-8f06-d9b2-aa69aab48ab5" testName="ServiceUnitTest.TestVehicle.VehicleServiceTests.UpdateAsync_WhenVehicleExists_ShouldUpdateAndReturnTrue" computerName="TAMJEE" duration="00:00:00.1553365" startTime="2025-11-30T02:49:50.5764162+07:00" endTime="2025-11-30T02:49:50.5764165+07:00" testType="13cdc9d9-ddb5-4fa4-a97d-d965ccfc6d4b" outcome="Passed" testListId="8c84fa94-04c1-424b-9868-57a2d4851a1d" relativeResultsDirectory="fc3369d1-7607-4248-a25b-5ecca3463134" />
    <UnitTestResult executionId="68d7c2de-0db8-429c-b7d9-56123f10260c" testId="8302768d-b368-ab33-03e7-a3f621506771" testName="ServiceUnitTest.TestVehicle.VehicleServiceTests.GetAllAsync_WithSearchTerm_VehicleNumber_ShouldReturnMatchingVehicles" computerName="TAMJEE" duration="00:00:00.0028383" startTime="2025-11-30T02:49:50.6998611+07:00" endTime="2025-11-30T02:49:50.6998616+07:00" testType="13cdc9d9-ddb5-4fa4-a97d-d965ccfc6d4b" outcome="Passed" testListId="8c84fa94-04c1-424b-9868-57a2d4851a1d" relativeResultsDirectory="68d7c2de-0db8-429c-b7d9-56123f10260c" />
    <UnitTestResult executionId="60ec42d4-9746-4fff-8ff7-ed2d6eb62b82" testId="43e0e8e9-6ba6-e05a-d59e-c20c5a40777e" testName="ServiceUnitTest.TestVehicle.VehicleServiceTests.UpdateAsync_WhenVehicleExists_ShouldUpdateUpdatedAt" computerName="TAMJEE" duration="00:00:00.0287553" startTime="2025-11-30T02:49:50.6631191+07:00" endTime="2025-11-30T02:49:50.6631194+07:00" testType="13cdc9d9-ddb5-4fa4-a97d-d965ccfc6d4b" outcome="Passed" testListId="8c84fa94-04c1-424b-9868-57a2d4851a1d" relativeResultsDirectory="60ec42d4-9746-4fff-8ff7-ed2d6eb62b82" />
    <UnitTestResult executionId="68772877-21c6-4ce2-b585-f3ddd216e499" testId="7c330c24-b8a5-d704-93ae-65f327fde930" testName="ServiceUnitTest.Services.ChatServiceTests.CreateAdHocInteractionAsync_KhiChuaTonTai_NenTaoMoi" computerName="TAMJEE" duration="00:00:00.7209326" startTime="2025-11-30T02:49:51.3950693+07:00" endTime="2025-11-30T02:49:51.3950705+07:00" testType="13cdc9d9-ddb5-4fa4-a97d-d965ccfc6d4b" outcome="Failed" testListId="8c84fa94-04c1-424b-9868-57a2d4851a1d" relativeResultsDirectory="68772877-21c6-4ce2-b585-f3ddd216e499">
      <Output>
        <ErrorInfo>
          <Message>System.InvalidOperationException : Unable to track an entity of type 'Role' because its primary key property 'RoleId' is null.</Message>
          <StackTrace>   at Microsoft.EntityFrameworkCore.ChangeTracking.Internal.NullableKeyIdentityMap`1.Add(InternalEntityEntry entry)&#xD;
   at Microsoft.EntityFrameworkCore.ChangeTracking.Internal.StateManager.StartTracking(InternalEntityEntry entry)&#xD;
   at Microsoft.EntityFrameworkCore.ChangeTracking.Internal.InternalEntityEntry.SetEntityState(EntityState oldState, EntityState newState, Boolean acceptChanges, Boolean modifyProperties)&#xD;
   at Microsoft.EntityFrameworkCore.ChangeTracking.Internal.InternalEntityEntry.SetEntityStateAsync(EntityState entityState, Boolean acceptChanges, Boolean modifyProperties, Nullable`1 forceStateWhenUnknownKey, Nullable`1 fallbackState, CancellationToken cancellationToken)&#xD;
   at Microsoft.EntityFrameworkCore.ChangeTracking.Internal.EntityGraphAttacher.PaintActionAsync(EntityEntryGraphNode`1 node, CancellationToken cancellationToken)&#xD;
   at Microsoft.EntityFrameworkCore.ChangeTracking.Internal.EntityEntryGraphIterator.TraverseGraphAsync[TState](EntityEntryGraphNode`1 node, Func`3 handleNode, CancellationToken cancellationToken)&#xD;
   at Microsoft.EntityFrameworkCore.ChangeTracking.Internal.EntityEntryGraphIterator.TraverseGraphAsync[TState](EntityEntryGraphNode`1 node, Func`3 handleNode, CancellationToken cancellationToken)&#xD;
   at Microsoft.EntityFrameworkCore.ChangeTracking.Internal.EntityGraphAttacher.AttachGraphAsync(InternalEntityEntry rootEntry, EntityState targetState, EntityState storeGeneratedWithKeySetTargetState, Boolean forceStateWhenUnknownKey, CancellationToken cancellationToken)&#xD;
   at Microsoft.EntityFrameworkCore.Internal.InternalDbSet`1.AddRangeAsync(TEntity[] entities)&#xD;
   at ServiceUnitTest.Services.ChatServiceTests.CreateAdHocInteractionAsync_KhiChuaTonTai_NenTaoMoi() in D:\K17_KTPM\Git_Repo\Team_Repo\aparta-backend-api\ServiceUnitTest\Services\ChatServiceTests.cs:line 73&#xD;
--- End of stack trace from previous location ---</StackTrace>
        </ErrorInfo>
      </Output>
    </UnitTestResult>
    <UnitTestResult executionId="bb41a0b7-330b-4aab-868d-af8421817085" testId="a8237466-6f07-fd63-96fc-399dcff6fd24" testName="ServiceUnitTest.TestAsset.AssetServiceTests.UpdateAsync_WhenAssetExists_ShouldUpdateAndReturnTrue" computerName="TAMJEE" duration="00:00:00.0055609" startTime="2025-11-30T02:49:50.6931367+07:00" endTime="2025-11-30T02:49:50.6931370+07:00" testType="13cdc9d9-ddb5-4fa4-a97d-d965ccfc6d4b" outcome="Passed" testListId="8c84fa94-04c1-424b-9868-57a2d4851a1d" relativeResultsDirectory="bb41a0b7-330b-4aab-868d-af8421817085" />
    <UnitTestResult executionId="ebb85bf8-d274-4222-911a-9b8a84da422a" testId="99f7114f-f099-c11f-e6c6-b99479bebb6b" testName="ServiceUnitTest.Services.VisitorServiceTests.CreateVisitAsync_KhiCheckInTuongLai_NenSetStatusPending" computerName="TAMJEE" duration="00:00:00.1592148" startTime="2025-11-30T02:49:50.5767839+07:00" endTime="2025-11-30T02:49:50.5767841+07:00" testType="13cdc9d9-ddb5-4fa4-a97d-d965ccfc6d4b" outcome="Passed" testListId="8c84fa94-04c1-424b-9868-57a2d4851a1d" relativeResultsDirectory="ebb85bf8-d274-4222-911a-9b8a84da422a" />
    <UnitTestResult executionId="14ecb71c-6133-4a49-874d-33cda0bfaebf" testId="01d67411-1a81-aa6d-ffd0-a0f57b383a5d" testName="ServiceUnitTest.TestAsset.AssetServiceTests.GetAllAsync_WithSortByInfo_Descending_ShouldReturnSortedAssets" computerName="TAMJEE" duration="00:00:00.0035639" startTime="2025-11-30T02:49:50.6968924+07:00" endTime="2025-11-30T02:49:50.6968930+07:00" testType="13cdc9d9-ddb5-4fa4-a97d-d965ccfc6d4b" outcome="Passed" testListId="8c84fa94-04c1-424b-9868-57a2d4851a1d" relativeResultsDirectory="14ecb71c-6133-4a49-874d-33cda0bfaebf" />
    <UnitTestResult executionId="70acb0d4-cc01-4d8b-aa88-79f5bb11c21a" testId="5da4d1e3-fb19-664f-2de3-214ea4028a46" testName="ServiceUnitTest.Repositories.ProposalRepositoryTests.GetStaffProposalsQuery_KhiGoi_NenTraVeQuery" computerName="TAMJEE" duration="00:00:00.0296945" startTime="2025-11-30T02:49:51.6623407+07:00" endTime="2025-11-30T02:49:51.6623422+07:00" testType="13cdc9d9-ddb5-4fa4-a97d-d965ccfc6d4b" outcome="Passed" testListId="8c84fa94-04c1-424b-9868-57a2d4851a1d" relativeResultsDirectory="70acb0d4-cc01-4d8b-aa88-79f5bb11c21a" />
    <UnitTestResult executionId="064de2b0-7a93-4813-8cdc-f3fd3669174f" testId="2fd907ea-09be-2e75-f7f0-6e1643a0f3ad" testName="ServiceUnitTest.Services.VisitLogServiceTests.CheckOutAsync_KhiStatusKhongPhaiCheckedIn_NenTraVeFalse" computerName="TAMJEE" duration="00:00:00.0111994" startTime="2025-11-30T02:49:50.7371228+07:00" endTime="2025-11-30T02:49:50.7371239+07:00" testType="13cdc9d9-ddb5-4fa4-a97d-d965ccfc6d4b" outcome="Passed" testListId="8c84fa94-04c1-424b-9868-57a2d4851a1d" relativeResultsDirectory="064de2b0-7a93-4813-8cdc-f3fd3669174f" />
    <UnitTestResult executionId="4fe5fb57-a468-4f74-87fc-b45fae6126a3" testId="a596a705-2c09-c671-491a-1aa3004e7fb5" testName="ServiceUnitTest.Services.UserManagementServiceTests.GetResidentAccountsAsync_KhiGoi_NenTraVeDanhSachResident" computerName="TAMJEE" duration="00:00:00.0042497" startTime="2025-11-30T02:49:51.0021999+07:00" endTime="2025-11-30T02:49:51.0022003+07:00" testType="13cdc9d9-ddb5-4fa4-a97d-d965ccfc6d4b" outcome="Passed" testListId="8c84fa94-04c1-424b-9868-57a2d4851a1d" relativeResultsDirectory="4fe5fb57-a468-4f74-87fc-b45fae6126a3" />
    <UnitTestResult executionId="cc5ffbe4-999f-416b-94fc-848793aea064" testId="7bedae29-8133-d91c-62c4-4d8b50302804" testName="ServiceUnitTest.TestAsset.AssetServiceTests.GetByIdAsync_WhenAssetNotFound_ShouldReturnNull" computerName="TAMJEE" duration="00:00:00.0026977" startTime="2025-11-30T02:49:50.6016089+07:00" endTime="2025-11-30T02:49:50.6016102+07:00" testType="13cdc9d9-ddb5-4fa4-a97d-d965ccfc6d4b" outcome="Passed" testListId="8c84fa94-04c1-424b-9868-57a2d4851a1d" relativeResultsDirectory="cc5ffbe4-999f-416b-94fc-848793aea064" />
    <UnitTestResult executionId="604b9a00-a01b-4854-85b2-e7114690142e" testId="0c0e3132-92a1-6f03-925c-35ea497d935e" testName="ServiceUnitTest.TestVehicle.VehicleServiceTests.DeleteAsync_WhenVehicleExists_ShouldDeleteAndReturnTrue" computerName="TAMJEE" duration="00:00:00.0107082" startTime="2025-11-30T02:49:50.6283526+07:00" endTime="2025-11-30T02:49:50.6283529+07:00" testType="13cdc9d9-ddb5-4fa4-a97d-d965ccfc6d4b" outcome="Passed" testListId="8c84fa94-04c1-424b-9868-57a2d4851a1d" relativeResultsDirectory="604b9a00-a01b-4854-85b2-e7114690142e" />
    <UnitTestResult executionId="2c9d9c90-70ef-4298-be07-6879c0dd351c" testId="e298a3fe-58fb-6a3a-753b-a81a74204e34" testName="ServiceUnitTest.Services.ProposalServiceTests.GetProposalsForStaffAsync_KhiGoi_NenTraVePagedList" computerName="TAMJEE" duration="00:00:00.0255784" startTime="2025-11-30T02:49:51.5241296+07:00" endTime="2025-11-30T02:49:51.5241304+07:00" testType="13cdc9d9-ddb5-4fa4-a97d-d965ccfc6d4b" outcome="Passed" testListId="8c84fa94-04c1-424b-9868-57a2d4851a1d" relativeResultsDirectory="2c9d9c90-70ef-4298-be07-6879c0dd351c" />
    <UnitTestResult executionId="231ebc58-b741-456f-8d0b-1655a49a43db" testId="bd447c2c-874e-e154-d781-68b4b1f9d7d9" testName="ServiceUnitTest.Services.PriceQuotationServiceTests.CreatePriceQuotationAsync_KhiHopLe_NenTaoMoi" computerName="TAMJEE" duration="00:00:00.0091576" startTime="2025-11-30T02:49:50.6076403+07:00" endTime="2025-11-30T02:49:50.6076409+07:00" testType="13cdc9d9-ddb5-4fa4-a97d-d965ccfc6d4b" outcome="Passed" testListId="8c84fa94-04c1-424b-9868-57a2d4851a1d" relativeResultsDirectory="231ebc58-b741-456f-8d0b-1655a49a43db" />
    <UnitTestResult executionId="05911e8e-49a0-4a38-ae5e-bd1ee9a88dff" testId="fbcbf036-afaf-1e6a-23ff-2e86e00e2c2c" testName="ServiceUnitTest.TestAsset.AssetServiceTests.GetAllAsync_WhenRepositoryReturnsNull_ShouldReturnEmptyList" computerName="TAMJEE" duration="00:00:00.0017777" startTime="2025-11-30T02:49:50.6332245+07:00" endTime="2025-11-30T02:49:50.6332246+07:00" testType="13cdc9d9-ddb5-4fa4-a97d-d965ccfc6d4b" outcome="Passed" testListId="8c84fa94-04c1-424b-9868-57a2d4851a1d" relativeResultsDirectory="05911e8e-49a0-4a38-ae5e-bd1ee9a88dff" />
    <UnitTestResult executionId="573bb76a-277b-47cd-9c22-5b2bc9c1ce4e" testId="45dc0510-45c7-0f82-e9a5-2b3e8c2b6a75" testName="ServiceUnitTest.Services.UserManagementServiceTests.UpdateStaffAssignmentAsync_KhiStaffTonTai_NenCapNhatAssignment" computerName="TAMJEE" duration="00:00:00.4913950" startTime="2025-11-30T02:49:51.4937286+07:00" endTime="2025-11-30T02:49:51.4937292+07:00" testType="13cdc9d9-ddb5-4fa4-a97d-d965ccfc6d4b" outcome="Passed" testListId="8c84fa94-04c1-424b-9868-57a2d4851a1d" relativeResultsDirectory="573bb76a-277b-47cd-9c22-5b2bc9c1ce4e" />
    <UnitTestResult executionId="266bce59-9186-4387-9dfa-92b8b1c6fb11" testId="633347c3-9dc4-6161-2f9b-94196326037b" testName="ServiceUnitTest.Services.ChatServiceTests.CreateAdHocInteractionAsync_KhiInteractionTonTai_NenTraVeExisting" computerName="TAMJEE" duration="00:00:00.0042226" startTime="2025-11-30T02:49:51.4418812+07:00" endTime="2025-11-30T02:49:51.4418822+07:00" testType="13cdc9d9-ddb5-4fa4-a97d-d965ccfc6d4b" outcome="Passed" testListId="8c84fa94-04c1-424b-9868-57a2d4851a1d" relativeResultsDirectory="266bce59-9186-4387-9dfa-92b8b1c6fb11" />
    <UnitTestResult executionId="9ec08e93-79a0-43b2-acee-7a29f5c191c2" testId="82546d9e-1536-3fe3-2613-5f48b519c06b" testName="ServiceUnitTest.Services.PriceQuotationServiceTests.GetPriceQuotationsByBuildingIdAsync_KhiBuildingTonTai_NenTraVeDanhSach" computerName="TAMJEE" duration="00:00:00.0106114" startTime="2025-11-30T02:49:50.6188006+07:00" endTime="2025-11-30T02:49:50.6188014+07:00" testType="13cdc9d9-ddb5-4fa4-a97d-d965ccfc6d4b" outcome="Passed" testListId="8c84fa94-04c1-424b-9868-57a2d4851a1d" relativeResultsDirectory="9ec08e93-79a0-43b2-acee-7a29f5c191c2" />
    <UnitTestResult executionId="b84e4d11-73ef-4afb-a6a7-4fd16296fd5c" testId="f9a53155-5872-c0bf-db68-209d756a7939" testName="ServiceUnitTest.TestVehicle.VehicleServiceTests.UpdateAsync_WhenSaveChangesFails_ShouldReturnFalse" computerName="TAMJEE" duration="00:00:00.0032537" startTime="2025-11-30T02:49:50.7052624+07:00" endTime="2025-11-30T02:49:50.7052628+07:00" testType="13cdc9d9-ddb5-4fa4-a97d-d965ccfc6d4b" outcome="Passed" testListId="8c84fa94-04c1-424b-9868-57a2d4851a1d" relativeResultsDirectory="b84e4d11-73ef-4afb-a6a7-4fd16296fd5c" />
    <UnitTestResult executionId="da956435-68a0-4209-a19f-000bdd836007" testId="bfb37e57-bf81-8cb9-c5bb-a2d33d19a539" testName="ServiceUnitTest.TestAsset.AssetServiceTests.GetAllAsync_WithSortByQuantity_Descending_ShouldReturnSortedAssets" computerName="TAMJEE" duration="00:00:00.0030220" startTime="2025-11-30T02:49:50.6294233+07:00" endTime="2025-11-30T02:49:50.6294236+07:00" testType="13cdc9d9-ddb5-4fa4-a97d-d965ccfc6d4b" outcome="Passed" testListId="8c84fa94-04c1-424b-9868-57a2d4851a1d" relativeResultsDirectory="da956435-68a0-4209-a19f-000bdd836007" />
    <UnitTestResult executionId="69578391-2b69-457b-8225-8fb8c81dd94c" testId="693c0e12-dd23-289c-9d1a-9a3390e477c5" testName="ServiceUnitTest.Services.ProposalServiceTests.GetProposalDetailAsync_KhiUserLaOwner_NenTraVeChiTiet" computerName="TAMJEE" duration="00:00:00.8596758" startTime="2025-11-30T02:49:51.4905403+07:00" endTime="2025-11-30T02:49:51.4905404+07:00" testType="13cdc9d9-ddb5-4fa4-a97d-d965ccfc6d4b" outcome="Passed" testListId="8c84fa94-04c1-424b-9868-57a2d4851a1d" relativeResultsDirectory="69578391-2b69-457b-8225-8fb8c81dd94c" />
    <UnitTestResult executionId="563dd5b6-63c3-4103-94ef-40b9a22bcc0b" testId="4f4a9432-580f-50c0-4d55-79a8b9699def" testName="ServiceUnitTest.TestAsset.AssetServiceTests.DeleteAsync_WhenAssetExists_ShouldDeleteAndReturnTrue" computerName="TAMJEE" duration="00:00:00.0032119" startTime="2025-11-30T02:49:50.7005982+07:00" endTime="2025-11-30T02:49:50.7005984+07:00" testType="13cdc9d9-ddb5-4fa4-a97d-d965ccfc6d4b" outcome="Passed" testListId="8c84fa94-04c1-424b-9868-57a2d4851a1d" relativeResultsDirectory="563dd5b6-63c3-4103-94ef-40b9a22bcc0b" />
    <UnitTestResult executionId="43c1d69a-5a40-4a54-9714-96b3a9126efa" testId="76b2a201-13ea-e704-56dc-65b72af68dad" testName="ServiceUnitTest.Services.PriceQuotationServiceTests.GetPriceQuotationsAsync_KhiGoi_NenTraVeDanhSach" computerName="TAMJEE" duration="00:00:00.0032016" startTime="2025-11-30T02:49:50.6241029+07:00" endTime="2025-11-30T02:49:50.6241036+07:00" testType="13cdc9d9-ddb5-4fa4-a97d-d965ccfc6d4b" outcome="Passed" testListId="8c84fa94-04c1-424b-9868-57a2d4851a1d" relativeResultsDirectory="43c1d69a-5a40-4a54-9714-96b3a9126efa" />
    <UnitTestResult executionId="dad4ecba-2d2f-4b44-a190-6298ad273350" testId="b9e2e70c-65f5-8502-5796-f8a87fac9fe2" testName="ServiceUnitTest.Services.ChatServiceTests.SendMessageAsync_KhiThongTinHopLe_NenGuiTinNhan" computerName="TAMJEE" duration="00:00:00.2586423" startTime="2025-11-30T02:49:50.6802293+07:00" endTime="2025-11-30T02:49:50.6802299+07:00" testType="13cdc9d9-ddb5-4fa4-a97d-d965ccfc6d4b" outcome="Failed" testListId="8c84fa94-04c1-424b-9868-57a2d4851a1d" relativeResultsDirectory="dad4ecba-2d2f-4b44-a190-6298ad273350">
      <Output>
        <ErrorInfo>
          <Message>Expected result.Message not to be &lt;null&gt;.</Message>
          <StackTrace>   at FluentAssertions.Execution.LateBoundTestFramework.Throw(String message)&#xD;
   at FluentAssertions.Execution.DefaultAssertionStrategy.HandleFailure(String message)&#xD;
   at FluentAssertions.Execution.AssertionScope.AddPreFormattedFailure(String formattedFailureMessage)&#xD;
   at FluentAssertions.Execution.AssertionChain.FailWith(Func`1 getFailureReason)&#xD;
   at FluentAssertions.Execution.AssertionChain.FailWith(Func`1 getFailureReason)&#xD;
   at FluentAssertions.Execution.AssertionChain.FailWith(String message)&#xD;
   at FluentAssertions.Primitives.ReferenceTypeAssertions`2.NotBeNull(String because, Object[] becauseArgs)&#xD;
   at ServiceUnitTest.Services.ChatServiceTests.SendMessageAsync_KhiThongTinHopLe_NenGuiTinNhan() in D:\K17_KTPM\Git_Repo\Team_Repo\aparta-backend-api\ServiceUnitTest\Services\ChatServiceTests.cs:line 149&#xD;
--- End of stack trace from previous location ---</StackTrace>
        </ErrorInfo>
      </Output>
    </UnitTestResult>
    <UnitTestResult executionId="e27691da-e709-4db6-a68b-1a833b460425" testId="18ea6aaa-8759-1127-338b-c07fffca5745" testName="ServiceUnitTest.Services.PriceQuotationServiceTests.CreatePriceQuotationAsync_KhiBuildingKhongTonTai_NenTraVeNull" computerName="TAMJEE" duration="00:00:00.0028523" startTime="2025-11-30T02:49:50.6206006+07:00" endTime="2025-11-30T02:49:50.6206021+07:00" testType="13cdc9d9-ddb5-4fa4-a97d-d965ccfc6d4b" outcome="Passed" testListId="8c84fa94-04c1-424b-9868-57a2d4851a1d" relativeResultsDirectory="e27691da-e709-4db6-a68b-1a833b460425" />
    <UnitTestResult executionId="d34082c0-1643-4743-80a5-7d1ce326e03c" testId="0a411339-16d1-8d54-b087-c1ec9094d0e7" testName="ServiceUnitTest.Services.PriceQuotationServiceTests.UpdateAsync_KhiIdTonTaiVaHopLe_NenCapNhat" computerName="TAMJEE" duration="00:00:00.0100196" startTime="2025-11-30T02:49:50.5904856+07:00" endTime="2025-11-30T02:49:50.5904857+07:00" testType="13cdc9d9-ddb5-4fa4-a97d-d965ccfc6d4b" outcome="Passed" testListId="8c84fa94-04c1-424b-9868-57a2d4851a1d" relativeResultsDirectory="d34082c0-1643-4743-80a5-7d1ce326e03c" />
    <UnitTestResult executionId="788febbc-2dec-4b2d-9320-852b70bf20e8" testId="ba22531b-e808-4f29-290a-03eaaed3cb1e" testName="ServiceUnitTest.TestAsset.AssetServiceTests.UpdateAsync_WhenSaveChangesFails_ShouldReturnFalse" computerName="TAMJEE" duration="00:00:00.0084533" startTime="2025-11-30T02:49:50.6145670+07:00" endTime="2025-11-30T02:49:50.6145670+07:00" testType="13cdc9d9-ddb5-4fa4-a97d-d965ccfc6d4b" outcome="Passed" testListId="8c84fa94-04c1-424b-9868-57a2d4851a1d" relativeResultsDirectory="788febbc-2dec-4b2d-9320-852b70bf20e8" />
    <UnitTestResult executionId="72c5fe3a-d9a8-435c-a258-42dd4e2f6526" testId="08903901-081e-4aee-a83a-a1681061ed19" testName="ServiceUnitTest.Repositories.PriceQuotationRepositoryTests.GetByIdWithBuildingAsync_KhiIdTonTai_NenTraVeChiTiet" computerName="TAMJEE" duration="00:00:00.0184164" startTime="2025-11-30T02:49:51.5101878+07:00" endTime="2025-11-30T02:49:51.5101884+07:00" testType="13cdc9d9-ddb5-4fa4-a97d-d965ccfc6d4b" outcome="Passed" testListId="8c84fa94-04c1-424b-9868-57a2d4851a1d" relativeResultsDirectory="72c5fe3a-d9a8-435c-a258-42dd4e2f6526" />
    <UnitTestResult executionId="2bde1052-3c5c-49e8-af2a-25fdfddc7b10" testId="1e3254d3-d7be-138d-5284-b29f981e6d3b" testName="ServiceUnitTest.Repositories.ProposalRepositoryTests.GetResidentProposalsAsync_KhiResidentIdTonTai_NenTraVeDanhSachProposal" computerName="TAMJEE" duration="00:00:00.0518826" startTime="2025-11-30T02:49:51.5744521+07:00" endTime="2025-11-30T02:49:51.5744529+07:00" testType="13cdc9d9-ddb5-4fa4-a97d-d965ccfc6d4b" outcome="Passed" testListId="8c84fa94-04c1-424b-9868-57a2d4851a1d" relativeResultsDirectory="2bde1052-3c5c-49e8-af2a-25fdfddc7b10" />
    <UnitTestResult executionId="9d7868f9-ebca-44d6-8e12-b1aa047030ba" testId="6f81a2f5-f182-cf4c-03a9-1b537caa53a3" testName="ServiceUnitTest.Services.PriceQuotationServiceTests.DeleteAsync_KhiIdTonTai_NenXoa" computerName="TAMJEE" duration="00:00:00.1585364" startTime="2025-11-30T02:49:50.5732576+07:00" endTime="2025-11-30T02:49:50.5732829+07:00" testType="13cdc9d9-ddb5-4fa4-a97d-d965ccfc6d4b" outcome="Passed" testListId="8c84fa94-04c1-424b-9868-57a2d4851a1d" relativeResultsDirectory="9d7868f9-ebca-44d6-8e12-b1aa047030ba" />
  </Results>
  <TestDefinitions>
    <UnitTest name="ServiceUnitTest.Repositories.VisitorRepositoryTests.UpdateAsync_KhiVisitorHopLe_NenCapNhatThanhCong" storage="d:\k17_ktpm\git_repo\team_repo\aparta-backend-api\serviceunittest\bin\debug\net8.0\serviceunittest.dll" id="938b8379-f5ce-a109-e6da-f9811e1cdef0">
      <Execution id="08096e6a-3468-473b-8223-6ce5857d6fea" />
      <TestMethod codeBase="D:\K17_KTPM\Git_Repo\Team_Repo\aparta-backend-api\ServiceUnitTest\bin\Debug\net8.0\ServiceUnitTest.dll" adapterTypeName="executor://xunit/VsTestRunner2/netcoreapp" className="ServiceUnitTest.Repositories.VisitorRepositoryTests" name="UpdateAsync_KhiVisitorHopLe_NenCapNhatThanhCong" />
    </UnitTest>
    <UnitTest name="ServiceUnitTest.TestAsset.AssetServiceTests.GetAllAsync_WithSortByQuantity_Descending_ShouldReturnSortedAssets" storage="d:\k17_ktpm\git_repo\team_repo\aparta-backend-api\serviceunittest\bin\debug\net8.0\serviceunittest.dll" id="bfb37e57-bf81-8cb9-c5bb-a2d33d19a539">
      <Execution id="da956435-68a0-4209-a19f-000bdd836007" />
      <TestMethod codeBase="D:\K17_KTPM\Git_Repo\Team_Repo\aparta-backend-api\ServiceUnitTest\bin\Debug\net8.0\ServiceUnitTest.dll" adapterTypeName="executor://xunit/VsTestRunner2/netcoreapp" className="ServiceUnitTest.TestAsset.AssetServiceTests" name="GetAllAsync_WithSortByQuantity_Descending_ShouldReturnSortedAssets" />
    </UnitTest>
    <UnitTest name="ServiceUnitTest.TestVehicle.VehicleServiceTests.GetByIdAsync_WhenVehicleExists_ShouldReturnVehicleDto" storage="d:\k17_ktpm\git_repo\team_repo\aparta-backend-api\serviceunittest\bin\debug\net8.0\serviceunittest.dll" id="53ac88c5-172e-9619-25b7-03988178fb6a">
      <Execution id="f0535491-f9ae-4d3f-baf2-568824e6c209" />
      <TestMethod codeBase="D:\K17_KTPM\Git_Repo\Team_Repo\aparta-backend-api\ServiceUnitTest\bin\Debug\net8.0\ServiceUnitTest.dll" adapterTypeName="executor://xunit/VsTestRunner2/netcoreapp" className="ServiceUnitTest.TestVehicle.VehicleServiceTests" name="GetByIdAsync_WhenVehicleExists_ShouldReturnVehicleDto" />
    </UnitTest>
    <UnitTest name="ServiceUnitTest.Services.ProposalServiceTests.ReplyProposalAsync_KhiUserLaStaff_NenTaoReplyVaCapNhatStatus" storage="d:\k17_ktpm\git_repo\team_repo\aparta-backend-api\serviceunittest\bin\debug\net8.0\serviceunittest.dll" id="6034d841-d46e-8426-eef5-f1caf730f81d">
      <Execution id="1ec0a4d1-5c6e-4045-9715-593aa15dde46" />
      <TestMethod codeBase="D:\K17_KTPM\Git_Repo\Team_Repo\aparta-backend-api\ServiceUnitTest\bin\Debug\net8.0\ServiceUnitTest.dll" adapterTypeName="executor://xunit/VsTestRunner2/netcoreapp" className="ServiceUnitTest.Services.ProposalServiceTests" name="ReplyProposalAsync_KhiUserLaStaff_NenTaoReplyVaCapNhatStatus" />
    </UnitTest>
    <UnitTest name="ServiceUnitTest.TestVehicle.VehicleServiceTests.GetAllAsync_WhenRepositoryReturnsNull_ShouldReturnEmptyList" storage="d:\k17_ktpm\git_repo\team_repo\aparta-backend-api\serviceunittest\bin\debug\net8.0\serviceunittest.dll" id="54bf5aff-8ed2-b789-a163-4d3516dc03f3">
      <Execution id="01d5c871-4920-4cb7-b2a8-37f338db109a" />
      <TestMethod codeBase="D:\K17_KTPM\Git_Repo\Team_Repo\aparta-backend-api\ServiceUnitTest\bin\Debug\net8.0\ServiceUnitTest.dll" adapterTypeName="executor://xunit/VsTestRunner2/netcoreapp" className="ServiceUnitTest.TestVehicle.VehicleServiceTests" name="GetAllAsync_WhenRepositoryReturnsNull_ShouldReturnEmptyList" />
    </UnitTest>
    <UnitTest name="ServiceUnitTest.TestVehicle.VehicleServiceTests.GetAllAsync_WhenNoVehiclesFound_ShouldReturnEmptyListWithNoResultsMessage" storage="d:\k17_ktpm\git_repo\team_repo\aparta-backend-api\serviceunittest\bin\debug\net8.0\serviceunittest.dll" id="fc824589-f86f-30d9-44b3-01b69a2cf960">
      <Execution id="d9213978-3ea9-4322-bcc7-f9223cef414d" />
      <TestMethod codeBase="D:\K17_KTPM\Git_Repo\Team_Repo\aparta-backend-api\ServiceUnitTest\bin\Debug\net8.0\ServiceUnitTest.dll" adapterTypeName="executor://xunit/VsTestRunner2/netcoreapp" className="ServiceUnitTest.TestVehicle.VehicleServiceTests" name="GetAllAsync_WhenNoVehiclesFound_ShouldReturnEmptyListWithNoResultsMessage" />
    </UnitTest>
    <UnitTest name="ServiceUnitTest.TestVehicle.VehicleServiceTests.GetAllAsync_WithStatusFilter_ShouldReturnFilteredVehicles" storage="d:\k17_ktpm\git_repo\team_repo\aparta-backend-api\serviceunittest\bin\debug\net8.0\serviceunittest.dll" id="08d305fb-58bd-dc09-c915-c28ca17deab3">
      <Execution id="be0e58ae-7608-4a18-b8f1-a22c9e5ad5b3" />
      <TestMethod codeBase="D:\K17_KTPM\Git_Repo\Team_Repo\aparta-backend-api\ServiceUnitTest\bin\Debug\net8.0\ServiceUnitTest.dll" adapterTypeName="executor://xunit/VsTestRunner2/netcoreapp" className="ServiceUnitTest.TestVehicle.VehicleServiceTests" name="GetAllAsync_WithStatusFilter_ShouldReturnFilteredVehicles" />
    </UnitTest>
    <UnitTest name="ServiceUnitTest.TestVehicle.VehicleServiceTests.GetAllAsync_WithNullQuery_ShouldReturnAllVehicles" storage="d:\k17_ktpm\git_repo\team_repo\aparta-backend-api\serviceunittest\bin\debug\net8.0\serviceunittest.dll" id="a6d84dd5-241f-d59d-c5a4-e108491d4fba">
      <Execution id="0e6a7f3d-1887-4aff-8a37-6c52c2c77741" />
      <TestMethod codeBase="D:\K17_KTPM\Git_Repo\Team_Repo\aparta-backend-api\ServiceUnitTest\bin\Debug\net8.0\ServiceUnitTest.dll" adapterTypeName="executor://xunit/VsTestRunner2/netcoreapp" className="ServiceUnitTest.TestVehicle.VehicleServiceTests" name="GetAllAsync_WithNullQuery_ShouldReturnAllVehicles" />
    </UnitTest>
    <UnitTest name="ServiceUnitTest.Services.UserManagementServiceTests.CreateStaffAccountAsync_KhiHopLe_NenTaoStaff" storage="d:\k17_ktpm\git_repo\team_repo\aparta-backend-api\serviceunittest\bin\debug\net8.0\serviceunittest.dll" id="982ab276-0e37-116d-36cf-e86d702be447">
      <Execution id="609fc3fb-6b7d-4e0e-b80c-9194fea08439" />
      <TestMethod codeBase="D:\K17_KTPM\Git_Repo\Team_Repo\aparta-backend-api\ServiceUnitTest\bin\Debug\net8.0\ServiceUnitTest.dll" adapterTypeName="executor://xunit/VsTestRunner2/netcoreapp" className="ServiceUnitTest.Services.UserManagementServiceTests" name="CreateStaffAccountAsync_KhiHopLe_NenTaoStaff" />
    </UnitTest>
    <UnitTest name="ServiceUnitTest.Services.PriceQuotationServiceTests.CreatePriceQuotationAsync_KhiHopLe_NenTaoMoi" storage="d:\k17_ktpm\git_repo\team_repo\aparta-backend-api\serviceunittest\bin\debug\net8.0\serviceunittest.dll" id="bd447c2c-874e-e154-d781-68b4b1f9d7d9">
      <Execution id="231ebc58-b741-456f-8d0b-1655a49a43db" />
      <TestMethod codeBase="D:\K17_KTPM\Git_Repo\Team_Repo\aparta-backend-api\ServiceUnitTest\bin\Debug\net8.0\ServiceUnitTest.dll" adapterTypeName="executor://xunit/VsTestRunner2/netcoreapp" className="ServiceUnitTest.Services.PriceQuotationServiceTests" name="CreatePriceQuotationAsync_KhiHopLe_NenTaoMoi" />
    </UnitTest>
    <UnitTest name="ServiceUnitTest.Services.UserManagementServiceTests.ToggleUserStatusAsync_KhiIdTonTai_NenCapNhatStatus" storage="d:\k17_ktpm\git_repo\team_repo\aparta-backend-api\serviceunittest\bin\debug\net8.0\serviceunittest.dll" id="6fb57b80-8976-077d-22ab-aab3f921c039">
      <Execution id="98bd8f3f-f074-4ad8-911c-91d88932cecc" />
      <TestMethod codeBase="D:\K17_KTPM\Git_Repo\Team_Repo\aparta-backend-api\ServiceUnitTest\bin\Debug\net8.0\ServiceUnitTest.dll" adapterTypeName="executor://xunit/VsTestRunner2/netcoreapp" className="ServiceUnitTest.Services.UserManagementServiceTests" name="ToggleUserStatusAsync_KhiIdTonTai_NenCapNhatStatus" />
    </UnitTest>
    <UnitTest name="ServiceUnitTest.TestVehicle.VehicleServiceTests.CreateAsync_ShouldGenerateUniqueVehicleIdAndSetStatusToChoDuyet" storage="d:\k17_ktpm\git_repo\team_repo\aparta-backend-api\serviceunittest\bin\debug\net8.0\serviceunittest.dll" id="65caf143-6045-4f93-1352-84bf06cb1c6c">
      <Execution id="d830ba36-2cac-4e96-9660-8587b7f710f9" />
      <TestMethod codeBase="D:\K17_KTPM\Git_Repo\Team_Repo\aparta-backend-api\ServiceUnitTest\bin\Debug\net8.0\ServiceUnitTest.dll" adapterTypeName="executor://xunit/VsTestRunner2/netcoreapp" className="ServiceUnitTest.TestVehicle.VehicleServiceTests" name="CreateAsync_ShouldGenerateUniqueVehicleIdAndSetStatusToChoDuyet" />
    </UnitTest>
    <UnitTest name="ServiceUnitTest.Repositories.VisitorRepositoryTests.AddAsync_KhiVisitorHopLe_NenThemThanhCong" storage="d:\k17_ktpm\git_repo\team_repo\aparta-backend-api\serviceunittest\bin\debug\net8.0\serviceunittest.dll" id="785cc6f3-cb4e-88c9-0ab5-82497f6469e3">
      <Execution id="b3636160-664e-43b3-9a4a-7908a121b818" />
      <TestMethod codeBase="D:\K17_KTPM\Git_Repo\Team_Repo\aparta-backend-api\ServiceUnitTest\bin\Debug\net8.0\ServiceUnitTest.dll" adapterTypeName="executor://xunit/VsTestRunner2/netcoreapp" className="ServiceUnitTest.Repositories.VisitorRepositoryTests" name="AddAsync_KhiVisitorHopLe_NenThemThanhCong" />
    </UnitTest>
    <UnitTest name="ServiceUnitTest.Services.PriceQuotationServiceTests.GetPriceQuotationsAsync_KhiGoi_NenTraVeDanhSach" storage="d:\k17_ktpm\git_repo\team_repo\aparta-backend-api\serviceunittest\bin\debug\net8.0\serviceunittest.dll" id="76b2a201-13ea-e704-56dc-65b72af68dad">
      <Execution id="43c1d69a-5a40-4a54-9714-96b3a9126efa" />
      <TestMethod codeBase="D:\K17_KTPM\Git_Repo\Team_Repo\aparta-backend-api\ServiceUnitTest\bin\Debug\net8.0\ServiceUnitTest.dll" adapterTypeName="executor://xunit/VsTestRunner2/netcoreapp" className="ServiceUnitTest.Services.PriceQuotationServiceTests" name="GetPriceQuotationsAsync_KhiGoi_NenTraVeDanhSach" />
    </UnitTest>
    <UnitTest name="ServiceUnitTest.TestAsset.AssetServiceTests.CreateAsync_ShouldSetCreatedAtAndUpdatedAt" storage="d:\k17_ktpm\git_repo\team_repo\aparta-backend-api\serviceunittest\bin\debug\net8.0\serviceunittest.dll" id="d7703cc6-772a-7efe-2362-8131da471502">
      <Execution id="5eebe765-b578-4b57-909d-9e4721eddd45" />
      <TestMethod codeBase="D:\K17_KTPM\Git_Repo\Team_Repo\aparta-backend-api\ServiceUnitTest\bin\Debug\net8.0\ServiceUnitTest.dll" adapterTypeName="executor://xunit/VsTestRunner2/netcoreapp" className="ServiceUnitTest.TestAsset.AssetServiceTests" name="CreateAsync_ShouldSetCreatedAtAndUpdatedAt" />
    </UnitTest>
    <UnitTest name="ServiceUnitTest.TestAsset.AssetServiceTests.GetAllAsync_WithNoSortBy_ShouldSortByCreatedAtDescending" storage="d:\k17_ktpm\git_repo\team_repo\aparta-backend-api\serviceunittest\bin\debug\net8.0\serviceunittest.dll" id="e5eabe51-0797-622d-457e-603958d0e266">
      <Execution id="698dab82-d034-49e1-89c1-7cfb355474e4" />
      <TestMethod codeBase="D:\K17_KTPM\Git_Repo\Team_Repo\aparta-backend-api\ServiceUnitTest\bin\Debug\net8.0\ServiceUnitTest.dll" adapterTypeName="executor://xunit/VsTestRunner2/netcoreapp" className="ServiceUnitTest.TestAsset.AssetServiceTests" name="GetAllAsync_WithNoSortBy_ShouldSortByCreatedAtDescending" />
    </UnitTest>
    <UnitTest name="ServiceUnitTest.Repositories.PriceQuotationRepositoryTests.GetByIdWithBuildingAsync_KhiIdTonTai_NenTraVeChiTiet" storage="d:\k17_ktpm\git_repo\team_repo\aparta-backend-api\serviceunittest\bin\debug\net8.0\serviceunittest.dll" id="08903901-081e-4aee-a83a-a1681061ed19">
      <Execution id="72c5fe3a-d9a8-435c-a258-42dd4e2f6526" />
      <TestMethod codeBase="D:\K17_KTPM\Git_Repo\Team_Repo\aparta-backend-api\ServiceUnitTest\bin\Debug\net8.0\ServiceUnitTest.dll" adapterTypeName="executor://xunit/VsTestRunner2/netcoreapp" className="ServiceUnitTest.Repositories.PriceQuotationRepositoryTests" name="GetByIdWithBuildingAsync_KhiIdTonTai_NenTraVeChiTiet" />
    </UnitTest>
    <UnitTest name="ServiceUnitTest.Services.PriceQuotationServiceTests.GetPriceQuotationByIdAsync_KhiIdTonTai_NenTraVeChiTiet" storage="d:\k17_ktpm\git_repo\team_repo\aparta-backend-api\serviceunittest\bin\debug\net8.0\serviceunittest.dll" id="bc4baa34-206b-564e-8b71-3dc6d66b5332">
      <Execution id="b559d0dc-b585-4d2a-9aa3-e488a0f853f2" />
      <TestMethod codeBase="D:\K17_KTPM\Git_Repo\Team_Repo\aparta-backend-api\ServiceUnitTest\bin\Debug\net8.0\ServiceUnitTest.dll" adapterTypeName="executor://xunit/VsTestRunner2/netcoreapp" className="ServiceUnitTest.Services.PriceQuotationServiceTests" name="GetPriceQuotationByIdAsync_KhiIdTonTai_NenTraVeChiTiet" />
    </UnitTest>
    <UnitTest name="ServiceUnitTest.Repositories.VisitorRepositoryTests.GetByIdAsync_KhiIdTonTai_NenTraVeVisitor" storage="d:\k17_ktpm\git_repo\team_repo\aparta-backend-api\serviceunittest\bin\debug\net8.0\serviceunittest.dll" id="8b0768ee-f92c-1597-dc16-e9e9b3a9780c">
      <Execution id="9c8da899-eee6-4be2-ae19-0d49e37177e5" />
      <TestMethod codeBase="D:\K17_KTPM\Git_Repo\Team_Repo\aparta-backend-api\ServiceUnitTest\bin\Debug\net8.0\ServiceUnitTest.dll" adapterTypeName="executor://xunit/VsTestRunner2/netcoreapp" className="ServiceUnitTest.Repositories.VisitorRepositoryTests" name="GetByIdAsync_KhiIdTonTai_NenTraVeVisitor" />
    </UnitTest>
    <UnitTest name="ServiceUnitTest.TestVehicle.VehicleServiceTests.DeleteAsync_WhenSaveChangesFails_ShouldReturnFalse" storage="d:\k17_ktpm\git_repo\team_repo\aparta-backend-api\serviceunittest\bin\debug\net8.0\serviceunittest.dll" id="d9ac2201-89bd-4b5e-ebd1-4cb57fb79fa8">
      <Execution id="598799dd-cbe3-4d89-acbf-7d4da17319bf" />
      <TestMethod codeBase="D:\K17_KTPM\Git_Repo\Team_Repo\aparta-backend-api\ServiceUnitTest\bin\Debug\net8.0\ServiceUnitTest.dll" adapterTypeName="executor://xunit/VsTestRunner2/netcoreapp" className="ServiceUnitTest.TestVehicle.VehicleServiceTests" name="DeleteAsync_WhenSaveChangesFails_ShouldReturnFalse" />
    </UnitTest>
    <UnitTest name="ServiceUnitTest.Services.ProposalServiceTests.GetProposalsForStaffAsync_KhiGoi_NenTraVePagedList" storage="d:\k17_ktpm\git_repo\team_repo\aparta-backend-api\serviceunittest\bin\debug\net8.0\serviceunittest.dll" id="e298a3fe-58fb-6a3a-753b-a81a74204e34">
      <Execution id="2c9d9c90-70ef-4298-be07-6879c0dd351c" />
      <TestMethod codeBase="D:\K17_KTPM\Git_Repo\Team_Repo\aparta-backend-api\ServiceUnitTest\bin\Debug\net8.0\ServiceUnitTest.dll" adapterTypeName="executor://xunit/VsTestRunner2/netcoreapp" className="ServiceUnitTest.Services.ProposalServiceTests" name="GetProposalsForStaffAsync_KhiGoi_NenTraVePagedList" />
    </UnitTest>
    <UnitTest name="ServiceUnitTest.TestVehicle.VehicleServiceTests.GetByIdAsync_WhenVehicleNotFound_ShouldReturnNull" storage="d:\k17_ktpm\git_repo\team_repo\aparta-backend-api\serviceunittest\bin\debug\net8.0\serviceunittest.dll" id="ac0685fb-6cbe-a8b2-576a-f893283cc375">
      <Execution id="c2d089e7-5cf1-4a1d-9c83-b5e092a90539" />
      <TestMethod codeBase="D:\K17_KTPM\Git_Repo\Team_Repo\aparta-backend-api\ServiceUnitTest\bin\Debug\net8.0\ServiceUnitTest.dll" adapterTypeName="executor://xunit/VsTestRunner2/netcoreapp" className="ServiceUnitTest.TestVehicle.VehicleServiceTests" name="GetByIdAsync_WhenVehicleNotFound_ShouldReturnNull" />
    </UnitTest>
    <UnitTest name="ServiceUnitTest.TestAsset.AssetServiceTests.CreateAsync_ShouldGenerateUniqueAssetId" storage="d:\k17_ktpm\git_repo\team_repo\aparta-backend-api\serviceunittest\bin\debug\net8.0\serviceunittest.dll" id="0f8ad43d-e87a-9b86-c2b0-3d64246500ad">
      <Execution id="35fd01f3-6293-4fcc-b6d8-38e5433a81a5" />
      <TestMethod codeBase="D:\K17_KTPM\Git_Repo\Team_Repo\aparta-backend-api\ServiceUnitTest\bin\Debug\net8.0\ServiceUnitTest.dll" adapterTypeName="executor://xunit/VsTestRunner2/netcoreapp" className="ServiceUnitTest.TestAsset.AssetServiceTests" name="CreateAsync_ShouldGenerateUniqueAssetId" />
    </UnitTest>
    <UnitTest name="ServiceUnitTest.TestVehicle.VehicleServiceTests.DeleteAsync_WhenVehicleNotFound_ShouldReturnFalse" storage="d:\k17_ktpm\git_repo\team_repo\aparta-backend-api\serviceunittest\bin\debug\net8.0\serviceunittest.dll" id="e00880e5-4a59-a258-b187-79b95cf19a84">
      <Execution id="1ffe0787-d297-4787-8d9c-0d75ca3b64d9" />
      <TestMethod codeBase="D:\K17_KTPM\Git_Repo\Team_Repo\aparta-backend-api\ServiceUnitTest\bin\Debug\net8.0\ServiceUnitTest.dll" adapterTypeName="executor://xunit/VsTestRunner2/netcoreapp" className="ServiceUnitTest.TestVehicle.VehicleServiceTests" name="DeleteAsync_WhenVehicleNotFound_ShouldReturnFalse" />
    </UnitTest>
    <UnitTest name="ServiceUnitTest.TestAsset.AssetServiceTests.GetAllAsync_WithSortByInfo_Descending_ShouldReturnSortedAssets" storage="d:\k17_ktpm\git_repo\team_repo\aparta-backend-api\serviceunittest\bin\debug\net8.0\serviceunittest.dll" id="01d67411-1a81-aa6d-ffd0-a0f57b383a5d">
      <Execution id="14ecb71c-6133-4a49-874d-33cda0bfaebf" />
      <TestMethod codeBase="D:\K17_KTPM\Git_Repo\Team_Repo\aparta-backend-api\ServiceUnitTest\bin\Debug\net8.0\ServiceUnitTest.dll" adapterTypeName="executor://xunit/VsTestRunner2/netcoreapp" className="ServiceUnitTest.TestAsset.AssetServiceTests" name="GetAllAsync_WithSortByInfo_Descending_ShouldReturnSortedAssets" />
    </UnitTest>
    <UnitTest name="ServiceUnitTest.Services.VisitorServiceTests.CreateVisitAsync_KhiVisitorDaTonTai_NenNemValidationException" storage="d:\k17_ktpm\git_repo\team_repo\aparta-backend-api\serviceunittest\bin\debug\net8.0\serviceunittest.dll" id="e138f28c-54c2-8099-fb61-170bde14e566">
      <Execution id="1e5c2614-dc1c-426d-91d9-ee4359a5847c" />
      <TestMethod codeBase="D:\K17_KTPM\Git_Repo\Team_Repo\aparta-backend-api\ServiceUnitTest\bin\Debug\net8.0\ServiceUnitTest.dll" adapterTypeName="executor://xunit/VsTestRunner2/netcoreapp" className="ServiceUnitTest.Services.VisitorServiceTests" name="CreateVisitAsync_KhiVisitorDaTonTai_NenNemValidationException" />
    </UnitTest>
[...]
    <TestEntry testId="072847d6-3f2a-27a5-2155-061911f38c04" executionId="a072fd61-70fd-4f7c-9393-2862aab2ed5f" testListId="8c84fa94-04c1-424b-9868-57a2d4851a1d" />
    <TestEntry testId="c894807d-700d-0069-56c9-8bf5b738462e" executionId="9913eee1-5b61-4229-a93f-1310da2b8609" testListId="8c84fa94-04c1-424b-9868-57a2d4851a1d" />
    <TestEntry testId="938b8379-f5ce-a109-e6da-f9811e1cdef0" executionId="08096e6a-3468-473b-8223-6ce5857d6fea" testListId="8c84fa94-04c1-424b-9868-57a2d4851a1d" />
    <TestEntry testId="42bcaf26-66c5-c773-531b-93730cdb4585" executionId="fdd83872-d506-449d-8359-284ea6718abb" testListId="8c84fa94-04c1-424b-9868-57a2d4851a1d" />
    <TestEntry testId="ffc1cc8f-2b4d-f450-c3a6-a2b7509a95fb" executionId="a6e1e980-1b60-4408-976b-ea690f0f5f02" testListId="8c84fa94-04c1-424b-9868-57a2d4851a1d" />
    <TestEntry testId="2ad1b383-3fa3-733f-16ce-aacd035893fb" executionId="78a6ff57-cb63-4016-81e5-1f90c1990fcc" testListId="8c84fa94-04c1-424b-9868-57a2d4851a1d" />
    <TestEntry testId="0964f890-4273-8f6b-0908-6f11902c3ae8" executionId="da340f4f-8a38-4d41-841b-8810818230f9" testListId="8c84fa94-04c1-424b-9868-57a2d4851a1d" />
    <TestEntry testId="c33989d6-500a-c0b6-0057-da1ebf6e21a8" executionId="f2caefed-3ba5-486c-9162-8506123ebf7a" testListId="8c84fa94-04c1-424b-9868-57a2d4851a1d" />
    <TestEntry testId="e583f6af-2510-31bd-3647-03513ba1bba5" executionId="cc01cb3c-ce7b-4fbc-8602-b0370418a1de" testListId="8c84fa94-04c1-424b-9868-57a2d4851a1d" />
    <TestEntry testId="e529748a-bb58-6278-13e1-dc90e4c03e41" executionId="f4b50595-4561-4feb-8bd2-3e2683b947b5" testListId="8c84fa94-04c1-424b-9868-57a2d4851a1d" />
    <TestEntry testId="17de93e8-22b4-7da6-b4cd-4e81bdf62818" executionId="2eaf5c15-3485-40cc-af74-b8e1d90e2636" testListId="8c84fa94-04c1-424b-9868-57a2d4851a1d" />
    <TestEntry testId="d87af088-a468-8b81-2ad3-1f045d0f6530" executionId="484ccc16-789a-4ca1-9fce-6d922a26b55d" testListId="8c84fa94-04c1-424b-9868-57a2d4851a1d" />
    <TestEntry testId="2cd8b322-1838-bcb1-72c9-dcce59774f81" executionId="44cd0a87-e812-4cd7-a72e-8665f955b6be" testListId="8c84fa94-04c1-424b-9868-57a2d4851a1d" />
    <TestEntry testId="17054e1d-b925-6aa1-e9e8-b2c350d7d955" executionId="d4d88aa9-c33d-45d3-a3a3-0e2c01693efd" testListId="8c84fa94-04c1-424b-9868-57a2d4851a1d" />
    <TestEntry testId="d9ac2201-89bd-4b5e-ebd1-4cb57fb79fa8" executionId="598799dd-cbe3-4d89-acbf-7d4da17319bf" testListId="8c84fa94-04c1-424b-9868-57a2d4851a1d" />
    <TestEntry testId="690eee46-5bb0-2017-8434-f8bfad3c8eb4" executionId="365cd3c0-052e-42af-929c-b5c9a4575d6c" testListId="8c84fa94-04c1-424b-9868-57a2d4851a1d" />
    <TestEntry testId="818acf3c-9a31-0f6f-6b2d-676bcbb6f648" executionId="7ed5f27e-c4b6-4d2a-b2d0-d7babe969d4f" testListId="8c84fa94-04c1-424b-9868-57a2d4851a1d" />
    <TestEntry testId="982ab276-0e37-116d-36cf-e86d702be447" executionId="609fc3fb-6b7d-4e0e-b80c-9194fea08439" testListId="8c84fa94-04c1-424b-9868-57a2d4851a1d" />
    <TestEntry testId="eacb5974-faae-2d81-9116-ad2db1f71cf0" executionId="a9677303-cd22-41ed-9272-24f6a06c40e6" testListId="8c84fa94-04c1-424b-9868-57a2d4851a1d" />
    <TestEntry testId="bd2235db-c0db-294c-bbae-61d2ccca741f" executionId="e081c27b-08ec-4d8b-860c-e06aa0e38776" testListId="8c84fa94-04c1-424b-9868-57a2d4851a1d" />
    <TestEntry testId="6034d841-d46e-8426-eef5-f1caf730f81d" executionId="1ec0a4d1-5c6e-4045-9715-593aa15dde46" testListId="8c84fa94-04c1-424b-9868-57a2d4851a1d" />
    <TestEntry testId="899c7332-4cad-7d4c-129a-77ce0d580ecf" executionId="f74d52f8-ce58-46a8-9c78-172264e1dfb8" testListId="8c84fa94-04c1-424b-9868-57a2d4851a1d" />
    <TestEntry testId="47717fdc-378e-e103-ea9c-b5e0672bed9c" executionId="35922fbb-b2a3-4efa-b9a6-dc4a632ddd38" testListId="8c84fa94-04c1-424b-9868-57a2d4851a1d" />
    <TestEntry testId="d7703cc6-772a-7efe-2362-8131da471502" executionId="5eebe765-b578-4b57-909d-9e4721eddd45" testListId="8c84fa94-04c1-424b-9868-57a2d4851a1d" />
    <TestEntry testId="33903387-4a17-8f06-d9b2-aa69aab48ab5" executionId="fc3369d1-7607-4248-a25b-5ecca3463134" testListId="8c84fa94-04c1-424b-9868-57a2d4851a1d" />
    <TestEntry testId="8302768d-b368-ab33-03e7-a3f621506771" executionId="68d7c2de-0db8-429c-b7d9-56123f10260c" testListId="8c84fa94-04c1-424b-9868-57a2d4851a1d" />
    <TestEntry testId="43e0e8e9-6ba6-e05a-d59e-c20c5a40777e" executionId="60ec42d4-9746-4fff-8ff7-ed2d6eb62b82" testListId="8c84fa94-04c1-424b-9868-57a2d4851a1d" />
    <TestEntry testId="7c330c24-b8a5-d704-93ae-65f327fde930" executionId="68772877-21c6-4ce2-b585-f3ddd216e499" testListId="8c84fa94-04c1-424b-9868-57a2d4851a1d" />
    <TestEntry testId="a8237466-6f07-fd63-96fc-399dcff6fd24" executionId="bb41a0b7-330b-4aab-868d-af8421817085" testListId="8c84fa94-04c1-424b-9868-57a2d4851a1d" />
    <TestEntry testId="99f7114f-f099-c11f-e6c6-b99479bebb6b" executionId="ebb85bf8-d274-4222-911a-9b8a84da422a" testListId="8c84fa94-04c1-424b-9868-57a2d4851a1d" />
    <TestEntry testId="01d67411-1a81-aa6d-ffd0-a0f57b383a5d" executionId="14ecb71c-6133-4a49-874d-33cda0bfaebf" testListId="8c84fa94-04c1-424b-9868-57a2d4851a1d" />
    <TestEntry testId="5da4d1e3-fb19-664f-2de3-214ea4028a46" executionId="70acb0d4-cc01-4d8b-aa88-79f5bb11c21a" testListId="8c84fa94-04c1-424b-9868-57a2d4851a1d" />
    <TestEntry testId="2fd907ea-09be-2e75-f7f0-6e1643a0f3ad" executionId="064de2b0-7a93-4813-8cdc-f3fd3669174f" testListId="8c84fa94-04c1-424b-9868-57a2d4851a1d" />
    <TestEntry testId="a596a705-2c09-c671-491a-1aa3004e7fb5" executionId="4fe5fb57-a468-4f74-87fc-b45fae6126a3" testListId="8c84fa94-04c1-424b-9868-57a2d4851a1d" />
    <TestEntry testId="7bedae29-8133-d91c-62c4-4d8b50302804" executionId="cc5ffbe4-999f-416b-94fc-848793aea064" testListId="8c84fa94-04c1-424b-9868-57a2d4851a1d" />
    <TestEntry testId="0c0e3132-92a1-6f03-925c-35ea497d935e" executionId="604b9a00-a01b-4854-85b2-e7114690142e" testListId="8c84fa94-04c1-424b-9868-57a2d4851a1d" />
    <TestEntry testId="e298a3fe-58fb-6a3a-753b-a81a74204e34" executionId="2c9d9c90-70ef-4298-be07-6879c0dd351c" testListId="8c84fa94-04c1-424b-9868-57a2d4851a1d" />
    <TestEntry testId="bd447c2c-874e-e154-d781-68b4b1f9d7d9" executionId="231ebc58-b741-456f-8d0b-1655a49a43db" testListId="8c84fa94-04c1-424b-9868-57a2d4851a1d" />
    <TestEntry testId="fbcbf036-afaf-1e6a-23ff-2e86e00e2c2c" executionId="05911e8e-49a0-4a38-ae5e-bd1ee9a88dff" testListId="8c84fa94-04c1-424b-9868-57a2d4851a1d" />
    <TestEntry testId="45dc0510-45c7-0f82-e9a5-2b3e8c2b6a75" executionId="573bb76a-277b-47cd-9c22-5b2bc9c1ce4e" testListId="8c84fa94-04c1-424b-9868-57a2d4851a1d" />
    <TestEntry testId="633347c3-9dc4-6161-2f9b-94196326037b" executionId="266bce59-9186-4387-9dfa-92b8b1c6fb11" testListId="8c84fa94-04c1-424b-9868-57a2d4851a1d" />
    <TestEntry testId="82546d9e-1536-3fe3-2613-5f48b519c06b" executionId="9ec08e93-79a0-43b2-acee-7a29f5c191c2" testListId="8c84fa94-04c1-424b-9868-57a2d4851a1d" />
    <TestEntry testId="f9a53155-5872-c0bf-db68-209d756a7939" executionId="b84e4d11-73ef-4afb-a6a7-4fd16296fd5c" testListId="8c84fa94-04c1-424b-9868-57a2d4851a1d" />
    <TestEntry testId="bfb37e57-bf81-8cb9-c5bb-a2d33d19a539" executionId="da956435-68a0-4209-a19f-000bdd836007" testListId="8c84fa94-04c1-424b-9868-57a2d4851a1d" />
    <TestEntry testId="693c0e12-dd23-289c-9d1a-9a3390e477c5" executionId="69578391-2b69-457b-8225-8fb8c81dd94c" testListId="8c84fa94-04c1-424b-9868-57a2d4851a1d" />
    <TestEntry testId="4f4a9432-580f-50c0-4d55-79a8b9699def" executionId="563dd5b6-63c3-4103-94ef-40b9a22bcc0b" testListId="8c84fa94-04c1-424b-9868-57a2d4851a1d" />
    <TestEntry testId="76b2a201-13ea-e704-56dc-65b72af68dad" executionId="43c1d69a-5a40-4a54-9714-96b3a9126efa" testListId="8c84fa94-04c1-424b-9868-57a2d4851a1d" />
    <TestEntry testId="b9e2e70c-65f5-8502-5796-f8a87fac9fe2" executionId="dad4ecba-2d2f-4b44-a190-6298ad273350" testListId="8c84fa94-04c1-424b-9868-57a2d4851a1d" />
    <TestEntry testId="18ea6aaa-8759-1127-338b-c07fffca5745" executionId="e27691da-e709-4db6-a68b-1a833b460425" testListId="8c84fa94-04c1-424b-9868-57a2d4851a1d" />
    <TestEntry testId="0a411339-16d1-8d54-b087-c1ec9094d0e7" executionId="d34082c0-1643-4743-80a5-7d1ce326e03c" testListId="8c84fa94-04c1-424b-9868-57a2d4851a1d" />
    <TestEntry testId="ba22531b-e808-4f29-290a-03eaaed3cb1e" executionId="788febbc-2dec-4b2d-9320-852b70bf20e8" testListId="8c84fa94-04c1-424b-9868-57a2d4851a1d" />
    <TestEntry testId="08903901-081e-4aee-a83a-a1681061ed19" executionId="72c5fe3a-d9a8-435c-a258-42dd4e2f6526" testListId="8c84fa94-04c1-424b-9868-57a2d4851a1d" />
    <TestEntry testId="1e3254d3-d7be-138d-5284-b29f981e6d3b" executionId="2bde1052-3c5c-49e8-af2a-25fdfddc7b10" testListId="8c84fa94-04c1-424b-9868-57a2d4851a1d" />
    <TestEntry testId="6f81a2f5-f182-cf4c-03a9-1b537caa53a3" executionId="9d7868f9-ebca-44d6-8e12-b1aa047030ba" testListId="8c84fa94-04c1-424b-9868-57a2d4851a1d" />
  </TestEntries>
  <TestLists>
    <TestList name="Results Not in a List" id="8c84fa94-04c1-424b-9868-57a2d4851a1d" />
    <TestList name="All Loaded Results" id="19431567-8539-422a-85d7-44ee4e166bda" />
  </TestLists>
  <ResultSummary outcome="Failed">
    <Counters total="99" executed="99" passed="94" failed="5" error="0" timeout="0" aborted="0" inconclusive="0" passedButRunAborted="0" notRunnable="0" notExecuted="0" disconnected="0" warning="0" completed="0" inProgress="0" pending="0" />
    <Output>
      <StdOut>[xUnit.net 00:00:00.00] xUnit.net VSTest Adapter v2.5.3.1+6b60a9e56a (64-bit .NET 8.0.18)&#xD;
[xUnit.net 00:00:00.10]   Discovering: ServiceUnitTest&#xD;
[xUnit.net 00:00:00.17]   Discovered:  ServiceUnitTest&#xD;
[xUnit.net 00:00:00.17]   Starting:    ServiceUnitTest&#xD;
     Warning:&#xD;
     The component "Fluent Assertions" is governed by the rules defined in the Xceed License Agreement and&#xD;
     the Xceed Fluent Assertions Community License. You may use Fluent Assertions free of charge for&#xD;
     non-commercial use only. An active subscription is required to use Fluent Assertions for commercial use.&#xD;
     Please contact Xceed Sales mailto:sales@xceed.com to acquire a subscription at a very low cost.&#xD;
     A paid commercial license supports the development and continued increasing support of&#xD;
     Fluent Assertions users under both commercial and community licenses. Help us&#xD;
     keep Fluent Assertions at the forefront of unit testing.&#xD;
     For more information, visit https://xceed.com/products/unit-testing/fluent-assertions/&#xD;
[xUnit.net 00:00:00.50]       Expected result.Message not to be &lt;null&gt;.&#xD;
[xUnit.net 00:00:00.50]       Stack Trace:&#xD;
[xUnit.net 00:00:00.50]            at FluentAssertions.Execution.LateBoundTestFramework.Throw(String message)&#xD;
[xUnit.net 00:00:00.50]            at FluentAssertions.Execution.DefaultAssertionStrategy.HandleFailure(String message)&#xD;
[xUnit.net 00:00:00.50]            at FluentAssertions.Execution.AssertionScope.AddPreFormattedFailure(String formattedFailureMessage)&#xD;
[xUnit.net 00:00:00.50]            at FluentAssertions.Execution.AssertionChain.FailWith(Func`1 getFailureReason)&#xD;
[xUnit.net 00:00:00.50]            at FluentAssertions.Execution.AssertionChain.FailWith(Func`1 getFailureReason)&#xD;
[xUnit.net 00:00:00.50]            at FluentAssertions.Execution.AssertionChain.FailWith(String message)&#xD;
[xUnit.net 00:00:00.50]            at FluentAssertions.Primitives.ReferenceTypeAssertions`2.NotBeNull(String because, Object[] becauseArgs)&#xD;
[xUnit.net 00:00:00.50]         D:\K17_KTPM\Git_Repo\Team_Repo\aparta-backend-api\ServiceUnitTest\Services\ChatServiceTests.cs(149,0): at ServiceUnitTest.Services.ChatServiceTests.SendMessageAsync_KhiThongTinHopLe_NenGuiTinNhan()&#xD;
[xUnit.net 00:00:00.50]         --- End of stack trace from previous location ---&#xD;
[xUnit.net 00:00:00.55]       System.InvalidCastException : Unable to cast object of type 'ServiceUnitTest.Helpers.TestAsyncEnumerable`1[ApartaAPI.Models.VisitLog]' to type 'System.Linq.IQueryable`1[ApartaAPI.DTOs.VisitLogs.VisitLogStaffViewDto]'.&#xD;
[xUnit.net 00:00:00.55]       Stack Trace:&#xD;
[xUnit.net 00:00:00.55]            at AutoMapper.QueryableExtensions.Extensions.ToCore[TResult](IQueryable source, IConfigurationProvider configuration, Object parameters, IEnumerable`1 memberPathsToExpand)&#xD;
[xUnit.net 00:00:00.55]            at AutoMapper.QueryableExtensions.Extensions.ProjectTo[TDestination](IQueryable source, IConfigurationProvider configuration, Object parameters, Expression`1[] membersToExpand)&#xD;
[xUnit.net 00:00:00.55]            at AutoMapper.QueryableExtensions.Extensions.ProjectTo[TDestination](IQueryable source, IConfigurationProvider configuration, Expression`1[] membersToExpand)&#xD;
[xUnit.net 00:00:00.55]         D:\K17_KTPM\Git_Repo\Team_Repo\aparta-backend-api\ApartaAPI\Services\VisitLogService.cs(62,0): at ApartaAPI.Services.VisitLogService.GetStaffViewLogsAsync(VisitorQueryParameters queryParams)&#xD;
[xUnit.net 00:00:00.55]         D:\K17_KTPM\Git_Repo\Team_Repo\aparta-backend-api\ServiceUnitTest\Services\VisitLogServiceTests.cs(51,0): at ServiceUnitTest.Services.VisitLogServiceTests.GetStaffViewLogsAsync_KhiCoThamSo_NenTraVePagedList()&#xD;
[xUnit.net 00:00:00.55]         --- End of stack trace from previous location ---&#xD;
[xUnit.net 00:00:00.82]       System.ArgumentNullException : Value cannot be null. (Parameter 'source')&#xD;
[xUnit.net 00:00:00.82]       Stack Trace:&#xD;
[xUnit.net 00:00:00.82]            at System.Linq.ThrowHelper.ThrowArgumentNullException(ExceptionArgument argument)&#xD;
[xUnit.net 00:00:00.82]            at System.Linq.Enumerable.Select[TSource,TResult](IEnumerable`1 source, Func`2 selector)&#xD;
[xUnit.net 00:00:00.83]         D:\K17_KTPM\Git_Repo\Team_Repo\aparta-backend-api\ApartaAPI\Services\UserManagementService.cs(86,0): at ApartaAPI.Services.UserManagementService.GetAccountsByRoleInternalAsync(UserQueryParams queryParams, List`1 roles)&#xD;
[xUnit.net 00:00:00.83]         D:\K17_KTPM\Git_Repo\Team_Repo\aparta-backend-api\ApartaAPI\Services\UserManagementService.cs(159,0): at ApartaAPI.Services.UserManagementService.CreateStaffAccountAsync(StaffCreateDto createDto)&#xD;
[xUnit.net 00:00:00.83]         D:\K17_KTPM\Git_Repo\Team_Repo\aparta-backend-api\ServiceUnitTest\Services\UserManagementServiceTests.cs(110,0): at ServiceUnitTest.Services.UserManagementServiceTests.CreateStaffAccountAsync_KhiHopLe_NenTaoStaff()&#xD;
[xUnit.net 00:00:00.83]         --- End of stack trace from previous location ---&#xD;
[xUnit.net 00:00:01.22]       System.InvalidOperationException : Unable to track an entity of type 'Role' because its primary key property 'RoleId' is null.&#xD;
[xUnit.net 00:00:01.22]       Stack Trace:&#xD;
[xUnit.net 00:00:01.22]            at Microsoft.EntityFrameworkCore.ChangeTracking.Internal.NullableKeyIdentityMap`1.Add(InternalEntityEntry entry)&#xD;
[xUnit.net 00:00:01.22]            at Microsoft.EntityFrameworkCore.ChangeTracking.Internal.StateManager.StartTracking(InternalEntityEntry entry)&#xD;
[xUnit.net 00:00:01.22]            at Microsoft.EntityFrameworkCore.ChangeTracking.Internal.InternalEntityEntry.SetEntityState(EntityState oldState, EntityState newState, Boolean acceptChanges, Boolean modifyProperties)&#xD;
[xUnit.net 00:00:01.22]            at Microsoft.EntityFrameworkCore.ChangeTracking.Internal.InternalEntityEntry.SetEntityStateAsync(EntityState entityState, Boolean acceptChanges, Boolean modifyProperties, Nullable`1 forceStateWhenUnknownKey, Nullable`1 fallbackState, CancellationToken cancellationToken)&#xD;
[xUnit.net 00:00:01.22]            at Microsoft.EntityFrameworkCore.ChangeTracking.Internal.EntityGraphAttacher.PaintActionAsync(EntityEntryGraphNode`1 node, CancellationToken cancellationToken)&#xD;
[xUnit.net 00:00:01.22]            at Microsoft.EntityFrameworkCore.ChangeTracking.Internal.EntityEntryGraphIterator.TraverseGraphAsync[TState](EntityEntryGraphNode`1 node, Func`3 handleNode, CancellationToken cancellationToken)&#xD;
[xUnit.net 00:00:01.22]            at Microsoft.EntityFrameworkCore.ChangeTracking.Internal.EntityEntryGraphIterator.TraverseGraphAsync[TState](EntityEntryGraphNode`1 node, Func`3 handleNode, CancellationToken cancellationToken)&#xD;
[xUnit.net 00:00:01.22]            at Microsoft.EntityFrameworkCore.ChangeTracking.Internal.EntityGraphAttacher.AttachGraphAsync(InternalEntityEntry rootEntry, EntityState targetState, EntityState storeGeneratedWithKeySetTargetState, Boolean forceStateWhenUnknownKey, CancellationToken cancellationToken)&#xD;
[xUnit.net 00:00:01.22]            at Microsoft.EntityFrameworkCore.Internal.InternalDbSet`1.AddRangeAsync(TEntity[] entities)&#xD;
[xUnit.net 00:00:01.22]         D:\K17_KTPM\Git_Repo\Team_Repo\aparta-backend-api\ServiceUnitTest\Services\ChatServiceTests.cs(73,0): at ServiceUnitTest.Services.ChatServiceTests.CreateAdHocInteractionAsync_KhiChuaTonTai_NenTaoMoi()&#xD;
[xUnit.net 00:00:01.22]         --- End of stack trace from previous location ---&#xD;
[xUnit.net 00:00:01.26]       Expected result to contain 1 item(s), but found 0: {empty}.&#xD;
[xUnit.net 00:00:01.26]       Stack Trace:&#xD;
[xUnit.net 00:00:01.26]            at FluentAssertions.Execution.LateBoundTestFramework.Throw(String message)&#xD;
[xUnit.net 00:00:01.26]            at FluentAssertions.Execution.DefaultAssertionStrategy.HandleFailure(String message)&#xD;
[xUnit.net 00:00:01.26]            at FluentAssertions.Execution.AssertionScope.AddPreFormattedFailure(String formattedFailureMessage)&#xD;
[xUnit.net 00:00:01.26]            at FluentAssertions.Execution.AssertionChain.FailWith(Func`1 getFailureReason)&#xD;
[xUnit.net 00:00:01.26]            at FluentAssertions.Execution.AssertionChain.FailWith(Func`1 getFailureReason)&#xD;
[xUnit.net 00:00:01.26]            at FluentAssertions.Execution.AssertionChain.FailWith(String message, Object[] args)&#xD;
[xUnit.net 00:00:01.26]            at FluentAssertions.Collections.GenericCollectionAssertions`3.HaveCount(Int32 expected, String because, Object[] becauseArgs)&#xD;
[xUnit.net 00:00:01.26]         D:\K17_KTPM\Git_Repo\Team_Repo\aparta-backend-api\ServiceUnitTest\Services\ChatServiceTests.cs(130,0): at ServiceUnitTest.Services.ChatServiceTests.GetMessageHistoryAsync_KhiGoi_NenTraVeTinNhanVaMarkRead()&#xD;
[xUnit.net 00:00:01.26]         --- End of stack trace from previous location ---&#xD;
[xUnit.net 00:00:01.49]   Finished:    ServiceUnitTest&#xD;
</StdOut>
    </Output>
    <RunInfos>
      <RunInfo computerName="TAMJEE" outcome="Error" timestamp="2025-11-30T02:49:50.6749833+07:00">
        <Text>[xUnit.net 00:00:00.50]     ServiceUnitTest.Services.ChatServiceTests.SendMessageAsync_KhiThongTinHopLe_NenGuiTinNhan [FAIL]</Text>
      </RunInfo>
      <RunInfo computerName="TAMJEE" outcome="Error" timestamp="2025-11-30T02:49:50.7262305+07:00">
        <Text>[xUnit.net 00:00:00.55]     ServiceUnitTest.Services.VisitLogServiceTests.GetStaffViewLogsAsync_KhiCoThamSo_NenTraVePagedList [FAIL]</Text>
      </RunInfo>
      <RunInfo computerName="TAMJEE" outcome="Error" timestamp="2025-11-30T02:49:50.9985654+07:00">
        <Text>[xUnit.net 00:00:00.82]     ServiceUnitTest.Services.UserManagementServiceTests.CreateStaffAccountAsync_KhiHopLe_NenTaoStaff [FAIL]</Text>
      </RunInfo>
      <RunInfo computerName="TAMJEE" outcome="Error" timestamp="2025-11-30T02:49:51.3943774+07:00">
        <Text>[xUnit.net 00:00:01.22]     ServiceUnitTest.Services.ChatServiceTests.CreateAdHocInteractionAsync_KhiChuaTonTai_NenTaoMoi [FAIL]</Text>
      </RunInfo>
      <RunInfo computerName="TAMJEE" outcome="Error" timestamp="2025-11-30T02:49:51.4295714+07:00">
        <Text>[xUnit.net 00:00:01.26]     ServiceUnitTest.Services.ChatServiceTests.GetMessageHistoryAsync_KhiGoi_NenTraVeTinNhanVaMarkRead [FAIL]</Text>
      </RunInfo>
    </RunInfos>
  </ResultSummary>
</TestRun>